[ 2015-05-05T09:10:31+08:00 ] ::1 /test/onethink/wechat.php?s=/Wechat/car
INFO: [ app_init ] --START--
INFO: Run Behavior\BuildLiteBehavior [ RunTime:0.000017s ]
INFO: Run Common\Behavior\InitHookBehavior [ RunTime:0.002802s ]
INFO: [ app_init ] --END-- [ RunTime:0.003339s ]
INFO: [ app_begin ] --START--
INFO: Run Behavior\ReadHtmlCacheBehavior [ RunTime:0.000882s ]
INFO: [ app_begin ] --END-- [ RunTime:0.000945s ]
SQL: SHOW COLUMNS FROM `wechat_car_config` [ RunTime:0.0301s ]
SQL: SELECT * FROM `wechat_car_config`  [ RunTime:0.0003s ]
INFO: [ view_parse ] --START--
INFO: [ template_filter ] --START--
INFO: Run Behavior\ContentReplaceBehavior [ RunTime:0.000084s ]
INFO: [ template_filter ] --END-- [ RunTime:0.000144s ]
INFO: Run Behavior\ParseTemplateBehavior [ RunTime:0.033138s ]
INFO: [ view_parse ] --END-- [ RunTime:0.033208s ]
INFO: [ view_filter ] --START--
INFO: Run Behavior\WriteHtmlCacheBehavior [ RunTime:0.000528s ]
INFO: [ view_filter ] --END-- [ RunTime:0.000630s ]
INFO: [ app_end ] --START--
INFO: Run Behavior\ShowPageTraceBehavior [ RunTime:0.000845s ]
INFO: [ app_end ] --END-- [ RunTime:0.000895s ]

[ 2015-05-05T16:43:26+08:00 ] ::1 /test/onethink/wechat.php?s=/Wechat/hotel/
INFO: [ app_init ] --START--
INFO: Run Behavior\BuildLiteBehavior [ RunTime:0.000013s ]
INFO: Run Common\Behavior\InitHookBehavior [ RunTime:0.002002s ]
INFO: [ app_init ] --END-- [ RunTime:0.002363s ]
INFO: [ app_begin ] --START--
INFO: Run Behavior\ReadHtmlCacheBehavior [ RunTime:0.000649s ]
INFO: [ app_begin ] --END-- [ RunTime:0.000760s ]
SQL: SHOW COLUMNS FROM `wechat_hotel_product` [ RunTime:0.0105s ]
SQL: SHOW COLUMNS FROM `wechat_hotel_reserve` [ RunTime:0.0166s ]
SQL: SHOW COLUMNS FROM `wechat_hotel_info` [ RunTime:0.0224s ]
NOTIC: [2] Missing argument 1 for Think\Model::where(), called in D:\xampp\htdocs\test\onethink\Application\Wechat\Controller\HotelController.class.php on line 27 and defined D:\xampp\htdocs\test\onethink\ThinkPHP\Library\Think\Model.class.php 第 1765 行.
NOTIC: [8] Undefined variable: where D:\xampp\htdocs\test\onethink\ThinkPHP\Library\Think\Model.class.php 第 1773 行.
NOTIC: [8] Undefined variable: where D:\xampp\htdocs\test\onethink\ThinkPHP\Library\Think\Model.class.php 第 1776 行.
NOTIC: [8] Undefined variable: where D:\xampp\htdocs\test\onethink\ThinkPHP\Library\Think\Model.class.php 第 1784 行.
SQL: SELECT * FROM `wechat_hotel_info` LIMIT 1   [ RunTime:0.0002s ]
SQL: SELECT * FROM `wechat_hotel_product`  [ RunTime:0.0002s ]
INFO: [ view_parse ] --START--
INFO: [ template_filter ] --START--
INFO: Run Behavior\ContentReplaceBehavior [ RunTime:0.000052s ]
INFO: [ template_filter ] --END-- [ RunTime:0.000124s ]
INFO: Run Behavior\ParseTemplateBehavior [ RunTime:0.154329s ]
INFO: [ view_parse ] --END-- [ RunTime:0.154404s ]
INFO: [ view_filter ] --START--
INFO: Run Behavior\WriteHtmlCacheBehavior [ RunTime:0.000440s ]
INFO: [ view_filter ] --END-- [ RunTime:0.000485s ]
INFO: [ app_end ] --START--
INFO: Run Behavior\ShowPageTraceBehavior [ RunTime:0.000708s ]
INFO: [ app_end ] --END-- [ RunTime:0.000752s ]

