[ 2015-05-12T09:59:17+08:00 ] ::1 /test/onethink/wechat.php?s=/Wechat/Car/news/cid/1.html
INFO: [ app_init ] --START--
INFO: Run Behavior\BuildLiteBehavior [ RunTime:0.000019s ]
INFO: Run Common\Behavior\InitHookBehavior [ RunTime:0.014281s ]
INFO: [ app_init ] --END-- [ RunTime:0.014768s ]
INFO: [ app_begin ] --START--
INFO: Run Behavior\ReadHtmlCacheBehavior [ RunTime:0.006248s ]
INFO: [ app_begin ] --END-- [ RunTime:0.006322s ]
SQL: SHOW COLUMNS FROM `wechat_car_config` [ RunTime:0.0354s ]
SQL: SHOW COLUMNS FROM `wechat_car_car_category` [ RunTime:0.0215s ]
SQL: SELECT * FROM `wechat_car_config`  [ RunTime:0.0003s ]
SQL: SELECT `id`,`name` FROM `wechat_car_car_category` ORDER BY `order` asc,`id` LIMIT 7   [ RunTime:0.0002s ]
SQL: SHOW COLUMNS FROM `wechat_car_news` [ RunTime:0.0251s ]
SQL: SELECT `id`,`title`,`imgpath`,`brief_des` FROM `wechat_car_news` WHERE `cateid` = 1 ORDER BY `order` desc,`id` desc  [ RunTime:0.0011s ]
INFO: [ view_parse ] --START--
INFO: [ template_filter ] --START--
INFO: Run Behavior\ContentReplaceBehavior [ RunTime:0.000078s ]
INFO: [ template_filter ] --END-- [ RunTime:0.000137s ]
INFO: Run Behavior\ParseTemplateBehavior [ RunTime:0.092906s ]
INFO: [ view_parse ] --END-- [ RunTime:0.092967s ]
INFO: [ view_filter ] --START--
INFO: Run Behavior\WriteHtmlCacheBehavior [ RunTime:0.003935s ]
INFO: [ view_filter ] --END-- [ RunTime:0.003983s ]
INFO: [ app_end ] --START--
INFO: Run Behavior\ShowPageTraceBehavior [ RunTime:0.012475s ]
INFO: [ app_end ] --END-- [ RunTime:0.012556s ]

[ 2015-05-12T09:59:17+08:00 ] ::1 /test/onethink/wechat.php?s=/Wechat/Car/news/nid/494.html
INFO: [ app_init ] --START--
INFO: Run Behavior\BuildLiteBehavior [ RunTime:0.000014s ]
INFO: Run Common\Behavior\InitHookBehavior [ RunTime:0.001513s ]
INFO: [ app_init ] --END-- [ RunTime:0.001893s ]
INFO: [ app_begin ] --START--
INFO: Run Behavior\ReadHtmlCacheBehavior [ RunTime:0.000571s ]
INFO: [ app_begin ] --END-- [ RunTime:0.000676s ]
SQL: SHOW COLUMNS FROM `wechat_car_config` [ RunTime:0.0103s ]
SQL: SHOW COLUMNS FROM `wechat_car_car_category` [ RunTime:0.0081s ]
SQL: SELECT * FROM `wechat_car_config`  [ RunTime:0.0002s ]
SQL: SELECT `id`,`name` FROM `wechat_car_car_category` ORDER BY `order` asc,`id` LIMIT 7   [ RunTime:0.0002s ]
SQL: SHOW COLUMNS FROM `wechat_car_news` [ RunTime:0.0076s ]
SQL: SELECT * FROM `wechat_car_news` WHERE `id` = 494 LIMIT 1   [ RunTime:0.0003s ]
INFO: [ view_parse ] --START--
INFO: [ template_filter ] --START--
INFO: Run Behavior\ContentReplaceBehavior [ RunTime:0.000076s ]
INFO: [ template_filter ] --END-- [ RunTime:0.000131s ]
INFO: Run Behavior\ParseTemplateBehavior [ RunTime:0.037983s ]
INFO: [ view_parse ] --END-- [ RunTime:0.038051s ]
INFO: [ view_filter ] --START--
INFO: Run Behavior\WriteHtmlCacheBehavior [ RunTime:0.000234s ]
INFO: [ view_filter ] --END-- [ RunTime:0.000281s ]
INFO: [ app_end ] --START--
INFO: Run Behavior\ShowPageTraceBehavior [ RunTime:0.000565s ]
INFO: [ app_end ] --END-- [ RunTime:0.000614s ]

[ 2015-05-12T10:02:15+08:00 ] ::1 /test/onethink/wechat.php?s=/Wechat/Car/index.html
INFO: [ app_init ] --START--
INFO: Run Behavior\BuildLiteBehavior [ RunTime:0.000015s ]
INFO: Run Common\Behavior\InitHookBehavior [ RunTime:0.002109s ]
INFO: [ app_init ] --END-- [ RunTime:0.002551s ]
INFO: [ app_begin ] --START--
INFO: Run Behavior\ReadHtmlCacheBehavior [ RunTime:0.000643s ]
INFO: [ app_begin ] --END-- [ RunTime:0.000700s ]
SQL: SHOW COLUMNS FROM `wechat_car_config` [ RunTime:0.0135s ]
SQL: SHOW COLUMNS FROM `wechat_car_car_category` [ RunTime:0.0196s ]
SQL: SELECT * FROM `wechat_car_config`  [ RunTime:0.0004s ]
SQL: SELECT `id`,`name` FROM `wechat_car_car_category` ORDER BY `order` asc,`id` LIMIT 7   [ RunTime:0.0004s ]
SQL: SHOW COLUMNS FROM `wechat_car_news_category` [ RunTime:0.0243s ]
SQL: SELECT `id`,`name` FROM `wechat_car_news_category`  [ RunTime:0.0004s ]
INFO: [ view_parse ] --START--
INFO: [ template_filter ] --START--
INFO: Run Behavior\ContentReplaceBehavior [ RunTime:0.000092s ]
INFO: [ template_filter ] --END-- [ RunTime:0.000146s ]
INFO: Run Behavior\ParseTemplateBehavior [ RunTime:0.035216s ]
INFO: [ view_parse ] --END-- [ RunTime:0.035274s ]
INFO: [ view_filter ] --START--
INFO: Run Behavior\WriteHtmlCacheBehavior [ RunTime:0.000279s ]
INFO: [ view_filter ] --END-- [ RunTime:0.000323s ]
INFO: [ app_end ] --START--
INFO: Run Behavior\ShowPageTraceBehavior [ RunTime:0.000527s ]
INFO: [ app_end ] --END-- [ RunTime:0.000571s ]

[ 2015-05-12T10:03:12+08:00 ] ::1 /test/onethink/wechat.php?s=/Wechat/Car/product/cid/5.html
INFO: [ app_init ] --START--
INFO: Run Behavior\BuildLiteBehavior [ RunTime:0.000015s ]
INFO: Run Common\Behavior\InitHookBehavior [ RunTime:0.001852s ]
INFO: [ app_init ] --END-- [ RunTime:0.002251s ]
INFO: [ app_begin ] --START--
INFO: Run Behavior\ReadHtmlCacheBehavior [ RunTime:0.000583s ]
INFO: [ app_begin ] --END-- [ RunTime:0.000657s ]
SQL: SHOW COLUMNS FROM `wechat_car_config` [ RunTime:0.0328s ]
SQL: SHOW COLUMNS FROM `wechat_car_car_category` [ RunTime:0.0112s ]
SQL: SELECT * FROM `wechat_car_config`  [ RunTime:0.0005s ]
SQL: SELECT `id`,`name` FROM `wechat_car_car_category` ORDER BY `order` asc,`id` LIMIT 7   [ RunTime:0.0003s ]
SQL: SHOW COLUMNS FROM `wechat_car_products` [ RunTime:0.0503s ]
SQL: SELECT `name`,`id` FROM `wechat_car_products` WHERE `cateid` = 5  [ RunTime:0.0004s ]
INFO: [ view_parse ] --START--
INFO: [ template_filter ] --START--
INFO: Run Behavior\ContentReplaceBehavior [ RunTime:0.000075s ]
INFO: [ template_filter ] --END-- [ RunTime:0.000123s ]
INFO: Run Behavior\ParseTemplateBehavior [ RunTime:0.027959s ]
INFO: [ view_parse ] --END-- [ RunTime:0.028036s ]
INFO: [ view_filter ] --START--
INFO: Run Behavior\WriteHtmlCacheBehavior [ RunTime:0.000204s ]
INFO: [ view_filter ] --END-- [ RunTime:0.000244s ]
INFO: [ app_end ] --START--
INFO: Run Behavior\ShowPageTraceBehavior [ RunTime:0.000514s ]
INFO: [ app_end ] --END-- [ RunTime:0.000555s ]

[ 2015-05-12T10:03:13+08:00 ] ::1 /test/onethink/wechat.php?s=/Wechat/Car/product/cid/4.html
INFO: [ app_init ] --START--
INFO: Run Behavior\BuildLiteBehavior [ RunTime:0.000015s ]
INFO: Run Common\Behavior\InitHookBehavior [ RunTime:0.001681s ]
INFO: [ app_init ] --END-- [ RunTime:0.002071s ]
INFO: [ app_begin ] --START--
INFO: Run Behavior\ReadHtmlCacheBehavior [ RunTime:0.000538s ]
INFO: [ app_begin ] --END-- [ RunTime:0.000594s ]
SQL: SHOW COLUMNS FROM `wechat_car_config` [ RunTime:0.0222s ]
SQL: SHOW COLUMNS FROM `wechat_car_car_category` [ RunTime:0.0101s ]
SQL: SELECT * FROM `wechat_car_config`  [ RunTime:0.0003s ]
SQL: SELECT `id`,`name` FROM `wechat_car_car_category` ORDER BY `order` asc,`id` LIMIT 7   [ RunTime:0.0002s ]
SQL: SHOW COLUMNS FROM `wechat_car_products` [ RunTime:0.0096s ]
SQL: SELECT `name`,`id` FROM `wechat_car_products` WHERE `cateid` = 4  [ RunTime:0.0002s ]
INFO: [ view_parse ] --START--
INFO: [ template_filter ] --START--
INFO: Run Behavior\ContentReplaceBehavior [ RunTime:0.000073s ]
INFO: [ template_filter ] --END-- [ RunTime:0.000118s ]
INFO: Run Behavior\ParseTemplateBehavior [ RunTime:0.008947s ]
INFO: [ view_parse ] --END-- [ RunTime:0.008995s ]
INFO: [ view_filter ] --START--
INFO: Run Behavior\WriteHtmlCacheBehavior [ RunTime:0.000196s ]
INFO: [ view_filter ] --END-- [ RunTime:0.000234s ]
INFO: [ app_end ] --START--
INFO: Run Behavior\ShowPageTraceBehavior [ RunTime:0.000479s ]
INFO: [ app_end ] --END-- [ RunTime:0.000520s ]

[ 2015-05-12T10:03:13+08:00 ] ::1 /test/onethink/wechat.php?s=/Wechat/Car/product/cid/2.html
INFO: [ app_init ] --START--
INFO: Run Behavior\BuildLiteBehavior [ RunTime:0.000012s ]
INFO: Run Common\Behavior\InitHookBehavior [ RunTime:0.001410s ]
INFO: [ app_init ] --END-- [ RunTime:0.001750s ]
INFO: [ app_begin ] --START--
INFO: Run Behavior\ReadHtmlCacheBehavior [ RunTime:0.000457s ]
INFO: [ app_begin ] --END-- [ RunTime:0.000508s ]
SQL: SHOW COLUMNS FROM `wechat_car_config` [ RunTime:0.0102s ]
SQL: SHOW COLUMNS FROM `wechat_car_car_category` [ RunTime:0.0089s ]
SQL: SELECT * FROM `wechat_car_config`  [ RunTime:0.0003s ]
SQL: SELECT `id`,`name` FROM `wechat_car_car_category` ORDER BY `order` asc,`id` LIMIT 7   [ RunTime:0.0002s ]
SQL: SHOW COLUMNS FROM `wechat_car_products` [ RunTime:0.0088s ]
SQL: SELECT `name`,`id` FROM `wechat_car_products` WHERE `cateid` = 2  [ RunTime:0.0003s ]
INFO: [ view_parse ] --START--
INFO: [ template_filter ] --START--
INFO: Run Behavior\ContentReplaceBehavior [ RunTime:0.000086s ]
INFO: [ template_filter ] --END-- [ RunTime:0.000142s ]
INFO: Run Behavior\ParseTemplateBehavior [ RunTime:0.009611s ]
INFO: [ view_parse ] --END-- [ RunTime:0.009664s ]
INFO: [ view_filter ] --START--
INFO: Run Behavior\WriteHtmlCacheBehavior [ RunTime:0.000221s ]
INFO: [ view_filter ] --END-- [ RunTime:0.000263s ]
INFO: [ app_end ] --START--
INFO: Run Behavior\ShowPageTraceBehavior [ RunTime:0.000515s ]
INFO: [ app_end ] --END-- [ RunTime:0.000557s ]

[ 2015-05-12T10:03:14+08:00 ] ::1 /test/onethink/wechat.php?s=/Wechat/Car/product/cid/1.html
INFO: [ app_init ] --START--
INFO: Run Behavior\BuildLiteBehavior [ RunTime:0.000012s ]
INFO: Run Common\Behavior\InitHookBehavior [ RunTime:0.001544s ]
INFO: [ app_init ] --END-- [ RunTime:0.001910s ]
INFO: [ app_begin ] --START--
INFO: Run Behavior\ReadHtmlCacheBehavior [ RunTime:0.000451s ]
INFO: [ app_begin ] --END-- [ RunTime:0.000500s ]
SQL: SHOW COLUMNS FROM `wechat_car_config` [ RunTime:0.0136s ]
SQL: SHOW COLUMNS FROM `wechat_car_car_category` [ RunTime:0.0101s ]
SQL: SELECT * FROM `wechat_car_config`  [ RunTime:0.0004s ]
SQL: SELECT `id`,`name` FROM `wechat_car_car_category` ORDER BY `order` asc,`id` LIMIT 7   [ RunTime:0.0003s ]
SQL: SHOW COLUMNS FROM `wechat_car_products` [ RunTime:0.0302s ]
SQL: SELECT `name`,`id` FROM `wechat_car_products` WHERE `cateid` = 1  [ RunTime:0.0002s ]
INFO: [ view_parse ] --START--
INFO: [ template_filter ] --START--
INFO: Run Behavior\ContentReplaceBehavior [ RunTime:0.000074s ]
INFO: [ template_filter ] --END-- [ RunTime:0.000121s ]
INFO: Run Behavior\ParseTemplateBehavior [ RunTime:0.009417s ]
INFO: [ view_parse ] --END-- [ RunTime:0.009468s ]
INFO: [ view_filter ] --START--
INFO: Run Behavior\WriteHtmlCacheBehavior [ RunTime:0.000205s ]
INFO: [ view_filter ] --END-- [ RunTime:0.000246s ]
INFO: [ app_end ] --START--
INFO: Run Behavior\ShowPageTraceBehavior [ RunTime:0.000505s ]
INFO: [ app_end ] --END-- [ RunTime:0.000547s ]

[ 2015-05-12T10:03:14+08:00 ] ::1 /test/onethink/wechat.php?s=/Wechat/Car/product/cid/7.html
INFO: [ app_init ] --START--
INFO: Run Behavior\BuildLiteBehavior [ RunTime:0.000012s ]
INFO: Run Common\Behavior\InitHookBehavior [ RunTime:0.001364s ]
INFO: [ app_init ] --END-- [ RunTime:0.001700s ]
INFO: [ app_begin ] --START--
INFO: Run Behavior\ReadHtmlCacheBehavior [ RunTime:0.000472s ]
INFO: [ app_begin ] --END-- [ RunTime:0.000519s ]
SQL: SHOW COLUMNS FROM `wechat_car_config` [ RunTime:0.0100s ]
SQL: SHOW COLUMNS FROM `wechat_car_car_category` [ RunTime:0.0089s ]
SQL: SELECT * FROM `wechat_car_config`  [ RunTime:0.0003s ]
SQL: SELECT `id`,`name` FROM `wechat_car_car_category` ORDER BY `order` asc,`id` LIMIT 7   [ RunTime:0.0002s ]
SQL: SHOW COLUMNS FROM `wechat_car_products` [ RunTime:0.0084s ]
SQL: SELECT `name`,`id` FROM `wechat_car_products` WHERE `cateid` = 7  [ RunTime:0.0003s ]
INFO: [ view_parse ] --START--
INFO: [ template_filter ] --START--
INFO: Run Behavior\ContentReplaceBehavior [ RunTime:0.000086s ]
INFO: [ template_filter ] --END-- [ RunTime:0.000144s ]
INFO: Run Behavior\ParseTemplateBehavior [ RunTime:0.010095s ]
INFO: [ view_parse ] --END-- [ RunTime:0.010149s ]
INFO: [ view_filter ] --START--
INFO: Run Behavior\WriteHtmlCacheBehavior [ RunTime:0.000211s ]
INFO: [ view_filter ] --END-- [ RunTime:0.000256s ]
INFO: [ app_end ] --START--
INFO: Run Behavior\ShowPageTraceBehavior [ RunTime:0.000590s ]
INFO: [ app_end ] --END-- [ RunTime:0.000637s ]

[ 2015-05-12T10:03:15+08:00 ] ::1 /test/onethink/wechat.php?s=/Wechat/Car/product/cid/4.html
INFO: [ app_init ] --START--
INFO: Run Behavior\BuildLiteBehavior [ RunTime:0.000014s ]
INFO: Run Common\Behavior\InitHookBehavior [ RunTime:0.001582s ]
INFO: [ app_init ] --END-- [ RunTime:0.001973s ]
INFO: [ app_begin ] --START--
INFO: Run Behavior\ReadHtmlCacheBehavior [ RunTime:0.000535s ]
INFO: [ app_begin ] --END-- [ RunTime:0.000591s ]
SQL: SHOW COLUMNS FROM `wechat_car_config` [ RunTime:0.0209s ]
SQL: SHOW COLUMNS FROM `wechat_car_car_category` [ RunTime:0.0093s ]
SQL: SELECT * FROM `wechat_car_config`  [ RunTime:0.0002s ]
SQL: SELECT `id`,`name` FROM `wechat_car_car_category` ORDER BY `order` asc,`id` LIMIT 7   [ RunTime:0.0002s ]
SQL: SHOW COLUMNS FROM `wechat_car_products` [ RunTime:0.0094s ]
SQL: SELECT `name`,`id` FROM `wechat_car_products` WHERE `cateid` = 4  [ RunTime:0.0003s ]
INFO: [ view_parse ] --START--
INFO: [ template_filter ] --START--
INFO: Run Behavior\ContentReplaceBehavior [ RunTime:0.000084s ]
INFO: [ template_filter ] --END-- [ RunTime:0.000135s ]
INFO: Run Behavior\ParseTemplateBehavior [ RunTime:0.009053s ]
INFO: [ view_parse ] --END-- [ RunTime:0.009105s ]
INFO: [ view_filter ] --START--
INFO: Run Behavior\WriteHtmlCacheBehavior [ RunTime:0.000195s ]
INFO: [ view_filter ] --END-- [ RunTime:0.000235s ]
INFO: [ app_end ] --START--
INFO: Run Behavior\ShowPageTraceBehavior [ RunTime:0.000479s ]
INFO: [ app_end ] --END-- [ RunTime:0.000520s ]

[ 2015-05-12T10:03:18+08:00 ] ::1 /test/onethink/wechat.php?s=/Wechat/Car/index.html
INFO: [ app_init ] --START--
INFO: Run Behavior\BuildLiteBehavior [ RunTime:0.000015s ]
INFO: Run Common\Behavior\InitHookBehavior [ RunTime:0.001705s ]
INFO: [ app_init ] --END-- [ RunTime:0.002142s ]
INFO: [ app_begin ] --START--
INFO: Run Behavior\ReadHtmlCacheBehavior [ RunTime:0.000551s ]
INFO: [ app_begin ] --END-- [ RunTime:0.000609s ]
SQL: SHOW COLUMNS FROM `wechat_car_config` [ RunTime:0.0144s ]
SQL: SHOW COLUMNS FROM `wechat_car_car_category` [ RunTime:0.0196s ]
SQL: SELECT * FROM `wechat_car_config`  [ RunTime:0.0004s ]
SQL: SELECT `id`,`name` FROM `wechat_car_car_category` ORDER BY `order` asc,`id` LIMIT 7   [ RunTime:0.0004s ]
SQL: SHOW COLUMNS FROM `wechat_car_news_category` [ RunTime:0.0065s ]
SQL: SELECT `id`,`name` FROM `wechat_car_news_category`  [ RunTime:0.0002s ]
INFO: [ view_parse ] --START--
INFO: [ template_filter ] --START--
INFO: Run Behavior\ContentReplaceBehavior [ RunTime:0.000081s ]
INFO: [ template_filter ] --END-- [ RunTime:0.000128s ]
INFO: Run Behavior\ParseTemplateBehavior [ RunTime:0.011593s ]
INFO: [ view_parse ] --END-- [ RunTime:0.011640s ]
INFO: [ view_filter ] --START--
INFO: Run Behavior\WriteHtmlCacheBehavior [ RunTime:0.000186s ]
INFO: [ view_filter ] --END-- [ RunTime:0.000226s ]
INFO: [ app_end ] --START--
INFO: Run Behavior\ShowPageTraceBehavior [ RunTime:0.000493s ]
INFO: [ app_end ] --END-- [ RunTime:0.000534s ]

[ 2015-05-12T10:03:30+08:00 ] ::1 /test/onethink/wechat.php?s=/Wechat/Car/index.html
INFO: [ app_init ] --START--
INFO: Run Behavior\BuildLiteBehavior [ RunTime:0.000015s ]
INFO: Run Common\Behavior\InitHookBehavior [ RunTime:0.002099s ]
INFO: [ app_init ] --END-- [ RunTime:0.002536s ]
INFO: [ app_begin ] --START--
INFO: Run Behavior\ReadHtmlCacheBehavior [ RunTime:0.000645s ]
INFO: [ app_begin ] --END-- [ RunTime:0.000701s ]
SQL: SHOW COLUMNS FROM `wechat_car_config` [ RunTime:0.0337s ]
SQL: SHOW COLUMNS FROM `wechat_car_car_category` [ RunTime:0.0103s ]
SQL: SELECT * FROM `wechat_car_config`  [ RunTime:0.0002s ]
SQL: SELECT `id`,`name` FROM `wechat_car_car_category` ORDER BY `order` asc,`id` LIMIT 7   [ RunTime:0.0002s ]
SQL: SHOW COLUMNS FROM `wechat_car_news_category` [ RunTime:0.0069s ]
SQL: SELECT `id`,`name` FROM `wechat_car_news_category`  [ RunTime:0.0002s ]
INFO: [ view_parse ] --START--
INFO: [ template_filter ] --START--
INFO: Run Behavior\ContentReplaceBehavior [ RunTime:0.000095s ]
INFO: [ template_filter ] --END-- [ RunTime:0.000147s ]
INFO: Run Behavior\ParseTemplateBehavior [ RunTime:0.011786s ]
INFO: [ view_parse ] --END-- [ RunTime:0.011833s ]
INFO: [ view_filter ] --START--
INFO: Run Behavior\WriteHtmlCacheBehavior [ RunTime:0.000259s ]
INFO: [ view_filter ] --END-- [ RunTime:0.000298s ]
INFO: [ app_end ] --START--
INFO: Run Behavior\ShowPageTraceBehavior [ RunTime:0.000545s ]
INFO: [ app_end ] --END-- [ RunTime:0.000587s ]

[ 2015-05-12T10:03:34+08:00 ] ::1 /test/onethink/wechat.php?s=/Wechat/Car/product/cid/3.html
INFO: [ app_init ] --START--
INFO: Run Behavior\BuildLiteBehavior [ RunTime:0.000014s ]
INFO: Run Common\Behavior\InitHookBehavior [ RunTime:0.001951s ]
INFO: [ app_init ] --END-- [ RunTime:0.002453s ]
INFO: [ app_begin ] --START--
INFO: Run Behavior\ReadHtmlCacheBehavior [ RunTime:0.000685s ]
INFO: [ app_begin ] --END-- [ RunTime:0.000820s ]
SQL: SHOW COLUMNS FROM `wechat_car_config` [ RunTime:0.0136s ]
SQL: SHOW COLUMNS FROM `wechat_car_car_category` [ RunTime:0.0095s ]
SQL: SELECT * FROM `wechat_car_config`  [ RunTime:0.0004s ]
SQL: SELECT `id`,`name` FROM `wechat_car_car_category` ORDER BY `order` asc,`id` LIMIT 7   [ RunTime:0.0003s ]
SQL: SHOW COLUMNS FROM `wechat_car_products` [ RunTime:0.0107s ]
SQL: SELECT `name`,`id` FROM `wechat_car_products` WHERE `cateid` = 3  [ RunTime:0.0003s ]
INFO: [ view_parse ] --START--
INFO: [ template_filter ] --START--
INFO: Run Behavior\ContentReplaceBehavior [ RunTime:0.000078s ]
INFO: [ template_filter ] --END-- [ RunTime:0.000246s ]
INFO: Run Behavior\ParseTemplateBehavior [ RunTime:0.009389s ]
INFO: [ view_parse ] --END-- [ RunTime:0.009462s ]
INFO: [ view_filter ] --START--
INFO: Run Behavior\WriteHtmlCacheBehavior [ RunTime:0.000184s ]
INFO: [ view_filter ] --END-- [ RunTime:0.000224s ]
INFO: [ app_end ] --START--
INFO: Run Behavior\ShowPageTraceBehavior [ RunTime:0.000573s ]
INFO: [ app_end ] --END-- [ RunTime:0.000615s ]

[ 2015-05-12T10:03:36+08:00 ] ::1 /test/onethink/wechat.php?s=/Wechat/Car/product/cid/1.html
INFO: [ app_init ] --START--
INFO: Run Behavior\BuildLiteBehavior [ RunTime:0.000014s ]
INFO: Run Common\Behavior\InitHookBehavior [ RunTime:0.001831s ]
INFO: [ app_init ] --END-- [ RunTime:0.002223s ]
INFO: [ app_begin ] --START--
INFO: Run Behavior\ReadHtmlCacheBehavior [ RunTime:0.000489s ]
INFO: [ app_begin ] --END-- [ RunTime:0.000535s ]
SQL: SHOW COLUMNS FROM `wechat_car_config` [ RunTime:0.0129s ]
SQL: SHOW COLUMNS FROM `wechat_car_car_category` [ RunTime:0.0096s ]
SQL: SELECT * FROM `wechat_car_config`  [ RunTime:0.0002s ]
SQL: SELECT `id`,`name` FROM `wechat_car_car_category` ORDER BY `order` asc,`id` LIMIT 7   [ RunTime:0.0002s ]
SQL: SHOW COLUMNS FROM `wechat_car_products` [ RunTime:0.0092s ]
SQL: SELECT `name`,`id` FROM `wechat_car_products` WHERE `cateid` = 1  [ RunTime:0.0003s ]
INFO: [ view_parse ] --START--
INFO: [ template_filter ] --START--
INFO: Run Behavior\ContentReplaceBehavior [ RunTime:0.000084s ]
INFO: [ template_filter ] --END-- [ RunTime:0.000138s ]
INFO: Run Behavior\ParseTemplateBehavior [ RunTime:0.009110s ]
INFO: [ view_parse ] --END-- [ RunTime:0.009245s ]
INFO: [ view_filter ] --START--
INFO: Run Behavior\WriteHtmlCacheBehavior [ RunTime:0.000183s ]
INFO: [ view_filter ] --END-- [ RunTime:0.000222s ]
INFO: [ app_end ] --START--
INFO: Run Behavior\ShowPageTraceBehavior [ RunTime:0.000496s ]
INFO: [ app_end ] --END-- [ RunTime:0.000545s ]

[ 2015-05-12T10:03:36+08:00 ] ::1 /test/onethink/wechat.php?s=/Wechat/Car/product/cid/7.html
INFO: [ app_init ] --START--
INFO: Run Behavior\BuildLiteBehavior [ RunTime:0.000014s ]
INFO: Run Common\Behavior\InitHookBehavior [ RunTime:0.001790s ]
INFO: [ app_init ] --END-- [ RunTime:0.002337s ]
INFO: [ app_begin ] --START--
INFO: Run Behavior\ReadHtmlCacheBehavior [ RunTime:0.000798s ]
INFO: [ app_begin ] --END-- [ RunTime:0.000929s ]
SQL: SHOW COLUMNS FROM `wechat_car_config` [ RunTime:0.0111s ]
SQL: SHOW COLUMNS FROM `wechat_car_car_category` [ RunTime:0.0085s ]
SQL: SELECT * FROM `wechat_car_config`  [ RunTime:0.0004s ]
SQL: SELECT `id`,`name` FROM `wechat_car_car_category` ORDER BY `order` asc,`id` LIMIT 7   [ RunTime:0.0003s ]
SQL: SHOW COLUMNS FROM `wechat_car_products` [ RunTime:0.0078s ]
SQL: SELECT `name`,`id` FROM `wechat_car_products` WHERE `cateid` = 7  [ RunTime:0.0002s ]
INFO: [ view_parse ] --START--
INFO: [ template_filter ] --START--
INFO: Run Behavior\ContentReplaceBehavior [ RunTime:0.000075s ]
INFO: [ template_filter ] --END-- [ RunTime:0.000129s ]
INFO: Run Behavior\ParseTemplateBehavior [ RunTime:0.009301s ]
INFO: [ view_parse ] --END-- [ RunTime:0.009416s ]
INFO: [ view_filter ] --START--
INFO: Run Behavior\WriteHtmlCacheBehavior [ RunTime:0.000189s ]
INFO: [ view_filter ] --END-- [ RunTime:0.000229s ]
INFO: [ app_end ] --START--
INFO: Run Behavior\ShowPageTraceBehavior [ RunTime:0.000477s ]
INFO: [ app_end ] --END-- [ RunTime:0.000521s ]

[ 2015-05-12T10:03:37+08:00 ] ::1 /test/onethink/wechat.php?s=/Wechat/Car/product/cid/4.html
INFO: [ app_init ] --START--
INFO: Run Behavior\BuildLiteBehavior [ RunTime:0.000014s ]
INFO: Run Common\Behavior\InitHookBehavior [ RunTime:0.001653s ]
INFO: [ app_init ] --END-- [ RunTime:0.002045s ]
INFO: [ app_begin ] --START--
INFO: Run Behavior\ReadHtmlCacheBehavior [ RunTime:0.000564s ]
INFO: [ app_begin ] --END-- [ RunTime:0.000620s ]
SQL: SHOW COLUMNS FROM `wechat_car_config` [ RunTime:0.0145s ]
SQL: SHOW COLUMNS FROM `wechat_car_car_category` [ RunTime:0.0103s ]
SQL: SELECT * FROM `wechat_car_config`  [ RunTime:0.0003s ]
SQL: SELECT `id`,`name` FROM `wechat_car_car_category` ORDER BY `order` asc,`id` LIMIT 7   [ RunTime:0.0002s ]
SQL: SHOW COLUMNS FROM `wechat_car_products` [ RunTime:0.0116s ]
SQL: SELECT `name`,`id` FROM `wechat_car_products` WHERE `cateid` = 4  [ RunTime:0.0003s ]
INFO: [ view_parse ] --START--
INFO: [ template_filter ] --START--
INFO: Run Behavior\ContentReplaceBehavior [ RunTime:0.000073s ]
INFO: [ template_filter ] --END-- [ RunTime:0.000119s ]
INFO: Run Behavior\ParseTemplateBehavior [ RunTime:0.008969s ]
INFO: [ view_parse ] --END-- [ RunTime:0.009019s ]
INFO: [ view_filter ] --START--
INFO: Run Behavior\WriteHtmlCacheBehavior [ RunTime:0.000208s ]
INFO: [ view_filter ] --END-- [ RunTime:0.000250s ]
INFO: [ app_end ] --START--
INFO: Run Behavior\ShowPageTraceBehavior [ RunTime:0.000496s ]
INFO: [ app_end ] --END-- [ RunTime:0.000542s ]

[ 2015-05-12T10:03:39+08:00 ] ::1 /test/onethink/wechat.php?s=/Wechat/Car/index.html
INFO: [ app_init ] --START--
INFO: Run Behavior\BuildLiteBehavior [ RunTime:0.000014s ]
INFO: Run Common\Behavior\InitHookBehavior [ RunTime:0.002067s ]
INFO: [ app_init ] --END-- [ RunTime:0.002710s ]
INFO: [ app_begin ] --START--
INFO: Run Behavior\ReadHtmlCacheBehavior [ RunTime:0.000749s ]
INFO: [ app_begin ] --END-- [ RunTime:0.000930s ]
SQL: SHOW COLUMNS FROM `wechat_car_config` [ RunTime:0.0139s ]
SQL: SHOW COLUMNS FROM `wechat_car_car_category` [ RunTime:0.0098s ]
SQL: SELECT * FROM `wechat_car_config`  [ RunTime:0.0002s ]
SQL: SELECT `id`,`name` FROM `wechat_car_car_category` ORDER BY `order` asc,`id` LIMIT 7   [ RunTime:0.0003s ]
SQL: SHOW COLUMNS FROM `wechat_car_news_category` [ RunTime:0.0067s ]
SQL: SELECT `id`,`name` FROM `wechat_car_news_category`  [ RunTime:0.0003s ]
INFO: [ view_parse ] --START--
INFO: [ template_filter ] --START--
INFO: Run Behavior\ContentReplaceBehavior [ RunTime:0.000080s ]
INFO: [ template_filter ] --END-- [ RunTime:0.000126s ]
INFO: Run Behavior\ParseTemplateBehavior [ RunTime:0.010613s ]
INFO: [ view_parse ] --END-- [ RunTime:0.010660s ]
INFO: [ view_filter ] --START--
INFO: Run Behavior\WriteHtmlCacheBehavior [ RunTime:0.000188s ]
INFO: [ view_filter ] --END-- [ RunTime:0.000227s ]
INFO: [ app_end ] --START--
INFO: Run Behavior\ShowPageTraceBehavior [ RunTime:0.000483s ]
INFO: [ app_end ] --END-- [ RunTime:0.000528s ]

[ 2015-05-12T13:25:29+08:00 ] ::1 /test/onethink/wechat.php?s=/Wechat/Car/
INFO: [ app_init ] --START--
INFO: Run Behavior\BuildLiteBehavior [ RunTime:0.000012s ]
INFO: Run Common\Behavior\InitHookBehavior [ RunTime:0.003189s ]
INFO: [ app_init ] --END-- [ RunTime:0.003670s ]
INFO: [ app_begin ] --START--
INFO: Run Behavior\ReadHtmlCacheBehavior [ RunTime:0.001016s ]
INFO: [ app_begin ] --END-- [ RunTime:0.001065s ]
SQL: SHOW COLUMNS FROM `wechat_car_config` [ RunTime:0.0235s ]
SQL: SHOW COLUMNS FROM `wechat_car_car_category` [ RunTime:0.0267s ]
SQL: SELECT * FROM `wechat_car_config`  [ RunTime:0.0004s ]
SQL: SELECT `id`,`name` FROM `wechat_car_car_category` ORDER BY `order` asc,`id` LIMIT 7   [ RunTime:0.0003s ]
SQL: SHOW COLUMNS FROM `wechat_car_news_category` [ RunTime:0.0076s ]
SQL: SELECT `id`,`name` FROM `wechat_car_news_category`  [ RunTime:0.0003s ]
INFO: [ view_parse ] --START--
INFO: [ template_filter ] --START--
INFO: Run Behavior\ContentReplaceBehavior [ RunTime:0.000082s ]
INFO: [ template_filter ] --END-- [ RunTime:0.000130s ]
INFO: Run Behavior\ParseTemplateBehavior [ RunTime:0.043501s ]
INFO: [ view_parse ] --END-- [ RunTime:0.043565s ]
INFO: [ view_filter ] --START--
INFO: Run Behavior\WriteHtmlCacheBehavior [ RunTime:0.000647s ]
INFO: [ view_filter ] --END-- [ RunTime:0.000688s ]
INFO: [ app_end ] --START--
INFO: Run Behavior\ShowPageTraceBehavior [ RunTime:0.000892s ]
INFO: [ app_end ] --END-- [ RunTime:0.000934s ]

[ 2015-05-12T13:25:33+08:00 ] ::1 /test/onethink/wechat.php?s=/Wechat/Car/contact.html
INFO: [ app_init ] --START--
INFO: Run Behavior\BuildLiteBehavior [ RunTime:0.000012s ]
INFO: Run Common\Behavior\InitHookBehavior [ RunTime:0.002742s ]
INFO: [ app_init ] --END-- [ RunTime:0.003195s ]
INFO: [ app_begin ] --START--
INFO: Run Behavior\ReadHtmlCacheBehavior [ RunTime:0.000913s ]
INFO: [ app_begin ] --END-- [ RunTime:0.000962s ]
SQL: SHOW COLUMNS FROM `wechat_car_config` [ RunTime:0.0231s ]
SQL: SHOW COLUMNS FROM `wechat_car_car_category` [ RunTime:0.0103s ]
SQL: SELECT * FROM `wechat_car_config`  [ RunTime:0.0003s ]
SQL: SELECT `id`,`name` FROM `wechat_car_car_category` ORDER BY `order` asc,`id` LIMIT 7   [ RunTime:0.0002s ]
SQL: SHOW COLUMNS FROM `wechat_car_sales` [ RunTime:0.0074s ]
SQL: SELECT * FROM `wechat_car_sales` ORDER BY `order` desc,`id`  [ RunTime:0.0003s ]
INFO: [ view_parse ] --START--
INFO: [ template_filter ] --START--
INFO: Run Behavior\ContentReplaceBehavior [ RunTime:0.000085s ]
INFO: [ template_filter ] --END-- [ RunTime:0.000145s ]
INFO: Run Behavior\ParseTemplateBehavior [ RunTime:0.038735s ]
INFO: [ view_parse ] --END-- [ RunTime:0.038816s ]
INFO: [ view_filter ] --START--
INFO: Run Behavior\WriteHtmlCacheBehavior [ RunTime:0.000732s ]
INFO: [ view_filter ] --END-- [ RunTime:0.000778s ]
INFO: [ app_end ] --START--
INFO: Run Behavior\ShowPageTraceBehavior [ RunTime:0.001022s ]
INFO: [ app_end ] --END-- [ RunTime:0.001069s ]

[ 2015-05-12T16:00:05+08:00 ] ::1 /test/onethink/wechat.php?s=/Wechat/Car/reserve.html
INFO: [ app_init ] --START--
INFO: Run Behavior\BuildLiteBehavior [ RunTime:0.000015s ]
INFO: Run Common\Behavior\InitHookBehavior [ RunTime:0.002477s ]
INFO: [ app_init ] --END-- [ RunTime:0.003089s ]
INFO: [ app_begin ] --START--
INFO: Run Behavior\ReadHtmlCacheBehavior [ RunTime:0.000728s ]
INFO: [ app_begin ] --END-- [ RunTime:0.000780s ]
SQL: SHOW COLUMNS FROM `wechat_car_config` [ RunTime:0.0287s ]
SQL: SHOW COLUMNS FROM `wechat_car_car_category` [ RunTime:0.0133s ]
SQL: SELECT * FROM `wechat_car_config`  [ RunTime:0.0005s ]
SQL: SELECT `id`,`name` FROM `wechat_car_car_category` ORDER BY `order` asc,`id` LIMIT 7   [ RunTime:0.0002s ]
INFO: [ app_end ] --START--
INFO: Run Behavior\ShowPageTraceBehavior [ RunTime:0.001307s ]
INFO: [ app_end ] --END-- [ RunTime:0.001387s ]

[ 2015-05-12T16:00:13+08:00 ] ::1 /test/onethink/wechat.php?s=/Wechat/Car/reserve.html
INFO: [ app_init ] --START--
INFO: Run Behavior\BuildLiteBehavior [ RunTime:0.000017s ]
INFO: Run Common\Behavior\InitHookBehavior [ RunTime:0.002380s ]
INFO: [ app_init ] --END-- [ RunTime:0.002861s ]
INFO: [ app_begin ] --START--
INFO: Run Behavior\ReadHtmlCacheBehavior [ RunTime:0.000868s ]
INFO: [ app_begin ] --END-- [ RunTime:0.000945s ]
SQL: SHOW COLUMNS FROM `wechat_car_config` [ RunTime:0.0194s ]
SQL: SHOW COLUMNS FROM `wechat_car_car_category` [ RunTime:0.0126s ]
SQL: SELECT * FROM `wechat_car_config`  [ RunTime:0.0003s ]
SQL: SELECT `id`,`name` FROM `wechat_car_car_category` ORDER BY `order` asc,`id` LIMIT 7   [ RunTime:0.0003s ]
INFO: [ app_end ] --START--
INFO: Run Behavior\ShowPageTraceBehavior [ RunTime:0.000615s ]
INFO: [ app_end ] --END-- [ RunTime:0.000664s ]

[ 2015-05-12T16:00:15+08:00 ] ::1 /test/onethink/wechat.php?s=/Wechat/Car/reserve.html
INFO: [ app_init ] --START--
INFO: Run Behavior\BuildLiteBehavior [ RunTime:0.000017s ]
INFO: Run Common\Behavior\InitHookBehavior [ RunTime:0.001721s ]
INFO: [ app_init ] --END-- [ RunTime:0.002146s ]
INFO: [ app_begin ] --START--
INFO: Run Behavior\ReadHtmlCacheBehavior [ RunTime:0.000632s ]
INFO: [ app_begin ] --END-- [ RunTime:0.000696s ]
SQL: SHOW COLUMNS FROM `wechat_car_config` [ RunTime:0.0144s ]
SQL: SHOW COLUMNS FROM `wechat_car_car_category` [ RunTime:0.0133s ]
SQL: SELECT * FROM `wechat_car_config`  [ RunTime:0.0003s ]
SQL: SELECT `id`,`name` FROM `wechat_car_car_category` ORDER BY `order` asc,`id` LIMIT 7   [ RunTime:0.0002s ]
INFO: [ app_end ] --START--
INFO: Run Behavior\ShowPageTraceBehavior [ RunTime:0.000691s ]
INFO: [ app_end ] --END-- [ RunTime:0.000744s ]

[ 2015-05-12T16:00:19+08:00 ] ::1 /test/onethink/wechat.php?s=/Wechat/Car/product/cid/4.html
INFO: [ app_init ] --START--
INFO: Run Behavior\BuildLiteBehavior [ RunTime:0.000017s ]
INFO: Run Common\Behavior\InitHookBehavior [ RunTime:0.002116s ]
INFO: [ app_init ] --END-- [ RunTime:0.002574s ]
INFO: [ app_begin ] --START--
INFO: Run Behavior\ReadHtmlCacheBehavior [ RunTime:0.000678s ]
INFO: [ app_begin ] --END-- [ RunTime:0.000740s ]
SQL: SHOW COLUMNS FROM `wechat_car_config` [ RunTime:0.0136s ]
SQL: SHOW COLUMNS FROM `wechat_car_car_category` [ RunTime:0.0122s ]
SQL: SELECT * FROM `wechat_car_config`  [ RunTime:0.0004s ]
SQL: SELECT `id`,`name` FROM `wechat_car_car_category` ORDER BY `order` asc,`id` LIMIT 7   [ RunTime:0.0003s ]
SQL: SHOW COLUMNS FROM `wechat_car_products` [ RunTime:0.0133s ]
SQL: SELECT `name`,`id` FROM `wechat_car_products` WHERE `cateid` = 4  [ RunTime:0.0002s ]
INFO: [ view_parse ] --START--
INFO: [ template_filter ] --START--
INFO: Run Behavior\ContentReplaceBehavior [ RunTime:0.000084s ]
INFO: [ template_filter ] --END-- [ RunTime:0.000141s ]
INFO: Run Behavior\ParseTemplateBehavior [ RunTime:0.065495s ]
INFO: [ view_parse ] --END-- [ RunTime:0.065556s ]
INFO: [ view_filter ] --START--
INFO: Run Behavior\WriteHtmlCacheBehavior [ RunTime:0.000277s ]
INFO: [ view_filter ] --END-- [ RunTime:0.000317s ]
INFO: [ app_end ] --START--
INFO: Run Behavior\ShowPageTraceBehavior [ RunTime:0.000531s ]
INFO: [ app_end ] --END-- [ RunTime:0.000579s ]

[ 2015-05-12T16:00:20+08:00 ] ::1 /test/onethink/wechat.php?s=/Wechat/Car/product/cid/5.html
INFO: [ app_init ] --START--
INFO: Run Behavior\BuildLiteBehavior [ RunTime:0.000020s ]
INFO: Run Common\Behavior\InitHookBehavior [ RunTime:0.003072s ]
INFO: [ app_init ] --END-- [ RunTime:0.003665s ]
INFO: [ app_begin ] --START--
INFO: Run Behavior\ReadHtmlCacheBehavior [ RunTime:0.000970s ]
INFO: [ app_begin ] --END-- [ RunTime:0.001061s ]
SQL: SHOW COLUMNS FROM `wechat_car_config` [ RunTime:0.0132s ]
SQL: SHOW COLUMNS FROM `wechat_car_car_category` [ RunTime:0.0129s ]
SQL: SELECT * FROM `wechat_car_config`  [ RunTime:0.0003s ]
SQL: SELECT `id`,`name` FROM `wechat_car_car_category` ORDER BY `order` asc,`id` LIMIT 7   [ RunTime:0.0003s ]
SQL: SHOW COLUMNS FROM `wechat_car_products` [ RunTime:0.0108s ]
SQL: SELECT `name`,`id` FROM `wechat_car_products` WHERE `cateid` = 5  [ RunTime:0.0003s ]
INFO: [ view_parse ] --START--
INFO: [ template_filter ] --START--
INFO: Run Behavior\ContentReplaceBehavior [ RunTime:0.000081s ]
INFO: [ template_filter ] --END-- [ RunTime:0.000131s ]
INFO: Run Behavior\ParseTemplateBehavior [ RunTime:0.009823s ]
INFO: [ view_parse ] --END-- [ RunTime:0.009877s ]
INFO: [ view_filter ] --START--
INFO: Run Behavior\WriteHtmlCacheBehavior [ RunTime:0.000425s ]
INFO: [ view_filter ] --END-- [ RunTime:0.000474s ]
INFO: [ app_end ] --START--
INFO: Run Behavior\ShowPageTraceBehavior [ RunTime:0.000698s ]
INFO: [ app_end ] --END-- [ RunTime:0.000748s ]

[ 2015-05-12T16:00:20+08:00 ] ::1 /test/onethink/wechat.php?s=/Wechat/Car/product/cid/3.html
INFO: [ app_init ] --START--
INFO: Run Behavior\BuildLiteBehavior [ RunTime:0.000019s ]
INFO: Run Common\Behavior\InitHookBehavior [ RunTime:0.001835s ]
INFO: [ app_init ] --END-- [ RunTime:0.002320s ]
INFO: [ app_begin ] --START--
INFO: Run Behavior\ReadHtmlCacheBehavior [ RunTime:0.000562s ]
INFO: [ app_begin ] --END-- [ RunTime:0.000620s ]
SQL: SHOW COLUMNS FROM `wechat_car_config` [ RunTime:0.0167s ]
SQL: SHOW COLUMNS FROM `wechat_car_car_category` [ RunTime:0.0093s ]
SQL: SELECT * FROM `wechat_car_config`  [ RunTime:0.0003s ]
SQL: SELECT `id`,`name` FROM `wechat_car_car_category` ORDER BY `order` asc,`id` LIMIT 7   [ RunTime:0.0003s ]
SQL: SHOW COLUMNS FROM `wechat_car_products` [ RunTime:0.0109s ]
SQL: SELECT `name`,`id` FROM `wechat_car_products` WHERE `cateid` = 3  [ RunTime:0.0003s ]
INFO: [ view_parse ] --START--
INFO: [ template_filter ] --START--
INFO: Run Behavior\ContentReplaceBehavior [ RunTime:0.000110s ]
INFO: [ template_filter ] --END-- [ RunTime:0.000186s ]
INFO: Run Behavior\ParseTemplateBehavior [ RunTime:0.015636s ]
INFO: [ view_parse ] --END-- [ RunTime:0.015717s ]
INFO: [ view_filter ] --START--
INFO: Run Behavior\WriteHtmlCacheBehavior [ RunTime:0.000493s ]
INFO: [ view_filter ] --END-- [ RunTime:0.000559s ]
INFO: [ app_end ] --START--
INFO: Run Behavior\ShowPageTraceBehavior [ RunTime:0.000888s ]
INFO: [ app_end ] --END-- [ RunTime:0.000954s ]

[ 2015-05-12T16:00:21+08:00 ] ::1 /test/onethink/wechat.php?s=/Wechat/Car/product/cid/5.html
INFO: [ app_init ] --START--
INFO: Run Behavior\BuildLiteBehavior [ RunTime:0.000015s ]
INFO: Run Common\Behavior\InitHookBehavior [ RunTime:0.001781s ]
INFO: [ app_init ] --END-- [ RunTime:0.002191s ]
INFO: [ app_begin ] --START--
INFO: Run Behavior\ReadHtmlCacheBehavior [ RunTime:0.000589s ]
INFO: [ app_begin ] --END-- [ RunTime:0.000650s ]
SQL: SHOW COLUMNS FROM `wechat_car_config` [ RunTime:0.0191s ]
SQL: SHOW COLUMNS FROM `wechat_car_car_category` [ RunTime:0.0161s ]
SQL: SELECT * FROM `wechat_car_config`  [ RunTime:0.0003s ]
SQL: SELECT `id`,`name` FROM `wechat_car_car_category` ORDER BY `order` asc,`id` LIMIT 7   [ RunTime:0.0002s ]
SQL: SHOW COLUMNS FROM `wechat_car_products` [ RunTime:0.0134s ]
SQL: SELECT `name`,`id` FROM `wechat_car_products` WHERE `cateid` = 5  [ RunTime:0.0004s ]
INFO: [ view_parse ] --START--
INFO: [ template_filter ] --START--
INFO: Run Behavior\ContentReplaceBehavior [ RunTime:0.000094s ]
INFO: [ template_filter ] --END-- [ RunTime:0.000162s ]
INFO: Run Behavior\ParseTemplateBehavior [ RunTime:0.012793s ]
INFO: [ view_parse ] --END-- [ RunTime:0.012873s ]
INFO: [ view_filter ] --START--
INFO: Run Behavior\WriteHtmlCacheBehavior [ RunTime:0.000386s ]
INFO: [ view_filter ] --END-- [ RunTime:0.000436s ]
INFO: [ app_end ] --START--
INFO: Run Behavior\ShowPageTraceBehavior [ RunTime:0.000733s ]
INFO: [ app_end ] --END-- [ RunTime:0.000785s ]

[ 2015-05-12T16:00:22+08:00 ] ::1 /test/onethink/wechat.php?s=/Wechat/Car/index.html
INFO: [ app_init ] --START--
INFO: Run Behavior\BuildLiteBehavior [ RunTime:0.000015s ]
INFO: Run Common\Behavior\InitHookBehavior [ RunTime:0.001622s ]
INFO: [ app_init ] --END-- [ RunTime:0.002020s ]
INFO: [ app_begin ] --START--
INFO: Run Behavior\ReadHtmlCacheBehavior [ RunTime:0.000557s ]
INFO: [ app_begin ] --END-- [ RunTime:0.000614s ]
SQL: SHOW COLUMNS FROM `wechat_car_config` [ RunTime:0.0157s ]
SQL: SHOW COLUMNS FROM `wechat_car_car_category` [ RunTime:0.0131s ]
SQL: SELECT * FROM `wechat_car_config`  [ RunTime:0.0004s ]
SQL: SELECT `id`,`name` FROM `wechat_car_car_category` ORDER BY `order` asc,`id` LIMIT 7   [ RunTime:0.0003s ]
SQL: SHOW COLUMNS FROM `wechat_car_news_category` [ RunTime:0.0090s ]
SQL: SELECT `id`,`name` FROM `wechat_car_news_category`  [ RunTime:0.0003s ]
INFO: [ view_parse ] --START--
INFO: [ template_filter ] --START--
INFO: Run Behavior\ContentReplaceBehavior [ RunTime:0.000094s ]
INFO: [ template_filter ] --END-- [ RunTime:0.000152s ]
INFO: Run Behavior\ParseTemplateBehavior [ RunTime:0.045423s ]
INFO: [ view_parse ] --END-- [ RunTime:0.045504s ]
INFO: [ view_filter ] --START--
INFO: Run Behavior\WriteHtmlCacheBehavior [ RunTime:0.000472s ]
INFO: [ view_filter ] --END-- [ RunTime:0.000529s ]
INFO: [ app_end ] --START--
INFO: Run Behavior\ShowPageTraceBehavior [ RunTime:0.000778s ]
INFO: [ app_end ] --END-- [ RunTime:0.000838s ]

