[ 2015-04-16T16:27:40+08:00 ] ::1 /test/onethink/wechat.php?s=/wechat/wedding/
INFO: [ app_init ] --START--
INFO: Run Behavior\BuildLiteBehavior [ RunTime:0.000016s ]
INFO: Run Common\Behavior\InitHookBehavior [ RunTime:0.002494s ]
INFO: [ app_init ] --END-- [ RunTime:0.002945s ]

[ 2015-04-16T16:27:42+08:00 ] ::1 /test/onethink/wechat.php?s=/wechat/
INFO: [ app_init ] --START--
INFO: Run Behavior\BuildLiteBehavior [ RunTime:0.000016s ]
INFO: Run Common\Behavior\InitHookBehavior [ RunTime:0.002108s ]
INFO: [ app_init ] --END-- [ RunTime:0.002566s ]
ERR: 无法加载控制器:Index

[ 2015-04-16T16:27:48+08:00 ] ::1 /test/onethink/wechat.php?s=/wechat/wedding
INFO: [ app_init ] --START--
INFO: Run Behavior\BuildLiteBehavior [ RunTime:0.000017s ]
INFO: Run Common\Behavior\InitHookBehavior [ RunTime:0.001601s ]
INFO: [ app_init ] --END-- [ RunTime:0.002002s ]

[ 2015-04-16T16:28:14+08:00 ] ::1 /test/onethink/wechat.php?s=/Wechat/Wedding/infolist/category/2.html
INFO: [ app_init ] --START--
INFO: Run Behavior\BuildLiteBehavior [ RunTime:0.000014s ]
INFO: Run Common\Behavior\InitHookBehavior [ RunTime:0.002519s ]
INFO: [ app_init ] --END-- [ RunTime:0.003071s ]

[ 2015-04-16T16:35:15+08:00 ] ::1 /test/onethink/wechat.php?s=/Wechat/Wedding/infolist/category/2.html
INFO: [ app_init ] --START--
INFO: Run Behavior\BuildLiteBehavior [ RunTime:0.000014s ]
INFO: Run Common\Behavior\InitHookBehavior [ RunTime:0.002135s ]
INFO: [ app_init ] --END-- [ RunTime:0.002520s ]

[ 2015-04-16T16:35:30+08:00 ] ::1 /test/onethink/wechat.php?s=/Wechat/Wedding/infolist/category/2.html
INFO: [ app_init ] --START--
INFO: Run Behavior\BuildLiteBehavior [ RunTime:0.000016s ]
INFO: Run Common\Behavior\InitHookBehavior [ RunTime:0.001892s ]
INFO: [ app_init ] --END-- [ RunTime:0.002291s ]

[ 2015-04-16T16:44:09+08:00 ] ::1 /test/onethink/wechat.php?s=/Wechat/Wedding/infolist/category/2.html
INFO: [ app_init ] --START--
INFO: Run Behavior\BuildLiteBehavior [ RunTime:0.000017s ]
INFO: Run Common\Behavior\InitHookBehavior [ RunTime:0.002257s ]
INFO: [ app_init ] --END-- [ RunTime:0.002723s ]

[ 2015-04-16T16:44:15+08:00 ] ::1 /test/onethink/wechat.php?s=/Wechat/Wedding/infolist/category/2.html
INFO: [ app_init ] --START--
INFO: Run Behavior\BuildLiteBehavior [ RunTime:0.000015s ]
INFO: Run Common\Behavior\InitHookBehavior [ RunTime:0.002048s ]
INFO: [ app_init ] --END-- [ RunTime:0.002877s ]

[ 2015-04-16T16:44:16+08:00 ] ::1 /test/onethink/wechat.php?s=/Wechat/wedding/detail/id/21.html
INFO: [ app_init ] --START--
INFO: Run Behavior\BuildLiteBehavior [ RunTime:0.000016s ]
INFO: Run Common\Behavior\InitHookBehavior [ RunTime:0.002529s ]
INFO: [ app_init ] --END-- [ RunTime:0.003270s ]

[ 2015-04-16T17:01:37+08:00 ] ::1 /test/onethink/wechat.php?s=/Wechat/Wedding/infolist/category/2.html
INFO: [ app_init ] --START--
INFO: Run Behavior\BuildLiteBehavior [ RunTime:0.000019s ]
INFO: Run Common\Behavior\InitHookBehavior [ RunTime:0.002769s ]
INFO: [ app_init ] --END-- [ RunTime:0.003292s ]

[ 2015-04-16T17:02:54+08:00 ] ::1 /test/onethink/wechat.php?s=/Wechat/Wedding/infolist/category/2.html
INFO: [ app_init ] --START--
INFO: Run Behavior\BuildLiteBehavior [ RunTime:0.000018s ]
INFO: Run Common\Behavior\InitHookBehavior [ RunTime:0.002770s ]
INFO: [ app_init ] --END-- [ RunTime:0.003310s ]

[ 2015-04-16T17:03:43+08:00 ] ::1 /test/onethink/wechat.php?s=/Wechat/Wedding/infolist/category/2.html
INFO: [ app_init ] --START--
INFO: Run Behavior\BuildLiteBehavior [ RunTime:0.000032s ]
INFO: Run Common\Behavior\InitHookBehavior [ RunTime:0.004701s ]
INFO: [ app_init ] --END-- [ RunTime:0.005597s ]

[ 2015-04-16T17:18:55+08:00 ] ::1 /test/onethink/wechat.php?s=/Wechat/Wedding/infolist/category/2.html
INFO: [ app_init ] --START--
INFO: Run Behavior\BuildLiteBehavior [ RunTime:0.000015s ]
INFO: Run Common\Behavior\InitHookBehavior [ RunTime:0.002338s ]
INFO: [ app_init ] --END-- [ RunTime:0.002770s ]

[ 2015-04-16T17:18:56+08:00 ] ::1 /test/onethink/wechat.php?s=/Wechat/Wedding/infolist/category/2.html
INFO: [ app_init ] --START--
INFO: Run Behavior\BuildLiteBehavior [ RunTime:0.000019s ]
INFO: Run Common\Behavior\InitHookBehavior [ RunTime:0.002456s ]
INFO: [ app_init ] --END-- [ RunTime:0.003525s ]

[ 2015-04-16T17:19:47+08:00 ] ::1 /test/onethink/wechat.php?s=/Wechat/Wedding/infolist/category/2.html
INFO: [ app_init ] --START--
INFO: Run Behavior\BuildLiteBehavior [ RunTime:0.000016s ]
INFO: Run Common\Behavior\InitHookBehavior [ RunTime:0.002211s ]
INFO: [ app_init ] --END-- [ RunTime:0.002670s ]

[ 2015-04-16T17:20:36+08:00 ] ::1 /test/onethink/wechat.php?s=/Wechat/Wedding/infolist/category/2.html
INFO: [ app_init ] --START--
INFO: Run Behavior\BuildLiteBehavior [ RunTime:0.000012s ]
INFO: Run Common\Behavior\InitHookBehavior [ RunTime:0.001448s ]
INFO: [ app_init ] --END-- [ RunTime:0.001793s ]

[ 2015-04-16T17:29:11+08:00 ] ::1 /test/onethink/wechat.php?s=/Wechat/Wedding/infolist/category/2.html
INFO: [ app_init ] --START--
INFO: Run Behavior\BuildLiteBehavior [ RunTime:0.000017s ]
INFO: Run Common\Behavior\InitHookBehavior [ RunTime:0.002233s ]
INFO: [ app_init ] --END-- [ RunTime:0.002707s ]

[ 2015-04-16T17:29:49+08:00 ] ::1 /test/onethink/wechat.php?s=/Wechat/Wedding/infolist/category/2.html
INFO: [ app_init ] --START--
INFO: Run Behavior\BuildLiteBehavior [ RunTime:0.000015s ]
INFO: Run Common\Behavior\InitHookBehavior [ RunTime:0.001895s ]
INFO: [ app_init ] --END-- [ RunTime:0.002317s ]

[ 2015-04-16T17:30:31+08:00 ] ::1 /test/onethink/wechat.php?s=/Wechat/Wedding/infolist/category/2.html
INFO: [ app_init ] --START--
INFO: Run Behavior\BuildLiteBehavior [ RunTime:0.000015s ]
INFO: Run Common\Behavior\InitHookBehavior [ RunTime:0.001484s ]
INFO: [ app_init ] --END-- [ RunTime:0.001873s ]

[ 2015-04-16T17:31:05+08:00 ] ::1 /test/onethink/wechat.php?s=/Wechat/Wedding/infolist/category/2.html
INFO: [ app_init ] --START--
INFO: Run Behavior\BuildLiteBehavior [ RunTime:0.000013s ]
INFO: Run Common\Behavior\InitHookBehavior [ RunTime:0.002931s ]
INFO: [ app_init ] --END-- [ RunTime:0.003420s ]

[ 2015-04-16T17:31:40+08:00 ] ::1 /test/onethink/wechat.php?s=/Wechat/Wedding/infolist/category/2.html
INFO: [ app_init ] --START--
INFO: Run Behavior\BuildLiteBehavior [ RunTime:0.000017s ]
INFO: Run Common\Behavior\InitHookBehavior [ RunTime:0.002444s ]
INFO: [ app_init ] --END-- [ RunTime:0.002923s ]

[ 2015-04-16T17:35:37+08:00 ] ::1 /test/onethink/wechat.php?s=/Wechat/Wedding/infolist/category/2.html
INFO: [ app_init ] --START--
INFO: Run Behavior\BuildLiteBehavior [ RunTime:0.000032s ]
INFO: Run Common\Behavior\InitHookBehavior [ RunTime:0.002031s ]
INFO: [ app_init ] --END-- [ RunTime:0.002933s ]

[ 2015-04-16T17:36:46+08:00 ] ::1 /test/onethink/wechat.php?s=/Wechat/Wedding/infolist/category/2.html
INFO: [ app_init ] --START--
INFO: Run Behavior\BuildLiteBehavior [ RunTime:0.000014s ]
INFO: Run Common\Behavior\InitHookBehavior [ RunTime:0.002049s ]
INFO: [ app_init ] --END-- [ RunTime:0.002454s ]

[ 2015-04-16T17:36:52+08:00 ] ::1 /test/onethink/wechat.php?s=/Wechat/Wedding/infolist/category/2.html
INFO: [ app_init ] --START--
INFO: Run Behavior\BuildLiteBehavior [ RunTime:0.000013s ]
INFO: Run Common\Behavior\InitHookBehavior [ RunTime:0.001828s ]
INFO: [ app_init ] --END-- [ RunTime:0.002205s ]

[ 2015-04-16T17:37:22+08:00 ] ::1 /test/onethink/wechat.php?s=/Wechat/Wedding/infolist/category/2.html
INFO: [ app_init ] --START--
INFO: Run Behavior\BuildLiteBehavior [ RunTime:0.000016s ]
INFO: Run Common\Behavior\InitHookBehavior [ RunTime:0.001642s ]
INFO: [ app_init ] --END-- [ RunTime:0.002077s ]

[ 2015-04-16T17:37:32+08:00 ] ::1 /test/onethink/wechat.php?s=/Wechat/Wedding/infolist/category/2.html
INFO: [ app_init ] --START--
INFO: Run Behavior\BuildLiteBehavior [ RunTime:0.000021s ]
INFO: Run Common\Behavior\InitHookBehavior [ RunTime:0.004149s ]
INFO: [ app_init ] --END-- [ RunTime:0.005260s ]

[ 2015-04-16T17:37:47+08:00 ] ::1 /test/onethink/wechat.php?s=/Wechat/Wedding/infolist/category/2.html
INFO: [ app_init ] --START--
INFO: Run Behavior\BuildLiteBehavior [ RunTime:0.000018s ]
INFO: Run Common\Behavior\InitHookBehavior [ RunTime:0.002428s ]
INFO: [ app_init ] --END-- [ RunTime:0.003075s ]

[ 2015-04-16T17:38:38+08:00 ] ::1 /test/onethink/wechat.php?s=/Wechat/Wedding/infolist/category/2.html
INFO: [ app_init ] --START--
INFO: Run Behavior\BuildLiteBehavior [ RunTime:0.000019s ]
INFO: Run Common\Behavior\InitHookBehavior [ RunTime:0.002524s ]
INFO: [ app_init ] --END-- [ RunTime:0.002988s ]

[ 2015-04-16T17:39:30+08:00 ] ::1 /test/onethink/wechat.php?s=/Wechat/Wedding/infolist/category/2.html
INFO: [ app_init ] --START--
INFO: Run Behavior\BuildLiteBehavior [ RunTime:0.000020s ]
INFO: Run Common\Behavior\InitHookBehavior [ RunTime:0.002768s ]
INFO: [ app_init ] --END-- [ RunTime:0.003325s ]

[ 2015-04-16T17:39:56+08:00 ] ::1 /test/onethink/wechat.php?s=/Wechat/Wedding/infolist/category/2.html
INFO: [ app_init ] --START--
INFO: Run Behavior\BuildLiteBehavior [ RunTime:0.000015s ]
INFO: Run Common\Behavior\InitHookBehavior [ RunTime:0.002255s ]
INFO: [ app_init ] --END-- [ RunTime:0.002727s ]

[ 2015-04-16T17:40:14+08:00 ] ::1 /test/onethink/wechat.php?s=/Wechat/Wedding/infolist/category/2.html
INFO: [ app_init ] --START--
INFO: Run Behavior\BuildLiteBehavior [ RunTime:0.000020s ]
INFO: Run Common\Behavior\InitHookBehavior [ RunTime:0.002462s ]
INFO: [ app_init ] --END-- [ RunTime:0.002998s ]

[ 2015-04-16T17:40:38+08:00 ] ::1 /test/onethink/wechat.php?s=/Wechat/Wedding/infolist/category/2.html
INFO: [ app_init ] --START--
INFO: Run Behavior\BuildLiteBehavior [ RunTime:0.000013s ]
INFO: Run Common\Behavior\InitHookBehavior [ RunTime:0.001735s ]
INFO: [ app_init ] --END-- [ RunTime:0.002080s ]

[ 2015-04-16T17:40:54+08:00 ] ::1 /test/onethink/wechat.php?s=/Wechat/Wedding/infolist/category/2.html
INFO: [ app_init ] --START--
INFO: Run Behavior\BuildLiteBehavior [ RunTime:0.000014s ]
INFO: Run Common\Behavior\InitHookBehavior [ RunTime:0.001946s ]
INFO: [ app_init ] --END-- [ RunTime:0.002394s ]

[ 2015-04-16T17:43:41+08:00 ] ::1 /test/onethink/wechat.php?s=/Wechat/Wedding/infolist/category/2.html
INFO: [ app_init ] --START--
INFO: Run Behavior\BuildLiteBehavior [ RunTime:0.000013s ]
INFO: Run Common\Behavior\InitHookBehavior [ RunTime:0.002219s ]
INFO: [ app_init ] --END-- [ RunTime:0.002907s ]

[ 2015-04-16T18:08:42+08:00 ] ::1 /test/onethink/wechat.php?s=/Wechat/Wedding/infolist/category/2.html
INFO: [ app_init ] --START--
INFO: Run Behavior\BuildLiteBehavior [ RunTime:0.000018s ]
INFO: Run Common\Behavior\InitHookBehavior [ RunTime:0.002070s ]
INFO: [ app_init ] --END-- [ RunTime:0.002517s ]

[ 2015-04-16T18:09:12+08:00 ] ::1 /test/onethink/wechat.php?s=/Wechat/wedding/detail/id/21.html
INFO: [ app_init ] --START--
INFO: Run Behavior\BuildLiteBehavior [ RunTime:0.000015s ]
INFO: Run Common\Behavior\InitHookBehavior [ RunTime:0.002025s ]
INFO: [ app_init ] --END-- [ RunTime:0.002433s ]

[ 2015-04-16T18:15:26+08:00 ] ::1 /test/onethink/wechat.php?s=/Wechat/Wedding/infolist/category/2.html
INFO: [ app_init ] --START--
INFO: Run Behavior\BuildLiteBehavior [ RunTime:0.000022s ]
INFO: Run Common\Behavior\InitHookBehavior [ RunTime:0.003321s ]
INFO: [ app_init ] --END-- [ RunTime:0.003913s ]

