[ 2015-05-19T10:31:21+08:00 ] ::1 /test/onethink/wechat.php?s=/Wechat/Car/
INFO: [ app_init ] --START--
INFO: Run Behavior\BuildLiteBehavior [ RunTime:0.000014s ]
INFO: Run Common\Behavior\InitHookBehavior [ RunTime:0.001383s ]
INFO: [ app_init ] --END-- [ RunTime:0.001727s ]
INFO: [ app_begin ] --START--
INFO: Run Behavior\ReadHtmlCacheBehavior [ RunTime:0.000623s ]
INFO: [ app_begin ] --END-- [ RunTime:0.000738s ]
ERR: 无法加载控制器:Wechat

[ 2015-05-19T10:31:32+08:00 ] ::1 /test/onethink/wechat.php?s=/Car/
INFO: [ app_init ] --START--
INFO: Run Behavior\BuildLiteBehavior [ RunTime:0.000016s ]
INFO: Run Common\Behavior\InitHookBehavior [ RunTime:0.002103s ]
INFO: [ app_init ] --END-- [ RunTime:0.002640s ]
INFO: [ app_begin ] --START--
INFO: Run Behavior\ReadHtmlCacheBehavior [ RunTime:0.000602s ]
INFO: [ app_begin ] --END-- [ RunTime:0.000756s ]
SQL: SHOW COLUMNS FROM `wechat_car_config` [ RunTime:0.0464s ]
SQL: SHOW COLUMNS FROM `wechat_car_car_category` [ RunTime:0.0115s ]
SQL: SELECT * FROM `wechat_car_config`  [ RunTime:0.0004s ]
SQL: SELECT `id`,`name` FROM `wechat_car_car_category` ORDER BY `order` asc,`id` LIMIT 7   [ RunTime:0.0003s ]
SQL: SHOW COLUMNS FROM `wechat_car_news_category` [ RunTime:0.0157s ]
SQL: SELECT `id`,`name` FROM `wechat_car_news_category`  [ RunTime:0.0002s ]
INFO: [ view_parse ] --START--
INFO: [ template_filter ] --START--
INFO: Run Behavior\ContentReplaceBehavior [ RunTime:0.000298s ]
INFO: [ template_filter ] --END-- [ RunTime:0.000383s ]
INFO: Run Behavior\ParseTemplateBehavior [ RunTime:0.090846s ]
INFO: [ view_parse ] --END-- [ RunTime:0.090909s ]
INFO: [ view_filter ] --START--
INFO: Run Behavior\WriteHtmlCacheBehavior [ RunTime:0.000283s ]
INFO: [ view_filter ] --END-- [ RunTime:0.000323s ]
INFO: [ app_end ] --START--
INFO: Run Behavior\ShowPageTraceBehavior [ RunTime:0.000569s ]
INFO: [ app_end ] --END-- [ RunTime:0.000619s ]

