[ 2015-04-27T09:02:41+08:00 ] ::1 /test/onethink/wechat.php?s=/Wechat/hotel/
INFO: [ app_init ] --START--
INFO: Run Behavior\BuildLiteBehavior [ RunTime:0.000013s ]
INFO: Run Common\Behavior\InitHookBehavior [ RunTime:0.002013s ]
INFO: [ app_init ] --END-- [ RunTime:0.002512s ]
INFO: [ app_begin ] --START--
INFO: Run Behavior\ReadHtmlCacheBehavior [ RunTime:0.000634s ]
INFO: [ app_begin ] --END-- [ RunTime:0.000684s ]
SQL: SHOW COLUMNS FROM `wechat_hotel_product` [ RunTime:0.0240s ]
SQL: SHOW COLUMNS FROM `wechat_hotel_reserve` [ RunTime:0.0270s ]
SQL: SHOW COLUMNS FROM `wechat_hotel_info` [ RunTime:0.0385s ]
NOTIC: [2] Missing argument 1 for Think\Model::where(), called in D:\xampp\htdocs\test\onethink\Application\Wechat\Controller\HotelController.class.php on line 27 and defined D:\xampp\htdocs\test\onethink\ThinkPHP\Library\Think\Model.class.php 第 1765 行.
NOTIC: [8] Undefined variable: where D:\xampp\htdocs\test\onethink\ThinkPHP\Library\Think\Model.class.php 第 1773 行.
NOTIC: [8] Undefined variable: where D:\xampp\htdocs\test\onethink\ThinkPHP\Library\Think\Model.class.php 第 1776 行.
NOTIC: [8] Undefined variable: where D:\xampp\htdocs\test\onethink\ThinkPHP\Library\Think\Model.class.php 第 1784 行.
SQL: SELECT * FROM `wechat_hotel_info` LIMIT 1   [ RunTime:0.0002s ]
SQL: SELECT * FROM `wechat_hotel_product`  [ RunTime:0.0134s ]
INFO: [ view_parse ] --START--
INFO: [ template_filter ] --START--
INFO: Run Behavior\ContentReplaceBehavior [ RunTime:0.000048s ]
INFO: [ template_filter ] --END-- [ RunTime:0.000129s ]
INFO: Run Behavior\ParseTemplateBehavior [ RunTime:0.024522s ]
INFO: [ view_parse ] --END-- [ RunTime:0.024582s ]
INFO: [ view_filter ] --START--
INFO: Run Behavior\WriteHtmlCacheBehavior [ RunTime:0.000376s ]
INFO: [ view_filter ] --END-- [ RunTime:0.000421s ]
INFO: [ app_end ] --START--
INFO: Run Behavior\ShowPageTraceBehavior [ RunTime:0.000697s ]
INFO: [ app_end ] --END-- [ RunTime:0.000741s ]

[ 2015-04-27T09:59:29+08:00 ] ::1 /test/onethink/wechat.php?s=/Wechat/Businesscard
INFO: [ app_init ] --START--
INFO: Run Behavior\BuildLiteBehavior [ RunTime:0.000017s ]
INFO: Run Common\Behavior\InitHookBehavior [ RunTime:0.025224s ]
INFO: [ app_init ] --END-- [ RunTime:0.025959s ]
INFO: [ app_begin ] --START--
INFO: Run Behavior\ReadHtmlCacheBehavior [ RunTime:0.051379s ]
INFO: [ app_begin ] --END-- [ RunTime:0.051542s ]
ERR: 无法加载控制器:Businesscard

[ 2015-04-27T09:59:51+08:00 ] ::1 /test/onethink/wechat.php?s=/Wechat/Businesscard
INFO: [ app_init ] --START--
INFO: Run Behavior\BuildLiteBehavior [ RunTime:0.000015s ]
INFO: Run Common\Behavior\InitHookBehavior [ RunTime:0.002159s ]
INFO: [ app_init ] --END-- [ RunTime:0.002701s ]
INFO: [ app_begin ] --START--
INFO: Run Behavior\ReadHtmlCacheBehavior [ RunTime:0.000882s ]
INFO: [ app_begin ] --END-- [ RunTime:0.000976s ]
ERR: 无法加载控制器:Businesscard

[ 2015-04-27T10:00:00+08:00 ] ::1 /test/onethink/wechat.php?s=/Wechat/Hotel
INFO: [ app_init ] --START--
INFO: Run Behavior\BuildLiteBehavior [ RunTime:0.000016s ]
INFO: Run Common\Behavior\InitHookBehavior [ RunTime:0.002617s ]
INFO: [ app_init ] --END-- [ RunTime:0.003088s ]
INFO: [ app_begin ] --START--
INFO: Run Behavior\ReadHtmlCacheBehavior [ RunTime:0.000641s ]
INFO: [ app_begin ] --END-- [ RunTime:0.000692s ]
SQL: SHOW COLUMNS FROM `wechat_hotel_product` [ RunTime:0.0423s ]
SQL: SHOW COLUMNS FROM `wechat_hotel_reserve` [ RunTime:0.0345s ]
SQL: SHOW COLUMNS FROM `wechat_hotel_info` [ RunTime:0.0160s ]
NOTIC: [2] Missing argument 1 for Think\Model::where(), called in D:\xampp\htdocs\test\onethink\Application\Wechat\Controller\HotelController.class.php on line 27 and defined D:\xampp\htdocs\test\onethink\ThinkPHP\Library\Think\Model.class.php 第 1765 行.
NOTIC: [8] Undefined variable: where D:\xampp\htdocs\test\onethink\ThinkPHP\Library\Think\Model.class.php 第 1773 行.
NOTIC: [8] Undefined variable: where D:\xampp\htdocs\test\onethink\ThinkPHP\Library\Think\Model.class.php 第 1776 行.
NOTIC: [8] Undefined variable: where D:\xampp\htdocs\test\onethink\ThinkPHP\Library\Think\Model.class.php 第 1784 行.
SQL: SELECT * FROM `wechat_hotel_info` LIMIT 1   [ RunTime:0.0004s ]
SQL: SELECT * FROM `wechat_hotel_product`  [ RunTime:0.0142s ]
INFO: [ view_parse ] --START--
INFO: [ template_filter ] --START--
INFO: Run Behavior\ContentReplaceBehavior [ RunTime:0.000067s ]
INFO: [ template_filter ] --END-- [ RunTime:0.000148s ]
INFO: Run Behavior\ParseTemplateBehavior [ RunTime:0.076557s ]
INFO: [ view_parse ] --END-- [ RunTime:0.076726s ]
INFO: [ view_filter ] --START--
INFO: Run Behavior\WriteHtmlCacheBehavior [ RunTime:0.004942s ]
INFO: [ view_filter ] --END-- [ RunTime:0.005093s ]
INFO: [ app_end ] --START--
INFO: Run Behavior\ShowPageTraceBehavior [ RunTime:0.006049s ]
INFO: [ app_end ] --END-- [ RunTime:0.006117s ]

[ 2015-04-27T10:00:02+08:00 ] ::1 /test/onethink/wechat.php?s=/Wechat/Businesscard
INFO: [ app_init ] --START--
INFO: Run Behavior\BuildLiteBehavior [ RunTime:0.000015s ]
INFO: Run Common\Behavior\InitHookBehavior [ RunTime:0.002846s ]
INFO: [ app_init ] --END-- [ RunTime:0.003618s ]
INFO: [ app_begin ] --START--
INFO: Run Behavior\ReadHtmlCacheBehavior [ RunTime:0.000910s ]
INFO: [ app_begin ] --END-- [ RunTime:0.001043s ]
ERR: 无法加载控制器:Businesscard

[ 2015-04-27T10:00:42+08:00 ] ::1 /test/onethink/wechat.php?s=/Wechat/Businesscard
INFO: [ app_init ] --START--
INFO: Run Behavior\BuildLiteBehavior [ RunTime:0.000021s ]
INFO: Run Common\Behavior\InitHookBehavior [ RunTime:0.002426s ]
INFO: [ app_init ] --END-- [ RunTime:0.003162s ]
INFO: [ app_begin ] --START--
INFO: Run Behavior\ReadHtmlCacheBehavior [ RunTime:0.000798s ]
INFO: [ app_begin ] --END-- [ RunTime:0.000877s ]
ERR: 无法加载控制器:Businesscard

[ 2015-04-27T10:00:50+08:00 ] ::1 /test/onethink/wechat.php?s=/Wechat/Businesscard
INFO: [ app_init ] --START--
INFO: Run Behavior\BuildLiteBehavior [ RunTime:0.000033s ]
INFO: Run Common\Behavior\InitHookBehavior [ RunTime:0.003047s ]
INFO: [ app_init ] --END-- [ RunTime:0.004021s ]
INFO: [ app_begin ] --START--
INFO: Run Behavior\ReadHtmlCacheBehavior [ RunTime:0.000626s ]
INFO: [ app_begin ] --END-- [ RunTime:0.000775s ]
ERR: 无法加载控制器:Businesscard

[ 2015-04-27T10:00:51+08:00 ] ::1 /test/onethink/wechat.php?s=/Wechat/Businesscard
INFO: [ app_init ] --START--
INFO: Run Behavior\BuildLiteBehavior [ RunTime:0.000019s ]
INFO: Run Common\Behavior\InitHookBehavior [ RunTime:0.002075s ]
INFO: [ app_init ] --END-- [ RunTime:0.002594s ]
INFO: [ app_begin ] --START--
INFO: Run Behavior\ReadHtmlCacheBehavior [ RunTime:0.000702s ]
INFO: [ app_begin ] --END-- [ RunTime:0.000777s ]
ERR: 无法加载控制器:Businesscard

[ 2015-04-27T10:00:51+08:00 ] ::1 /test/onethink/wechat.php?s=/Wechat/Businesscard
INFO: [ app_init ] --START--
INFO: Run Behavior\BuildLiteBehavior [ RunTime:0.000014s ]
INFO: Run Common\Behavior\InitHookBehavior [ RunTime:0.001630s ]
INFO: [ app_init ] --END-- [ RunTime:0.002182s ]
INFO: [ app_begin ] --START--
INFO: Run Behavior\ReadHtmlCacheBehavior [ RunTime:0.000638s ]
INFO: [ app_begin ] --END-- [ RunTime:0.000704s ]
ERR: 无法加载控制器:Businesscard

[ 2015-04-27T10:00:51+08:00 ] ::1 /test/onethink/wechat.php?s=/Wechat/Businesscard
INFO: [ app_init ] --START--
INFO: Run Behavior\BuildLiteBehavior [ RunTime:0.000014s ]
INFO: Run Common\Behavior\InitHookBehavior [ RunTime:0.001862s ]
INFO: [ app_init ] --END-- [ RunTime:0.002364s ]
INFO: [ app_begin ] --START--
INFO: Run Behavior\ReadHtmlCacheBehavior [ RunTime:0.000649s ]
INFO: [ app_begin ] --END-- [ RunTime:0.000751s ]
ERR: 无法加载控制器:Businesscard

[ 2015-04-27T10:00:53+08:00 ] ::1 /test/onethink/wechat.php?s=/Wechat/Businesscard
INFO: [ app_init ] --START--
INFO: Run Behavior\BuildLiteBehavior [ RunTime:0.000017s ]
INFO: Run Common\Behavior\InitHookBehavior [ RunTime:0.001952s ]
INFO: [ app_init ] --END-- [ RunTime:0.002546s ]
INFO: [ app_begin ] --START--
INFO: Run Behavior\ReadHtmlCacheBehavior [ RunTime:0.000594s ]
INFO: [ app_begin ] --END-- [ RunTime:0.000925s ]
ERR: 无法加载控制器:Businesscard

[ 2015-04-27T10:00:56+08:00 ] ::1 /test/onethink/wechat.php?s=/Wechat/Businesscard
INFO: [ app_init ] --START--
INFO: Run Behavior\BuildLiteBehavior [ RunTime:0.000015s ]
INFO: Run Common\Behavior\InitHookBehavior [ RunTime:0.002252s ]
INFO: [ app_init ] --END-- [ RunTime:0.003055s ]
INFO: [ app_begin ] --START--
INFO: Run Behavior\ReadHtmlCacheBehavior [ RunTime:0.000792s ]
INFO: [ app_begin ] --END-- [ RunTime:0.001067s ]
ERR: 无法加载控制器:Businesscard

[ 2015-04-27T10:01:10+08:00 ] ::1 /test/onethink/wechat.php?s=/Wechat/
INFO: [ app_init ] --START--
INFO: Run Behavior\BuildLiteBehavior [ RunTime:0.000018s ]
INFO: Run Common\Behavior\InitHookBehavior [ RunTime:0.002005s ]
INFO: [ app_init ] --END-- [ RunTime:0.002500s ]
INFO: [ app_begin ] --START--
INFO: Run Behavior\ReadHtmlCacheBehavior [ RunTime:0.000687s ]
INFO: [ app_begin ] --END-- [ RunTime:0.000868s ]
ERR: 无法加载控制器:Index

[ 2015-04-27T10:01:11+08:00 ] ::1 /test/onethink/wechat.php?s=/Wechat/Businesscard
INFO: [ app_init ] --START--
INFO: Run Behavior\BuildLiteBehavior [ RunTime:0.000015s ]
INFO: Run Common\Behavior\InitHookBehavior [ RunTime:0.002428s ]
INFO: [ app_init ] --END-- [ RunTime:0.002828s ]
INFO: [ app_begin ] --START--
INFO: Run Behavior\ReadHtmlCacheBehavior [ RunTime:0.000798s ]
INFO: [ app_begin ] --END-- [ RunTime:0.000856s ]
ERR: 无法加载控制器:Businesscard

[ 2015-04-27T10:01:25+08:00 ] ::1 /test/onethink/wechat.php?s=/Wechat/Businesscard
INFO: [ app_init ] --START--
INFO: Run Behavior\BuildLiteBehavior [ RunTime:0.000018s ]
INFO: Run Common\Behavior\InitHookBehavior [ RunTime:0.001854s ]
INFO: [ app_init ] --END-- [ RunTime:0.002317s ]
INFO: [ app_begin ] --START--
INFO: Run Behavior\ReadHtmlCacheBehavior [ RunTime:0.000803s ]
INFO: [ app_begin ] --END-- [ RunTime:0.000953s ]
ERR: 无法加载控制器:Businesscard

[ 2015-04-27T10:01:26+08:00 ] ::1 /test/onethink/wechat.php?s=/Wechat/Businesscard
INFO: [ app_init ] --START--
INFO: Run Behavior\BuildLiteBehavior [ RunTime:0.000021s ]
INFO: Run Common\Behavior\InitHookBehavior [ RunTime:0.002925s ]
INFO: [ app_init ] --END-- [ RunTime:0.003953s ]
INFO: [ app_begin ] --START--
INFO: Run Behavior\ReadHtmlCacheBehavior [ RunTime:0.000855s ]
INFO: [ app_begin ] --END-- [ RunTime:0.001104s ]
ERR: 无法加载控制器:Businesscard

[ 2015-04-27T10:01:26+08:00 ] ::1 /test/onethink/wechat.php?s=/Wechat/Businesscard
INFO: [ app_init ] --START--
INFO: Run Behavior\BuildLiteBehavior [ RunTime:0.000032s ]
INFO: Run Common\Behavior\InitHookBehavior [ RunTime:0.003595s ]
INFO: [ app_init ] --END-- [ RunTime:0.004503s ]
INFO: [ app_begin ] --START--
INFO: Run Behavior\ReadHtmlCacheBehavior [ RunTime:0.001154s ]
INFO: [ app_begin ] --END-- [ RunTime:0.001350s ]
ERR: 无法加载控制器:Businesscard

[ 2015-04-27T10:01:27+08:00 ] ::1 /test/onethink/wechat.php?s=/Wechat/Businesscard
INFO: [ app_init ] --START--
INFO: Run Behavior\BuildLiteBehavior [ RunTime:0.000034s ]
INFO: Run Common\Behavior\InitHookBehavior [ RunTime:0.002676s ]
INFO: [ app_init ] --END-- [ RunTime:0.003619s ]
INFO: [ app_begin ] --START--
INFO: Run Behavior\ReadHtmlCacheBehavior [ RunTime:0.000703s ]
INFO: [ app_begin ] --END-- [ RunTime:0.000777s ]
ERR: 无法加载控制器:Businesscard

[ 2015-04-27T10:01:46+08:00 ] ::1 /test/onethink/wechat.php?s=/Wechat/Businesscard
INFO: [ app_init ] --START--
INFO: Run Behavior\BuildLiteBehavior [ RunTime:0.000129s ]
INFO: Run Common\Behavior\InitHookBehavior [ RunTime:0.004639s ]
INFO: [ app_init ] --END-- [ RunTime:0.005663s ]
INFO: [ app_begin ] --START--
INFO: Run Behavior\ReadHtmlCacheBehavior [ RunTime:0.000802s ]
INFO: [ app_begin ] --END-- [ RunTime:0.000872s ]
ERR: 无法加载控制器:Businesscard

[ 2015-04-27T10:01:47+08:00 ] ::1 /test/onethink/wechat.php?s=/Wechat/Businesscard
INFO: [ app_init ] --START--
INFO: Run Behavior\BuildLiteBehavior [ RunTime:0.000022s ]
INFO: Run Common\Behavior\InitHookBehavior [ RunTime:0.002761s ]
INFO: [ app_init ] --END-- [ RunTime:0.003603s ]
INFO: [ app_begin ] --START--
INFO: Run Behavior\ReadHtmlCacheBehavior [ RunTime:0.000881s ]
INFO: [ app_begin ] --END-- [ RunTime:0.001037s ]
ERR: 无法加载控制器:Businesscard

[ 2015-04-27T10:02:28+08:00 ] ::1 /test/onethink/wechat.php?s=/Wechat/Businesscard
INFO: [ app_init ] --START--
INFO: Run Behavior\BuildLiteBehavior [ RunTime:0.000020s ]
INFO: Run Common\Behavior\InitHookBehavior [ RunTime:0.002159s ]
INFO: [ app_init ] --END-- [ RunTime:0.002805s ]
INFO: [ app_begin ] --START--
INFO: Run Behavior\ReadHtmlCacheBehavior [ RunTime:0.000753s ]
INFO: [ app_begin ] --END-- [ RunTime:0.000828s ]
ERR: 无法加载控制器:Businesscard

[ 2015-04-27T10:02:28+08:00 ] ::1 /test/onethink/wechat.php?s=/Wechat/Businesscard
INFO: [ app_init ] --START--
INFO: Run Behavior\BuildLiteBehavior [ RunTime:0.000022s ]
INFO: Run Common\Behavior\InitHookBehavior [ RunTime:0.002152s ]
INFO: [ app_init ] --END-- [ RunTime:0.002742s ]
INFO: [ app_begin ] --START--
INFO: Run Behavior\ReadHtmlCacheBehavior [ RunTime:0.000796s ]
INFO: [ app_begin ] --END-- [ RunTime:0.000882s ]
ERR: 无法加载控制器:Businesscard

[ 2015-04-27T10:02:28+08:00 ] ::1 /test/onethink/wechat.php?s=/Wechat/Businesscard
INFO: [ app_init ] --START--
INFO: Run Behavior\BuildLiteBehavior [ RunTime:0.000014s ]
INFO: Run Common\Behavior\InitHookBehavior [ RunTime:0.001579s ]
INFO: [ app_init ] --END-- [ RunTime:0.001941s ]
INFO: [ app_begin ] --START--
INFO: Run Behavior\ReadHtmlCacheBehavior [ RunTime:0.000489s ]
INFO: [ app_begin ] --END-- [ RunTime:0.000537s ]
ERR: 无法加载控制器:Businesscard

[ 2015-04-27T10:02:28+08:00 ] ::1 /test/onethink/wechat.php?s=/Wechat/Businesscard
INFO: [ app_init ] --START--
INFO: Run Behavior\BuildLiteBehavior [ RunTime:0.000015s ]
INFO: Run Common\Behavior\InitHookBehavior [ RunTime:0.001478s ]
INFO: [ app_init ] --END-- [ RunTime:0.001866s ]
INFO: [ app_begin ] --START--
INFO: Run Behavior\ReadHtmlCacheBehavior [ RunTime:0.000457s ]
INFO: [ app_begin ] --END-- [ RunTime:0.000506s ]
ERR: 无法加载控制器:Businesscard

[ 2015-04-27T10:02:29+08:00 ] ::1 /test/onethink/wechat.php?s=/Wechat/Businesscard
INFO: [ app_init ] --START--
INFO: Run Behavior\BuildLiteBehavior [ RunTime:0.000013s ]
INFO: Run Common\Behavior\InitHookBehavior [ RunTime:0.001454s ]
INFO: [ app_init ] --END-- [ RunTime:0.001798s ]
INFO: [ app_begin ] --START--
INFO: Run Behavior\ReadHtmlCacheBehavior [ RunTime:0.000454s ]
INFO: [ app_begin ] --END-- [ RunTime:0.000503s ]
ERR: 无法加载控制器:Businesscard

[ 2015-04-27T10:03:20+08:00 ] ::1 /test/onethink/wechat.php?s=/Wechat/Businesscard
INFO: [ app_init ] --START--
INFO: Run Behavior\BuildLiteBehavior [ RunTime:0.000017s ]
INFO: Run Common\Behavior\InitHookBehavior [ RunTime:0.002326s ]
INFO: [ app_init ] --END-- [ RunTime:0.003022s ]
INFO: [ app_begin ] --START--
INFO: Run Behavior\ReadHtmlCacheBehavior [ RunTime:0.000805s ]
INFO: [ app_begin ] --END-- [ RunTime:0.000933s ]
ERR: 非法操作:index

[ 2015-04-27T10:03:28+08:00 ] ::1 /test/onethink/wechat.php?s=/Wechat/Businesscard/detail
INFO: [ app_init ] --START--
INFO: Run Behavior\BuildLiteBehavior [ RunTime:0.000019s ]
INFO: Run Common\Behavior\InitHookBehavior [ RunTime:0.001654s ]
INFO: [ app_init ] --END-- [ RunTime:0.002023s ]
INFO: [ app_begin ] --START--
INFO: Run Behavior\ReadHtmlCacheBehavior [ RunTime:0.000457s ]
INFO: [ app_begin ] --END-- [ RunTime:0.000506s ]
INFO: [ view_parse ] --START--
INFO: [ template_filter ] --START--
INFO: Run Behavior\ContentReplaceBehavior [ RunTime:0.000024s ]
INFO: [ template_filter ] --END-- [ RunTime:0.000072s ]
INFO: Run Behavior\ParseTemplateBehavior [ RunTime:0.005621s ]
INFO: [ view_parse ] --END-- [ RunTime:0.005671s ]
INFO: [ view_filter ] --START--
INFO: Run Behavior\WriteHtmlCacheBehavior [ RunTime:0.000319s ]
INFO: [ view_filter ] --END-- [ RunTime:0.000359s ]
INFO: [ app_end ] --START--
INFO: Run Behavior\ShowPageTraceBehavior [ RunTime:0.000710s ]
INFO: [ app_end ] --END-- [ RunTime:0.000758s ]

[ 2015-04-27T10:04:42+08:00 ] ::1 /test/onethink/wechat.php?s=/Wechat/Businesscard/detail
INFO: [ app_init ] --START--
INFO: Run Behavior\BuildLiteBehavior [ RunTime:0.000014s ]
INFO: Run Common\Behavior\InitHookBehavior [ RunTime:0.002142s ]
INFO: [ app_init ] --END-- [ RunTime:0.002616s ]
INFO: [ app_begin ] --START--
INFO: Run Behavior\ReadHtmlCacheBehavior [ RunTime:0.000577s ]
INFO: [ app_begin ] --END-- [ RunTime:0.000626s ]

[ 2015-04-27T10:04:52+08:00 ] ::1 /test/onethink/wechat.php?s=/Wechat/Businesscard/detail
INFO: [ app_init ] --START--
INFO: Run Behavior\BuildLiteBehavior [ RunTime:0.000020s ]
INFO: Run Common\Behavior\InitHookBehavior [ RunTime:0.002360s ]
INFO: [ app_init ] --END-- [ RunTime:0.002851s ]
INFO: [ app_begin ] --START--
INFO: Run Behavior\ReadHtmlCacheBehavior [ RunTime:0.000724s ]
INFO: [ app_begin ] --END-- [ RunTime:0.000794s ]
ERR: 模板不存在:./Application/Wechat/View/default/Businesscard/detail.html

