[ 2015-04-24T09:08:39+08:00 ] ::1 /test/onethink/wechat.php?s=/Wechat/hotel/
INFO: [ app_init ] --START--
INFO: Run Behavior\BuildLiteBehavior [ RunTime:0.000013s ]
INFO: Run Common\Behavior\InitHookBehavior [ RunTime:0.002401s ]
INFO: [ app_init ] --END-- [ RunTime:0.002906s ]
INFO: [ app_begin ] --START--
INFO: Run Behavior\ReadHtmlCacheBehavior [ RunTime:0.000763s ]
INFO: [ app_begin ] --END-- [ RunTime:0.000816s ]
SQL: SHOW COLUMNS FROM `wechat_hotel_product` [ RunTime:0.0107s ]
SQL: SHOW COLUMNS FROM `wechat_hotel_reserve` [ RunTime:0.0123s ]
SQL: SHOW COLUMNS FROM `wechat_hotel_info` [ RunTime:0.0071s ]
SQL: SELECT * FROM `wechat_hotel_product`  [ RunTime:0.0003s ]
NOTIC: [2] Missing argument 1 for Think\Model::where(), called in D:\xampp\htdocs\test\onethink\Application\Wechat\Controller\HotelController.class.php on line 40 and defined D:\xampp\htdocs\test\onethink\ThinkPHP\Library\Think\Model.class.php 第 1765 行.
NOTIC: [8] Undefined variable: where D:\xampp\htdocs\test\onethink\ThinkPHP\Library\Think\Model.class.php 第 1773 行.
NOTIC: [8] Undefined variable: where D:\xampp\htdocs\test\onethink\ThinkPHP\Library\Think\Model.class.php 第 1776 行.
NOTIC: [8] Undefined variable: where D:\xampp\htdocs\test\onethink\ThinkPHP\Library\Think\Model.class.php 第 1784 行.
SQL: SELECT * FROM `wechat_hotel_info` LIMIT 1   [ RunTime:0.0002s ]
INFO: [ view_parse ] --START--
INFO: [ template_filter ] --START--
INFO: Run Behavior\ContentReplaceBehavior [ RunTime:0.000042s ]
INFO: [ template_filter ] --END-- [ RunTime:0.000087s ]
INFO: Run Behavior\ParseTemplateBehavior [ RunTime:0.008193s ]
INFO: [ view_parse ] --END-- [ RunTime:0.008242s ]
INFO: [ view_filter ] --START--
INFO: Run Behavior\WriteHtmlCacheBehavior [ RunTime:0.000502s ]
INFO: [ view_filter ] --END-- [ RunTime:0.000548s ]
INFO: [ app_end ] --START--
INFO: Run Behavior\ShowPageTraceBehavior [ RunTime:0.000662s ]
INFO: [ app_end ] --END-- [ RunTime:0.000704s ]

[ 2015-04-24T16:03:09+08:00 ] ::1 /test/onethink/wechat.php?s=/Wechat/hotel/
INFO: [ app_init ] --START--
INFO: Run Behavior\BuildLiteBehavior [ RunTime:0.000016s ]
INFO: Run Common\Behavior\InitHookBehavior [ RunTime:0.003097s ]
INFO: [ app_init ] --END-- [ RunTime:0.003644s ]
INFO: [ app_begin ] --START--
INFO: Run Behavior\ReadHtmlCacheBehavior [ RunTime:0.001131s ]
INFO: [ app_begin ] --END-- [ RunTime:0.001256s ]
SQL: SHOW COLUMNS FROM `wechat_hotel_product` [ RunTime:0.0135s ]
SQL: SHOW COLUMNS FROM `wechat_hotel_reserve` [ RunTime:0.0146s ]
SQL: SHOW COLUMNS FROM `wechat_hotel_info` [ RunTime:0.0138s ]
NOTIC: [2] Missing argument 1 for Think\Model::where(), called in D:\xampp\htdocs\test\onethink\Application\Wechat\Controller\HotelController.class.php on line 27 and defined D:\xampp\htdocs\test\onethink\ThinkPHP\Library\Think\Model.class.php 第 1765 行.
NOTIC: [8] Undefined variable: where D:\xampp\htdocs\test\onethink\ThinkPHP\Library\Think\Model.class.php 第 1773 行.
NOTIC: [8] Undefined variable: where D:\xampp\htdocs\test\onethink\ThinkPHP\Library\Think\Model.class.php 第 1776 行.
NOTIC: [8] Undefined variable: where D:\xampp\htdocs\test\onethink\ThinkPHP\Library\Think\Model.class.php 第 1784 行.
SQL: SELECT * FROM `wechat_hotel_info` LIMIT 1   [ RunTime:0.0003s ]
SQL: SELECT * FROM `wechat_hotel_product`  [ RunTime:0.0003s ]
INFO: [ view_parse ] --START--
INFO: [ template_filter ] --START--
INFO: Run Behavior\ContentReplaceBehavior [ RunTime:0.000050s ]
INFO: [ template_filter ] --END-- [ RunTime:0.000109s ]
INFO: Run Behavior\ParseTemplateBehavior [ RunTime:0.031440s ]
INFO: [ view_parse ] --END-- [ RunTime:0.031529s ]
INFO: [ view_filter ] --START--
INFO: Run Behavior\WriteHtmlCacheBehavior [ RunTime:0.000400s ]
INFO: [ view_filter ] --END-- [ RunTime:0.000445s ]
INFO: [ app_end ] --START--
INFO: Run Behavior\ShowPageTraceBehavior [ RunTime:0.000644s ]
INFO: [ app_end ] --END-- [ RunTime:0.000688s ]

[ 2015-04-24T16:03:12+08:00 ] ::1 /test/onethink/wechat.php?s=/Wechat/hotel/product/id/1.html
INFO: [ app_init ] --START--
INFO: Run Behavior\BuildLiteBehavior [ RunTime:0.000015s ]
INFO: Run Common\Behavior\InitHookBehavior [ RunTime:0.002613s ]
INFO: [ app_init ] --END-- [ RunTime:0.003192s ]
INFO: [ app_begin ] --START--
INFO: Run Behavior\ReadHtmlCacheBehavior [ RunTime:0.000761s ]
INFO: [ app_begin ] --END-- [ RunTime:0.000821s ]
SQL: SHOW COLUMNS FROM `wechat_hotel_product` [ RunTime:0.0127s ]
SQL: SHOW COLUMNS FROM `wechat_hotel_reserve` [ RunTime:0.0136s ]
SQL: SHOW COLUMNS FROM `wechat_hotel_info` [ RunTime:0.0077s ]
NOTIC: [2] Missing argument 1 for Think\Model::where(), called in D:\xampp\htdocs\test\onethink\Application\Wechat\Controller\HotelController.class.php on line 27 and defined D:\xampp\htdocs\test\onethink\ThinkPHP\Library\Think\Model.class.php 第 1765 行.
NOTIC: [8] Undefined variable: where D:\xampp\htdocs\test\onethink\ThinkPHP\Library\Think\Model.class.php 第 1773 行.
NOTIC: [8] Undefined variable: where D:\xampp\htdocs\test\onethink\ThinkPHP\Library\Think\Model.class.php 第 1776 行.
NOTIC: [8] Undefined variable: where D:\xampp\htdocs\test\onethink\ThinkPHP\Library\Think\Model.class.php 第 1784 行.
SQL: SELECT * FROM `wechat_hotel_info` LIMIT 1   [ RunTime:0.0002s ]
SQL: SELECT * FROM `wechat_hotel_product` WHERE `id` = 1 LIMIT 1   [ RunTime:0.0002s ]
INFO: [ view_parse ] --START--
INFO: [ template_filter ] --START--
INFO: Run Behavior\ContentReplaceBehavior [ RunTime:0.000097s ]
INFO: [ template_filter ] --END-- [ RunTime:0.000157s ]
INFO: Run Behavior\ParseTemplateBehavior [ RunTime:0.045730s ]
INFO: [ view_parse ] --END-- [ RunTime:0.045789s ]
INFO: [ view_filter ] --START--
INFO: Run Behavior\WriteHtmlCacheBehavior [ RunTime:0.000380s ]
INFO: [ view_filter ] --END-- [ RunTime:0.000421s ]
INFO: [ app_end ] --START--
INFO: Run Behavior\ShowPageTraceBehavior [ RunTime:0.000713s ]
INFO: [ app_end ] --END-- [ RunTime:0.000767s ]

[ 2015-04-24T16:04:12+08:00 ] ::1 /test/onethink/wechat.php?s=/Wechat/hotel/product/id/1.html
INFO: [ app_init ] --START--
INFO: Run Behavior\BuildLiteBehavior [ RunTime:0.000015s ]
INFO: Run Common\Behavior\InitHookBehavior [ RunTime:0.002541s ]
INFO: [ app_init ] --END-- [ RunTime:0.002974s ]
INFO: [ app_begin ] --START--
INFO: Run Behavior\ReadHtmlCacheBehavior [ RunTime:0.000770s ]
INFO: [ app_begin ] --END-- [ RunTime:0.000827s ]
SQL: SHOW COLUMNS FROM `wechat_hotel_product` [ RunTime:0.1031s ]
SQL: SHOW COLUMNS FROM `wechat_hotel_reserve` [ RunTime:0.0382s ]
SQL: SHOW COLUMNS FROM `wechat_hotel_info` [ RunTime:0.0394s ]
NOTIC: [2] Missing argument 1 for Think\Model::where(), called in D:\xampp\htdocs\test\onethink\Application\Wechat\Controller\HotelController.class.php on line 27 and defined D:\xampp\htdocs\test\onethink\ThinkPHP\Library\Think\Model.class.php 第 1765 行.
NOTIC: [8] Undefined variable: where D:\xampp\htdocs\test\onethink\ThinkPHP\Library\Think\Model.class.php 第 1773 行.
NOTIC: [8] Undefined variable: where D:\xampp\htdocs\test\onethink\ThinkPHP\Library\Think\Model.class.php 第 1776 行.
NOTIC: [8] Undefined variable: where D:\xampp\htdocs\test\onethink\ThinkPHP\Library\Think\Model.class.php 第 1784 行.
SQL: SELECT * FROM `wechat_hotel_info` LIMIT 1   [ RunTime:0.0003s ]
SQL: SELECT * FROM `wechat_hotel_product` WHERE `id` = 1 LIMIT 1   [ RunTime:0.0004s ]
INFO: [ view_parse ] --START--
INFO: [ template_filter ] --START--
INFO: Run Behavior\ContentReplaceBehavior [ RunTime:0.000262s ]
INFO: [ template_filter ] --END-- [ RunTime:0.000318s ]
NOTIC: [8] Undefined variable: topimg D:\xampp\htdocs\test\onethink\Runtime\Cache\Wechat\465803ca2c30df6bd37755283677016d.php 第 260 行.
INFO: Run Behavior\ParseTemplateBehavior [ RunTime:0.029898s ]
INFO: [ view_parse ] --END-- [ RunTime:0.029949s ]
INFO: [ view_filter ] --START--
INFO: Run Behavior\WriteHtmlCacheBehavior [ RunTime:0.000378s ]
INFO: [ view_filter ] --END-- [ RunTime:0.000420s ]
INFO: [ app_end ] --START--
INFO: Run Behavior\ShowPageTraceBehavior [ RunTime:0.000757s ]
INFO: [ app_end ] --END-- [ RunTime:0.000830s ]

[ 2015-04-24T16:04:13+08:00 ] ::1 /test/onethink/wechat.php?s=/Wechat/hotel/product/id/1.html
INFO: [ app_init ] --START--
INFO: Run Behavior\BuildLiteBehavior [ RunTime:0.000021s ]
INFO: Run Common\Behavior\InitHookBehavior [ RunTime:0.003807s ]
INFO: [ app_init ] --END-- [ RunTime:0.004383s ]
INFO: [ app_begin ] --START--
INFO: Run Behavior\ReadHtmlCacheBehavior [ RunTime:0.000872s ]
INFO: [ app_begin ] --END-- [ RunTime:0.000939s ]
SQL: SHOW COLUMNS FROM `wechat_hotel_product` [ RunTime:0.0078s ]
SQL: SHOW COLUMNS FROM `wechat_hotel_reserve` [ RunTime:0.0120s ]
SQL: SHOW COLUMNS FROM `wechat_hotel_info` [ RunTime:0.0063s ]
NOTIC: [2] Missing argument 1 for Think\Model::where(), called in D:\xampp\htdocs\test\onethink\Application\Wechat\Controller\HotelController.class.php on line 27 and defined D:\xampp\htdocs\test\onethink\ThinkPHP\Library\Think\Model.class.php 第 1765 行.
NOTIC: [8] Undefined variable: where D:\xampp\htdocs\test\onethink\ThinkPHP\Library\Think\Model.class.php 第 1773 行.
NOTIC: [8] Undefined variable: where D:\xampp\htdocs\test\onethink\ThinkPHP\Library\Think\Model.class.php 第 1776 行.
NOTIC: [8] Undefined variable: where D:\xampp\htdocs\test\onethink\ThinkPHP\Library\Think\Model.class.php 第 1784 行.
SQL: SELECT * FROM `wechat_hotel_info` LIMIT 1   [ RunTime:0.0002s ]
SQL: SELECT * FROM `wechat_hotel_product` WHERE `id` = 1 LIMIT 1   [ RunTime:0.0003s ]
INFO: [ view_parse ] --START--
INFO: [ template_filter ] --START--
INFO: Run Behavior\ContentReplaceBehavior [ RunTime:0.000093s ]
INFO: [ template_filter ] --END-- [ RunTime:0.000143s ]
NOTIC: [8] Undefined variable: topimg D:\xampp\htdocs\test\onethink\Runtime\Cache\Wechat\465803ca2c30df6bd37755283677016d.php 第 260 行.
INFO: Run Behavior\ParseTemplateBehavior [ RunTime:0.025790s ]
INFO: [ view_parse ] --END-- [ RunTime:0.025845s ]
INFO: [ view_filter ] --START--
INFO: Run Behavior\WriteHtmlCacheBehavior [ RunTime:0.000418s ]
INFO: [ view_filter ] --END-- [ RunTime:0.000464s ]
INFO: [ app_end ] --START--
INFO: Run Behavior\ShowPageTraceBehavior [ RunTime:0.000784s ]
INFO: [ app_end ] --END-- [ RunTime:0.000841s ]

[ 2015-04-24T16:04:52+08:00 ] ::1 /test/onethink/wechat.php?s=/Wechat/hotel/product/id/1.html
INFO: [ app_init ] --START--
INFO: Run Behavior\BuildLiteBehavior [ RunTime:0.000014s ]
INFO: Run Common\Behavior\InitHookBehavior [ RunTime:0.002320s ]
INFO: [ app_init ] --END-- [ RunTime:0.002706s ]
INFO: [ app_begin ] --START--
INFO: Run Behavior\ReadHtmlCacheBehavior [ RunTime:0.000647s ]
INFO: [ app_begin ] --END-- [ RunTime:0.000697s ]
SQL: SHOW COLUMNS FROM `wechat_hotel_product` [ RunTime:0.0422s ]
SQL: SHOW COLUMNS FROM `wechat_hotel_reserve` [ RunTime:0.0142s ]
SQL: SHOW COLUMNS FROM `wechat_hotel_info` [ RunTime:0.0084s ]
NOTIC: [2] Missing argument 1 for Think\Model::where(), called in D:\xampp\htdocs\test\onethink\Application\Wechat\Controller\HotelController.class.php on line 27 and defined D:\xampp\htdocs\test\onethink\ThinkPHP\Library\Think\Model.class.php 第 1765 行.
NOTIC: [8] Undefined variable: where D:\xampp\htdocs\test\onethink\ThinkPHP\Library\Think\Model.class.php 第 1773 行.
NOTIC: [8] Undefined variable: where D:\xampp\htdocs\test\onethink\ThinkPHP\Library\Think\Model.class.php 第 1776 行.
NOTIC: [8] Undefined variable: where D:\xampp\htdocs\test\onethink\ThinkPHP\Library\Think\Model.class.php 第 1784 行.
SQL: SELECT * FROM `wechat_hotel_info` LIMIT 1   [ RunTime:0.0003s ]
SQL: SELECT * FROM `wechat_hotel_product` WHERE `id` = 1 LIMIT 1   [ RunTime:0.0003s ]
INFO: [ view_parse ] --START--
INFO: [ template_filter ] --START--
INFO: Run Behavior\ContentReplaceBehavior [ RunTime:0.000092s ]
INFO: [ template_filter ] --END-- [ RunTime:0.000142s ]
INFO: Run Behavior\ParseTemplateBehavior [ RunTime:0.026017s ]
INFO: [ view_parse ] --END-- [ RunTime:0.026083s ]
INFO: [ view_filter ] --START--
INFO: Run Behavior\WriteHtmlCacheBehavior [ RunTime:0.000419s ]
INFO: [ view_filter ] --END-- [ RunTime:0.000466s ]
INFO: [ app_end ] --START--
INFO: Run Behavior\ShowPageTraceBehavior [ RunTime:0.000741s ]
INFO: [ app_end ] --END-- [ RunTime:0.000800s ]

[ 2015-04-24T16:04:53+08:00 ] ::1 /test/onethink/wechat.php?s=/Wechat/hotel/product/id/1.html
INFO: [ app_init ] --START--
INFO: Run Behavior\BuildLiteBehavior [ RunTime:0.000017s ]
INFO: Run Common\Behavior\InitHookBehavior [ RunTime:0.002613s ]
INFO: [ app_init ] --END-- [ RunTime:0.003077s ]
INFO: [ app_begin ] --START--
INFO: Run Behavior\ReadHtmlCacheBehavior [ RunTime:0.000717s ]
INFO: [ app_begin ] --END-- [ RunTime:0.000773s ]
SQL: SHOW COLUMNS FROM `wechat_hotel_product` [ RunTime:0.0107s ]
SQL: SHOW COLUMNS FROM `wechat_hotel_reserve` [ RunTime:0.0136s ]
SQL: SHOW COLUMNS FROM `wechat_hotel_info` [ RunTime:0.0084s ]
NOTIC: [2] Missing argument 1 for Think\Model::where(), called in D:\xampp\htdocs\test\onethink\Application\Wechat\Controller\HotelController.class.php on line 27 and defined D:\xampp\htdocs\test\onethink\ThinkPHP\Library\Think\Model.class.php 第 1765 行.
NOTIC: [8] Undefined variable: where D:\xampp\htdocs\test\onethink\ThinkPHP\Library\Think\Model.class.php 第 1773 行.
NOTIC: [8] Undefined variable: where D:\xampp\htdocs\test\onethink\ThinkPHP\Library\Think\Model.class.php 第 1776 行.
NOTIC: [8] Undefined variable: where D:\xampp\htdocs\test\onethink\ThinkPHP\Library\Think\Model.class.php 第 1784 行.
SQL: SELECT * FROM `wechat_hotel_info` LIMIT 1   [ RunTime:0.0005s ]
SQL: SELECT * FROM `wechat_hotel_product` WHERE `id` = 1 LIMIT 1   [ RunTime:0.0002s ]
INFO: [ view_parse ] --START--
INFO: [ template_filter ] --START--
INFO: Run Behavior\ContentReplaceBehavior [ RunTime:0.000101s ]
INFO: [ template_filter ] --END-- [ RunTime:0.000158s ]
INFO: Run Behavior\ParseTemplateBehavior [ RunTime:0.026044s ]
INFO: [ view_parse ] --END-- [ RunTime:0.026234s ]
INFO: [ view_filter ] --START--
INFO: Run Behavior\WriteHtmlCacheBehavior [ RunTime:0.000418s ]
INFO: [ view_filter ] --END-- [ RunTime:0.000466s ]
INFO: [ app_end ] --START--
INFO: Run Behavior\ShowPageTraceBehavior [ RunTime:0.000716s ]
INFO: [ app_end ] --END-- [ RunTime:0.000773s ]

[ 2015-04-24T16:04:53+08:00 ] ::1 /test/onethink/wechat.php?s=/Wechat/hotel/product/id/1.html
INFO: [ app_init ] --START--
INFO: Run Behavior\BuildLiteBehavior [ RunTime:0.000019s ]
INFO: Run Common\Behavior\InitHookBehavior [ RunTime:0.002819s ]
INFO: [ app_init ] --END-- [ RunTime:0.003354s ]
INFO: [ app_begin ] --START--
INFO: Run Behavior\ReadHtmlCacheBehavior [ RunTime:0.000751s ]
INFO: [ app_begin ] --END-- [ RunTime:0.000814s ]
SQL: SHOW COLUMNS FROM `wechat_hotel_product` [ RunTime:0.0090s ]
SQL: SHOW COLUMNS FROM `wechat_hotel_reserve` [ RunTime:0.0123s ]
SQL: SHOW COLUMNS FROM `wechat_hotel_info` [ RunTime:0.0066s ]
NOTIC: [2] Missing argument 1 for Think\Model::where(), called in D:\xampp\htdocs\test\onethink\Application\Wechat\Controller\HotelController.class.php on line 27 and defined D:\xampp\htdocs\test\onethink\ThinkPHP\Library\Think\Model.class.php 第 1765 行.
NOTIC: [8] Undefined variable: where D:\xampp\htdocs\test\onethink\ThinkPHP\Library\Think\Model.class.php 第 1773 行.
NOTIC: [8] Undefined variable: where D:\xampp\htdocs\test\onethink\ThinkPHP\Library\Think\Model.class.php 第 1776 行.
NOTIC: [8] Undefined variable: where D:\xampp\htdocs\test\onethink\ThinkPHP\Library\Think\Model.class.php 第 1784 行.
SQL: SELECT * FROM `wechat_hotel_info` LIMIT 1   [ RunTime:0.0002s ]
SQL: SELECT * FROM `wechat_hotel_product` WHERE `id` = 1 LIMIT 1   [ RunTime:0.0002s ]
INFO: [ view_parse ] --START--
INFO: [ template_filter ] --START--
INFO: Run Behavior\ContentReplaceBehavior [ RunTime:0.000124s ]
INFO: [ template_filter ] --END-- [ RunTime:0.000182s ]
INFO: Run Behavior\ParseTemplateBehavior [ RunTime:0.029409s ]
INFO: [ view_parse ] --END-- [ RunTime:0.029482s ]
INFO: [ view_filter ] --START--
INFO: Run Behavior\WriteHtmlCacheBehavior [ RunTime:0.000532s ]
INFO: [ view_filter ] --END-- [ RunTime:0.000592s ]
INFO: [ app_end ] --START--
INFO: Run Behavior\ShowPageTraceBehavior [ RunTime:0.002011s ]
INFO: [ app_end ] --END-- [ RunTime:0.002114s ]

[ 2015-04-24T16:05:19+08:00 ] ::1 /test/onethink/wechat.php?s=/Wechat/hotel/product/id/1.html
INFO: [ app_init ] --START--
INFO: Run Behavior\BuildLiteBehavior [ RunTime:0.000021s ]
INFO: Run Common\Behavior\InitHookBehavior [ RunTime:0.003268s ]
INFO: [ app_init ] --END-- [ RunTime:0.003850s ]
INFO: [ app_begin ] --START--
INFO: Run Behavior\ReadHtmlCacheBehavior [ RunTime:0.000995s ]
INFO: [ app_begin ] --END-- [ RunTime:0.001077s ]
SQL: SHOW COLUMNS FROM `wechat_hotel_product` [ RunTime:0.0115s ]
SQL: SHOW COLUMNS FROM `wechat_hotel_reserve` [ RunTime:0.0127s ]
SQL: SHOW COLUMNS FROM `wechat_hotel_info` [ RunTime:0.0076s ]
NOTIC: [2] Missing argument 1 for Think\Model::where(), called in D:\xampp\htdocs\test\onethink\Application\Wechat\Controller\HotelController.class.php on line 27 and defined D:\xampp\htdocs\test\onethink\ThinkPHP\Library\Think\Model.class.php 第 1765 行.
NOTIC: [8] Undefined variable: where D:\xampp\htdocs\test\onethink\ThinkPHP\Library\Think\Model.class.php 第 1773 行.
NOTIC: [8] Undefined variable: where D:\xampp\htdocs\test\onethink\ThinkPHP\Library\Think\Model.class.php 第 1776 行.
NOTIC: [8] Undefined variable: where D:\xampp\htdocs\test\onethink\ThinkPHP\Library\Think\Model.class.php 第 1784 行.
SQL: SELECT * FROM `wechat_hotel_info` LIMIT 1   [ RunTime:0.0002s ]
SQL: SELECT * FROM `wechat_hotel_product` WHERE `id` = 1 LIMIT 1   [ RunTime:0.0002s ]
INFO: [ view_parse ] --START--
INFO: [ template_filter ] --START--
INFO: Run Behavior\ContentReplaceBehavior [ RunTime:0.000083s ]
INFO: [ template_filter ] --END-- [ RunTime:0.000133s ]
INFO: Run Behavior\ParseTemplateBehavior [ RunTime:0.025529s ]
INFO: [ view_parse ] --END-- [ RunTime:0.025587s ]
INFO: [ view_filter ] --START--
INFO: Run Behavior\WriteHtmlCacheBehavior [ RunTime:0.000415s ]
INFO: [ view_filter ] --END-- [ RunTime:0.000455s ]
INFO: [ app_end ] --START--
INFO: Run Behavior\ShowPageTraceBehavior [ RunTime:0.000758s ]
INFO: [ app_end ] --END-- [ RunTime:0.000810s ]

[ 2015-04-24T16:05:28+08:00 ] ::1 /test/onethink/wechat.php?s=/Wechat/hotel/product/id/1.html
INFO: [ app_init ] --START--
INFO: Run Behavior\BuildLiteBehavior [ RunTime:0.000018s ]
INFO: Run Common\Behavior\InitHookBehavior [ RunTime:0.002969s ]
INFO: [ app_init ] --END-- [ RunTime:0.003463s ]
INFO: [ app_begin ] --START--
INFO: Run Behavior\ReadHtmlCacheBehavior [ RunTime:0.000777s ]
INFO: [ app_begin ] --END-- [ RunTime:0.000839s ]
SQL: SHOW COLUMNS FROM `wechat_hotel_product` [ RunTime:0.0287s ]
SQL: SHOW COLUMNS FROM `wechat_hotel_reserve` [ RunTime:0.0134s ]
SQL: SHOW COLUMNS FROM `wechat_hotel_info` [ RunTime:0.0095s ]
NOTIC: [2] Missing argument 1 for Think\Model::where(), called in D:\xampp\htdocs\test\onethink\Application\Wechat\Controller\HotelController.class.php on line 27 and defined D:\xampp\htdocs\test\onethink\ThinkPHP\Library\Think\Model.class.php 第 1765 行.
NOTIC: [8] Undefined variable: where D:\xampp\htdocs\test\onethink\ThinkPHP\Library\Think\Model.class.php 第 1773 行.
NOTIC: [8] Undefined variable: where D:\xampp\htdocs\test\onethink\ThinkPHP\Library\Think\Model.class.php 第 1776 行.
NOTIC: [8] Undefined variable: where D:\xampp\htdocs\test\onethink\ThinkPHP\Library\Think\Model.class.php 第 1784 行.
SQL: SELECT * FROM `wechat_hotel_info` LIMIT 1   [ RunTime:0.0003s ]
SQL: SELECT * FROM `wechat_hotel_product` WHERE `id` = 1 LIMIT 1   [ RunTime:0.0003s ]
INFO: [ view_parse ] --START--
INFO: [ template_filter ] --START--
INFO: Run Behavior\ContentReplaceBehavior [ RunTime:0.000112s ]
INFO: [ template_filter ] --END-- [ RunTime:0.000173s ]
INFO: Run Behavior\ParseTemplateBehavior [ RunTime:0.033118s ]
INFO: [ view_parse ] --END-- [ RunTime:0.033186s ]
INFO: [ view_filter ] --START--
INFO: Run Behavior\WriteHtmlCacheBehavior [ RunTime:0.000474s ]
INFO: [ view_filter ] --END-- [ RunTime:0.000520s ]
INFO: [ app_end ] --START--
INFO: Run Behavior\ShowPageTraceBehavior [ RunTime:0.000902s ]
INFO: [ app_end ] --END-- [ RunTime:0.000956s ]

[ 2015-04-24T16:05:29+08:00 ] ::1 /test/onethink/wechat.php?s=/Wechat/hotel/product/id/1.html
INFO: [ app_init ] --START--
INFO: Run Behavior\BuildLiteBehavior [ RunTime:0.000015s ]
INFO: Run Common\Behavior\InitHookBehavior [ RunTime:0.002738s ]
INFO: [ app_init ] --END-- [ RunTime:0.003228s ]
INFO: [ app_begin ] --START--
INFO: Run Behavior\ReadHtmlCacheBehavior [ RunTime:0.000869s ]
INFO: [ app_begin ] --END-- [ RunTime:0.000985s ]
SQL: SHOW COLUMNS FROM `wechat_hotel_product` [ RunTime:0.0104s ]
SQL: SHOW COLUMNS FROM `wechat_hotel_reserve` [ RunTime:0.0307s ]
SQL: SHOW COLUMNS FROM `wechat_hotel_info` [ RunTime:0.0078s ]
NOTIC: [2] Missing argument 1 for Think\Model::where(), called in D:\xampp\htdocs\test\onethink\Application\Wechat\Controller\HotelController.class.php on line 27 and defined D:\xampp\htdocs\test\onethink\ThinkPHP\Library\Think\Model.class.php 第 1765 行.
NOTIC: [8] Undefined variable: where D:\xampp\htdocs\test\onethink\ThinkPHP\Library\Think\Model.class.php 第 1773 行.
NOTIC: [8] Undefined variable: where D:\xampp\htdocs\test\onethink\ThinkPHP\Library\Think\Model.class.php 第 1776 行.
NOTIC: [8] Undefined variable: where D:\xampp\htdocs\test\onethink\ThinkPHP\Library\Think\Model.class.php 第 1784 行.
SQL: SELECT * FROM `wechat_hotel_info` LIMIT 1   [ RunTime:0.0003s ]
SQL: SELECT * FROM `wechat_hotel_product` WHERE `id` = 1 LIMIT 1   [ RunTime:0.0002s ]
INFO: [ view_parse ] --START--
INFO: [ template_filter ] --START--
INFO: Run Behavior\ContentReplaceBehavior [ RunTime:0.000200s ]
INFO: [ template_filter ] --END-- [ RunTime:0.000281s ]
INFO: Run Behavior\ParseTemplateBehavior [ RunTime:0.031972s ]
INFO: [ view_parse ] --END-- [ RunTime:0.032042s ]
INFO: [ view_filter ] --START--
INFO: Run Behavior\WriteHtmlCacheBehavior [ RunTime:0.000482s ]
INFO: [ view_filter ] --END-- [ RunTime:0.000529s ]
INFO: [ app_end ] --START--
INFO: Run Behavior\ShowPageTraceBehavior [ RunTime:0.000839s ]
INFO: [ app_end ] --END-- [ RunTime:0.000967s ]

[ 2015-04-24T16:05:30+08:00 ] ::1 /test/onethink/wechat.php?s=/Wechat/hotel/product/id/1.html
INFO: [ app_init ] --START--
INFO: Run Behavior\BuildLiteBehavior [ RunTime:0.000014s ]
INFO: Run Common\Behavior\InitHookBehavior [ RunTime:0.002492s ]
INFO: [ app_init ] --END-- [ RunTime:0.002881s ]
INFO: [ app_begin ] --START--
INFO: Run Behavior\ReadHtmlCacheBehavior [ RunTime:0.000766s ]
INFO: [ app_begin ] --END-- [ RunTime:0.000815s ]
SQL: SHOW COLUMNS FROM `wechat_hotel_product` [ RunTime:0.0111s ]
SQL: SHOW COLUMNS FROM `wechat_hotel_reserve` [ RunTime:0.0142s ]
SQL: SHOW COLUMNS FROM `wechat_hotel_info` [ RunTime:0.0084s ]
NOTIC: [2] Missing argument 1 for Think\Model::where(), called in D:\xampp\htdocs\test\onethink\Application\Wechat\Controller\HotelController.class.php on line 27 and defined D:\xampp\htdocs\test\onethink\ThinkPHP\Library\Think\Model.class.php 第 1765 行.
NOTIC: [8] Undefined variable: where D:\xampp\htdocs\test\onethink\ThinkPHP\Library\Think\Model.class.php 第 1773 行.
NOTIC: [8] Undefined variable: where D:\xampp\htdocs\test\onethink\ThinkPHP\Library\Think\Model.class.php 第 1776 行.
NOTIC: [8] Undefined variable: where D:\xampp\htdocs\test\onethink\ThinkPHP\Library\Think\Model.class.php 第 1784 行.
SQL: SELECT * FROM `wechat_hotel_info` LIMIT 1   [ RunTime:0.0002s ]
SQL: SELECT * FROM `wechat_hotel_product` WHERE `id` = 1 LIMIT 1   [ RunTime:0.0002s ]
INFO: [ view_parse ] --START--
INFO: [ template_filter ] --START--
INFO: Run Behavior\ContentReplaceBehavior [ RunTime:0.000186s ]
INFO: [ template_filter ] --END-- [ RunTime:0.000251s ]
INFO: Run Behavior\ParseTemplateBehavior [ RunTime:0.029060s ]
INFO: [ view_parse ] --END-- [ RunTime:0.029198s ]
INFO: [ view_filter ] --START--
INFO: Run Behavior\WriteHtmlCacheBehavior [ RunTime:0.000377s ]
INFO: [ view_filter ] --END-- [ RunTime:0.000417s ]
INFO: [ app_end ] --START--
INFO: Run Behavior\ShowPageTraceBehavior [ RunTime:0.000775s ]
INFO: [ app_end ] --END-- [ RunTime:0.000830s ]

[ 2015-04-24T16:05:32+08:00 ] ::1 /test/onethink/wechat.php?s=/Wechat/hotel/product/id/1.html
INFO: [ app_init ] --START--
INFO: Run Behavior\BuildLiteBehavior [ RunTime:0.000013s ]
INFO: Run Common\Behavior\InitHookBehavior [ RunTime:0.002148s ]
INFO: [ app_init ] --END-- [ RunTime:0.002738s ]
INFO: [ app_begin ] --START--
INFO: Run Behavior\ReadHtmlCacheBehavior [ RunTime:0.000698s ]
INFO: [ app_begin ] --END-- [ RunTime:0.000753s ]
SQL: SHOW COLUMNS FROM `wechat_hotel_product` [ RunTime:0.0116s ]
SQL: SHOW COLUMNS FROM `wechat_hotel_reserve` [ RunTime:0.0143s ]
SQL: SHOW COLUMNS FROM `wechat_hotel_info` [ RunTime:0.0079s ]
NOTIC: [2] Missing argument 1 for Think\Model::where(), called in D:\xampp\htdocs\test\onethink\Application\Wechat\Controller\HotelController.class.php on line 27 and defined D:\xampp\htdocs\test\onethink\ThinkPHP\Library\Think\Model.class.php 第 1765 行.
NOTIC: [8] Undefined variable: where D:\xampp\htdocs\test\onethink\ThinkPHP\Library\Think\Model.class.php 第 1773 行.
NOTIC: [8] Undefined variable: where D:\xampp\htdocs\test\onethink\ThinkPHP\Library\Think\Model.class.php 第 1776 行.
NOTIC: [8] Undefined variable: where D:\xampp\htdocs\test\onethink\ThinkPHP\Library\Think\Model.class.php 第 1784 行.
SQL: SELECT * FROM `wechat_hotel_info` LIMIT 1   [ RunTime:0.0002s ]
SQL: SELECT * FROM `wechat_hotel_product` WHERE `id` = 1 LIMIT 1   [ RunTime:0.0003s ]
INFO: [ view_parse ] --START--
INFO: [ template_filter ] --START--
INFO: Run Behavior\ContentReplaceBehavior [ RunTime:0.000086s ]
INFO: [ template_filter ] --END-- [ RunTime:0.000131s ]
INFO: Run Behavior\ParseTemplateBehavior [ RunTime:0.027076s ]
INFO: [ view_parse ] --END-- [ RunTime:0.027139s ]
INFO: [ view_filter ] --START--
INFO: Run Behavior\WriteHtmlCacheBehavior [ RunTime:0.000424s ]
INFO: [ view_filter ] --END-- [ RunTime:0.000470s ]
INFO: [ app_end ] --START--
INFO: Run Behavior\ShowPageTraceBehavior [ RunTime:0.000723s ]
INFO: [ app_end ] --END-- [ RunTime:0.000774s ]

[ 2015-04-24T16:05:36+08:00 ] ::1 /test/onethink/wechat.php?s=/Wechat/hotel/product/id/1.html
INFO: [ app_init ] --START--
INFO: Run Behavior\BuildLiteBehavior [ RunTime:0.000016s ]
INFO: Run Common\Behavior\InitHookBehavior [ RunTime:0.002630s ]
INFO: [ app_init ] --END-- [ RunTime:0.003126s ]
INFO: [ app_begin ] --START--
INFO: Run Behavior\ReadHtmlCacheBehavior [ RunTime:0.000831s ]
INFO: [ app_begin ] --END-- [ RunTime:0.000957s ]
SQL: SHOW COLUMNS FROM `wechat_hotel_product` [ RunTime:0.0113s ]
SQL: SHOW COLUMNS FROM `wechat_hotel_reserve` [ RunTime:0.0133s ]
SQL: SHOW COLUMNS FROM `wechat_hotel_info` [ RunTime:0.0088s ]
NOTIC: [2] Missing argument 1 for Think\Model::where(), called in D:\xampp\htdocs\test\onethink\Application\Wechat\Controller\HotelController.class.php on line 27 and defined D:\xampp\htdocs\test\onethink\ThinkPHP\Library\Think\Model.class.php 第 1765 行.
NOTIC: [8] Undefined variable: where D:\xampp\htdocs\test\onethink\ThinkPHP\Library\Think\Model.class.php 第 1773 行.
NOTIC: [8] Undefined variable: where D:\xampp\htdocs\test\onethink\ThinkPHP\Library\Think\Model.class.php 第 1776 行.
NOTIC: [8] Undefined variable: where D:\xampp\htdocs\test\onethink\ThinkPHP\Library\Think\Model.class.php 第 1784 行.
SQL: SELECT * FROM `wechat_hotel_info` LIMIT 1   [ RunTime:0.0002s ]
SQL: SELECT * FROM `wechat_hotel_product` WHERE `id` = 1 LIMIT 1   [ RunTime:0.0003s ]
INFO: [ view_parse ] --START--
INFO: [ template_filter ] --START--
INFO: Run Behavior\ContentReplaceBehavior [ RunTime:0.000115s ]
INFO: [ template_filter ] --END-- [ RunTime:0.000182s ]
INFO: Run Behavior\ParseTemplateBehavior [ RunTime:0.032561s ]
INFO: [ view_parse ] --END-- [ RunTime:0.032630s ]
INFO: [ view_filter ] --START--
INFO: Run Behavior\WriteHtmlCacheBehavior [ RunTime:0.000453s ]
INFO: [ view_filter ] --END-- [ RunTime:0.000502s ]
INFO: [ app_end ] --START--
INFO: Run Behavior\ShowPageTraceBehavior [ RunTime:0.000778s ]
INFO: [ app_end ] --END-- [ RunTime:0.000837s ]

[ 2015-04-24T16:05:44+08:00 ] ::1 /test/onethink/wechat.php?s=/Wechat/hotel/product/id/1.html
INFO: [ app_init ] --START--
INFO: Run Behavior\BuildLiteBehavior [ RunTime:0.000041s ]
INFO: Run Common\Behavior\InitHookBehavior [ RunTime:0.003138s ]
INFO: [ app_init ] --END-- [ RunTime:0.004088s ]
INFO: [ app_begin ] --START--
INFO: Run Behavior\ReadHtmlCacheBehavior [ RunTime:0.001027s ]
INFO: [ app_begin ] --END-- [ RunTime:0.001108s ]
SQL: SHOW COLUMNS FROM `wechat_hotel_product` [ RunTime:0.0120s ]
SQL: SHOW COLUMNS FROM `wechat_hotel_reserve` [ RunTime:0.0141s ]
SQL: SHOW COLUMNS FROM `wechat_hotel_info` [ RunTime:0.0083s ]
NOTIC: [2] Missing argument 1 for Think\Model::where(), called in D:\xampp\htdocs\test\onethink\Application\Wechat\Controller\HotelController.class.php on line 27 and defined D:\xampp\htdocs\test\onethink\ThinkPHP\Library\Think\Model.class.php 第 1765 行.
NOTIC: [8] Undefined variable: where D:\xampp\htdocs\test\onethink\ThinkPHP\Library\Think\Model.class.php 第 1773 行.
NOTIC: [8] Undefined variable: where D:\xampp\htdocs\test\onethink\ThinkPHP\Library\Think\Model.class.php 第 1776 行.
NOTIC: [8] Undefined variable: where D:\xampp\htdocs\test\onethink\ThinkPHP\Library\Think\Model.class.php 第 1784 行.
SQL: SELECT * FROM `wechat_hotel_info` LIMIT 1   [ RunTime:0.0004s ]
SQL: SELECT * FROM `wechat_hotel_product` WHERE `id` = 1 LIMIT 1   [ RunTime:0.0002s ]
INFO: [ view_parse ] --START--
INFO: [ template_filter ] --START--
INFO: Run Behavior\ContentReplaceBehavior [ RunTime:0.000098s ]
INFO: [ template_filter ] --END-- [ RunTime:0.000160s ]
INFO: Run Behavior\ParseTemplateBehavior [ RunTime:0.027972s ]
INFO: [ view_parse ] --END-- [ RunTime:0.028051s ]
INFO: [ view_filter ] --START--
INFO: Run Behavior\WriteHtmlCacheBehavior [ RunTime:0.000476s ]
INFO: [ view_filter ] --END-- [ RunTime:0.000530s ]
INFO: [ app_end ] --START--
INFO: Run Behavior\ShowPageTraceBehavior [ RunTime:0.000889s ]
INFO: [ app_end ] --END-- [ RunTime:0.000949s ]

[ 2015-04-24T16:06:33+08:00 ] ::1 /test/onethink/wechat.php?s=/Wechat/hotel/product/id/1.html
INFO: [ app_init ] --START--
INFO: Run Behavior\BuildLiteBehavior [ RunTime:0.000018s ]
INFO: Run Common\Behavior\InitHookBehavior [ RunTime:0.002664s ]
INFO: [ app_init ] --END-- [ RunTime:0.003158s ]
INFO: [ app_begin ] --START--
INFO: Run Behavior\ReadHtmlCacheBehavior [ RunTime:0.000787s ]
INFO: [ app_begin ] --END-- [ RunTime:0.000847s ]
SQL: SHOW COLUMNS FROM `wechat_hotel_product` [ RunTime:0.0548s ]
SQL: SHOW COLUMNS FROM `wechat_hotel_reserve` [ RunTime:0.0148s ]
SQL: SHOW COLUMNS FROM `wechat_hotel_info` [ RunTime:0.0105s ]
NOTIC: [2] Missing argument 1 for Think\Model::where(), called in D:\xampp\htdocs\test\onethink\Application\Wechat\Controller\HotelController.class.php on line 27 and defined D:\xampp\htdocs\test\onethink\ThinkPHP\Library\Think\Model.class.php 第 1765 行.
NOTIC: [8] Undefined variable: where D:\xampp\htdocs\test\onethink\ThinkPHP\Library\Think\Model.class.php 第 1773 行.
NOTIC: [8] Undefined variable: where D:\xampp\htdocs\test\onethink\ThinkPHP\Library\Think\Model.class.php 第 1776 行.
NOTIC: [8] Undefined variable: where D:\xampp\htdocs\test\onethink\ThinkPHP\Library\Think\Model.class.php 第 1784 行.
SQL: SELECT * FROM `wechat_hotel_info` LIMIT 1   [ RunTime:0.0004s ]
SQL: SELECT * FROM `wechat_hotel_product` WHERE `id` = 1 LIMIT 1   [ RunTime:0.0003s ]
INFO: [ view_parse ] --START--
INFO: [ template_filter ] --START--
INFO: Run Behavior\ContentReplaceBehavior [ RunTime:0.000101s ]
INFO: [ template_filter ] --END-- [ RunTime:0.000164s ]
INFO: Run Behavior\ParseTemplateBehavior [ RunTime:0.030616s ]
INFO: [ view_parse ] --END-- [ RunTime:0.030678s ]
INFO: [ view_filter ] --START--
INFO: Run Behavior\WriteHtmlCacheBehavior [ RunTime:0.000386s ]
INFO: [ view_filter ] --END-- [ RunTime:0.000431s ]
INFO: [ app_end ] --START--
INFO: Run Behavior\ShowPageTraceBehavior [ RunTime:0.000714s ]
INFO: [ app_end ] --END-- [ RunTime:0.000764s ]

[ 2015-04-24T16:06:44+08:00 ] ::1 /test/onethink/wechat.php?s=/Wechat/hotel/product/id/1.html
INFO: [ app_init ] --START--
INFO: Run Behavior\BuildLiteBehavior [ RunTime:0.000018s ]
INFO: Run Common\Behavior\InitHookBehavior [ RunTime:0.002794s ]
INFO: [ app_init ] --END-- [ RunTime:0.003271s ]
INFO: [ app_begin ] --START--
INFO: Run Behavior\ReadHtmlCacheBehavior [ RunTime:0.000765s ]
INFO: [ app_begin ] --END-- [ RunTime:0.000821s ]
SQL: SHOW COLUMNS FROM `wechat_hotel_product` [ RunTime:0.0142s ]
SQL: SHOW COLUMNS FROM `wechat_hotel_reserve` [ RunTime:0.0168s ]
SQL: SHOW COLUMNS FROM `wechat_hotel_info` [ RunTime:0.0087s ]
NOTIC: [2] Missing argument 1 for Think\Model::where(), called in D:\xampp\htdocs\test\onethink\Application\Wechat\Controller\HotelController.class.php on line 27 and defined D:\xampp\htdocs\test\onethink\ThinkPHP\Library\Think\Model.class.php 第 1765 行.
NOTIC: [8] Undefined variable: where D:\xampp\htdocs\test\onethink\ThinkPHP\Library\Think\Model.class.php 第 1773 行.
NOTIC: [8] Undefined variable: where D:\xampp\htdocs\test\onethink\ThinkPHP\Library\Think\Model.class.php 第 1776 行.
NOTIC: [8] Undefined variable: where D:\xampp\htdocs\test\onethink\ThinkPHP\Library\Think\Model.class.php 第 1784 行.
SQL: SELECT * FROM `wechat_hotel_info` LIMIT 1   [ RunTime:0.0002s ]
SQL: SELECT * FROM `wechat_hotel_product` WHERE `id` = 1 LIMIT 1   [ RunTime:0.0002s ]
INFO: [ view_parse ] --START--
INFO: [ template_filter ] --START--
INFO: Run Behavior\ContentReplaceBehavior [ RunTime:0.000157s ]
INFO: [ template_filter ] --END-- [ RunTime:0.000252s ]
INFO: Run Behavior\ParseTemplateBehavior [ RunTime:0.032103s ]
INFO: [ view_parse ] --END-- [ RunTime:0.032177s ]
INFO: [ view_filter ] --START--
INFO: Run Behavior\WriteHtmlCacheBehavior [ RunTime:0.000578s ]
INFO: [ view_filter ] --END-- [ RunTime:0.000634s ]
INFO: [ app_end ] --START--
INFO: Run Behavior\ShowPageTraceBehavior [ RunTime:0.000893s ]
INFO: [ app_end ] --END-- [ RunTime:0.000956s ]

[ 2015-04-24T16:13:04+08:00 ] ::1 /test/onethink/wechat.php?s=/Wechat/hotel/product/id/1.html
INFO: [ app_init ] --START--
INFO: Run Behavior\BuildLiteBehavior [ RunTime:0.000018s ]
INFO: Run Common\Behavior\InitHookBehavior [ RunTime:0.002176s ]
INFO: [ app_init ] --END-- [ RunTime:0.002717s ]
INFO: [ app_begin ] --START--
INFO: Run Behavior\ReadHtmlCacheBehavior [ RunTime:0.000636s ]
INFO: [ app_begin ] --END-- [ RunTime:0.000705s ]
SQL: SHOW COLUMNS FROM `wechat_hotel_product` [ RunTime:0.0110s ]
SQL: SHOW COLUMNS FROM `wechat_hotel_reserve` [ RunTime:0.0144s ]
SQL: SHOW COLUMNS FROM `wechat_hotel_info` [ RunTime:0.0079s ]
NOTIC: [2] Missing argument 1 for Think\Model::where(), called in D:\xampp\htdocs\test\onethink\Application\Wechat\Controller\HotelController.class.php on line 27 and defined D:\xampp\htdocs\test\onethink\ThinkPHP\Library\Think\Model.class.php 第 1765 行.
NOTIC: [8] Undefined variable: where D:\xampp\htdocs\test\onethink\ThinkPHP\Library\Think\Model.class.php 第 1773 行.
NOTIC: [8] Undefined variable: where D:\xampp\htdocs\test\onethink\ThinkPHP\Library\Think\Model.class.php 第 1776 行.
NOTIC: [8] Undefined variable: where D:\xampp\htdocs\test\onethink\ThinkPHP\Library\Think\Model.class.php 第 1784 行.
SQL: SELECT * FROM `wechat_hotel_info` LIMIT 1   [ RunTime:0.0003s ]
SQL: SELECT * FROM `wechat_hotel_product` WHERE `id` = 1 LIMIT 1   [ RunTime:0.0002s ]
INFO: [ view_parse ] --START--
INFO: [ template_filter ] --START--
INFO: Run Behavior\ContentReplaceBehavior [ RunTime:0.000168s ]
INFO: [ template_filter ] --END-- [ RunTime:0.000232s ]
INFO: Run Behavior\ParseTemplateBehavior [ RunTime:0.030387s ]
INFO: [ view_parse ] --END-- [ RunTime:0.030490s ]
INFO: [ view_filter ] --START--
INFO: Run Behavior\WriteHtmlCacheBehavior [ RunTime:0.000525s ]
INFO: [ view_filter ] --END-- [ RunTime:0.000580s ]
INFO: [ app_end ] --START--
INFO: Run Behavior\ShowPageTraceBehavior [ RunTime:0.000907s ]
INFO: [ app_end ] --END-- [ RunTime:0.000971s ]

[ 2015-04-24T16:32:02+08:00 ] ::1 /test/onethink/wechat.php?s=/Wechat/hotel/
INFO: [ app_init ] --START--
INFO: Run Behavior\BuildLiteBehavior [ RunTime:0.000025s ]
INFO: Run Common\Behavior\InitHookBehavior [ RunTime:0.003580s ]
INFO: [ app_init ] --END-- [ RunTime:0.004624s ]
INFO: [ app_begin ] --START--
INFO: Run Behavior\ReadHtmlCacheBehavior [ RunTime:0.000905s ]
INFO: [ app_begin ] --END-- [ RunTime:0.000978s ]
SQL: SHOW COLUMNS FROM `wechat_hotel_product` [ RunTime:0.0295s ]
SQL: SHOW COLUMNS FROM `wechat_hotel_reserve` [ RunTime:0.0338s ]
SQL: SHOW COLUMNS FROM `wechat_hotel_info` [ RunTime:0.0162s ]
NOTIC: [2] Missing argument 1 for Think\Model::where(), called in D:\xampp\htdocs\test\onethink\Application\Wechat\Controller\HotelController.class.php on line 27 and defined D:\xampp\htdocs\test\onethink\ThinkPHP\Library\Think\Model.class.php 第 1765 行.
NOTIC: [8] Undefined variable: where D:\xampp\htdocs\test\onethink\ThinkPHP\Library\Think\Model.class.php 第 1773 行.
NOTIC: [8] Undefined variable: where D:\xampp\htdocs\test\onethink\ThinkPHP\Library\Think\Model.class.php 第 1776 行.
NOTIC: [8] Undefined variable: where D:\xampp\htdocs\test\onethink\ThinkPHP\Library\Think\Model.class.php 第 1784 行.
SQL: SELECT * FROM `wechat_hotel_info` LIMIT 1   [ RunTime:0.0003s ]
SQL: SELECT * FROM `wechat_hotel_product`  [ RunTime:0.0008s ]
INFO: [ view_parse ] --START--
INFO: [ template_filter ] --START--
INFO: Run Behavior\ContentReplaceBehavior [ RunTime:0.000090s ]
INFO: [ template_filter ] --END-- [ RunTime:0.000210s ]
INFO: Run Behavior\ParseTemplateBehavior [ RunTime:0.077428s ]
INFO: [ view_parse ] --END-- [ RunTime:0.077547s ]
INFO: [ view_filter ] --START--
INFO: Run Behavior\WriteHtmlCacheBehavior [ RunTime:0.000603s ]
INFO: [ view_filter ] --END-- [ RunTime:0.000670s ]
INFO: [ app_end ] --START--
INFO: Run Behavior\ShowPageTraceBehavior [ RunTime:0.000980s ]
INFO: [ app_end ] --END-- [ RunTime:0.001067s ]

[ 2015-04-24T16:32:07+08:00 ] ::1 /test/onethink/wechat.php?s=/Wechat/hotel/detail/article/article.html
INFO: [ app_init ] --START--
INFO: Run Behavior\BuildLiteBehavior [ RunTime:0.000023s ]
INFO: Run Common\Behavior\InitHookBehavior [ RunTime:0.003075s ]
INFO: [ app_init ] --END-- [ RunTime:0.003701s ]
INFO: [ app_begin ] --START--
INFO: Run Behavior\ReadHtmlCacheBehavior [ RunTime:0.001158s ]
INFO: [ app_begin ] --END-- [ RunTime:0.001243s ]
SQL: SHOW COLUMNS FROM `wechat_hotel_product` [ RunTime:0.0485s ]
SQL: SHOW COLUMNS FROM `wechat_hotel_reserve` [ RunTime:0.0376s ]
SQL: SHOW COLUMNS FROM `wechat_hotel_info` [ RunTime:0.0747s ]
NOTIC: [2] Missing argument 1 for Think\Model::where(), called in D:\xampp\htdocs\test\onethink\Application\Wechat\Controller\HotelController.class.php on line 27 and defined D:\xampp\htdocs\test\onethink\ThinkPHP\Library\Think\Model.class.php 第 1765 行.
NOTIC: [8] Undefined variable: where D:\xampp\htdocs\test\onethink\ThinkPHP\Library\Think\Model.class.php 第 1773 行.
NOTIC: [8] Undefined variable: where D:\xampp\htdocs\test\onethink\ThinkPHP\Library\Think\Model.class.php 第 1776 行.
NOTIC: [8] Undefined variable: where D:\xampp\htdocs\test\onethink\ThinkPHP\Library\Think\Model.class.php 第 1784 行.
SQL: SELECT * FROM `wechat_hotel_info` LIMIT 1   [ RunTime:0.0003s ]

[ 2015-04-24T16:33:33+08:00 ] ::1 /test/onethink/wechat.php?s=/Wechat/hotel/detail/article/article.html
INFO: [ app_init ] --START--
INFO: Run Behavior\BuildLiteBehavior [ RunTime:0.000015s ]
INFO: Run Common\Behavior\InitHookBehavior [ RunTime:0.002438s ]
INFO: [ app_init ] --END-- [ RunTime:0.002869s ]
INFO: [ app_begin ] --START--
INFO: Run Behavior\ReadHtmlCacheBehavior [ RunTime:0.000635s ]
INFO: [ app_begin ] --END-- [ RunTime:0.000684s ]
SQL: SHOW COLUMNS FROM `wechat_hotel_product` [ RunTime:0.0136s ]
SQL: SHOW COLUMNS FROM `wechat_hotel_reserve` [ RunTime:0.0197s ]
SQL: SHOW COLUMNS FROM `wechat_hotel_info` [ RunTime:0.0092s ]
NOTIC: [2] Missing argument 1 for Think\Model::where(), called in D:\xampp\htdocs\test\onethink\Application\Wechat\Controller\HotelController.class.php on line 27 and defined D:\xampp\htdocs\test\onethink\ThinkPHP\Library\Think\Model.class.php 第 1765 行.
NOTIC: [8] Undefined variable: where D:\xampp\htdocs\test\onethink\ThinkPHP\Library\Think\Model.class.php 第 1773 行.
NOTIC: [8] Undefined variable: where D:\xampp\htdocs\test\onethink\ThinkPHP\Library\Think\Model.class.php 第 1776 行.
NOTIC: [8] Undefined variable: where D:\xampp\htdocs\test\onethink\ThinkPHP\Library\Think\Model.class.php 第 1784 行.
SQL: SELECT * FROM `wechat_hotel_info` LIMIT 1   [ RunTime:0.0003s ]
INFO: [ view_parse ] --START--
INFO: [ template_filter ] --START--
INFO: Run Behavior\ContentReplaceBehavior [ RunTime:0.000040s ]
INFO: [ template_filter ] --END-- [ RunTime:0.000097s ]
INFO: Run Behavior\ParseTemplateBehavior [ RunTime:0.028921s ]
INFO: [ view_parse ] --END-- [ RunTime:0.029009s ]
INFO: [ view_filter ] --START--
INFO: Run Behavior\WriteHtmlCacheBehavior [ RunTime:0.000435s ]
INFO: [ view_filter ] --END-- [ RunTime:0.000487s ]

[ 2015-04-24T17:54:28+08:00 ] ::1 /test/onethink/wechat.php?s=/Wechat/hotel/
INFO: [ app_init ] --START--
INFO: Run Behavior\BuildLiteBehavior [ RunTime:0.000020s ]
INFO: Run Common\Behavior\InitHookBehavior [ RunTime:0.002195s ]
INFO: [ app_init ] --END-- [ RunTime:0.002745s ]
INFO: [ app_begin ] --START--
INFO: Run Behavior\ReadHtmlCacheBehavior [ RunTime:0.000757s ]
INFO: [ app_begin ] --END-- [ RunTime:0.000895s ]
SQL: SHOW COLUMNS FROM `wechat_hotel_product` [ RunTime:0.0107s ]
SQL: SHOW COLUMNS FROM `wechat_hotel_reserve` [ RunTime:0.0214s ]
SQL: SHOW COLUMNS FROM `wechat_hotel_info` [ RunTime:0.0072s ]
NOTIC: [2] Missing argument 1 for Think\Model::where(), called in D:\xampp\htdocs\test\onethink\Application\Wechat\Controller\HotelController.class.php on line 27 and defined D:\xampp\htdocs\test\onethink\ThinkPHP\Library\Think\Model.class.php 第 1765 行.
NOTIC: [8] Undefined variable: where D:\xampp\htdocs\test\onethink\ThinkPHP\Library\Think\Model.class.php 第 1773 行.
NOTIC: [8] Undefined variable: where D:\xampp\htdocs\test\onethink\ThinkPHP\Library\Think\Model.class.php 第 1776 行.
NOTIC: [8] Undefined variable: where D:\xampp\htdocs\test\onethink\ThinkPHP\Library\Think\Model.class.php 第 1784 行.
SQL: SELECT * FROM `wechat_hotel_info` LIMIT 1   [ RunTime:0.0002s ]
SQL: SELECT * FROM `wechat_hotel_product`  [ RunTime:0.0002s ]
INFO: [ view_parse ] --START--
INFO: [ template_filter ] --START--
INFO: Run Behavior\ContentReplaceBehavior [ RunTime:0.000083s ]
INFO: [ template_filter ] --END-- [ RunTime:0.000135s ]
INFO: Run Behavior\ParseTemplateBehavior [ RunTime:0.033078s ]
INFO: [ view_parse ] --END-- [ RunTime:0.033139s ]
INFO: [ view_filter ] --START--
INFO: Run Behavior\WriteHtmlCacheBehavior [ RunTime:0.000306s ]
INFO: [ view_filter ] --END-- [ RunTime:0.000349s ]
INFO: [ app_end ] --START--
INFO: Run Behavior\ShowPageTraceBehavior [ RunTime:0.000608s ]
INFO: [ app_end ] --END-- [ RunTime:0.000651s ]

[ 2015-04-24T17:54:50+08:00 ] ::1 /test/onethink/wechat.php
INFO: [ app_init ] --START--
INFO: Run Behavior\BuildLiteBehavior [ RunTime:0.000016s ]
INFO: Run Common\Behavior\InitHookBehavior [ RunTime:0.003314s ]
INFO: [ app_init ] --END-- [ RunTime:0.003913s ]
INFO: [ app_begin ] --START--
INFO: Run Behavior\ReadHtmlCacheBehavior [ RunTime:0.001097s ]
INFO: [ app_begin ] --END-- [ RunTime:0.001257s ]
ERR: 无法加载控制器:Index

[ 2015-04-24T17:54:55+08:00 ] ::1 /test/onethink/wechat.php?s=/Wechat/hotel/
INFO: [ app_init ] --START--
INFO: Run Behavior\BuildLiteBehavior [ RunTime:0.000017s ]
INFO: Run Common\Behavior\InitHookBehavior [ RunTime:0.002571s ]
INFO: [ app_init ] --END-- [ RunTime:0.003020s ]
INFO: [ app_begin ] --START--
INFO: Run Behavior\ReadHtmlCacheBehavior [ RunTime:0.000732s ]
INFO: [ app_begin ] --END-- [ RunTime:0.000789s ]
SQL: SHOW COLUMNS FROM `wechat_hotel_product` [ RunTime:0.0113s ]
SQL: SHOW COLUMNS FROM `wechat_hotel_reserve` [ RunTime:0.0121s ]
SQL: SHOW COLUMNS FROM `wechat_hotel_info` [ RunTime:0.0074s ]
NOTIC: [2] Missing argument 1 for Think\Model::where(), called in D:\xampp\htdocs\test\onethink\Application\Wechat\Controller\HotelController.class.php on line 27 and defined D:\xampp\htdocs\test\onethink\ThinkPHP\Library\Think\Model.class.php 第 1765 行.
NOTIC: [8] Undefined variable: where D:\xampp\htdocs\test\onethink\ThinkPHP\Library\Think\Model.class.php 第 1773 行.
NOTIC: [8] Undefined variable: where D:\xampp\htdocs\test\onethink\ThinkPHP\Library\Think\Model.class.php 第 1776 行.
NOTIC: [8] Undefined variable: where D:\xampp\htdocs\test\onethink\ThinkPHP\Library\Think\Model.class.php 第 1784 行.
SQL: SELECT * FROM `wechat_hotel_info` LIMIT 1   [ RunTime:0.0003s ]
SQL: SELECT * FROM `wechat_hotel_product`  [ RunTime:0.0003s ]
INFO: [ view_parse ] --START--
INFO: [ template_filter ] --START--
INFO: Run Behavior\ContentReplaceBehavior [ RunTime:0.000042s ]
INFO: [ template_filter ] --END-- [ RunTime:0.000090s ]
INFO: Run Behavior\ParseTemplateBehavior [ RunTime:0.008402s ]
INFO: [ view_parse ] --END-- [ RunTime:0.008451s ]
INFO: [ view_filter ] --START--
INFO: Run Behavior\WriteHtmlCacheBehavior [ RunTime:0.000374s ]
INFO: [ view_filter ] --END-- [ RunTime:0.000416s ]
INFO: [ app_end ] --START--
INFO: Run Behavior\ShowPageTraceBehavior [ RunTime:0.000616s ]
INFO: [ app_end ] --END-- [ RunTime:0.000659s ]

[ 2015-04-24T19:04:28+08:00 ] ::1 /test/onethink/wechat.php?s=/Wechat/hotel/detail/article/article.html
INFO: [ app_init ] --START--
INFO: Run Behavior\BuildLiteBehavior [ RunTime:0.000015s ]
INFO: Run Common\Behavior\InitHookBehavior [ RunTime:0.001606s ]
INFO: [ app_init ] --END-- [ RunTime:0.002062s ]
INFO: [ app_begin ] --START--
INFO: Run Behavior\ReadHtmlCacheBehavior [ RunTime:0.000545s ]
INFO: [ app_begin ] --END-- [ RunTime:0.000611s ]
SQL: SHOW COLUMNS FROM `wechat_hotel_product` [ RunTime:0.0426s ]
SQL: SHOW COLUMNS FROM `wechat_hotel_reserve` [ RunTime:0.0124s ]
SQL: SHOW COLUMNS FROM `wechat_hotel_info` [ RunTime:0.0076s ]
NOTIC: [2] Missing argument 1 for Think\Model::where(), called in D:\xampp\htdocs\test\onethink\Application\Wechat\Controller\HotelController.class.php on line 27 and defined D:\xampp\htdocs\test\onethink\ThinkPHP\Library\Think\Model.class.php 第 1765 行.
NOTIC: [8] Undefined variable: where D:\xampp\htdocs\test\onethink\ThinkPHP\Library\Think\Model.class.php 第 1773 行.
NOTIC: [8] Undefined variable: where D:\xampp\htdocs\test\onethink\ThinkPHP\Library\Think\Model.class.php 第 1776 行.
NOTIC: [8] Undefined variable: where D:\xampp\htdocs\test\onethink\ThinkPHP\Library\Think\Model.class.php 第 1784 行.
SQL: SELECT * FROM `wechat_hotel_info` LIMIT 1   [ RunTime:0.0002s ]
INFO: [ view_parse ] --START--
INFO: [ template_filter ] --START--
INFO: Run Behavior\ContentReplaceBehavior [ RunTime:0.000035s ]
INFO: [ template_filter ] --END-- [ RunTime:0.000085s ]
INFO: Run Behavior\ParseTemplateBehavior [ RunTime:0.032929s ]
INFO: [ view_parse ] --END-- [ RunTime:0.032996s ]
INFO: [ view_filter ] --START--
INFO: Run Behavior\WriteHtmlCacheBehavior [ RunTime:0.000202s ]
INFO: [ view_filter ] --END-- [ RunTime:0.000244s ]

