[ 2015-05-18T11:54:41+08:00 ] 192.168.1.110 /test/onethink/wechat.php
INFO: [ app_init ] --START--
INFO: Run Behavior\BuildLiteBehavior [ RunTime:0.000014s ]
INFO: Run Common\Behavior\InitHookBehavior [ RunTime:0.002089s ]
INFO: [ app_init ] --END-- [ RunTime:0.002509s ]
INFO: [ app_begin ] --START--
INFO: Run Behavior\ReadHtmlCacheBehavior [ RunTime:0.000667s ]
INFO: [ app_begin ] --END-- [ RunTime:0.000734s ]
ERR: 无法加载控制器:Index

[ 2015-05-18T11:54:51+08:00 ] 192.168.1.110 /test/onethink/wechat.php?s=/Wechat
INFO: [ app_init ] --START--
INFO: Run Behavior\BuildLiteBehavior [ RunTime:0.000014s ]
INFO: Run Common\Behavior\InitHookBehavior [ RunTime:0.001545s ]
INFO: [ app_init ] --END-- [ RunTime:0.002468s ]
INFO: [ app_begin ] --START--
INFO: Run Behavior\ReadHtmlCacheBehavior [ RunTime:0.000457s ]
INFO: [ app_begin ] --END-- [ RunTime:0.000507s ]
ERR: 无法加载控制器:Index

[ 2015-05-18T11:55:08+08:00 ] 192.168.1.110 /test/onethink/wechat.php?s=/Wechat/Wedding
INFO: [ app_init ] --START--
INFO: Run Behavior\BuildLiteBehavior [ RunTime:0.000013s ]
INFO: Run Common\Behavior\InitHookBehavior [ RunTime:0.001373s ]
INFO: [ app_init ] --END-- [ RunTime:0.001719s ]
INFO: [ app_begin ] --START--
INFO: Run Behavior\ReadHtmlCacheBehavior [ RunTime:0.000452s ]
INFO: [ app_begin ] --END-- [ RunTime:0.000501s ]
SQL: SHOW COLUMNS FROM `wechat_wedding_category` [ RunTime:0.0870s ]
SQL: SHOW COLUMNS FROM `wechat_wedding_info` [ RunTime:0.1062s ]
SQL: SHOW COLUMNS FROM `wechat_wedding_info_data` [ RunTime:0.0720s ]
SQL: SHOW COLUMNS FROM `wechat_wedding_region` [ RunTime:0.0617s ]
SQL: SELECT * FROM `wechat_wedding_category` WHERE `pid` = 0  [ RunTime:0.0003s ]
SQL: SELECT `id`,`title` FROM `wechat_wedding_category` WHERE `pid` = 1  [ RunTime:0.0002s ]
SQL: SELECT `id`,`title` FROM `wechat_wedding_category` WHERE `pid` = 6  [ RunTime:0.0002s ]
INFO: [ view_parse ] --START--
INFO: [ template_filter ] --START--
INFO: Run Behavior\ContentReplaceBehavior [ RunTime:0.000045s ]
INFO: [ template_filter ] --END-- [ RunTime:0.000101s ]
INFO: Run Behavior\ParseTemplateBehavior [ RunTime:0.066850s ]
INFO: [ view_parse ] --END-- [ RunTime:0.066948s ]
INFO: [ view_filter ] --START--
INFO: Run Behavior\WriteHtmlCacheBehavior [ RunTime:0.000270s ]
INFO: [ view_filter ] --END-- [ RunTime:0.000312s ]
INFO: [ app_end ] --START--
INFO: Run Behavior\ShowPageTraceBehavior [ RunTime:0.000582s ]
INFO: [ app_end ] --END-- [ RunTime:0.000626s ]

[ 2015-05-18T11:55:15+08:00 ] 192.168.1.110 /test/onethink/wechat.php?s=/Wechat/Wedding/infoedit.html
INFO: [ app_init ] --START--
INFO: Run Behavior\BuildLiteBehavior [ RunTime:0.000013s ]
INFO: Run Common\Behavior\InitHookBehavior [ RunTime:0.001977s ]
INFO: [ app_init ] --END-- [ RunTime:0.002467s ]
INFO: [ app_begin ] --START--
INFO: Run Behavior\ReadHtmlCacheBehavior [ RunTime:0.000459s ]
INFO: [ app_begin ] --END-- [ RunTime:0.000514s ]
SQL: SHOW COLUMNS FROM `wechat_wedding_category` [ RunTime:0.0233s ]
SQL: SHOW COLUMNS FROM `wechat_wedding_info` [ RunTime:0.0117s ]
SQL: SHOW COLUMNS FROM `wechat_wedding_info_data` [ RunTime:0.0079s ]
SQL: SHOW COLUMNS FROM `wechat_wedding_region` [ RunTime:0.0066s ]
SQL: SELECT * FROM `wechat_wedding_category` WHERE `pid` = 0  [ RunTime:0.0003s ]
SQL: SELECT `id`,`title` FROM `wechat_wedding_category` WHERE `pid` = 1  [ RunTime:0.0002s ]
SQL: SELECT `id`,`title` FROM `wechat_wedding_category` WHERE `pid` = 6  [ RunTime:0.0003s ]
SQL: SELECT * FROM `wechat_wedding_region`  [ RunTime:0.0003s ]
INFO: [ view_parse ] --START--
INFO: [ template_filter ] --START--
INFO: Run Behavior\ContentReplaceBehavior [ RunTime:0.000071s ]
INFO: [ template_filter ] --END-- [ RunTime:0.000125s ]
INFO: Run Behavior\ParseTemplateBehavior [ RunTime:0.074639s ]
INFO: [ view_parse ] --END-- [ RunTime:0.074707s ]
INFO: [ view_filter ] --START--
INFO: Run Behavior\WriteHtmlCacheBehavior [ RunTime:0.000210s ]
INFO: [ view_filter ] --END-- [ RunTime:0.000253s ]
INFO: [ app_end ] --START--
INFO: Run Behavior\ShowPageTraceBehavior [ RunTime:0.000764s ]
INFO: [ app_end ] --END-- [ RunTime:0.000811s ]

[ 2015-05-18T11:55:45+08:00 ] ::1 /test/onethink/wechat.php?s=/Wechat/Wedding/infoedit.html
INFO: [ app_init ] --START--
INFO: Run Behavior\BuildLiteBehavior [ RunTime:0.000013s ]
INFO: Run Common\Behavior\InitHookBehavior [ RunTime:0.001928s ]
INFO: [ app_init ] --END-- [ RunTime:0.002330s ]
INFO: [ app_begin ] --START--
INFO: Run Behavior\ReadHtmlCacheBehavior [ RunTime:0.000555s ]
INFO: [ app_begin ] --END-- [ RunTime:0.000637s ]
SQL: SHOW COLUMNS FROM `wechat_wedding_category` [ RunTime:0.0211s ]
SQL: SHOW COLUMNS FROM `wechat_wedding_info` [ RunTime:0.0085s ]
SQL: SHOW COLUMNS FROM `wechat_wedding_info_data` [ RunTime:0.0068s ]
SQL: SHOW COLUMNS FROM `wechat_wedding_region` [ RunTime:0.0151s ]
SQL: SELECT * FROM `wechat_wedding_category` WHERE `pid` = 0  [ RunTime:0.0002s ]
SQL: SELECT `id`,`title` FROM `wechat_wedding_category` WHERE `pid` = 1  [ RunTime:0.0002s ]
SQL: SELECT `id`,`title` FROM `wechat_wedding_category` WHERE `pid` = 6  [ RunTime:0.0002s ]
SQL: SELECT * FROM `wechat_wedding_region`  [ RunTime:0.0002s ]
INFO: [ view_parse ] --START--
INFO: [ template_filter ] --START--
INFO: Run Behavior\ContentReplaceBehavior [ RunTime:0.000070s ]
INFO: [ template_filter ] --END-- [ RunTime:0.000122s ]
INFO: Run Behavior\ParseTemplateBehavior [ RunTime:0.009744s ]
INFO: [ view_parse ] --END-- [ RunTime:0.009793s ]
INFO: [ view_filter ] --START--
INFO: Run Behavior\WriteHtmlCacheBehavior [ RunTime:0.000269s ]
INFO: [ view_filter ] --END-- [ RunTime:0.000308s ]
INFO: [ app_end ] --START--
INFO: Run Behavior\ShowPageTraceBehavior [ RunTime:0.000530s ]
INFO: [ app_end ] --END-- [ RunTime:0.000571s ]

[ 2015-05-18T11:55:57+08:00 ] 192.168.1.110 /test/onethink/wechat.php?s=/Wechat/Wedding/infoedit.html
INFO: [ app_init ] --START--
INFO: Run Behavior\BuildLiteBehavior [ RunTime:0.000014s ]
INFO: Run Common\Behavior\InitHookBehavior [ RunTime:0.001860s ]
INFO: [ app_init ] --END-- [ RunTime:0.002259s ]
INFO: [ app_begin ] --START--
INFO: Run Behavior\ReadHtmlCacheBehavior [ RunTime:0.000657s ]
INFO: [ app_begin ] --END-- [ RunTime:0.000710s ]
SQL: SHOW COLUMNS FROM `wechat_wedding_category` [ RunTime:0.0192s ]
SQL: SHOW COLUMNS FROM `wechat_wedding_info` [ RunTime:0.0086s ]
SQL: SHOW COLUMNS FROM `wechat_wedding_info_data` [ RunTime:0.0072s ]
SQL: SHOW COLUMNS FROM `wechat_wedding_region` [ RunTime:0.0144s ]
SQL: SELECT * FROM `wechat_wedding_category` WHERE `pid` = 0  [ RunTime:0.0003s ]
SQL: SELECT `id`,`title` FROM `wechat_wedding_category` WHERE `pid` = 1  [ RunTime:0.0002s ]
SQL: SELECT `id`,`title` FROM `wechat_wedding_category` WHERE `pid` = 6  [ RunTime:0.0002s ]
SQL: SELECT * FROM `wechat_wedding_region`  [ RunTime:0.0004s ]
INFO: [ view_parse ] --START--
INFO: [ template_filter ] --START--
INFO: Run Behavior\ContentReplaceBehavior [ RunTime:0.000069s ]
INFO: [ template_filter ] --END-- [ RunTime:0.000118s ]
INFO: Run Behavior\ParseTemplateBehavior [ RunTime:0.009633s ]
INFO: [ view_parse ] --END-- [ RunTime:0.009685s ]
INFO: [ view_filter ] --START--
INFO: Run Behavior\WriteHtmlCacheBehavior [ RunTime:0.000268s ]
INFO: [ view_filter ] --END-- [ RunTime:0.000308s ]
INFO: [ app_end ] --START--
INFO: Run Behavior\ShowPageTraceBehavior [ RunTime:0.000534s ]
INFO: [ app_end ] --END-- [ RunTime:0.000577s ]

[ 2015-05-18T14:21:51+08:00 ] ::1 /test/onethink/wechat.php
INFO: [ app_init ] --START--
INFO: Run Behavior\BuildLiteBehavior [ RunTime:0.000012s ]
INFO: Run Common\Behavior\InitHookBehavior [ RunTime:0.001870s ]
INFO: [ app_init ] --END-- [ RunTime:0.002252s ]
INFO: [ app_begin ] --START--
INFO: Run Behavior\ReadHtmlCacheBehavior [ RunTime:0.000557s ]
INFO: [ app_begin ] --END-- [ RunTime:0.000606s ]
ERR: 无法加载控制器:Index

[ 2015-05-18T14:22:01+08:00 ] ::1 /test/onethink/wechat.php/Car
INFO: [ app_init ] --START--
INFO: Run Behavior\BuildLiteBehavior [ RunTime:0.000014s ]
INFO: Run Common\Behavior\InitHookBehavior [ RunTime:0.002377s ]
INFO: [ app_init ] --END-- [ RunTime:0.002951s ]
INFO: [ app_begin ] --START--
INFO: Run Behavior\ReadHtmlCacheBehavior [ RunTime:0.000716s ]
INFO: [ app_begin ] --END-- [ RunTime:0.000840s ]
SQL: SHOW COLUMNS FROM `wechat_car_config` [ RunTime:0.0308s ]
SQL: SHOW COLUMNS FROM `wechat_car_car_category` [ RunTime:0.0096s ]
SQL: SELECT * FROM `wechat_car_config`  [ RunTime:0.0002s ]
SQL: SELECT `id`,`name` FROM `wechat_car_car_category` ORDER BY `order` asc,`id` LIMIT 7   [ RunTime:0.0003s ]
SQL: SHOW COLUMNS FROM `wechat_car_news_category` [ RunTime:0.1207s ]
SQL: SHOW COLUMNS FROM `wechat_car_reserve_config` [ RunTime:0.0098s ]
SQL: SELECT `id`,`name` FROM `wechat_car_news_category`  [ RunTime:0.0002s ]
SQL: SELECT * FROM `wechat_car_reserve_config`  [ RunTime:0.0002s ]
INFO: [ view_parse ] --START--
INFO: [ template_filter ] --START--
INFO: Run Behavior\ContentReplaceBehavior [ RunTime:0.000082s ]
INFO: [ template_filter ] --END-- [ RunTime:0.000134s ]
INFO: Run Behavior\ParseTemplateBehavior [ RunTime:0.066029s ]
INFO: [ view_parse ] --END-- [ RunTime:0.066182s ]
INFO: [ view_filter ] --START--
INFO: Run Behavior\WriteHtmlCacheBehavior [ RunTime:0.000314s ]
INFO: [ view_filter ] --END-- [ RunTime:0.000359s ]
INFO: [ app_end ] --START--
INFO: Run Behavior\ShowPageTraceBehavior [ RunTime:0.000618s ]
INFO: [ app_end ] --END-- [ RunTime:0.000676s ]

[ 2015-05-18T14:25:27+08:00 ] ::1 /test/onethink/wechat.php?s=/Car/product.html
INFO: [ app_init ] --START--
INFO: Run Behavior\BuildLiteBehavior [ RunTime:0.000013s ]
INFO: Run Common\Behavior\InitHookBehavior [ RunTime:0.002295s ]
INFO: [ app_init ] --END-- [ RunTime:0.002838s ]
INFO: [ app_begin ] --START--
INFO: Run Behavior\ReadHtmlCacheBehavior [ RunTime:0.000678s ]
INFO: [ app_begin ] --END-- [ RunTime:0.000777s ]
SQL: SHOW COLUMNS FROM `wechat_car_config` [ RunTime:0.0129s ]
SQL: SHOW COLUMNS FROM `wechat_car_car_category` [ RunTime:0.0230s ]
SQL: SELECT * FROM `wechat_car_config`  [ RunTime:0.0004s ]
SQL: SELECT `id`,`name` FROM `wechat_car_car_category` ORDER BY `order` asc,`id` LIMIT 7   [ RunTime:0.0003s ]
SQL: SHOW COLUMNS FROM `wechat_car_products` [ RunTime:0.0542s ]
SQL: SELECT `name`,`id` FROM `wechat_car_products`  [ RunTime:0.0003s ]
INFO: [ view_parse ] --START--
INFO: [ template_filter ] --START--
INFO: Run Behavior\ContentReplaceBehavior [ RunTime:0.000079s ]
INFO: [ template_filter ] --END-- [ RunTime:0.000235s ]
NOTIC: [8] Undefined index: cate_img_path D:\xampp\htdocs\test\onethink\Runtime\Cache\Wechat\f39e0b8a925ebc6eaf18c3e0e5f1fcda.php 第 58 行.
INFO: Run Behavior\ParseTemplateBehavior [ RunTime:0.042584s ]
INFO: [ view_parse ] --END-- [ RunTime:0.042641s ]
INFO: [ view_filter ] --START--
INFO: Run Behavior\WriteHtmlCacheBehavior [ RunTime:0.000317s ]
INFO: [ view_filter ] --END-- [ RunTime:0.000364s ]
INFO: [ app_end ] --START--
INFO: Run Behavior\ShowPageTraceBehavior [ RunTime:0.000942s ]
INFO: [ app_end ] --END-- [ RunTime:0.001050s ]

[ 2015-05-18T14:25:30+08:00 ] ::1 /test/onethink/wechat.php/Car
INFO: [ app_init ] --START--
INFO: Run Behavior\BuildLiteBehavior [ RunTime:0.000014s ]
INFO: Run Common\Behavior\InitHookBehavior [ RunTime:0.002090s ]
INFO: [ app_init ] --END-- [ RunTime:0.002704s ]
INFO: [ app_begin ] --START--
INFO: Run Behavior\ReadHtmlCacheBehavior [ RunTime:0.000711s ]
INFO: [ app_begin ] --END-- [ RunTime:0.000894s ]
SQL: SHOW COLUMNS FROM `wechat_car_config` [ RunTime:0.0247s ]
SQL: SHOW COLUMNS FROM `wechat_car_car_category` [ RunTime:0.0106s ]
SQL: SELECT * FROM `wechat_car_config`  [ RunTime:0.0003s ]
SQL: SELECT `id`,`name` FROM `wechat_car_car_category` ORDER BY `order` asc,`id` LIMIT 7   [ RunTime:0.0003s ]
SQL: SHOW COLUMNS FROM `wechat_car_news_category` [ RunTime:0.0073s ]
SQL: SHOW COLUMNS FROM `wechat_car_reserve_config` [ RunTime:0.0178s ]
SQL: SELECT `id`,`name` FROM `wechat_car_news_category`  [ RunTime:0.0003s ]
SQL: SELECT * FROM `wechat_car_reserve_config`  [ RunTime:0.0004s ]
INFO: [ view_parse ] --START--
INFO: [ template_filter ] --START--
INFO: Run Behavior\ContentReplaceBehavior [ RunTime:0.000090s ]
INFO: [ template_filter ] --END-- [ RunTime:0.000144s ]
INFO: Run Behavior\ParseTemplateBehavior [ RunTime:0.012540s ]
INFO: [ view_parse ] --END-- [ RunTime:0.012633s ]
INFO: [ view_filter ] --START--
INFO: Run Behavior\WriteHtmlCacheBehavior [ RunTime:0.000193s ]
INFO: [ view_filter ] --END-- [ RunTime:0.000233s ]
INFO: [ app_end ] --START--
INFO: Run Behavior\ShowPageTraceBehavior [ RunTime:0.000591s ]
INFO: [ app_end ] --END-- [ RunTime:0.000647s ]

[ 2015-05-18T14:25:32+08:00 ] ::1 /test/onethink/wechat.php/Car
INFO: [ app_init ] --START--
INFO: Run Behavior\BuildLiteBehavior [ RunTime:0.000012s ]
INFO: Run Common\Behavior\InitHookBehavior [ RunTime:0.001782s ]
INFO: [ app_init ] --END-- [ RunTime:0.002396s ]
INFO: [ app_begin ] --START--
INFO: Run Behavior\ReadHtmlCacheBehavior [ RunTime:0.000791s ]
INFO: [ app_begin ] --END-- [ RunTime:0.000903s ]
SQL: SHOW COLUMNS FROM `wechat_car_config` [ RunTime:0.0131s ]
SQL: SHOW COLUMNS FROM `wechat_car_car_category` [ RunTime:0.0099s ]
SQL: SELECT * FROM `wechat_car_config`  [ RunTime:0.0003s ]
SQL: SELECT `id`,`name` FROM `wechat_car_car_category` ORDER BY `order` asc,`id` LIMIT 7   [ RunTime:0.0002s ]
SQL: SHOW COLUMNS FROM `wechat_car_news_category` [ RunTime:0.0098s ]
SQL: SHOW COLUMNS FROM `wechat_car_reserve_config` [ RunTime:0.0087s ]
SQL: SELECT `id`,`name` FROM `wechat_car_news_category`  [ RunTime:0.0003s ]
SQL: SELECT * FROM `wechat_car_reserve_config`  [ RunTime:0.0003s ]
INFO: [ view_parse ] --START--
INFO: [ template_filter ] --START--
INFO: Run Behavior\ContentReplaceBehavior [ RunTime:0.000081s ]
INFO: [ template_filter ] --END-- [ RunTime:0.000132s ]
INFO: Run Behavior\ParseTemplateBehavior [ RunTime:0.013103s ]
INFO: [ view_parse ] --END-- [ RunTime:0.013216s ]
INFO: [ view_filter ] --START--
INFO: Run Behavior\WriteHtmlCacheBehavior [ RunTime:0.000316s ]
INFO: [ view_filter ] --END-- [ RunTime:0.000357s ]
INFO: [ app_end ] --START--
INFO: Run Behavior\ShowPageTraceBehavior [ RunTime:0.000595s ]
INFO: [ app_end ] --END-- [ RunTime:0.000647s ]

[ 2015-05-18T14:25:33+08:00 ] ::1 /test/onethink/wechat.php?s=/Car/product.html
INFO: [ app_init ] --START--
INFO: Run Behavior\BuildLiteBehavior [ RunTime:0.000012s ]
INFO: Run Common\Behavior\InitHookBehavior [ RunTime:0.001645s ]
INFO: [ app_init ] --END-- [ RunTime:0.002129s ]
INFO: [ app_begin ] --START--
INFO: Run Behavior\ReadHtmlCacheBehavior [ RunTime:0.000572s ]
INFO: [ app_begin ] --END-- [ RunTime:0.000623s ]
SQL: SHOW COLUMNS FROM `wechat_car_config` [ RunTime:0.0261s ]
SQL: SHOW COLUMNS FROM `wechat_car_car_category` [ RunTime:0.0110s ]
SQL: SELECT * FROM `wechat_car_config`  [ RunTime:0.0002s ]
SQL: SELECT `id`,`name` FROM `wechat_car_car_category` ORDER BY `order` asc,`id` LIMIT 7   [ RunTime:0.0003s ]
SQL: SHOW COLUMNS FROM `wechat_car_products` [ RunTime:0.0098s ]
SQL: SELECT `name`,`id` FROM `wechat_car_products`  [ RunTime:0.0003s ]
INFO: [ view_parse ] --START--
INFO: [ template_filter ] --START--
INFO: Run Behavior\ContentReplaceBehavior [ RunTime:0.000085s ]
INFO: [ template_filter ] --END-- [ RunTime:0.000137s ]
NOTIC: [8] Undefined index: cate_img_path D:\xampp\htdocs\test\onethink\Runtime\Cache\Wechat\f39e0b8a925ebc6eaf18c3e0e5f1fcda.php 第 58 行.
INFO: Run Behavior\ParseTemplateBehavior [ RunTime:0.009913s ]
INFO: [ view_parse ] --END-- [ RunTime:0.009962s ]
INFO: [ view_filter ] --START--
INFO: Run Behavior\WriteHtmlCacheBehavior [ RunTime:0.000261s ]
INFO: [ view_filter ] --END-- [ RunTime:0.000301s ]
INFO: [ app_end ] --START--
INFO: Run Behavior\ShowPageTraceBehavior [ RunTime:0.000532s ]
INFO: [ app_end ] --END-- [ RunTime:0.000578s ]

[ 2015-05-18T14:25:40+08:00 ] ::1 /test/onethink/wechat.php?s=/Car/product/cid/1.html
INFO: [ app_init ] --START--
INFO: Run Behavior\BuildLiteBehavior [ RunTime:0.000014s ]
INFO: Run Common\Behavior\InitHookBehavior [ RunTime:0.001678s ]
INFO: [ app_init ] --END-- [ RunTime:0.002024s ]
INFO: [ app_begin ] --START--
INFO: Run Behavior\ReadHtmlCacheBehavior [ RunTime:0.000472s ]
INFO: [ app_begin ] --END-- [ RunTime:0.000522s ]
SQL: SHOW COLUMNS FROM `wechat_car_config` [ RunTime:0.0135s ]
SQL: SHOW COLUMNS FROM `wechat_car_car_category` [ RunTime:0.0103s ]
SQL: SELECT * FROM `wechat_car_config`  [ RunTime:0.0005s ]
SQL: SELECT `id`,`name` FROM `wechat_car_car_category` ORDER BY `order` asc,`id` LIMIT 7   [ RunTime:0.0003s ]
SQL: SHOW COLUMNS FROM `wechat_car_products` [ RunTime:0.0104s ]
SQL: SELECT `name`,`id` FROM `wechat_car_products` WHERE `cateid` = 1  [ RunTime:0.0006s ]
INFO: [ view_parse ] --START--
INFO: [ template_filter ] --START--
INFO: Run Behavior\ContentReplaceBehavior [ RunTime:0.000085s ]
INFO: [ template_filter ] --END-- [ RunTime:0.000137s ]
NOTIC: [8] Undefined index: cate_img_path D:\xampp\htdocs\test\onethink\Runtime\Cache\Wechat\f39e0b8a925ebc6eaf18c3e0e5f1fcda.php 第 58 行.
INFO: Run Behavior\ParseTemplateBehavior [ RunTime:0.009910s ]
INFO: [ view_parse ] --END-- [ RunTime:0.009957s ]
INFO: [ view_filter ] --START--
INFO: Run Behavior\WriteHtmlCacheBehavior [ RunTime:0.000189s ]
INFO: [ view_filter ] --END-- [ RunTime:0.000229s ]
INFO: [ app_end ] --START--
INFO: Run Behavior\ShowPageTraceBehavior [ RunTime:0.000493s ]
INFO: [ app_end ] --END-- [ RunTime:0.000536s ]

[ 2015-05-18T14:25:41+08:00 ] ::1 /test/onethink/wechat.php?s=/Car/index.html
INFO: [ app_init ] --START--
INFO: Run Behavior\BuildLiteBehavior [ RunTime:0.000015s ]
INFO: Run Common\Behavior\InitHookBehavior [ RunTime:0.001728s ]
INFO: [ app_init ] --END-- [ RunTime:0.002162s ]
INFO: [ app_begin ] --START--
INFO: Run Behavior\ReadHtmlCacheBehavior [ RunTime:0.000463s ]
INFO: [ app_begin ] --END-- [ RunTime:0.000516s ]
SQL: SHOW COLUMNS FROM `wechat_car_config` [ RunTime:0.0128s ]
SQL: SHOW COLUMNS FROM `wechat_car_car_category` [ RunTime:0.0105s ]
SQL: SELECT * FROM `wechat_car_config`  [ RunTime:0.0003s ]
SQL: SELECT `id`,`name` FROM `wechat_car_car_category` ORDER BY `order` asc,`id` LIMIT 7   [ RunTime:0.0002s ]
SQL: SHOW COLUMNS FROM `wechat_car_news_category` [ RunTime:0.0076s ]
SQL: SHOW COLUMNS FROM `wechat_car_reserve_config` [ RunTime:0.0087s ]
SQL: SELECT `id`,`name` FROM `wechat_car_news_category`  [ RunTime:0.0003s ]
SQL: SELECT * FROM `wechat_car_reserve_config`  [ RunTime:0.0002s ]
INFO: [ view_parse ] --START--
INFO: [ template_filter ] --START--
INFO: Run Behavior\ContentReplaceBehavior [ RunTime:0.000080s ]
INFO: [ template_filter ] --END-- [ RunTime:0.000131s ]
INFO: Run Behavior\ParseTemplateBehavior [ RunTime:0.012084s ]
INFO: [ view_parse ] --END-- [ RunTime:0.012181s ]
INFO: [ view_filter ] --START--
INFO: Run Behavior\WriteHtmlCacheBehavior [ RunTime:0.000190s ]
INFO: [ view_filter ] --END-- [ RunTime:0.000230s ]
INFO: [ app_end ] --START--
INFO: Run Behavior\ShowPageTraceBehavior [ RunTime:0.000453s ]
INFO: [ app_end ] --END-- [ RunTime:0.000500s ]

[ 2015-05-18T14:26:32+08:00 ] ::1 /test/onethink/wechat.php?s=/Car/news/cid/2.html
INFO: [ app_init ] --START--
INFO: Run Behavior\BuildLiteBehavior [ RunTime:0.000013s ]
INFO: Run Common\Behavior\InitHookBehavior [ RunTime:0.001529s ]
INFO: [ app_init ] --END-- [ RunTime:0.001897s ]
INFO: [ app_begin ] --START--
INFO: Run Behavior\ReadHtmlCacheBehavior [ RunTime:0.000638s ]
INFO: [ app_begin ] --END-- [ RunTime:0.000693s ]
SQL: SHOW COLUMNS FROM `wechat_car_config` [ RunTime:0.0270s ]
SQL: SHOW COLUMNS FROM `wechat_car_car_category` [ RunTime:0.0109s ]
SQL: SELECT * FROM `wechat_car_config`  [ RunTime:0.0004s ]
SQL: SELECT `id`,`name` FROM `wechat_car_car_category` ORDER BY `order` asc,`id` LIMIT 7   [ RunTime:0.0003s ]
SQL: SHOW COLUMNS FROM `wechat_car_news` [ RunTime:0.0479s ]
SQL: SELECT `id`,`title`,`imgpath`,`brief_des` FROM `wechat_car_news` WHERE `cateid` = 2 ORDER BY `order` desc,`id` desc  [ RunTime:0.0009s ]
INFO: [ view_parse ] --START--
INFO: [ template_filter ] --START--
INFO: Run Behavior\ContentReplaceBehavior [ RunTime:0.000087s ]
INFO: [ template_filter ] --END-- [ RunTime:0.000140s ]
INFO: Run Behavior\ParseTemplateBehavior [ RunTime:0.046559s ]
INFO: [ view_parse ] --END-- [ RunTime:0.046616s ]
INFO: [ view_filter ] --START--
INFO: Run Behavior\WriteHtmlCacheBehavior [ RunTime:0.000209s ]
INFO: [ view_filter ] --END-- [ RunTime:0.000253s ]
INFO: [ app_end ] --START--
INFO: Run Behavior\ShowPageTraceBehavior [ RunTime:0.000891s ]
INFO: [ app_end ] --END-- [ RunTime:0.000942s ]

[ 2015-05-18T14:26:42+08:00 ] ::1 /test/onethink/wechat.php?s=/Car/reserve.html
INFO: [ app_init ] --START--
INFO: Run Behavior\BuildLiteBehavior [ RunTime:0.000013s ]
INFO: Run Common\Behavior\InitHookBehavior [ RunTime:0.002037s ]
INFO: [ app_init ] --END-- [ RunTime:0.002572s ]
INFO: [ app_begin ] --START--
INFO: Run Behavior\ReadHtmlCacheBehavior [ RunTime:0.000669s ]
INFO: [ app_begin ] --END-- [ RunTime:0.000733s ]
SQL: SHOW COLUMNS FROM `wechat_car_config` [ RunTime:0.0141s ]
SQL: SHOW COLUMNS FROM `wechat_car_car_category` [ RunTime:0.0256s ]
SQL: SELECT * FROM `wechat_car_config`  [ RunTime:0.0003s ]
SQL: SELECT `id`,`name` FROM `wechat_car_car_category` ORDER BY `order` asc,`id` LIMIT 7   [ RunTime:0.0002s ]
INFO: [ view_parse ] --START--
INFO: [ template_filter ] --START--
INFO: Run Behavior\ContentReplaceBehavior [ RunTime:0.000122s ]
INFO: [ template_filter ] --END-- [ RunTime:0.000193s ]
INFO: Run Behavior\ParseTemplateBehavior [ RunTime:0.043797s ]
INFO: [ view_parse ] --END-- [ RunTime:0.043855s ]
INFO: [ view_filter ] --START--
INFO: Run Behavior\WriteHtmlCacheBehavior [ RunTime:0.000321s ]
INFO: [ view_filter ] --END-- [ RunTime:0.000361s ]
INFO: [ app_end ] --START--
INFO: Run Behavior\ShowPageTraceBehavior [ RunTime:0.000567s ]
INFO: [ app_end ] --END-- [ RunTime:0.000613s ]

[ 2015-05-18T14:26:54+08:00 ] ::1 /test/onethink/wechat.php?s=/Wechat/Car/reserve.html
INFO: [ app_init ] --START--
INFO: Run Behavior\BuildLiteBehavior [ RunTime:0.000014s ]
INFO: Run Common\Behavior\InitHookBehavior [ RunTime:0.001738s ]
INFO: [ app_init ] --END-- [ RunTime:0.002316s ]
INFO: [ app_begin ] --START--
INFO: Run Behavior\ReadHtmlCacheBehavior [ RunTime:0.000602s ]
INFO: [ app_begin ] --END-- [ RunTime:0.000692s ]
ERR: 无法加载控制器:Wechat

[ 2015-05-18T14:28:05+08:00 ] ::1 /test/onethink/wechat.php?s=/Car/reserve.html
INFO: [ app_init ] --START--
INFO: Run Behavior\BuildLiteBehavior [ RunTime:0.000013s ]
INFO: Run Common\Behavior\InitHookBehavior [ RunTime:0.001847s ]
INFO: [ app_init ] --END-- [ RunTime:0.002228s ]
INFO: [ app_begin ] --START--
INFO: Run Behavior\ReadHtmlCacheBehavior [ RunTime:0.000554s ]
INFO: [ app_begin ] --END-- [ RunTime:0.000603s ]
SQL: SHOW COLUMNS FROM `wechat_car_config` [ RunTime:0.0201s ]
SQL: SHOW COLUMNS FROM `wechat_car_car_category` [ RunTime:0.0103s ]
SQL: SELECT * FROM `wechat_car_config`  [ RunTime:0.0003s ]
SQL: SELECT `id`,`name` FROM `wechat_car_car_category` ORDER BY `order` asc,`id` LIMIT 7   [ RunTime:0.0003s ]
INFO: [ view_parse ] --START--
INFO: [ template_filter ] --START--
INFO: Run Behavior\ContentReplaceBehavior [ RunTime:0.000121s ]
INFO: [ template_filter ] --END-- [ RunTime:0.000172s ]
INFO: Run Behavior\ParseTemplateBehavior [ RunTime:0.037255s ]
INFO: [ view_parse ] --END-- [ RunTime:0.037319s ]
INFO: [ view_filter ] --START--
INFO: Run Behavior\WriteHtmlCacheBehavior [ RunTime:0.000283s ]
INFO: [ view_filter ] --END-- [ RunTime:0.000324s ]
INFO: [ app_end ] --START--
INFO: Run Behavior\ShowPageTraceBehavior [ RunTime:0.000790s ]
INFO: [ app_end ] --END-- [ RunTime:0.000836s ]

[ 2015-05-18T14:28:13+08:00 ] ::1 /test/onethink/wechat.php?s=/Car/reserve.html
INFO: [ app_init ] --START--
INFO: Run Behavior\BuildLiteBehavior [ RunTime:0.000015s ]
INFO: Run Common\Behavior\InitHookBehavior [ RunTime:0.001832s ]
INFO: [ app_init ] --END-- [ RunTime:0.002255s ]
INFO: [ app_begin ] --START--
INFO: Run Behavior\ReadHtmlCacheBehavior [ RunTime:0.000593s ]
INFO: [ app_begin ] --END-- [ RunTime:0.000643s ]
SQL: SHOW COLUMNS FROM `wechat_car_config` [ RunTime:0.0253s ]
SQL: SHOW COLUMNS FROM `wechat_car_car_category` [ RunTime:0.0106s ]
SQL: SELECT * FROM `wechat_car_config`  [ RunTime:0.0002s ]
SQL: SELECT `id`,`name` FROM `wechat_car_car_category` ORDER BY `order` asc,`id` LIMIT 7   [ RunTime:0.0001s ]
SQL: SHOW COLUMNS FROM `wechat_car_reserve` [ RunTime:0.0226s ]
SQL: INSERT INTO `wechat_car_reserve` (`name`,`tel`,`car_cate`,`car_product`,`reserve_time`,`remark`,`input_time`) VALUES ('2q2','245ererte','0','0','1431914400','','1431930493') [ RunTime:0.1120s ]

[ 2015-05-18T14:28:25+08:00 ] ::1 /test/onethink/wechat.php?s=/Car/reserve.html
INFO: [ app_init ] --START--
INFO: Run Behavior\BuildLiteBehavior [ RunTime:0.000017s ]
INFO: Run Common\Behavior\InitHookBehavior [ RunTime:0.002163s ]
INFO: [ app_init ] --END-- [ RunTime:0.002720s ]
INFO: [ app_begin ] --START--
INFO: Run Behavior\ReadHtmlCacheBehavior [ RunTime:0.000531s ]
INFO: [ app_begin ] --END-- [ RunTime:0.000583s ]
SQL: SHOW COLUMNS FROM `wechat_car_config` [ RunTime:0.0281s ]
SQL: SHOW COLUMNS FROM `wechat_car_car_category` [ RunTime:0.0217s ]
SQL: SELECT * FROM `wechat_car_config`  [ RunTime:0.0004s ]
SQL: SELECT `id`,`name` FROM `wechat_car_car_category` ORDER BY `order` asc,`id` LIMIT 7   [ RunTime:0.0003s ]
INFO: [ view_parse ] --START--
INFO: [ template_filter ] --START--
INFO: Run Behavior\ContentReplaceBehavior [ RunTime:0.000123s ]
INFO: [ template_filter ] --END-- [ RunTime:0.000208s ]
INFO: Run Behavior\ParseTemplateBehavior [ RunTime:0.036308s ]
INFO: [ view_parse ] --END-- [ RunTime:0.036375s ]
INFO: [ view_filter ] --START--
INFO: Run Behavior\WriteHtmlCacheBehavior [ RunTime:0.000229s ]
INFO: [ view_filter ] --END-- [ RunTime:0.000274s ]
INFO: [ app_end ] --START--
INFO: Run Behavior\ShowPageTraceBehavior [ RunTime:0.000556s ]
INFO: [ app_end ] --END-- [ RunTime:0.000604s ]

[ 2015-05-18T14:28:27+08:00 ] ::1 /test/onethink/wechat.php?s=/Car/reserve.html
INFO: [ app_init ] --START--
INFO: Run Behavior\BuildLiteBehavior [ RunTime:0.000014s ]
INFO: Run Common\Behavior\InitHookBehavior [ RunTime:0.002215s ]
INFO: [ app_init ] --END-- [ RunTime:0.002761s ]
INFO: [ app_begin ] --START--
INFO: Run Behavior\ReadHtmlCacheBehavior [ RunTime:0.000709s ]
INFO: [ app_begin ] --END-- [ RunTime:0.000906s ]
SQL: SHOW COLUMNS FROM `wechat_car_config` [ RunTime:0.0127s ]
SQL: SHOW COLUMNS FROM `wechat_car_car_category` [ RunTime:0.0101s ]
SQL: SELECT * FROM `wechat_car_config`  [ RunTime:0.0004s ]
SQL: SELECT `id`,`name` FROM `wechat_car_car_category` ORDER BY `order` asc,`id` LIMIT 7   [ RunTime:0.0003s ]
INFO: [ view_parse ] --START--
INFO: [ template_filter ] --START--
INFO: Run Behavior\ContentReplaceBehavior [ RunTime:0.000111s ]
INFO: [ template_filter ] --END-- [ RunTime:0.000206s ]
INFO: Run Behavior\ParseTemplateBehavior [ RunTime:0.038810s ]
INFO: [ view_parse ] --END-- [ RunTime:0.038867s ]
INFO: [ view_filter ] --START--
INFO: Run Behavior\WriteHtmlCacheBehavior [ RunTime:0.000292s ]
INFO: [ view_filter ] --END-- [ RunTime:0.000334s ]
INFO: [ app_end ] --START--
INFO: Run Behavior\ShowPageTraceBehavior [ RunTime:0.000525s ]
INFO: [ app_end ] --END-- [ RunTime:0.000567s ]

[ 2015-05-18T14:31:12+08:00 ] ::1 /test/onethink/wechat.php?s=/Car/reserve.html
INFO: [ app_init ] --START--
INFO: Run Behavior\BuildLiteBehavior [ RunTime:0.000015s ]
INFO: Run Common\Behavior\InitHookBehavior [ RunTime:0.001875s ]
INFO: [ app_init ] --END-- [ RunTime:0.002297s ]
INFO: [ app_begin ] --START--
INFO: Run Behavior\ReadHtmlCacheBehavior [ RunTime:0.000550s ]
INFO: [ app_begin ] --END-- [ RunTime:0.000609s ]
SQL: SHOW COLUMNS FROM `wechat_car_config` [ RunTime:0.0250s ]
SQL: SHOW COLUMNS FROM `wechat_car_car_category` [ RunTime:0.0109s ]
SQL: SELECT * FROM `wechat_car_config`  [ RunTime:0.0004s ]
SQL: SELECT `id`,`name` FROM `wechat_car_car_category` ORDER BY `order` asc,`id` LIMIT 7   [ RunTime:0.0004s ]
SQL: SHOW COLUMNS FROM `wechat_car_reserve_config` [ RunTime:0.0242s ]
SQL: SELECT * FROM `wechat_car_reserve_config`  [ RunTime:0.0003s ]
INFO: [ view_parse ] --START--
INFO: [ template_filter ] --START--
INFO: Run Behavior\ContentReplaceBehavior [ RunTime:0.000108s ]
INFO: [ template_filter ] --END-- [ RunTime:0.000153s ]
INFO: Run Behavior\ParseTemplateBehavior [ RunTime:0.036179s ]
INFO: [ view_parse ] --END-- [ RunTime:0.036241s ]
INFO: [ view_filter ] --START--
INFO: Run Behavior\WriteHtmlCacheBehavior [ RunTime:0.000290s ]
INFO: [ view_filter ] --END-- [ RunTime:0.000335s ]
INFO: [ app_end ] --START--
INFO: Run Behavior\ShowPageTraceBehavior [ RunTime:0.000591s ]
INFO: [ app_end ] --END-- [ RunTime:0.000636s ]

[ 2015-05-18T14:31:14+08:00 ] ::1 /test/onethink/wechat.php?s=/Car/reserve.html
INFO: [ app_init ] --START--
INFO: Run Behavior\BuildLiteBehavior [ RunTime:0.000013s ]
INFO: Run Common\Behavior\InitHookBehavior [ RunTime:0.002003s ]
INFO: [ app_init ] --END-- [ RunTime:0.002483s ]
INFO: [ app_begin ] --START--
INFO: Run Behavior\ReadHtmlCacheBehavior [ RunTime:0.000854s ]
INFO: [ app_begin ] --END-- [ RunTime:0.000973s ]
SQL: SHOW COLUMNS FROM `wechat_car_config` [ RunTime:0.0123s ]
SQL: SHOW COLUMNS FROM `wechat_car_car_category` [ RunTime:0.0102s ]
SQL: SELECT * FROM `wechat_car_config`  [ RunTime:0.0003s ]
SQL: SELECT `id`,`name` FROM `wechat_car_car_category` ORDER BY `order` asc,`id` LIMIT 7   [ RunTime:0.0002s ]
SQL: SHOW COLUMNS FROM `wechat_car_reserve_config` [ RunTime:0.0092s ]
SQL: SELECT * FROM `wechat_car_reserve_config`  [ RunTime:0.0002s ]
INFO: [ view_parse ] --START--
INFO: [ template_filter ] --START--
INFO: Run Behavior\ContentReplaceBehavior [ RunTime:0.000197s ]
INFO: [ template_filter ] --END-- [ RunTime:0.000244s ]
INFO: Run Behavior\ParseTemplateBehavior [ RunTime:0.038276s ]
INFO: [ view_parse ] --END-- [ RunTime:0.038388s ]
INFO: [ view_filter ] --START--
INFO: Run Behavior\WriteHtmlCacheBehavior [ RunTime:0.000287s ]
INFO: [ view_filter ] --END-- [ RunTime:0.000330s ]
INFO: [ app_end ] --START--
INFO: Run Behavior\ShowPageTraceBehavior [ RunTime:0.000572s ]
INFO: [ app_end ] --END-- [ RunTime:0.000614s ]

[ 2015-05-18T14:31:34+08:00 ] ::1 /test/onethink/wechat.php?s=/Car/reserve.html
INFO: [ app_init ] --START--
INFO: Run Behavior\BuildLiteBehavior [ RunTime:0.000013s ]
INFO: Run Common\Behavior\InitHookBehavior [ RunTime:0.001835s ]
INFO: [ app_init ] --END-- [ RunTime:0.002215s ]
INFO: [ app_begin ] --START--
INFO: Run Behavior\ReadHtmlCacheBehavior [ RunTime:0.000638s ]
INFO: [ app_begin ] --END-- [ RunTime:0.000692s ]
SQL: SHOW COLUMNS FROM `wechat_car_config` [ RunTime:0.0278s ]
SQL: SHOW COLUMNS FROM `wechat_car_car_category` [ RunTime:0.0110s ]
SQL: SELECT * FROM `wechat_car_config`  [ RunTime:0.0005s ]
SQL: SELECT `id`,`name` FROM `wechat_car_car_category` ORDER BY `order` asc,`id` LIMIT 7   [ RunTime:0.0003s ]
SQL: SHOW COLUMNS FROM `wechat_car_reserve_config` [ RunTime:0.0088s ]
SQL: SELECT * FROM `wechat_car_reserve_config`  [ RunTime:0.0004s ]
INFO: [ view_parse ] --START--
INFO: [ template_filter ] --START--
INFO: Run Behavior\ContentReplaceBehavior [ RunTime:0.000113s ]
INFO: [ template_filter ] --END-- [ RunTime:0.000163s ]
INFO: Run Behavior\ParseTemplateBehavior [ RunTime:0.047227s ]
INFO: [ view_parse ] --END-- [ RunTime:0.047285s ]
INFO: [ view_filter ] --START--
INFO: Run Behavior\WriteHtmlCacheBehavior [ RunTime:0.000405s ]
INFO: [ view_filter ] --END-- [ RunTime:0.000446s ]
INFO: [ app_end ] --START--
INFO: Run Behavior\ShowPageTraceBehavior [ RunTime:0.000674s ]
INFO: [ app_end ] --END-- [ RunTime:0.000725s ]

[ 2015-05-18T14:48:29+08:00 ] ::1 /test/onethink/wechat.php?s=/Car/reserve.html
INFO: [ app_init ] --START--
INFO: Run Behavior\BuildLiteBehavior [ RunTime:0.000015s ]
INFO: Run Common\Behavior\InitHookBehavior [ RunTime:0.002319s ]
INFO: [ app_init ] --END-- [ RunTime:0.002812s ]
INFO: [ app_begin ] --START--
INFO: Run Behavior\ReadHtmlCacheBehavior [ RunTime:0.000738s ]
INFO: [ app_begin ] --END-- [ RunTime:0.000800s ]
SQL: SHOW COLUMNS FROM `wechat_car_config` [ RunTime:0.0272s ]
SQL: SHOW COLUMNS FROM `wechat_car_car_category` [ RunTime:0.0107s ]
SQL: SELECT * FROM `wechat_car_config`  [ RunTime:0.0004s ]
SQL: SELECT `id`,`name` FROM `wechat_car_car_category` ORDER BY `order` asc,`id` LIMIT 7   [ RunTime:0.0003s ]
SQL: SHOW COLUMNS FROM `wechat_car_reserve_config` [ RunTime:0.0182s ]
SQL: SELECT * FROM `wechat_car_reserve_config`  [ RunTime:0.0004s ]
INFO: [ view_parse ] --START--
INFO: [ template_filter ] --START--
INFO: Run Behavior\ContentReplaceBehavior [ RunTime:0.000116s ]
INFO: [ template_filter ] --END-- [ RunTime:0.000168s ]
INFO: Run Behavior\ParseTemplateBehavior [ RunTime:0.100447s ]
INFO: [ view_parse ] --END-- [ RunTime:0.100550s ]
INFO: [ view_filter ] --START--
INFO: Run Behavior\WriteHtmlCacheBehavior [ RunTime:0.000335s ]
INFO: [ view_filter ] --END-- [ RunTime:0.000385s ]
INFO: [ app_end ] --START--
INFO: Run Behavior\ShowPageTraceBehavior [ RunTime:0.000860s ]
INFO: [ app_end ] --END-- [ RunTime:0.000918s ]

[ 2015-05-18T14:49:48+08:00 ] ::1 /test/onethink/wechat.php?s=/Car/reserve.html
INFO: [ app_init ] --START--
INFO: Run Behavior\BuildLiteBehavior [ RunTime:0.000015s ]
INFO: Run Common\Behavior\InitHookBehavior [ RunTime:0.001765s ]
INFO: [ app_init ] --END-- [ RunTime:0.002398s ]
INFO: [ app_begin ] --START--
INFO: Run Behavior\ReadHtmlCacheBehavior [ RunTime:0.000628s ]
INFO: [ app_begin ] --END-- [ RunTime:0.000689s ]
SQL: SHOW COLUMNS FROM `wechat_car_config` [ RunTime:0.0516s ]
SQL: SHOW COLUMNS FROM `wechat_car_car_category` [ RunTime:0.0108s ]
SQL: SELECT * FROM `wechat_car_config`  [ RunTime:0.0002s ]
SQL: SELECT `id`,`name` FROM `wechat_car_car_category` ORDER BY `order` asc,`id` LIMIT 7   [ RunTime:0.0002s ]
SQL: SHOW COLUMNS FROM `wechat_car_reserve_config` [ RunTime:0.0094s ]
SQL: SELECT * FROM `wechat_car_reserve_config`  [ RunTime:0.0003s ]
INFO: [ view_parse ] --START--
INFO: [ template_filter ] --START--
INFO: Run Behavior\ContentReplaceBehavior [ RunTime:0.000133s ]
INFO: [ template_filter ] --END-- [ RunTime:0.000198s ]
INFO: Run Behavior\ParseTemplateBehavior [ RunTime:0.049297s ]
INFO: [ view_parse ] --END-- [ RunTime:0.049361s ]
INFO: [ view_filter ] --START--
INFO: Run Behavior\WriteHtmlCacheBehavior [ RunTime:0.000265s ]
INFO: [ view_filter ] --END-- [ RunTime:0.000331s ]
INFO: [ app_end ] --START--
INFO: Run Behavior\ShowPageTraceBehavior [ RunTime:0.001079s ]
INFO: [ app_end ] --END-- [ RunTime:0.001295s ]

[ 2015-05-18T14:52:12+08:00 ] ::1 /test/onethink/wechat.php?s=/Car/reserve.html
INFO: [ app_init ] --START--
INFO: Run Behavior\BuildLiteBehavior [ RunTime:0.000014s ]
INFO: Run Common\Behavior\InitHookBehavior [ RunTime:0.001976s ]
INFO: [ app_init ] --END-- [ RunTime:0.002466s ]
INFO: [ app_begin ] --START--
INFO: Run Behavior\ReadHtmlCacheBehavior [ RunTime:0.000565s ]
INFO: [ app_begin ] --END-- [ RunTime:0.000658s ]
SQL: SHOW COLUMNS FROM `wechat_car_config` [ RunTime:0.0206s ]
SQL: SHOW COLUMNS FROM `wechat_car_car_category` [ RunTime:0.0116s ]
SQL: SELECT * FROM `wechat_car_config`  [ RunTime:0.0004s ]
SQL: SELECT `id`,`name` FROM `wechat_car_car_category` ORDER BY `order` asc,`id` LIMIT 7   [ RunTime:0.0004s ]
SQL: SHOW COLUMNS FROM `wechat_car_reserve_config` [ RunTime:0.0096s ]
SQL: SELECT * FROM `wechat_car_reserve_config`  [ RunTime:0.0003s ]
INFO: [ view_parse ] --START--
INFO: [ template_filter ] --START--
INFO: Run Behavior\ContentReplaceBehavior [ RunTime:0.000115s ]
INFO: [ template_filter ] --END-- [ RunTime:0.000160s ]
INFO: Run Behavior\ParseTemplateBehavior [ RunTime:0.039950s ]
INFO: [ view_parse ] --END-- [ RunTime:0.040056s ]
INFO: [ view_filter ] --START--
INFO: Run Behavior\WriteHtmlCacheBehavior [ RunTime:0.000282s ]
INFO: [ view_filter ] --END-- [ RunTime:0.000323s ]
INFO: [ app_end ] --START--
INFO: Run Behavior\ShowPageTraceBehavior [ RunTime:0.000728s ]
INFO: [ app_end ] --END-- [ RunTime:0.000785s ]

[ 2015-05-18T15:00:21+08:00 ] ::1 /test/onethink/wechat.php?s=/Car/reserve.html
INFO: [ app_init ] --START--
INFO: Run Behavior\BuildLiteBehavior [ RunTime:0.000014s ]
INFO: Run Common\Behavior\InitHookBehavior [ RunTime:0.001855s ]
INFO: [ app_init ] --END-- [ RunTime:0.002244s ]
INFO: [ app_begin ] --START--
INFO: Run Behavior\ReadHtmlCacheBehavior [ RunTime:0.000680s ]
INFO: [ app_begin ] --END-- [ RunTime:0.000733s ]
SQL: SHOW COLUMNS FROM `wechat_car_config` [ RunTime:0.0290s ]
SQL: SHOW COLUMNS FROM `wechat_car_car_category` [ RunTime:0.0215s ]
SQL: SELECT * FROM `wechat_car_config`  [ RunTime:0.0003s ]
SQL: SELECT `id`,`name` FROM `wechat_car_car_category` ORDER BY `order` asc,`id` LIMIT 7   [ RunTime:0.0002s ]
SQL: SHOW COLUMNS FROM `wechat_car_reserve_config` [ RunTime:0.0090s ]
SQL: SELECT * FROM `wechat_car_reserve_config`  [ RunTime:0.0002s ]
INFO: [ view_parse ] --START--
INFO: [ template_filter ] --START--
INFO: Run Behavior\ContentReplaceBehavior [ RunTime:0.000278s ]
INFO: [ template_filter ] --END-- [ RunTime:0.000325s ]
INFO: Run Behavior\ParseTemplateBehavior [ RunTime:0.187363s ]
INFO: [ view_parse ] --END-- [ RunTime:0.187420s ]
INFO: [ view_filter ] --START--
INFO: Run Behavior\WriteHtmlCacheBehavior [ RunTime:0.000285s ]
INFO: [ view_filter ] --END-- [ RunTime:0.000325s ]
INFO: [ app_end ] --START--
INFO: Run Behavior\ShowPageTraceBehavior [ RunTime:0.001147s ]
INFO: [ app_end ] --END-- [ RunTime:0.001200s ]

[ 2015-05-18T15:00:41+08:00 ] ::1 /test/onethink/wechat.php?s=/Car/reserve.html
INFO: [ app_init ] --START--
INFO: Run Behavior\BuildLiteBehavior [ RunTime:0.000016s ]
INFO: Run Common\Behavior\InitHookBehavior [ RunTime:0.001928s ]
INFO: [ app_init ] --END-- [ RunTime:0.002341s ]
INFO: [ app_begin ] --START--
INFO: Run Behavior\ReadHtmlCacheBehavior [ RunTime:0.000595s ]
INFO: [ app_begin ] --END-- [ RunTime:0.000647s ]
SQL: SHOW COLUMNS FROM `wechat_car_config` [ RunTime:0.0290s ]
SQL: SHOW COLUMNS FROM `wechat_car_car_category` [ RunTime:0.0126s ]
SQL: SELECT * FROM `wechat_car_config`  [ RunTime:0.0003s ]
SQL: SELECT `id`,`name` FROM `wechat_car_car_category` ORDER BY `order` asc,`id` LIMIT 7   [ RunTime:0.0002s ]
SQL: SHOW COLUMNS FROM `wechat_car_reserve_config` [ RunTime:0.0092s ]
SQL: SELECT * FROM `wechat_car_reserve_config`  [ RunTime:0.0002s ]
INFO: [ view_parse ] --START--
INFO: [ template_filter ] --START--
INFO: Run Behavior\ContentReplaceBehavior [ RunTime:0.000119s ]
INFO: [ template_filter ] --END-- [ RunTime:0.000166s ]
INFO: Run Behavior\ParseTemplateBehavior [ RunTime:0.059135s ]
INFO: [ view_parse ] --END-- [ RunTime:0.059197s ]
INFO: [ view_filter ] --START--
INFO: Run Behavior\WriteHtmlCacheBehavior [ RunTime:0.000344s ]
INFO: [ view_filter ] --END-- [ RunTime:0.000386s ]
INFO: [ app_end ] --START--
INFO: Run Behavior\ShowPageTraceBehavior [ RunTime:0.000768s ]
INFO: [ app_end ] --END-- [ RunTime:0.000821s ]

[ 2015-05-18T15:02:41+08:00 ] ::1 /test/onethink/wechat.php?s=/Car/reserve.html
INFO: [ app_init ] --START--
INFO: Run Behavior\BuildLiteBehavior [ RunTime:0.000017s ]
INFO: Run Common\Behavior\InitHookBehavior [ RunTime:0.002140s ]
INFO: [ app_init ] --END-- [ RunTime:0.002656s ]
INFO: [ app_begin ] --START--
INFO: Run Behavior\ReadHtmlCacheBehavior [ RunTime:0.000651s ]
INFO: [ app_begin ] --END-- [ RunTime:0.000709s ]
SQL: SHOW COLUMNS FROM `wechat_car_config` [ RunTime:0.0175s ]
SQL: SHOW COLUMNS FROM `wechat_car_car_category` [ RunTime:0.0108s ]
SQL: SELECT * FROM `wechat_car_config`  [ RunTime:0.0002s ]
SQL: SELECT `id`,`name` FROM `wechat_car_car_category` ORDER BY `order` asc,`id` LIMIT 7   [ RunTime:0.0002s ]
SQL: SHOW COLUMNS FROM `wechat_car_reserve_config` [ RunTime:0.0095s ]
SQL: SELECT * FROM `wechat_car_reserve_config`  [ RunTime:0.0003s ]
INFO: [ view_parse ] --START--
INFO: [ template_filter ] --START--
INFO: Run Behavior\ContentReplaceBehavior [ RunTime:0.000118s ]
INFO: [ template_filter ] --END-- [ RunTime:0.000165s ]
INFO: Run Behavior\ParseTemplateBehavior [ RunTime:0.042993s ]
INFO: [ view_parse ] --END-- [ RunTime:0.043057s ]
INFO: [ view_filter ] --START--
INFO: Run Behavior\WriteHtmlCacheBehavior [ RunTime:0.000309s ]
INFO: [ view_filter ] --END-- [ RunTime:0.000355s ]
INFO: [ app_end ] --START--
INFO: Run Behavior\ShowPageTraceBehavior [ RunTime:0.000604s ]
INFO: [ app_end ] --END-- [ RunTime:0.000655s ]

[ 2015-05-18T15:03:52+08:00 ] ::1 /test/onethink/wechat.php?s=/Car/reserve.html
INFO: [ app_init ] --START--
INFO: Run Behavior\BuildLiteBehavior [ RunTime:0.000014s ]
INFO: Run Common\Behavior\InitHookBehavior [ RunTime:0.002022s ]
INFO: [ app_init ] --END-- [ RunTime:0.002409s ]
INFO: [ app_begin ] --START--
INFO: Run Behavior\ReadHtmlCacheBehavior [ RunTime:0.000621s ]
INFO: [ app_begin ] --END-- [ RunTime:0.000711s ]
SQL: SHOW COLUMNS FROM `wechat_car_config` [ RunTime:0.0134s ]
SQL: SHOW COLUMNS FROM `wechat_car_car_category` [ RunTime:0.0240s ]
SQL: SELECT * FROM `wechat_car_config`  [ RunTime:0.0004s ]
SQL: SELECT `id`,`name` FROM `wechat_car_car_category` ORDER BY `order` asc,`id` LIMIT 7   [ RunTime:0.0003s ]
SQL: SHOW COLUMNS FROM `wechat_car_reserve` [ RunTime:0.0337s ]
SQL: INSERT INTO `wechat_car_reserve` (`name`,`tel`,`car_cate`,`car_product`,`reserve_time`,`remark`,`input_time`) VALUES ('1','22','0','0','1431914400','84','1431932632') [ RunTime:0.0369s ]

[ 2015-05-18T15:04:44+08:00 ] ::1 /test/onethink/wechat.php?s=/Car/reserve.html
INFO: [ app_init ] --START--
INFO: Run Behavior\BuildLiteBehavior [ RunTime:0.000014s ]
INFO: Run Common\Behavior\InitHookBehavior [ RunTime:0.001437s ]
INFO: [ app_init ] --END-- [ RunTime:0.001799s ]
INFO: [ app_begin ] --START--
INFO: Run Behavior\ReadHtmlCacheBehavior [ RunTime:0.000505s ]
INFO: [ app_begin ] --END-- [ RunTime:0.000554s ]
SQL: SHOW COLUMNS FROM `wechat_car_config` [ RunTime:0.0234s ]
SQL: SHOW COLUMNS FROM `wechat_car_car_category` [ RunTime:0.0114s ]
SQL: SELECT * FROM `wechat_car_config`  [ RunTime:0.0003s ]
SQL: SELECT `id`,`name` FROM `wechat_car_car_category` ORDER BY `order` asc,`id` LIMIT 7   [ RunTime:0.0002s ]
SQL: SHOW COLUMNS FROM `wechat_car_reserve_config` [ RunTime:0.0102s ]
SQL: SELECT * FROM `wechat_car_reserve_config`  [ RunTime:0.0002s ]
INFO: [ view_parse ] --START--
INFO: [ template_filter ] --START--
INFO: Run Behavior\ContentReplaceBehavior [ RunTime:0.000153s ]
INFO: [ template_filter ] --END-- [ RunTime:0.000229s ]
INFO: Run Behavior\ParseTemplateBehavior [ RunTime:0.179152s ]
INFO: [ view_parse ] --END-- [ RunTime:0.179214s ]
INFO: [ view_filter ] --START--
INFO: Run Behavior\WriteHtmlCacheBehavior [ RunTime:0.000325s ]
INFO: [ view_filter ] --END-- [ RunTime:0.000373s ]
INFO: [ app_end ] --START--
INFO: Run Behavior\ShowPageTraceBehavior [ RunTime:0.001547s ]
INFO: [ app_end ] --END-- [ RunTime:0.001635s ]

[ 2015-05-18T15:04:53+08:00 ] ::1 /test/onethink/wechat.php?s=/Wechat/Car/reserve.html
INFO: [ app_init ] --START--
INFO: Run Behavior\BuildLiteBehavior [ RunTime:0.000014s ]
INFO: Run Common\Behavior\InitHookBehavior [ RunTime:0.001860s ]
INFO: [ app_init ] --END-- [ RunTime:0.002245s ]
INFO: [ app_begin ] --START--
INFO: Run Behavior\ReadHtmlCacheBehavior [ RunTime:0.000546s ]
INFO: [ app_begin ] --END-- [ RunTime:0.000589s ]
ERR: 无法加载控制器:Wechat

[ 2015-05-18T15:04:58+08:00 ] ::1 /test/onethink/wechat.php?s=/Wechat/Car/reserve.html
INFO: [ app_init ] --START--
INFO: Run Behavior\BuildLiteBehavior [ RunTime:0.000014s ]
INFO: Run Common\Behavior\InitHookBehavior [ RunTime:0.001668s ]
INFO: [ app_init ] --END-- [ RunTime:0.002009s ]
INFO: [ app_begin ] --START--
INFO: Run Behavior\ReadHtmlCacheBehavior [ RunTime:0.000544s ]
INFO: [ app_begin ] --END-- [ RunTime:0.000590s ]
ERR: 无法加载控制器:Wechat

[ 2015-05-18T15:05:00+08:00 ] ::1 /test/onethink/wechat.php?s=/Wechat/Car/reserve.html
INFO: [ app_init ] --START--
INFO: Run Behavior\BuildLiteBehavior [ RunTime:0.000013s ]
INFO: Run Common\Behavior\InitHookBehavior [ RunTime:0.001361s ]
INFO: [ app_init ] --END-- [ RunTime:0.001698s ]
INFO: [ app_begin ] --START--
INFO: Run Behavior\ReadHtmlCacheBehavior [ RunTime:0.000571s ]
INFO: [ app_begin ] --END-- [ RunTime:0.000620s ]
ERR: 无法加载控制器:Wechat

[ 2015-05-18T15:05:05+08:00 ] ::1 /test/onethink/wechat.php?s=/Wechat/Car/reserve.html
INFO: [ app_init ] --START--
INFO: Run Behavior\BuildLiteBehavior [ RunTime:0.000015s ]
INFO: Run Common\Behavior\InitHookBehavior [ RunTime:0.001580s ]
INFO: [ app_init ] --END-- [ RunTime:0.001977s ]
INFO: [ app_begin ] --START--
INFO: Run Behavior\ReadHtmlCacheBehavior [ RunTime:0.000528s ]
INFO: [ app_begin ] --END-- [ RunTime:0.000577s ]
ERR: 无法加载控制器:Wechat

[ 2015-05-18T15:05:07+08:00 ] ::1 /test/onethink/wechat.php?s=/Wechat/Car/reserve.html
INFO: [ app_init ] --START--
INFO: Run Behavior\BuildLiteBehavior [ RunTime:0.000012s ]
INFO: Run Common\Behavior\InitHookBehavior [ RunTime:0.001368s ]
INFO: [ app_init ] --END-- [ RunTime:0.001724s ]
INFO: [ app_begin ] --START--
INFO: Run Behavior\ReadHtmlCacheBehavior [ RunTime:0.000498s ]
INFO: [ app_begin ] --END-- [ RunTime:0.000546s ]
ERR: 无法加载控制器:Wechat

[ 2015-05-18T15:05:25+08:00 ] ::1 /test/onethink/wechat.php?s=/Car/reserve.html
INFO: [ app_init ] --START--
INFO: Run Behavior\BuildLiteBehavior [ RunTime:0.000015s ]
INFO: Run Common\Behavior\InitHookBehavior [ RunTime:0.001475s ]
INFO: [ app_init ] --END-- [ RunTime:0.001845s ]
INFO: [ app_begin ] --START--
INFO: Run Behavior\ReadHtmlCacheBehavior [ RunTime:0.000573s ]
INFO: [ app_begin ] --END-- [ RunTime:0.000626s ]
SQL: SHOW COLUMNS FROM `wechat_car_config` [ RunTime:0.0278s ]
SQL: SHOW COLUMNS FROM `wechat_car_car_category` [ RunTime:0.0112s ]
SQL: SELECT * FROM `wechat_car_config`  [ RunTime:0.0003s ]
SQL: SELECT `id`,`name` FROM `wechat_car_car_category` ORDER BY `order` asc,`id` LIMIT 7   [ RunTime:0.0002s ]
SQL: SHOW COLUMNS FROM `wechat_car_reserve_config` [ RunTime:0.0263s ]
SQL: SELECT * FROM `wechat_car_reserve_config`  [ RunTime:0.0002s ]
INFO: [ view_parse ] --START--
INFO: [ template_filter ] --START--
INFO: Run Behavior\ContentReplaceBehavior [ RunTime:0.000126s ]
INFO: [ template_filter ] --END-- [ RunTime:0.000180s ]
INFO: Run Behavior\ParseTemplateBehavior [ RunTime:0.067202s ]
INFO: [ view_parse ] --END-- [ RunTime:0.067261s ]
INFO: [ view_filter ] --START--
INFO: Run Behavior\WriteHtmlCacheBehavior [ RunTime:0.000348s ]
INFO: [ view_filter ] --END-- [ RunTime:0.000391s ]
INFO: [ app_end ] --START--
INFO: Run Behavior\ShowPageTraceBehavior [ RunTime:0.000720s ]
INFO: [ app_end ] --END-- [ RunTime:0.000785s ]

[ 2015-05-18T15:05:29+08:00 ] ::1 /test/onethink/wechat.php?s=/Car/reserve.html
INFO: [ app_init ] --START--
INFO: Run Behavior\BuildLiteBehavior [ RunTime:0.000019s ]
INFO: Run Common\Behavior\InitHookBehavior [ RunTime:0.001706s ]
INFO: [ app_init ] --END-- [ RunTime:0.002111s ]
INFO: [ app_begin ] --START--
INFO: Run Behavior\ReadHtmlCacheBehavior [ RunTime:0.000525s ]
INFO: [ app_begin ] --END-- [ RunTime:0.000575s ]
SQL: SHOW COLUMNS FROM `wechat_car_config` [ RunTime:0.0507s ]
SQL: SHOW COLUMNS FROM `wechat_car_car_category` [ RunTime:0.0118s ]
SQL: SELECT * FROM `wechat_car_config`  [ RunTime:0.0003s ]
SQL: SELECT `id`,`name` FROM `wechat_car_car_category` ORDER BY `order` asc,`id` LIMIT 7   [ RunTime:0.0002s ]
SQL: SHOW COLUMNS FROM `wechat_car_products` [ RunTime:0.0107s ]
SQL: SELECT `id`,`name` FROM `wechat_car_products` WHERE `cateid` = 7  [ RunTime:0.0003s ]

[ 2015-05-18T15:05:41+08:00 ] ::1 /test/onethink/wechat.php?s=/Car/reserve.html
INFO: [ app_init ] --START--
INFO: Run Behavior\BuildLiteBehavior [ RunTime:0.000014s ]
INFO: Run Common\Behavior\InitHookBehavior [ RunTime:0.001868s ]
INFO: [ app_init ] --END-- [ RunTime:0.002258s ]
INFO: [ app_begin ] --START--
INFO: Run Behavior\ReadHtmlCacheBehavior [ RunTime:0.000551s ]
INFO: [ app_begin ] --END-- [ RunTime:0.000595s ]
SQL: SHOW COLUMNS FROM `wechat_car_config` [ RunTime:0.0267s ]
SQL: SHOW COLUMNS FROM `wechat_car_car_category` [ RunTime:0.0103s ]
SQL: SELECT * FROM `wechat_car_config`  [ RunTime:0.0002s ]
SQL: SELECT `id`,`name` FROM `wechat_car_car_category` ORDER BY `order` asc,`id` LIMIT 7   [ RunTime:0.0002s ]
SQL: SHOW COLUMNS FROM `wechat_car_reserve` [ RunTime:0.0132s ]
SQL: INSERT INTO `wechat_car_reserve` (`name`,`tel`,`car_cate`,`car_product`,`reserve_time`,`remark`,`input_time`) VALUES ('3456','45','7','16','1431914400','','1431932741') [ RunTime:0.0398s ]

[ 2015-05-18T15:10:01+08:00 ] ::1 /test/onethink/wechat.php?s=/Car/reserve.html
INFO: [ app_init ] --START--
INFO: Run Behavior\BuildLiteBehavior [ RunTime:0.000015s ]
INFO: Run Common\Behavior\InitHookBehavior [ RunTime:0.002112s ]
INFO: [ app_init ] --END-- [ RunTime:0.002607s ]
INFO: [ app_begin ] --START--
INFO: Run Behavior\ReadHtmlCacheBehavior [ RunTime:0.000670s ]
INFO: [ app_begin ] --END-- [ RunTime:0.000808s ]
SQL: SHOW COLUMNS FROM `wechat_car_config` [ RunTime:0.0174s ]
SQL: SHOW COLUMNS FROM `wechat_car_car_category` [ RunTime:0.0183s ]
SQL: SELECT * FROM `wechat_car_config`  [ RunTime:0.0003s ]
SQL: SELECT `id`,`name` FROM `wechat_car_car_category` ORDER BY `order` asc,`id` LIMIT 7   [ RunTime:0.0002s ]
SQL: SHOW COLUMNS FROM `wechat_car_reserve_config` [ RunTime:0.0093s ]
SQL: SELECT * FROM `wechat_car_reserve_config`  [ RunTime:0.0003s ]
INFO: [ view_parse ] --START--
INFO: [ template_filter ] --START--
INFO: Run Behavior\ContentReplaceBehavior [ RunTime:0.000120s ]
INFO: [ template_filter ] --END-- [ RunTime:0.000165s ]
INFO: Run Behavior\ParseTemplateBehavior [ RunTime:0.047117s ]
INFO: [ view_parse ] --END-- [ RunTime:0.047178s ]
INFO: [ view_filter ] --START--
INFO: Run Behavior\WriteHtmlCacheBehavior [ RunTime:0.000311s ]
INFO: [ view_filter ] --END-- [ RunTime:0.000358s ]
INFO: [ app_end ] --START--
INFO: Run Behavior\ShowPageTraceBehavior [ RunTime:0.000816s ]
INFO: [ app_end ] --END-- [ RunTime:0.000974s ]

[ 2015-05-18T15:10:08+08:00 ] ::1 /test/onethink/wechat.php?s=/Car/reserve.html
INFO: [ app_init ] --START--
INFO: Run Behavior\BuildLiteBehavior [ RunTime:0.000014s ]
INFO: Run Common\Behavior\InitHookBehavior [ RunTime:0.001873s ]
INFO: [ app_init ] --END-- [ RunTime:0.002254s ]
INFO: [ app_begin ] --START--
INFO: Run Behavior\ReadHtmlCacheBehavior [ RunTime:0.000551s ]
INFO: [ app_begin ] --END-- [ RunTime:0.000601s ]
SQL: SHOW COLUMNS FROM `wechat_car_config` [ RunTime:0.0128s ]
SQL: SHOW COLUMNS FROM `wechat_car_car_category` [ RunTime:0.0272s ]
SQL: SELECT * FROM `wechat_car_config`  [ RunTime:0.0003s ]
SQL: SELECT `id`,`name` FROM `wechat_car_car_category` ORDER BY `order` asc,`id` LIMIT 7   [ RunTime:0.0002s ]
SQL: SHOW COLUMNS FROM `wechat_car_reserve` [ RunTime:0.0126s ]
SQL: INSERT INTO `wechat_car_reserve` (`name`,`tel`,`car_cate`,`car_product`,`reserve_time`,`remark`,`input_time`) VALUES ('3456234','34','7','0','1431914400','','1431933008') [ RunTime:0.0365s ]

[ 2015-05-18T15:30:18+08:00 ] ::1 /test/onethink/wechat.php?s=/Car/reserve.html
INFO: [ app_init ] --START--
INFO: Run Behavior\BuildLiteBehavior [ RunTime:0.000015s ]
INFO: Run Common\Behavior\InitHookBehavior [ RunTime:0.001930s ]
INFO: [ app_init ] --END-- [ RunTime:0.002422s ]
INFO: [ app_begin ] --START--
INFO: Run Behavior\ReadHtmlCacheBehavior [ RunTime:0.000711s ]
INFO: [ app_begin ] --END-- [ RunTime:0.000760s ]

[ 2015-05-18T15:30:33+08:00 ] ::1 /test/onethink/wechat.php?s=/Car/reserve.html
INFO: [ app_init ] --START--
INFO: Run Behavior\BuildLiteBehavior [ RunTime:0.000014s ]
INFO: Run Common\Behavior\InitHookBehavior [ RunTime:0.001926s ]
INFO: [ app_init ] --END-- [ RunTime:0.002311s ]
INFO: [ app_begin ] --START--
INFO: Run Behavior\ReadHtmlCacheBehavior [ RunTime:0.000566s ]
INFO: [ app_begin ] --END-- [ RunTime:0.000622s ]
SQL: SHOW COLUMNS FROM `wechat_car_config` [ RunTime:0.0416s ]
SQL: SHOW COLUMNS FROM `wechat_car_car_category` [ RunTime:0.0226s ]
SQL: SELECT * FROM `wechat_car_config`  [ RunTime:0.0003s ]
SQL: SELECT `id`,`name` FROM `wechat_car_car_category` ORDER BY `order` asc,`id` LIMIT 7   [ RunTime:0.0002s ]
SQL: SHOW COLUMNS FROM `wechat_car_reserve_config` [ RunTime:0.0117s ]
SQL: SELECT * FROM `wechat_car_reserve_config`  [ RunTime:0.0002s ]
INFO: [ view_parse ] --START--
INFO: [ template_filter ] --START--
INFO: Run Behavior\ContentReplaceBehavior [ RunTime:0.000173s ]
INFO: [ template_filter ] --END-- [ RunTime:0.000311s ]
INFO: Run Behavior\ParseTemplateBehavior [ RunTime:0.247683s ]
INFO: [ view_parse ] --END-- [ RunTime:0.247756s ]
INFO: [ view_filter ] --START--
INFO: Run Behavior\WriteHtmlCacheBehavior [ RunTime:0.000294s ]
INFO: [ view_filter ] --END-- [ RunTime:0.000335s ]
INFO: [ app_end ] --START--
INFO: Run Behavior\ShowPageTraceBehavior [ RunTime:0.000769s ]
INFO: [ app_end ] --END-- [ RunTime:0.000821s ]

[ 2015-05-18T15:30:45+08:00 ] ::1 /test/onethink/wechat.php?s=/Car/reserve.html
INFO: [ app_init ] --START--
INFO: Run Behavior\BuildLiteBehavior [ RunTime:0.000013s ]
INFO: Run Common\Behavior\InitHookBehavior [ RunTime:0.001828s ]
INFO: [ app_init ] --END-- [ RunTime:0.002207s ]
INFO: [ app_begin ] --START--
INFO: Run Behavior\ReadHtmlCacheBehavior [ RunTime:0.000617s ]
INFO: [ app_begin ] --END-- [ RunTime:0.000662s ]
SQL: SHOW COLUMNS FROM `wechat_car_config` [ RunTime:0.0672s ]
SQL: SHOW COLUMNS FROM `wechat_car_car_category` [ RunTime:0.0101s ]
SQL: SELECT * FROM `wechat_car_config`  [ RunTime:0.0003s ]
SQL: SELECT `id`,`name` FROM `wechat_car_car_category` ORDER BY `order` asc,`id` LIMIT 7   [ RunTime:0.0003s ]
SQL: SHOW COLUMNS FROM `wechat_car_reserve` [ RunTime:0.0130s ]
SQL: INSERT INTO `wechat_car_reserve` (`name`,`tel`,`car_cate`,`car_product`,`reserve_time`,`remark`,`input_time`) VALUES ('456','456','0','0','1431914400','','1431934245') [ RunTime:0.0395s ]
SQL: SHOW COLUMNS FROM `wechat_car_reserve_custom` [ RunTime:0.0261s ]

[ 2015-05-18T15:31:53+08:00 ] ::1 /test/onethink/wechat.php?s=/Car/reserve.html
INFO: [ app_init ] --START--
INFO: Run Behavior\BuildLiteBehavior [ RunTime:0.000015s ]
INFO: Run Common\Behavior\InitHookBehavior [ RunTime:0.001520s ]
INFO: [ app_init ] --END-- [ RunTime:0.001915s ]
INFO: [ app_begin ] --START--
INFO: Run Behavior\ReadHtmlCacheBehavior [ RunTime:0.000453s ]
INFO: [ app_begin ] --END-- [ RunTime:0.000501s ]
SQL: SHOW COLUMNS FROM `wechat_car_config` [ RunTime:0.0204s ]
SQL: SHOW COLUMNS FROM `wechat_car_car_category` [ RunTime:0.0106s ]
SQL: SELECT * FROM `wechat_car_config`  [ RunTime:0.0003s ]
SQL: SELECT `id`,`name` FROM `wechat_car_car_category` ORDER BY `order` asc,`id` LIMIT 7   [ RunTime:0.0003s ]
SQL: SHOW COLUMNS FROM `wechat_car_reserve_config` [ RunTime:0.0096s ]
SQL: SELECT * FROM `wechat_car_reserve_config`  [ RunTime:0.0004s ]
INFO: [ view_parse ] --START--
INFO: [ template_filter ] --START--
INFO: Run Behavior\ContentReplaceBehavior [ RunTime:0.000137s ]
INFO: [ template_filter ] --END-- [ RunTime:0.000188s ]
INFO: Run Behavior\ParseTemplateBehavior [ RunTime:0.043471s ]
INFO: [ view_parse ] --END-- [ RunTime:0.043534s ]
INFO: [ view_filter ] --START--
INFO: Run Behavior\WriteHtmlCacheBehavior [ RunTime:0.000347s ]
INFO: [ view_filter ] --END-- [ RunTime:0.000393s ]
INFO: [ app_end ] --START--
INFO: Run Behavior\ShowPageTraceBehavior [ RunTime:0.001005s ]
INFO: [ app_end ] --END-- [ RunTime:0.001165s ]

[ 2015-05-18T15:32:02+08:00 ] ::1 /test/onethink/wechat.php?s=/Car/reserve.html
INFO: [ app_init ] --START--
INFO: Run Behavior\BuildLiteBehavior [ RunTime:0.000013s ]
INFO: Run Common\Behavior\InitHookBehavior [ RunTime:0.001554s ]
INFO: [ app_init ] --END-- [ RunTime:0.001900s ]
INFO: [ app_begin ] --START--
INFO: Run Behavior\ReadHtmlCacheBehavior [ RunTime:0.000540s ]
INFO: [ app_begin ] --END-- [ RunTime:0.000585s ]
SQL: SHOW COLUMNS FROM `wechat_car_config` [ RunTime:0.0132s ]
SQL: SHOW COLUMNS FROM `wechat_car_car_category` [ RunTime:0.0107s ]
SQL: SELECT * FROM `wechat_car_config`  [ RunTime:0.0003s ]
SQL: SELECT `id`,`name` FROM `wechat_car_car_category` ORDER BY `order` asc,`id` LIMIT 7   [ RunTime:0.0003s ]
SQL: SHOW COLUMNS FROM `wechat_car_reserve` [ RunTime:0.0128s ]
SQL: INSERT INTO `wechat_car_reserve` (`name`,`tel`,`car_cate`,`car_product`,`reserve_time`,`remark`,`input_time`) VALUES ('456','456','0','0','1431914400','','1431934322') [ RunTime:0.0365s ]
SQL: SHOW COLUMNS FROM `wechat_car_reserve_custom` [ RunTime:0.0088s ]

[ 2015-05-18T15:32:37+08:00 ] ::1 /test/onethink/wechat.php?s=/Car/reserve.html
INFO: [ app_init ] --START--
INFO: Run Behavior\BuildLiteBehavior [ RunTime:0.000013s ]
INFO: Run Common\Behavior\InitHookBehavior [ RunTime:0.001419s ]
INFO: [ app_init ] --END-- [ RunTime:0.002087s ]
INFO: [ app_begin ] --START--
INFO: Run Behavior\ReadHtmlCacheBehavior [ RunTime:0.000454s ]
INFO: [ app_begin ] --END-- [ RunTime:0.000502s ]
SQL: SHOW COLUMNS FROM `wechat_car_config` [ RunTime:0.0293s ]
SQL: SHOW COLUMNS FROM `wechat_car_car_category` [ RunTime:0.0106s ]
SQL: SELECT * FROM `wechat_car_config`  [ RunTime:0.0004s ]
SQL: SELECT `id`,`name` FROM `wechat_car_car_category` ORDER BY `order` asc,`id` LIMIT 7   [ RunTime:0.0003s ]
SQL: SHOW COLUMNS FROM `wechat_car_reserve_config` [ RunTime:0.0096s ]
SQL: SELECT * FROM `wechat_car_reserve_config`  [ RunTime:0.0003s ]
INFO: [ view_parse ] --START--
INFO: [ template_filter ] --START--
INFO: Run Behavior\ContentReplaceBehavior [ RunTime:0.000140s ]
INFO: [ template_filter ] --END-- [ RunTime:0.000186s ]
INFO: Run Behavior\ParseTemplateBehavior [ RunTime:0.044994s ]
INFO: [ view_parse ] --END-- [ RunTime:0.045053s ]
INFO: [ view_filter ] --START--
INFO: Run Behavior\WriteHtmlCacheBehavior [ RunTime:0.000362s ]
INFO: [ view_filter ] --END-- [ RunTime:0.000404s ]
INFO: [ app_end ] --START--
INFO: Run Behavior\ShowPageTraceBehavior [ RunTime:0.000580s ]
INFO: [ app_end ] --END-- [ RunTime:0.000638s ]

[ 2015-05-18T15:32:40+08:00 ] ::1 /test/onethink/wechat.php?s=/Car/reserve.html
INFO: [ app_init ] --START--
INFO: Run Behavior\BuildLiteBehavior [ RunTime:0.000014s ]
INFO: Run Common\Behavior\InitHookBehavior [ RunTime:0.001593s ]
INFO: [ app_init ] --END-- [ RunTime:0.001957s ]
INFO: [ app_begin ] --START--
INFO: Run Behavior\ReadHtmlCacheBehavior [ RunTime:0.000551s ]
INFO: [ app_begin ] --END-- [ RunTime:0.000601s ]
SQL: SHOW COLUMNS FROM `wechat_car_config` [ RunTime:0.0211s ]
SQL: SHOW COLUMNS FROM `wechat_car_car_category` [ RunTime:0.0104s ]
SQL: SELECT * FROM `wechat_car_config`  [ RunTime:0.0003s ]
SQL: SELECT `id`,`name` FROM `wechat_car_car_category` ORDER BY `order` asc,`id` LIMIT 7   [ RunTime:0.0002s ]
SQL: SHOW COLUMNS FROM `wechat_car_products` [ RunTime:0.0171s ]
SQL: SELECT `id`,`name` FROM `wechat_car_products` WHERE `cateid` = 4  [ RunTime:0.0004s ]

[ 2015-05-18T15:32:44+08:00 ] ::1 /test/onethink/wechat.php?s=/Car/reserve.html
INFO: [ app_init ] --START--
INFO: Run Behavior\BuildLiteBehavior [ RunTime:0.000014s ]
INFO: Run Common\Behavior\InitHookBehavior [ RunTime:0.001704s ]
INFO: [ app_init ] --END-- [ RunTime:0.002086s ]
INFO: [ app_begin ] --START--
INFO: Run Behavior\ReadHtmlCacheBehavior [ RunTime:0.000756s ]
INFO: [ app_begin ] --END-- [ RunTime:0.000810s ]
SQL: SHOW COLUMNS FROM `wechat_car_config` [ RunTime:0.0162s ]
SQL: SHOW COLUMNS FROM `wechat_car_car_category` [ RunTime:0.0103s ]
SQL: SELECT * FROM `wechat_car_config`  [ RunTime:0.0003s ]
SQL: SELECT `id`,`name` FROM `wechat_car_car_category` ORDER BY `order` asc,`id` LIMIT 7   [ RunTime:0.0002s ]
SQL: SHOW COLUMNS FROM `wechat_car_products` [ RunTime:0.0102s ]
SQL: SELECT `id`,`name` FROM `wechat_car_products` WHERE `cateid` = 7  [ RunTime:0.0003s ]

[ 2015-05-18T15:32:50+08:00 ] ::1 /test/onethink/wechat.php?s=/Car/reserve.html
INFO: [ app_init ] --START--
INFO: Run Behavior\BuildLiteBehavior [ RunTime:0.000013s ]
INFO: Run Common\Behavior\InitHookBehavior [ RunTime:0.001976s ]
INFO: [ app_init ] --END-- [ RunTime:0.002361s ]
INFO: [ app_begin ] --START--
INFO: Run Behavior\ReadHtmlCacheBehavior [ RunTime:0.000545s ]
INFO: [ app_begin ] --END-- [ RunTime:0.000595s ]
SQL: SHOW COLUMNS FROM `wechat_car_config` [ RunTime:0.0133s ]
SQL: SHOW COLUMNS FROM `wechat_car_car_category` [ RunTime:0.0104s ]
SQL: SELECT * FROM `wechat_car_config`  [ RunTime:0.0002s ]
SQL: SELECT `id`,`name` FROM `wechat_car_car_category` ORDER BY `order` asc,`id` LIMIT 7   [ RunTime:0.0002s ]
SQL: SHOW COLUMNS FROM `wechat_car_reserve` [ RunTime:0.0123s ]
SQL: INSERT INTO `wechat_car_reserve` (`name`,`tel`,`car_cate`,`car_product`,`reserve_time`,`remark`,`input_time`) VALUES ('456adsf','456sdf','7','0','1431914400','','1431934370') [ RunTime:0.0503s ]
SQL: SHOW COLUMNS FROM `wechat_car_reserve_custom` [ RunTime:0.0082s ]

[ 2015-05-18T15:36:42+08:00 ] ::1 /test/onethink/wechat.php?s=/Car/reserve.html
INFO: [ app_init ] --START--
INFO: Run Behavior\BuildLiteBehavior [ RunTime:0.000014s ]
INFO: Run Common\Behavior\InitHookBehavior [ RunTime:0.002062s ]
INFO: [ app_init ] --END-- [ RunTime:0.002561s ]
INFO: [ app_begin ] --START--
INFO: Run Behavior\ReadHtmlCacheBehavior [ RunTime:0.000621s ]
INFO: [ app_begin ] --END-- [ RunTime:0.000674s ]
SQL: SHOW COLUMNS FROM `wechat_car_config` [ RunTime:0.0498s ]
SQL: SHOW COLUMNS FROM `wechat_car_car_category` [ RunTime:0.0103s ]
SQL: SELECT * FROM `wechat_car_config`  [ RunTime:0.0003s ]
SQL: SELECT `id`,`name` FROM `wechat_car_car_category` ORDER BY `order` asc,`id` LIMIT 7   [ RunTime:0.0002s ]
SQL: SHOW COLUMNS FROM `wechat_car_reserve_config` [ RunTime:0.0180s ]
SQL: SELECT * FROM `wechat_car_reserve_config`  [ RunTime:0.0002s ]
INFO: [ view_parse ] --START--
INFO: [ template_filter ] --START--
INFO: Run Behavior\ContentReplaceBehavior [ RunTime:0.000120s ]
INFO: [ template_filter ] --END-- [ RunTime:0.000172s ]
INFO: Run Behavior\ParseTemplateBehavior [ RunTime:0.044079s ]
INFO: [ view_parse ] --END-- [ RunTime:0.044138s ]
INFO: [ view_filter ] --START--
INFO: Run Behavior\WriteHtmlCacheBehavior [ RunTime:0.000364s ]
INFO: [ view_filter ] --END-- [ RunTime:0.000405s ]
INFO: [ app_end ] --START--
INFO: Run Behavior\ShowPageTraceBehavior [ RunTime:0.000736s ]
INFO: [ app_end ] --END-- [ RunTime:0.000789s ]

[ 2015-05-18T15:36:46+08:00 ] ::1 /test/onethink/wechat.php?s=/Car/reserve.html
INFO: [ app_init ] --START--
INFO: Run Behavior\BuildLiteBehavior [ RunTime:0.000013s ]
INFO: Run Common\Behavior\InitHookBehavior [ RunTime:0.002120s ]
INFO: [ app_init ] --END-- [ RunTime:0.002504s ]
INFO: [ app_begin ] --START--
INFO: Run Behavior\ReadHtmlCacheBehavior [ RunTime:0.001207s ]
INFO: [ app_begin ] --END-- [ RunTime:0.001281s ]
SQL: SHOW COLUMNS FROM `wechat_car_config` [ RunTime:0.0133s ]
SQL: SHOW COLUMNS FROM `wechat_car_car_category` [ RunTime:0.0110s ]
SQL: SELECT * FROM `wechat_car_config`  [ RunTime:0.0002s ]
SQL: SELECT `id`,`name` FROM `wechat_car_car_category` ORDER BY `order` asc,`id` LIMIT 7   [ RunTime:0.0002s ]
SQL: SHOW COLUMNS FROM `wechat_car_products` [ RunTime:0.0173s ]
SQL: SELECT `id`,`name` FROM `wechat_car_products` WHERE `cateid` = 2  [ RunTime:0.0003s ]

[ 2015-05-18T15:36:48+08:00 ] ::1 /test/onethink/wechat.php?s=/Car/reserve.html
INFO: [ app_init ] --START--
INFO: Run Behavior\BuildLiteBehavior [ RunTime:0.000013s ]
INFO: Run Common\Behavior\InitHookBehavior [ RunTime:0.001549s ]
INFO: [ app_init ] --END-- [ RunTime:0.001894s ]
INFO: [ app_begin ] --START--
INFO: Run Behavior\ReadHtmlCacheBehavior [ RunTime:0.000519s ]
INFO: [ app_begin ] --END-- [ RunTime:0.000569s ]
SQL: SHOW COLUMNS FROM `wechat_car_config` [ RunTime:0.0133s ]
SQL: SHOW COLUMNS FROM `wechat_car_car_category` [ RunTime:0.0104s ]
SQL: SELECT * FROM `wechat_car_config`  [ RunTime:0.0003s ]
SQL: SELECT `id`,`name` FROM `wechat_car_car_category` ORDER BY `order` asc,`id` LIMIT 7   [ RunTime:0.0003s ]
SQL: SHOW COLUMNS FROM `wechat_car_products` [ RunTime:0.0105s ]
SQL: SELECT `id`,`name` FROM `wechat_car_products` WHERE `cateid` = 5  [ RunTime:0.0003s ]

[ 2015-05-18T15:36:49+08:00 ] ::1 /test/onethink/wechat.php?s=/Car/reserve.html
INFO: [ app_init ] --START--
INFO: Run Behavior\BuildLiteBehavior [ RunTime:0.000016s ]
INFO: Run Common\Behavior\InitHookBehavior [ RunTime:0.001574s ]
INFO: [ app_init ] --END-- [ RunTime:0.001977s ]
INFO: [ app_begin ] --START--
INFO: Run Behavior\ReadHtmlCacheBehavior [ RunTime:0.000529s ]
INFO: [ app_begin ] --END-- [ RunTime:0.000580s ]
SQL: SHOW COLUMNS FROM `wechat_car_config` [ RunTime:0.0144s ]
SQL: SHOW COLUMNS FROM `wechat_car_car_category` [ RunTime:0.0113s ]
SQL: SELECT * FROM `wechat_car_config`  [ RunTime:0.0003s ]
SQL: SELECT `id`,`name` FROM `wechat_car_car_category` ORDER BY `order` asc,`id` LIMIT 7   [ RunTime:0.0002s ]
SQL: SHOW COLUMNS FROM `wechat_car_products` [ RunTime:0.0111s ]
SQL: SELECT `id`,`name` FROM `wechat_car_products` WHERE `cateid` = 7  [ RunTime:0.0003s ]

[ 2015-05-18T15:37:02+08:00 ] ::1 /test/onethink/wechat.php?s=/Car/reserve.html
INFO: [ app_init ] --START--
INFO: Run Behavior\BuildLiteBehavior [ RunTime:0.000013s ]
INFO: Run Common\Behavior\InitHookBehavior [ RunTime:0.001941s ]
INFO: [ app_init ] --END-- [ RunTime:0.002294s ]
INFO: [ app_begin ] --START--
INFO: Run Behavior\ReadHtmlCacheBehavior [ RunTime:0.000599s ]
INFO: [ app_begin ] --END-- [ RunTime:0.000651s ]
SQL: SHOW COLUMNS FROM `wechat_car_config` [ RunTime:0.0133s ]
SQL: SHOW COLUMNS FROM `wechat_car_car_category` [ RunTime:0.0098s ]
SQL: SELECT * FROM `wechat_car_config`  [ RunTime:0.0003s ]
SQL: SELECT `id`,`name` FROM `wechat_car_car_category` ORDER BY `order` asc,`id` LIMIT 7   [ RunTime:0.0002s ]
SQL: SHOW COLUMNS FROM `wechat_car_reserve` [ RunTime:0.0295s ]
SQL: INSERT INTO `wechat_car_reserve` (`name`,`tel`,`car_cate`,`car_product`,`reserve_time`,`remark`,`input_time`) VALUES ('356','3456','7','16','1431914400','3456','1431934622') [ RunTime:0.0690s ]
SQL: SHOW COLUMNS FROM `wechat_car_reserve_custom` [ RunTime:0.0091s ]

[ 2015-05-18T15:37:49+08:00 ] ::1 /test/onethink/wechat.php?s=/Car/reserve.html
INFO: [ app_init ] --START--
INFO: Run Behavior\BuildLiteBehavior [ RunTime:0.000014s ]
INFO: Run Common\Behavior\InitHookBehavior [ RunTime:0.001893s ]
INFO: [ app_init ] --END-- [ RunTime:0.002314s ]
INFO: [ app_begin ] --START--
INFO: Run Behavior\ReadHtmlCacheBehavior [ RunTime:0.000520s ]
INFO: [ app_begin ] --END-- [ RunTime:0.000575s ]
SQL: SHOW COLUMNS FROM `wechat_car_config` [ RunTime:0.0139s ]
SQL: SHOW COLUMNS FROM `wechat_car_car_category` [ RunTime:0.0182s ]
SQL: SELECT * FROM `wechat_car_config`  [ RunTime:0.0002s ]
SQL: SELECT `id`,`name` FROM `wechat_car_car_category` ORDER BY `order` asc,`id` LIMIT 7   [ RunTime:0.0002s ]
SQL: SHOW COLUMNS FROM `wechat_car_reserve_config` [ RunTime:0.0111s ]
SQL: SELECT * FROM `wechat_car_reserve_config`  [ RunTime:0.0002s ]
INFO: [ view_parse ] --START--
INFO: [ template_filter ] --START--
INFO: Run Behavior\ContentReplaceBehavior [ RunTime:0.000134s ]
INFO: [ template_filter ] --END-- [ RunTime:0.000185s ]
INFO: Run Behavior\ParseTemplateBehavior [ RunTime:0.046457s ]
INFO: [ view_parse ] --END-- [ RunTime:0.046522s ]
INFO: [ view_filter ] --START--
INFO: Run Behavior\WriteHtmlCacheBehavior [ RunTime:0.000312s ]
INFO: [ view_filter ] --END-- [ RunTime:0.000359s ]
INFO: [ app_end ] --START--
INFO: Run Behavior\ShowPageTraceBehavior [ RunTime:0.000716s ]
INFO: [ app_end ] --END-- [ RunTime:0.000836s ]

[ 2015-05-18T15:37:52+08:00 ] ::1 /test/onethink/wechat.php?s=/Car/reserve.html
INFO: [ app_init ] --START--
INFO: Run Behavior\BuildLiteBehavior [ RunTime:0.000016s ]
INFO: Run Common\Behavior\InitHookBehavior [ RunTime:0.001749s ]
INFO: [ app_init ] --END-- [ RunTime:0.002301s ]
INFO: [ app_begin ] --START--
INFO: Run Behavior\ReadHtmlCacheBehavior [ RunTime:0.000630s ]
INFO: [ app_begin ] --END-- [ RunTime:0.000679s ]
SQL: SHOW COLUMNS FROM `wechat_car_config` [ RunTime:0.0329s ]
SQL: SHOW COLUMNS FROM `wechat_car_car_category` [ RunTime:0.0099s ]
SQL: SELECT * FROM `wechat_car_config`  [ RunTime:0.0003s ]
SQL: SELECT `id`,`name` FROM `wechat_car_car_category` ORDER BY `order` asc,`id` LIMIT 7   [ RunTime:0.0002s ]
SQL: SHOW COLUMNS FROM `wechat_car_reserve` [ RunTime:0.0127s ]
SQL: INSERT INTO `wechat_car_reserve` (`name`,`tel`,`car_cate`,`car_product`,`reserve_time`,`remark`,`input_time`) VALUES ('356','3456','7','0','1431914400','3456','1431934671') [ RunTime:0.0548s ]
SQL: SHOW COLUMNS FROM `wechat_car_reserve_custom` [ RunTime:0.0083s ]
ERR: SQLSTATE[HY000]: General error: 1036 Table 'wechat_car_reserve_custom' is read only

[ 2015-05-18T15:41:26+08:00 ] ::1 /test/onethink/wechat.php?s=/Car/reserve.html
INFO: [ app_init ] --START--
INFO: Run Behavior\BuildLiteBehavior [ RunTime:0.000013s ]
INFO: Run Common\Behavior\InitHookBehavior [ RunTime:0.001865s ]
INFO: [ app_init ] --END-- [ RunTime:0.002395s ]
INFO: [ app_begin ] --START--
INFO: Run Behavior\ReadHtmlCacheBehavior [ RunTime:0.000551s ]
INFO: [ app_begin ] --END-- [ RunTime:0.000601s ]
SQL: SHOW COLUMNS FROM `wechat_car_config` [ RunTime:0.0213s ]
SQL: SHOW COLUMNS FROM `wechat_car_car_category` [ RunTime:0.0107s ]
SQL: SELECT * FROM `wechat_car_config`  [ RunTime:0.0005s ]
SQL: SELECT `id`,`name` FROM `wechat_car_car_category` ORDER BY `order` asc,`id` LIMIT 7   [ RunTime:0.0002s ]
SQL: SHOW COLUMNS FROM `wechat_car_reserve_config` [ RunTime:0.0091s ]
SQL: SELECT * FROM `wechat_car_reserve_config`  [ RunTime:0.0003s ]
INFO: [ view_parse ] --START--
INFO: [ template_filter ] --START--
INFO: Run Behavior\ContentReplaceBehavior [ RunTime:0.000264s ]
INFO: [ template_filter ] --END-- [ RunTime:0.000314s ]
INFO: Run Behavior\ParseTemplateBehavior [ RunTime:0.045997s ]
INFO: [ view_parse ] --END-- [ RunTime:0.046116s ]
INFO: [ view_filter ] --START--
INFO: Run Behavior\WriteHtmlCacheBehavior [ RunTime:0.000316s ]
INFO: [ view_filter ] --END-- [ RunTime:0.000363s ]
INFO: [ app_end ] --START--
INFO: Run Behavior\ShowPageTraceBehavior [ RunTime:0.000648s ]
INFO: [ app_end ] --END-- [ RunTime:0.000714s ]

[ 2015-05-18T15:41:31+08:00 ] ::1 /test/onethink/wechat.php?s=/Car/reserve.html
INFO: [ app_init ] --START--
INFO: Run Behavior\BuildLiteBehavior [ RunTime:0.000016s ]
INFO: Run Common\Behavior\InitHookBehavior [ RunTime:0.002209s ]
INFO: [ app_init ] --END-- [ RunTime:0.002649s ]
INFO: [ app_begin ] --START--
INFO: Run Behavior\ReadHtmlCacheBehavior [ RunTime:0.000627s ]
INFO: [ app_begin ] --END-- [ RunTime:0.000677s ]
SQL: SHOW COLUMNS FROM `wechat_car_config` [ RunTime:0.0129s ]
SQL: SHOW COLUMNS FROM `wechat_car_car_category` [ RunTime:0.0102s ]
SQL: SELECT * FROM `wechat_car_config`  [ RunTime:0.0004s ]
SQL: SELECT `id`,`name` FROM `wechat_car_car_category` ORDER BY `order` asc,`id` LIMIT 7   [ RunTime:0.0003s ]
SQL: SHOW COLUMNS FROM `wechat_car_products` [ RunTime:0.0098s ]
SQL: SELECT `id`,`name` FROM `wechat_car_products` WHERE `cateid` = 7  [ RunTime:0.0002s ]

[ 2015-05-18T15:41:41+08:00 ] ::1 /test/onethink/wechat.php?s=/Car/reserve.html
INFO: [ app_init ] --START--
INFO: Run Behavior\BuildLiteBehavior [ RunTime:0.000015s ]
INFO: Run Common\Behavior\InitHookBehavior [ RunTime:0.001746s ]
INFO: [ app_init ] --END-- [ RunTime:0.002218s ]
INFO: [ app_begin ] --START--
INFO: Run Behavior\ReadHtmlCacheBehavior [ RunTime:0.000659s ]
INFO: [ app_begin ] --END-- [ RunTime:0.000737s ]
SQL: SHOW COLUMNS FROM `wechat_car_config` [ RunTime:0.0130s ]
SQL: SHOW COLUMNS FROM `wechat_car_car_category` [ RunTime:0.0100s ]
SQL: SELECT * FROM `wechat_car_config`  [ RunTime:0.0004s ]
SQL: SELECT `id`,`name` FROM `wechat_car_car_category` ORDER BY `order` asc,`id` LIMIT 7   [ RunTime:0.0003s ]
SQL: SHOW COLUMNS FROM `wechat_car_reserve` [ RunTime:0.0128s ]
SQL: INSERT INTO `wechat_car_reserve` (`name`,`tel`,`car_cate`,`car_product`,`reserve_time`,`remark`,`input_time`) VALUES ('326','456','7','16','1431914400','','1431934901') [ RunTime:0.0576s ]
SQL: SHOW COLUMNS FROM `wechat_car_reserve_custom` [ RunTime:0.0091s ]
ERR: SQLSTATE[HY000]: General error: 1036 Table 'wechat_car_reserve_custom' is read only

[ 2015-05-18T15:54:21+08:00 ] ::1 /test/onethink/wechat.php?s=/Car/reserve.html
INFO: [ app_init ] --START--
INFO: Run Behavior\BuildLiteBehavior [ RunTime:0.000014s ]
INFO: Run Common\Behavior\InitHookBehavior [ RunTime:0.002234s ]
INFO: [ app_init ] --END-- [ RunTime:0.002746s ]
INFO: [ app_begin ] --START--
INFO: Run Behavior\ReadHtmlCacheBehavior [ RunTime:0.000635s ]
INFO: [ app_begin ] --END-- [ RunTime:0.000711s ]
SQL: SHOW COLUMNS FROM `wechat_car_config` [ RunTime:0.0248s ]
SQL: SHOW COLUMNS FROM `wechat_car_car_category` [ RunTime:0.0282s ]
SQL: SELECT * FROM `wechat_car_config`  [ RunTime:0.0003s ]
SQL: SELECT `id`,`name` FROM `wechat_car_car_category` ORDER BY `order` asc,`id` LIMIT 7   [ RunTime:0.0003s ]
SQL: SHOW COLUMNS FROM `wechat_car_reserve_config` [ RunTime:0.0279s ]
SQL: SELECT * FROM `wechat_car_reserve_config`  [ RunTime:0.0004s ]
INFO: [ view_parse ] --START--
INFO: [ template_filter ] --START--
INFO: Run Behavior\ContentReplaceBehavior [ RunTime:0.000171s ]
INFO: [ template_filter ] --END-- [ RunTime:0.000284s ]
INFO: Run Behavior\ParseTemplateBehavior [ RunTime:0.301925s ]
INFO: [ view_parse ] --END-- [ RunTime:0.302019s ]
INFO: [ view_filter ] --START--
INFO: Run Behavior\WriteHtmlCacheBehavior [ RunTime:0.000285s ]
INFO: [ view_filter ] --END-- [ RunTime:0.000325s ]
INFO: [ app_end ] --START--
INFO: Run Behavior\ShowPageTraceBehavior [ RunTime:0.000793s ]
INFO: [ app_end ] --END-- [ RunTime:0.000844s ]

[ 2015-05-18T15:54:23+08:00 ] ::1 /test/onethink/wechat.php?s=/Car/reserve.html
INFO: [ app_init ] --START--
INFO: Run Behavior\BuildLiteBehavior [ RunTime:0.000015s ]
INFO: Run Common\Behavior\InitHookBehavior [ RunTime:0.001439s ]
INFO: [ app_init ] --END-- [ RunTime:0.001824s ]
INFO: [ app_begin ] --START--
INFO: Run Behavior\ReadHtmlCacheBehavior [ RunTime:0.000453s ]
INFO: [ app_begin ] --END-- [ RunTime:0.000496s ]
SQL: SHOW COLUMNS FROM `wechat_car_config` [ RunTime:0.0134s ]
SQL: SHOW COLUMNS FROM `wechat_car_car_category` [ RunTime:0.0104s ]
SQL: SELECT * FROM `wechat_car_config`  [ RunTime:0.0003s ]
SQL: SELECT `id`,`name` FROM `wechat_car_car_category` ORDER BY `order` asc,`id` LIMIT 7   [ RunTime:0.0003s ]
SQL: SHOW COLUMNS FROM `wechat_car_reserve` [ RunTime:0.0244s ]
SQL: INSERT INTO `wechat_car_reserve` (`name`,`tel`,`car_cate`,`car_product`,`reserve_time`,`remark`,`input_time`) VALUES ('326','456','7','0','1431914400','','1431935663') [ RunTime:0.0399s ]
SQL: SHOW COLUMNS FROM `wechat_car_reserve_custom` [ RunTime:0.0093s ]
ERR: SQLSTATE[HY000]: General error: 1036 Table 'wechat_car_reserve_custom' is read only

[ 2015-05-18T15:55:22+08:00 ] ::1 /test/onethink/wechat.php?s=/Car/reserve.html
INFO: [ app_init ] --START--
INFO: Run Behavior\BuildLiteBehavior [ RunTime:0.000013s ]
INFO: Run Common\Behavior\InitHookBehavior [ RunTime:0.001569s ]
INFO: [ app_init ] --END-- [ RunTime:0.001916s ]
INFO: [ app_begin ] --START--
INFO: Run Behavior\ReadHtmlCacheBehavior [ RunTime:0.000537s ]
INFO: [ app_begin ] --END-- [ RunTime:0.000585s ]
SQL: SHOW COLUMNS FROM `wechat_car_config` [ RunTime:0.0259s ]
SQL: SHOW COLUMNS FROM `wechat_car_car_category` [ RunTime:0.0108s ]
SQL: SELECT * FROM `wechat_car_config`  [ RunTime:0.0004s ]
SQL: SELECT `id`,`name` FROM `wechat_car_car_category` ORDER BY `order` asc,`id` LIMIT 7   [ RunTime:0.0003s ]
SQL: SHOW COLUMNS FROM `wechat_car_reserve_config` [ RunTime:0.0097s ]
SQL: SELECT * FROM `wechat_car_reserve_config`  [ RunTime:0.0004s ]
INFO: [ view_parse ] --START--
INFO: [ template_filter ] --START--
INFO: Run Behavior\ContentReplaceBehavior [ RunTime:0.000133s ]
INFO: [ template_filter ] --END-- [ RunTime:0.000183s ]
INFO: Run Behavior\ParseTemplateBehavior [ RunTime:0.066010s ]
INFO: [ view_parse ] --END-- [ RunTime:0.066067s ]
INFO: [ view_filter ] --START--
INFO: Run Behavior\WriteHtmlCacheBehavior [ RunTime:0.000206s ]
INFO: [ view_filter ] --END-- [ RunTime:0.000247s ]
INFO: [ app_end ] --START--
INFO: Run Behavior\ShowPageTraceBehavior [ RunTime:0.000592s ]
INFO: [ app_end ] --END-- [ RunTime:0.000657s ]

[ 2015-05-18T15:55:27+08:00 ] ::1 /test/onethink/wechat.php?s=/Car/reserve.html
INFO: [ app_init ] --START--
INFO: Run Behavior\BuildLiteBehavior [ RunTime:0.000016s ]
INFO: Run Common\Behavior\InitHookBehavior [ RunTime:0.002021s ]
INFO: [ app_init ] --END-- [ RunTime:0.002457s ]
INFO: [ app_begin ] --START--
INFO: Run Behavior\ReadHtmlCacheBehavior [ RunTime:0.000700s ]
INFO: [ app_begin ] --END-- [ RunTime:0.000743s ]
SQL: SHOW COLUMNS FROM `wechat_car_config` [ RunTime:0.0400s ]
SQL: SHOW COLUMNS FROM `wechat_car_car_category` [ RunTime:0.0100s ]
SQL: SELECT * FROM `wechat_car_config`  [ RunTime:0.0002s ]
SQL: SELECT `id`,`name` FROM `wechat_car_car_category` ORDER BY `order` asc,`id` LIMIT 7   [ RunTime:0.0002s ]
SQL: SHOW COLUMNS FROM `wechat_car_products` [ RunTime:0.0353s ]
SQL: SELECT `id`,`name` FROM `wechat_car_products` WHERE `cateid` = 7  [ RunTime:0.0003s ]

[ 2015-05-18T15:55:36+08:00 ] ::1 /test/onethink/wechat.php?s=/Car/reserve.html
INFO: [ app_init ] --START--
INFO: Run Behavior\BuildLiteBehavior [ RunTime:0.000016s ]
INFO: Run Common\Behavior\InitHookBehavior [ RunTime:0.001757s ]
INFO: [ app_init ] --END-- [ RunTime:0.002330s ]
INFO: [ app_begin ] --START--
INFO: Run Behavior\ReadHtmlCacheBehavior [ RunTime:0.000588s ]
INFO: [ app_begin ] --END-- [ RunTime:0.000671s ]
SQL: SHOW COLUMNS FROM `wechat_car_config` [ RunTime:0.0226s ]
SQL: SHOW COLUMNS FROM `wechat_car_car_category` [ RunTime:0.0096s ]
SQL: SELECT * FROM `wechat_car_config`  [ RunTime:0.0003s ]
SQL: SELECT `id`,`name` FROM `wechat_car_car_category` ORDER BY `order` asc,`id` LIMIT 7   [ RunTime:0.0003s ]
SQL: SHOW COLUMNS FROM `wechat_car_reserve` [ RunTime:0.0124s ]
SQL: INSERT INTO `wechat_car_reserve` (`name`,`tel`,`car_cate`,`car_product`,`reserve_time`,`remark`,`input_time`) VALUES ('435','2354','7','16','1431914400','2345234523453425','1431935736') [ RunTime:0.0352s ]
SQL: SHOW COLUMNS FROM `wechat_car_reserve_custom` [ RunTime:0.0089s ]
ERR: SQLSTATE[HY000]: General error: 1036 Table 'wechat_car_reserve_custom' is read only

[ 2015-05-18T16:03:26+08:00 ] ::1 /test/onethink/wechat.php?s=/Car/reserve.html
INFO: [ app_init ] --START--
INFO: Run Behavior\BuildLiteBehavior [ RunTime:0.000016s ]
INFO: Run Common\Behavior\InitHookBehavior [ RunTime:0.002029s ]
INFO: [ app_init ] --END-- [ RunTime:0.002508s ]
INFO: [ app_begin ] --START--
INFO: Run Behavior\ReadHtmlCacheBehavior [ RunTime:0.000622s ]
INFO: [ app_begin ] --END-- [ RunTime:0.000675s ]
SQL: SHOW COLUMNS FROM `wechat_car_config` [ RunTime:0.0131s ]
SQL: SHOW COLUMNS FROM `wechat_car_car_category` [ RunTime:0.0104s ]
SQL: SELECT * FROM `wechat_car_config`  [ RunTime:0.0002s ]
SQL: SELECT `id`,`name` FROM `wechat_car_car_category` ORDER BY `order` asc,`id` LIMIT 7   [ RunTime:0.0002s ]
SQL: SHOW COLUMNS FROM `wechat_car_reserve_config` [ RunTime:0.0143s ]
SQL: SELECT * FROM `wechat_car_reserve_config`  [ RunTime:0.0003s ]
INFO: [ view_parse ] --START--
INFO: [ template_filter ] --START--
INFO: Run Behavior\ContentReplaceBehavior [ RunTime:0.000135s ]
INFO: [ template_filter ] --END-- [ RunTime:0.000189s ]
INFO: Run Behavior\ParseTemplateBehavior [ RunTime:0.047501s ]
INFO: [ view_parse ] --END-- [ RunTime:0.047559s ]
INFO: [ view_filter ] --START--
INFO: Run Behavior\WriteHtmlCacheBehavior [ RunTime:0.000446s ]
INFO: [ view_filter ] --END-- [ RunTime:0.000488s ]
INFO: [ app_end ] --START--
INFO: Run Behavior\ShowPageTraceBehavior [ RunTime:0.001201s ]
INFO: [ app_end ] --END-- [ RunTime:0.001296s ]

[ 2015-05-18T16:03:29+08:00 ] ::1 /test/onethink/wechat.php?s=/Car/reserve.html
INFO: [ app_init ] --START--
INFO: Run Behavior\BuildLiteBehavior [ RunTime:0.000014s ]
INFO: Run Common\Behavior\InitHookBehavior [ RunTime:0.001948s ]
INFO: [ app_init ] --END-- [ RunTime:0.002340s ]
INFO: [ app_begin ] --START--
INFO: Run Behavior\ReadHtmlCacheBehavior [ RunTime:0.000584s ]
INFO: [ app_begin ] --END-- [ RunTime:0.000636s ]
SQL: SHOW COLUMNS FROM `wechat_car_config` [ RunTime:0.0127s ]
SQL: SHOW COLUMNS FROM `wechat_car_car_category` [ RunTime:0.0105s ]
SQL: SELECT * FROM `wechat_car_config`  [ RunTime:0.0004s ]
SQL: SELECT `id`,`name` FROM `wechat_car_car_category` ORDER BY `order` asc,`id` LIMIT 7   [ RunTime:0.0003s ]
SQL: SHOW COLUMNS FROM `wechat_car_products` [ RunTime:0.0104s ]
SQL: SELECT `id`,`name` FROM `wechat_car_products` WHERE `cateid` = 7  [ RunTime:0.0002s ]

[ 2015-05-18T16:03:40+08:00 ] ::1 /test/onethink/wechat.php?s=/Car/reserve.html
INFO: [ app_init ] --START--
INFO: Run Behavior\BuildLiteBehavior [ RunTime:0.000014s ]
INFO: Run Common\Behavior\InitHookBehavior [ RunTime:0.001604s ]
INFO: [ app_init ] --END-- [ RunTime:0.002030s ]
INFO: [ app_begin ] --START--
INFO: Run Behavior\ReadHtmlCacheBehavior [ RunTime:0.000531s ]
INFO: [ app_begin ] --END-- [ RunTime:0.000582s ]
SQL: SHOW COLUMNS FROM `wechat_car_config` [ RunTime:0.0139s ]
SQL: SHOW COLUMNS FROM `wechat_car_car_category` [ RunTime:0.0101s ]
SQL: SELECT * FROM `wechat_car_config`  [ RunTime:0.0002s ]
SQL: SELECT `id`,`name` FROM `wechat_car_car_category` ORDER BY `order` asc,`id` LIMIT 7   [ RunTime:0.0001s ]
SQL: SHOW COLUMNS FROM `wechat_car_reserve` [ RunTime:0.0272s ]
SQL: INSERT INTO `wechat_car_reserve` (`name`,`tel`,`car_cate`,`car_product`,`reserve_time`,`remark`,`input_time`) VALUES ('2345','3425','7','8','1431914400','','1431936220') [ RunTime:0.0387s ]
SQL: SHOW COLUMNS FROM `wechat_car_reserve_custom` [ RunTime:0.0086s ]
NOTIC: [2] Missing argument 1 for Think\Model::fetchSql(), called in D:\xampp\htdocs\test\onethink\Application\Wechat\Controller\CarController.class.php on line 148 and defined D:\xampp\htdocs\test\onethink\ThinkPHP\Library\Think\Model.class.php 第 1837 行.
NOTIC: [8] Undefined variable: fetch D:\xampp\htdocs\test\onethink\ThinkPHP\Library\Think\Model.class.php 第 1838 行.
ERR: SQLSTATE[HY000]: General error: 1036 Table 'wechat_car_reserve_custom' is read only

[ 2015-05-18T16:06:30+08:00 ] ::1 /test/onethink/wechat.php?s=/Car/reserve.html
INFO: [ app_init ] --START--
INFO: Run Behavior\BuildLiteBehavior [ RunTime:0.000020s ]
INFO: Run Common\Behavior\InitHookBehavior [ RunTime:0.002820s ]
INFO: [ app_init ] --END-- [ RunTime:0.003389s ]
INFO: [ app_begin ] --START--
INFO: Run Behavior\ReadHtmlCacheBehavior [ RunTime:0.001173s ]
INFO: [ app_begin ] --END-- [ RunTime:0.001283s ]
SQL: SHOW COLUMNS FROM `wechat_car_config` [ RunTime:0.0407s ]
SQL: SHOW COLUMNS FROM `wechat_car_car_category` [ RunTime:0.0211s ]
SQL: SELECT * FROM `wechat_car_config`  [ RunTime:0.0002s ]
SQL: SELECT `id`,`name` FROM `wechat_car_car_category` ORDER BY `order` asc,`id` LIMIT 7   [ RunTime:0.0002s ]
SQL: SHOW COLUMNS FROM `wechat_car_reserve_config` [ RunTime:0.0098s ]
SQL: SELECT * FROM `wechat_car_reserve_config`  [ RunTime:0.0002s ]
INFO: [ view_parse ] --START--
INFO: [ template_filter ] --START--
INFO: Run Behavior\ContentReplaceBehavior [ RunTime:0.000136s ]
INFO: [ template_filter ] --END-- [ RunTime:0.000197s ]
INFO: Run Behavior\ParseTemplateBehavior [ RunTime:0.246877s ]
INFO: [ view_parse ] --END-- [ RunTime:0.246951s ]
INFO: [ view_filter ] --START--
INFO: Run Behavior\WriteHtmlCacheBehavior [ RunTime:0.000283s ]
INFO: [ view_filter ] --END-- [ RunTime:0.000323s ]
INFO: [ app_end ] --START--
INFO: Run Behavior\ShowPageTraceBehavior [ RunTime:0.001254s ]
INFO: [ app_end ] --END-- [ RunTime:0.001335s ]

[ 2015-05-18T16:06:31+08:00 ] ::1 /test/onethink/wechat.php?s=/Car/reserve.html
INFO: [ app_init ] --START--
INFO: Run Behavior\BuildLiteBehavior [ RunTime:0.000023s ]
INFO: Run Common\Behavior\InitHookBehavior [ RunTime:0.002703s ]
INFO: [ app_init ] --END-- [ RunTime:0.003693s ]
INFO: [ app_begin ] --START--
INFO: Run Behavior\ReadHtmlCacheBehavior [ RunTime:0.000823s ]
INFO: [ app_begin ] --END-- [ RunTime:0.001079s ]
SQL: SHOW COLUMNS FROM `wechat_car_config` [ RunTime:0.0187s ]
SQL: SHOW COLUMNS FROM `wechat_car_car_category` [ RunTime:0.0266s ]
SQL: SELECT * FROM `wechat_car_config`  [ RunTime:0.0003s ]
SQL: SELECT `id`,`name` FROM `wechat_car_car_category` ORDER BY `order` asc,`id` LIMIT 7   [ RunTime:0.0002s ]
SQL: SHOW COLUMNS FROM `wechat_car_reserve` [ RunTime:0.0261s ]
SQL: INSERT INTO `wechat_car_reserve` (`name`,`tel`,`car_cate`,`car_product`,`reserve_time`,`remark`,`input_time`) VALUES ('2345','3425','7','0','1431914400','','1431936391') [ RunTime:0.0380s ]
SQL: SHOW COLUMNS FROM `wechat_car_reserve_custom` [ RunTime:0.0098s ]
SQL: INSERT INTO `wechat_car_reserve_custom` (`rid`,`cid`,`value`) VALUES ('19','1','2345'),('19','2','3'),('19','3','2345'),('19','4','2345'),('19','5','1'),('19','6','2345') [ RunTime:0.0006s ]

[ 2015-05-18T16:07:04+08:00 ] ::1 /test/onethink/wechat.php?s=/Car/reserve.html
INFO: [ app_init ] --START--
INFO: Run Behavior\BuildLiteBehavior [ RunTime:0.000035s ]
INFO: Run Common\Behavior\InitHookBehavior [ RunTime:0.002856s ]
INFO: [ app_init ] --END-- [ RunTime:0.003598s ]
INFO: [ app_begin ] --START--
INFO: Run Behavior\ReadHtmlCacheBehavior [ RunTime:0.000793s ]
INFO: [ app_begin ] --END-- [ RunTime:0.000876s ]
SQL: SHOW COLUMNS FROM `wechat_car_config` [ RunTime:0.0239s ]
SQL: SHOW COLUMNS FROM `wechat_car_car_category` [ RunTime:0.0155s ]
SQL: SELECT * FROM `wechat_car_config`  [ RunTime:0.0003s ]
SQL: SELECT `id`,`name` FROM `wechat_car_car_category` ORDER BY `order` asc,`id` LIMIT 7   [ RunTime:0.0002s ]
SQL: SHOW COLUMNS FROM `wechat_car_reserve_config` [ RunTime:0.0132s ]
SQL: SELECT * FROM `wechat_car_reserve_config`  [ RunTime:0.0002s ]
INFO: [ view_parse ] --START--
INFO: [ template_filter ] --START--
INFO: Run Behavior\ContentReplaceBehavior [ RunTime:0.000217s ]
INFO: [ template_filter ] --END-- [ RunTime:0.000307s ]
INFO: Run Behavior\ParseTemplateBehavior [ RunTime:0.081677s ]
INFO: [ view_parse ] --END-- [ RunTime:0.081760s ]
INFO: [ view_filter ] --START--
INFO: Run Behavior\WriteHtmlCacheBehavior [ RunTime:0.000248s ]
INFO: [ view_filter ] --END-- [ RunTime:0.000299s ]
INFO: [ app_end ] --START--
INFO: Run Behavior\ShowPageTraceBehavior [ RunTime:0.001964s ]
INFO: [ app_end ] --END-- [ RunTime:0.002230s ]

[ 2015-05-18T16:07:05+08:00 ] ::1 /test/onethink/wechat.php?s=/Car/reserve.html
INFO: [ app_init ] --START--
INFO: Run Behavior\BuildLiteBehavior [ RunTime:0.000022s ]
INFO: Run Common\Behavior\InitHookBehavior [ RunTime:0.003427s ]
INFO: [ app_init ] --END-- [ RunTime:0.004459s ]
INFO: [ app_begin ] --START--
INFO: Run Behavior\ReadHtmlCacheBehavior [ RunTime:0.001208s ]
INFO: [ app_begin ] --END-- [ RunTime:0.001316s ]
SQL: SHOW COLUMNS FROM `wechat_car_config` [ RunTime:0.0238s ]
SQL: SHOW COLUMNS FROM `wechat_car_car_category` [ RunTime:0.0132s ]
SQL: SELECT * FROM `wechat_car_config`  [ RunTime:0.0005s ]
SQL: SELECT `id`,`name` FROM `wechat_car_car_category` ORDER BY `order` asc,`id` LIMIT 7   [ RunTime:0.0004s ]
SQL: SHOW COLUMNS FROM `wechat_car_reserve` [ RunTime:0.0282s ]
SQL: INSERT INTO `wechat_car_reserve` (`name`,`tel`,`car_cate`,`car_product`,`reserve_time`,`remark`,`input_time`) VALUES ('2345','3425','7','0','1431914400','','1431936425') [ RunTime:0.0373s ]
SQL: SHOW COLUMNS FROM `wechat_car_reserve_custom` [ RunTime:0.0105s ]
SQL: INSERT INTO `wechat_car_reserve_custom` (`rid`,`cid`,`value`) VALUES ('20','1','2345'),('20','2','3'),('20','3','2345'),('20','4','2345'),('20','5','1'),('20','6','2345') [ RunTime:0.0003s ]

[ 2015-05-18T16:08:45+08:00 ] ::1 /test/onethink/wechat.php?s=/Car/reserve.html
INFO: [ app_init ] --START--
INFO: Run Behavior\BuildLiteBehavior [ RunTime:0.000020s ]
INFO: Run Common\Behavior\InitHookBehavior [ RunTime:0.002631s ]
INFO: [ app_init ] --END-- [ RunTime:0.003118s ]
INFO: [ app_begin ] --START--
INFO: Run Behavior\ReadHtmlCacheBehavior [ RunTime:0.000917s ]
INFO: [ app_begin ] --END-- [ RunTime:0.000991s ]
SQL: SHOW COLUMNS FROM `wechat_car_config` [ RunTime:0.0203s ]
SQL: SHOW COLUMNS FROM `wechat_car_car_category` [ RunTime:0.0163s ]
SQL: SELECT * FROM `wechat_car_config`  [ RunTime:0.0004s ]
SQL: SELECT `id`,`name` FROM `wechat_car_car_category` ORDER BY `order` asc,`id` LIMIT 7   [ RunTime:0.0002s ]
SQL: SHOW COLUMNS FROM `wechat_car_reserve_config` [ RunTime:0.0139s ]
SQL: SELECT * FROM `wechat_car_reserve_config`  [ RunTime:0.0003s ]
INFO: [ view_parse ] --START--
INFO: [ template_filter ] --START--
INFO: Run Behavior\ContentReplaceBehavior [ RunTime:0.000306s ]
INFO: [ template_filter ] --END-- [ RunTime:0.000423s ]
INFO: Run Behavior\ParseTemplateBehavior [ RunTime:0.088299s ]
INFO: [ view_parse ] --END-- [ RunTime:0.088379s ]
INFO: [ view_filter ] --START--
INFO: Run Behavior\WriteHtmlCacheBehavior [ RunTime:0.000406s ]
INFO: [ view_filter ] --END-- [ RunTime:0.000469s ]
INFO: [ app_end ] --START--
INFO: Run Behavior\ShowPageTraceBehavior [ RunTime:0.001533s ]
INFO: [ app_end ] --END-- [ RunTime:0.001673s ]

[ 2015-05-18T16:08:56+08:00 ] ::1 /test/onethink/wechat.php?s=/Car/reserve.html
INFO: [ app_init ] --START--
INFO: Run Behavior\BuildLiteBehavior [ RunTime:0.000018s ]
INFO: Run Common\Behavior\InitHookBehavior [ RunTime:0.002553s ]
INFO: [ app_init ] --END-- [ RunTime:0.003059s ]
INFO: [ app_begin ] --START--
INFO: Run Behavior\ReadHtmlCacheBehavior [ RunTime:0.000748s ]
INFO: [ app_begin ] --END-- [ RunTime:0.000806s ]
SQL: SHOW COLUMNS FROM `wechat_car_config` [ RunTime:0.0468s ]
SQL: SHOW COLUMNS FROM `wechat_car_car_category` [ RunTime:0.0133s ]
SQL: SELECT * FROM `wechat_car_config`  [ RunTime:0.0004s ]
SQL: SELECT `id`,`name` FROM `wechat_car_car_category` ORDER BY `order` asc,`id` LIMIT 7   [ RunTime:0.0004s ]
SQL: SHOW COLUMNS FROM `wechat_car_products` [ RunTime:0.0173s ]
SQL: SELECT `id`,`name` FROM `wechat_car_products` WHERE `cateid` = 7  [ RunTime:0.0003s ]

[ 2015-05-18T16:09:07+08:00 ] ::1 /test/onethink/wechat.php?s=/Car/reserve.html
INFO: [ app_init ] --START--
INFO: Run Behavior\BuildLiteBehavior [ RunTime:0.000019s ]
INFO: Run Common\Behavior\InitHookBehavior [ RunTime:0.002129s ]
INFO: [ app_init ] --END-- [ RunTime:0.002625s ]
INFO: [ app_begin ] --START--
INFO: Run Behavior\ReadHtmlCacheBehavior [ RunTime:0.000811s ]
INFO: [ app_begin ] --END-- [ RunTime:0.000890s ]
SQL: SHOW COLUMNS FROM `wechat_car_config` [ RunTime:0.0367s ]
SQL: SHOW COLUMNS FROM `wechat_car_car_category` [ RunTime:0.0161s ]
SQL: SELECT * FROM `wechat_car_config`  [ RunTime:0.0004s ]
SQL: SELECT `id`,`name` FROM `wechat_car_car_category` ORDER BY `order` asc,`id` LIMIT 7   [ RunTime:0.0002s ]
SQL: SHOW COLUMNS FROM `wechat_car_reserve` [ RunTime:0.0208s ]
SQL: INSERT INTO `wechat_car_reserve` (`name`,`tel`,`car_cate`,`car_product`,`reserve_time`,`remark`,`input_time`) VALUES ('老王','32142134','7','17','1431914400','','1431936547') [ RunTime:0.0554s ]
SQL: SHOW COLUMNS FROM `wechat_car_reserve_custom` [ RunTime:0.0112s ]
SQL: INSERT INTO `wechat_car_reserve_custom` (`rid`,`cid`,`value`) VALUES ('21','1','sadsdf'),('21','2','4'),('21','3','qwer'),('21','4','ewrty'),('21','5','1'),('21','6','q4erwer') [ RunTime:0.0003s ]

[ 2015-05-18T17:51:55+08:00 ] ::1 /test/onethink/wechat.php?s=/Car/product/cid/7.html
INFO: [ app_init ] --START--
INFO: Run Behavior\BuildLiteBehavior [ RunTime:0.000015s ]
INFO: Run Common\Behavior\InitHookBehavior [ RunTime:0.002005s ]
INFO: [ app_init ] --END-- [ RunTime:0.002439s ]
INFO: [ app_begin ] --START--
INFO: Run Behavior\ReadHtmlCacheBehavior [ RunTime:0.000662s ]
INFO: [ app_begin ] --END-- [ RunTime:0.000711s ]
SQL: SHOW COLUMNS FROM `wechat_car_config` [ RunTime:0.0196s ]
SQL: SHOW COLUMNS FROM `wechat_car_car_category` [ RunTime:0.0104s ]
SQL: SELECT * FROM `wechat_car_config`  [ RunTime:0.0003s ]
SQL: SELECT `id`,`name` FROM `wechat_car_car_category` ORDER BY `order` asc,`id` LIMIT 7   [ RunTime:0.0002s ]
SQL: SHOW COLUMNS FROM `wechat_car_products` [ RunTime:0.0092s ]
SQL: SELECT `name`,`id` FROM `wechat_car_products` WHERE `cateid` = 7  [ RunTime:0.0003s ]
INFO: [ view_parse ] --START--
INFO: [ template_filter ] --START--
INFO: Run Behavior\ContentReplaceBehavior [ RunTime:0.000074s ]
INFO: [ template_filter ] --END-- [ RunTime:0.000122s ]
NOTIC: [8] Undefined index: cate_img_path D:\xampp\htdocs\test\onethink\Runtime\Cache\Wechat\f39e0b8a925ebc6eaf18c3e0e5f1fcda.php 第 58 行.
INFO: Run Behavior\ParseTemplateBehavior [ RunTime:0.093113s ]
INFO: [ view_parse ] --END-- [ RunTime:0.093210s ]
INFO: [ view_filter ] --START--
INFO: Run Behavior\WriteHtmlCacheBehavior [ RunTime:0.000411s ]
INFO: [ view_filter ] --END-- [ RunTime:0.000457s ]
INFO: [ app_end ] --START--
INFO: Run Behavior\ShowPageTraceBehavior [ RunTime:0.000714s ]
INFO: [ app_end ] --END-- [ RunTime:0.000768s ]

