[ 2015-05-19T09:09:33+08:00 ] ::1 /test/onethink/index.php?s=/Member/wedding/
INFO: [ app_init ] --START--
INFO: Run Behavior\BuildLiteBehavior [ RunTime:0.000021s ]
INFO: Run Common\Behavior\InitHookBehavior [ RunTime:0.053190s ]
INFO: [ app_init ] --END-- [ RunTime:0.058125s ]

[ 2015-05-19T09:19:19+08:00 ] ::1 /test/onethink/member.php?s=/Car/category.html
INFO: [ app_init ] --START--
INFO: Run Behavior\BuildLiteBehavior [ RunTime:0.000035s ]
INFO: Run Common\Behavior\InitHookBehavior [ RunTime:0.002437s ]
INFO: [ app_init ] --END-- [ RunTime:0.003418s ]

[ 2015-05-19T09:19:22+08:00 ] ::1 /test/onethink/member.php?s=/Car/news.html
INFO: [ app_init ] --START--
INFO: Run Behavior\BuildLiteBehavior [ RunTime:0.000013s ]
INFO: Run Common\Behavior\InitHookBehavior [ RunTime:0.001409s ]
INFO: [ app_init ] --END-- [ RunTime:0.001754s ]

[ 2015-05-19T09:19:23+08:00 ] ::1 /test/onethink/member.php?s=/Car/about.html
INFO: [ app_init ] --START--
INFO: Run Behavior\BuildLiteBehavior [ RunTime:0.000014s ]
INFO: Run Common\Behavior\InitHookBehavior [ RunTime:0.001362s ]
INFO: [ app_init ] --END-- [ RunTime:0.001744s ]

[ 2015-05-19T09:19:24+08:00 ] ::1 /test/onethink/member.php?s=/Car/reserve.html
INFO: [ app_init ] --START--
INFO: Run Behavior\BuildLiteBehavior [ RunTime:0.000013s ]
INFO: Run Common\Behavior\InitHookBehavior [ RunTime:0.001503s ]
INFO: [ app_init ] --END-- [ RunTime:0.001848s ]

[ 2015-05-19T09:19:25+08:00 ] ::1 /test/onethink/member.php?s=/Car/sales.html
INFO: [ app_init ] --START--
INFO: Run Behavior\BuildLiteBehavior [ RunTime:0.000013s ]
INFO: Run Common\Behavior\InitHookBehavior [ RunTime:0.001837s ]
INFO: [ app_init ] --END-- [ RunTime:0.002217s ]

[ 2015-05-19T09:19:27+08:00 ] ::1 /test/onethink/member.php?s=/Car/plugin.html
INFO: [ app_init ] --START--
INFO: Run Behavior\BuildLiteBehavior [ RunTime:0.000013s ]
INFO: Run Common\Behavior\InitHookBehavior [ RunTime:0.001420s ]
INFO: [ app_init ] --END-- [ RunTime:0.001758s ]

[ 2015-05-19T09:19:27+08:00 ] ::1 /test/onethink/member.php?s=/Car/owner.html
INFO: [ app_init ] --START--
INFO: Run Behavior\BuildLiteBehavior [ RunTime:0.000014s ]
INFO: Run Common\Behavior\InitHookBehavior [ RunTime:0.001398s ]
INFO: [ app_init ] --END-- [ RunTime:0.001810s ]

[ 2015-05-19T10:31:00+08:00 ] ::1 /test/onethink/index.php?s=/Member/wedding/index.html
INFO: [ app_init ] --START--
INFO: Run Behavior\BuildLiteBehavior [ RunTime:0.000018s ]
INFO: Run Common\Behavior\InitHookBehavior [ RunTime:0.002214s ]
INFO: [ app_init ] --END-- [ RunTime:0.002787s ]

[ 2015-05-19T10:31:03+08:00 ] ::1 /test/onethink/index.php?s=/Member/wedding/index.html
INFO: [ app_init ] --START--
INFO: Run Behavior\BuildLiteBehavior [ RunTime:0.000014s ]
INFO: Run Common\Behavior\InitHookBehavior [ RunTime:0.001581s ]
INFO: [ app_init ] --END-- [ RunTime:0.002115s ]

[ 2015-05-19T10:31:06+08:00 ] ::1 /test/onethink/index.php?s=/Member/wedding/index.html
INFO: [ app_init ] --START--
INFO: Run Behavior\BuildLiteBehavior [ RunTime:0.000015s ]
INFO: Run Common\Behavior\InitHookBehavior [ RunTime:0.001701s ]
INFO: [ app_init ] --END-- [ RunTime:0.002084s ]

[ 2015-05-19T10:31:46+08:00 ] ::1 /test/onethink/member.php?s=/Car
INFO: [ app_init ] --START--
INFO: Run Behavior\BuildLiteBehavior [ RunTime:0.000014s ]
INFO: Run Common\Behavior\InitHookBehavior [ RunTime:0.001592s ]
INFO: [ app_init ] --END-- [ RunTime:0.001945s ]

[ 2015-05-19T10:44:34+08:00 ] ::1 /test/onethink/member.php?s=/Car/reserve.html
INFO: [ app_init ] --START--
INFO: Run Behavior\BuildLiteBehavior [ RunTime:0.000014s ]
INFO: Run Common\Behavior\InitHookBehavior [ RunTime:0.002150s ]
INFO: [ app_init ] --END-- [ RunTime:0.002605s ]

[ 2015-05-19T10:44:37+08:00 ] ::1 /test/onethink/member.php?s=/Car/reserve/d/config.html
INFO: [ app_init ] --START--
INFO: Run Behavior\BuildLiteBehavior [ RunTime:0.000015s ]
INFO: Run Common\Behavior\InitHookBehavior [ RunTime:0.001518s ]
INFO: [ app_init ] --END-- [ RunTime:0.001905s ]

[ 2015-05-19T10:54:12+08:00 ] ::1 /test/onethink/member.php?s=/Car/reserve.html
INFO: [ app_init ] --START--
INFO: Run Behavior\BuildLiteBehavior [ RunTime:0.000016s ]
INFO: Run Common\Behavior\InitHookBehavior [ RunTime:0.001914s ]
INFO: [ app_init ] --END-- [ RunTime:0.002361s ]

[ 2015-05-19T10:54:14+08:00 ] ::1 /test/onethink/member.php?s=/Car/reserve/d/config.html
INFO: [ app_init ] --START--
INFO: Run Behavior\BuildLiteBehavior [ RunTime:0.000018s ]
INFO: Run Common\Behavior\InitHookBehavior [ RunTime:0.001650s ]
INFO: [ app_init ] --END-- [ RunTime:0.002047s ]

[ 2015-05-19T10:57:05+08:00 ] ::1 /test/onethink/member.php?s=/Car/reserve.html
INFO: [ app_init ] --START--
INFO: Run Behavior\BuildLiteBehavior [ RunTime:0.000015s ]
INFO: Run Common\Behavior\InitHookBehavior [ RunTime:0.001863s ]
INFO: [ app_init ] --END-- [ RunTime:0.002285s ]

[ 2015-05-19T10:57:18+08:00 ] ::1 /test/onethink/member.php?s=/Car/reserve/d/detail/LId/21.html
INFO: [ app_init ] --START--
INFO: Run Behavior\BuildLiteBehavior [ RunTime:0.000013s ]
INFO: Run Common\Behavior\InitHookBehavior [ RunTime:0.002070s ]
INFO: [ app_init ] --END-- [ RunTime:0.002500s ]

[ 2015-05-19T11:39:09+08:00 ] ::1 /test/onethink/member.php?s=/Car
INFO: [ app_init ] --START--
INFO: Run Behavior\BuildLiteBehavior [ RunTime:0.000021s ]
INFO: Run Common\Behavior\InitHookBehavior [ RunTime:0.118930s ]
INFO: [ app_init ] --END-- [ RunTime:0.205370s ]

[ 2015-05-19T11:52:57+08:00 ] ::1 /test/onethink/member.php?s=/Car/index.html
INFO: [ app_init ] --START--
INFO: Run Behavior\BuildLiteBehavior [ RunTime:0.000014s ]
INFO: Run Common\Behavior\InitHookBehavior [ RunTime:0.002321s ]
INFO: [ app_init ] --END-- [ RunTime:0.002895s ]

[ 2015-05-19T16:47:15+08:00 ] ::1 /test/onethink/Member.php?s=/Medical/
INFO: [ app_init ] --START--
INFO: Run Behavior\BuildLiteBehavior [ RunTime:0.000016s ]
INFO: Run Common\Behavior\InitHookBehavior [ RunTime:0.048840s ]
INFO: [ app_init ] --END-- [ RunTime:0.059855s ]

[ 2015-05-19T16:50:16+08:00 ] ::1 /test/onethink/Member.php?s=/Medical/
INFO: [ app_init ] --START--
INFO: Run Behavior\BuildLiteBehavior [ RunTime:0.000014s ]
INFO: Run Common\Behavior\InitHookBehavior [ RunTime:0.002211s ]
INFO: [ app_init ] --END-- [ RunTime:0.002792s ]

[ 2015-05-19T16:50:38+08:00 ] ::1 /test/onethink/Member.php?s=/Medical/
INFO: [ app_init ] --START--
INFO: Run Behavior\BuildLiteBehavior [ RunTime:0.000021s ]
INFO: Run Common\Behavior\InitHookBehavior [ RunTime:0.002723s ]
INFO: [ app_init ] --END-- [ RunTime:0.003355s ]

[ 2015-05-19T16:51:28+08:00 ] ::1 /test/onethink/Member.php?s=/Medical/
INFO: [ app_init ] --START--
INFO: Run Behavior\BuildLiteBehavior [ RunTime:0.000017s ]
INFO: Run Common\Behavior\InitHookBehavior [ RunTime:0.001726s ]
INFO: [ app_init ] --END-- [ RunTime:0.002183s ]

[ 2015-05-19T16:52:07+08:00 ] ::1 /test/onethink/Member.php?s=/Medical/
INFO: [ app_init ] --START--
INFO: Run Behavior\BuildLiteBehavior [ RunTime:0.000020s ]
INFO: Run Common\Behavior\InitHookBehavior [ RunTime:0.002143s ]
INFO: [ app_init ] --END-- [ RunTime:0.002646s ]

[ 2015-05-19T16:52:28+08:00 ] ::1 /test/onethink/Member.php?s=/Medical/
INFO: [ app_init ] --START--
INFO: Run Behavior\BuildLiteBehavior [ RunTime:0.000019s ]
INFO: Run Common\Behavior\InitHookBehavior [ RunTime:0.001955s ]
INFO: [ app_init ] --END-- [ RunTime:0.002472s ]

[ 2015-05-19T16:56:53+08:00 ] ::1 /test/onethink/Member.php?s=/Medical/
INFO: [ app_init ] --START--
INFO: Run Behavior\BuildLiteBehavior [ RunTime:0.000013s ]
INFO: Run Common\Behavior\InitHookBehavior [ RunTime:0.001897s ]
INFO: [ app_init ] --END-- [ RunTime:0.002298s ]

[ 2015-05-19T16:57:15+08:00 ] ::1 /test/onethink/Member.php?s=/Medical/
INFO: [ app_init ] --START--
INFO: Run Behavior\BuildLiteBehavior [ RunTime:0.000014s ]
INFO: Run Common\Behavior\InitHookBehavior [ RunTime:0.002276s ]
INFO: [ app_init ] --END-- [ RunTime:0.002917s ]

[ 2015-05-19T16:57:30+08:00 ] ::1 /test/onethink/Member.php?s=/Medical/
INFO: [ app_init ] --START--
INFO: Run Behavior\BuildLiteBehavior [ RunTime:0.000013s ]
INFO: Run Common\Behavior\InitHookBehavior [ RunTime:0.001471s ]
INFO: [ app_init ] --END-- [ RunTime:0.002175s ]

[ 2015-05-19T16:57:48+08:00 ] ::1 /test/onethink/Member.php?s=/Medical/
INFO: [ app_init ] --START--
INFO: Run Behavior\BuildLiteBehavior [ RunTime:0.000013s ]
INFO: Run Common\Behavior\InitHookBehavior [ RunTime:0.001411s ]
INFO: [ app_init ] --END-- [ RunTime:0.001789s ]

[ 2015-05-19T16:58:08+08:00 ] ::1 /test/onethink/Member.php?s=/Medical/
INFO: [ app_init ] --START--
INFO: Run Behavior\BuildLiteBehavior [ RunTime:0.000016s ]
INFO: Run Common\Behavior\InitHookBehavior [ RunTime:0.001817s ]
INFO: [ app_init ] --END-- [ RunTime:0.002267s ]

[ 2015-05-19T17:00:06+08:00 ] ::1 /test/onethink/Member.php?s=/Medical/
INFO: [ app_init ] --START--
INFO: Run Behavior\BuildLiteBehavior [ RunTime:0.000013s ]
INFO: Run Common\Behavior\InitHookBehavior [ RunTime:0.001993s ]
INFO: [ app_init ] --END-- [ RunTime:0.002370s ]
ERR: 模板不存在:./Application/Member/View/Medical/reserve.html

[ 2015-05-19T17:00:39+08:00 ] ::1 /test/onethink/Member.php?s=/Medical/
INFO: [ app_init ] --START--
INFO: Run Behavior\BuildLiteBehavior [ RunTime:0.000020s ]
INFO: Run Common\Behavior\InitHookBehavior [ RunTime:0.003105s ]
INFO: [ app_init ] --END-- [ RunTime:0.003880s ]

[ 2015-05-19T17:02:31+08:00 ] ::1 /test/onethink/Member.php?s=/Medical/
INFO: [ app_init ] --START--
INFO: Run Behavior\BuildLiteBehavior [ RunTime:0.000024s ]
INFO: Run Common\Behavior\InitHookBehavior [ RunTime:0.002625s ]
INFO: [ app_init ] --END-- [ RunTime:0.003262s ]

[ 2015-05-19T17:02:56+08:00 ] ::1 /test/onethink/Member.php?s=/Medical/
INFO: [ app_init ] --START--
INFO: Run Behavior\BuildLiteBehavior [ RunTime:0.000012s ]
INFO: Run Common\Behavior\InitHookBehavior [ RunTime:0.001826s ]
INFO: [ app_init ] --END-- [ RunTime:0.002202s ]

[ 2015-05-19T17:04:49+08:00 ] ::1 /test/onethink/Member.php?s=/Medical/
INFO: [ app_init ] --START--
INFO: Run Behavior\BuildLiteBehavior [ RunTime:0.000023s ]
INFO: Run Common\Behavior\InitHookBehavior [ RunTime:0.003174s ]
INFO: [ app_init ] --END-- [ RunTime:0.003816s ]

[ 2015-05-19T17:05:04+08:00 ] ::1 /test/onethink/Member.php?s=/Medical/
INFO: [ app_init ] --START--
INFO: Run Behavior\BuildLiteBehavior [ RunTime:0.000020s ]
INFO: Run Common\Behavior\InitHookBehavior [ RunTime:0.002856s ]
INFO: [ app_init ] --END-- [ RunTime:0.003466s ]

[ 2015-05-19T17:05:49+08:00 ] ::1 /test/onethink/Member.php?s=/Medical/
INFO: [ app_init ] --START--
INFO: Run Behavior\BuildLiteBehavior [ RunTime:0.000025s ]
INFO: Run Common\Behavior\InitHookBehavior [ RunTime:0.002343s ]
INFO: [ app_init ] --END-- [ RunTime:0.002990s ]

[ 2015-05-19T17:06:59+08:00 ] ::1 /test/onethink/Member.php?s=/Medical/
INFO: [ app_init ] --START--
INFO: Run Behavior\BuildLiteBehavior [ RunTime:0.000019s ]
INFO: Run Common\Behavior\InitHookBehavior [ RunTime:0.002441s ]
INFO: [ app_init ] --END-- [ RunTime:0.002977s ]

[ 2015-05-19T17:07:02+08:00 ] ::1 /test/onethink/Member.php?s=/Medical/Medical.html
INFO: [ app_init ] --START--
INFO: Run Behavior\BuildLiteBehavior [ RunTime:0.000022s ]
INFO: Run Common\Behavior\InitHookBehavior [ RunTime:0.002130s ]
INFO: [ app_init ] --END-- [ RunTime:0.002708s ]
ERR: 非法操作:Medical

[ 2015-05-19T17:07:14+08:00 ] ::1 /test/onethink/Member.php?s=/Medical/Medical.html
INFO: [ app_init ] --START--
INFO: Run Behavior\BuildLiteBehavior [ RunTime:0.000016s ]
INFO: Run Common\Behavior\InitHookBehavior [ RunTime:0.001890s ]
INFO: [ app_init ] --END-- [ RunTime:0.002532s ]
ERR: 非法操作:Medical

[ 2015-05-19T17:07:15+08:00 ] ::1 /test/onethink/Member.php?s=/Medical/Medical.html
INFO: [ app_init ] --START--
INFO: Run Behavior\BuildLiteBehavior [ RunTime:0.000017s ]
INFO: Run Common\Behavior\InitHookBehavior [ RunTime:0.002022s ]
INFO: [ app_init ] --END-- [ RunTime:0.002462s ]
ERR: 非法操作:Medical

[ 2015-05-19T17:07:16+08:00 ] ::1 /test/onethink/Member.php?s=/Medical/
INFO: [ app_init ] --START--
INFO: Run Behavior\BuildLiteBehavior [ RunTime:0.000021s ]
INFO: Run Common\Behavior\InitHookBehavior [ RunTime:0.002625s ]
INFO: [ app_init ] --END-- [ RunTime:0.003249s ]

[ 2015-05-19T17:07:17+08:00 ] ::1 /test/onethink/Member.php?s=/Medical/index.html
INFO: [ app_init ] --START--
INFO: Run Behavior\BuildLiteBehavior [ RunTime:0.000018s ]
INFO: Run Common\Behavior\InitHookBehavior [ RunTime:0.002201s ]
INFO: [ app_init ] --END-- [ RunTime:0.002819s ]

[ 2015-05-19T17:07:17+08:00 ] ::1 /test/onethink/Member.php?s=/Medical/index.html
INFO: [ app_init ] --START--
INFO: Run Behavior\BuildLiteBehavior [ RunTime:0.000014s ]
INFO: Run Common\Behavior\InitHookBehavior [ RunTime:0.001944s ]
INFO: [ app_init ] --END-- [ RunTime:0.002528s ]

[ 2015-05-19T17:07:18+08:00 ] ::1 /test/onethink/Member.php?s=/Medical/index.html
INFO: [ app_init ] --START--
INFO: Run Behavior\BuildLiteBehavior [ RunTime:0.000021s ]
INFO: Run Common\Behavior\InitHookBehavior [ RunTime:0.002196s ]
INFO: [ app_init ] --END-- [ RunTime:0.002730s ]

[ 2015-05-19T17:07:59+08:00 ] ::1 /test/onethink/Member.php?s=/Medical/index.html
INFO: [ app_init ] --START--
INFO: Run Behavior\BuildLiteBehavior [ RunTime:0.000027s ]
INFO: Run Common\Behavior\InitHookBehavior [ RunTime:0.002965s ]
INFO: [ app_init ] --END-- [ RunTime:0.003683s ]

[ 2015-05-19T17:08:01+08:00 ] ::1 /test/onethink/Member.php?s=/Medical/edit.html
INFO: [ app_init ] --START--
INFO: Run Behavior\BuildLiteBehavior [ RunTime:0.000024s ]
INFO: Run Common\Behavior\InitHookBehavior [ RunTime:0.002415s ]
INFO: [ app_init ] --END-- [ RunTime:0.003125s ]
ERR: 非法操作:edit

