[ 2015-05-04T09:05:18+08:00 ] ::1 /test/onethink/member.php?s=/Member/Businesscard/
INFO: [ app_init ] --START--
INFO: Run Behavior\BuildLiteBehavior [ RunTime:0.000035s ]
INFO: Run Common\Behavior\InitHookBehavior [ RunTime:0.098333s ]
INFO: [ app_init ] --END-- [ RunTime:0.108873s ]

[ 2015-05-04T09:06:30+08:00 ] ::1 /test/onethink/member.php?s=/Member/Businesscard/index/p/2.html
INFO: [ app_init ] --START--
INFO: Run Behavior\BuildLiteBehavior [ RunTime:0.000013s ]
INFO: Run Common\Behavior\InitHookBehavior [ RunTime:0.003144s ]
INFO: [ app_init ] --END-- [ RunTime:0.003945s ]

[ 2015-05-04T09:06:33+08:00 ] ::1 /test/onethink/member.php?s=/Member/Businesscard/edit/id/12.html
INFO: [ app_init ] --START--
INFO: Run Behavior\BuildLiteBehavior [ RunTime:0.000015s ]
INFO: Run Common\Behavior\InitHookBehavior [ RunTime:0.002437s ]
INFO: [ app_init ] --END-- [ RunTime:0.002877s ]

[ 2015-05-04T09:06:40+08:00 ] ::1 /test/onethink/member.php?s=/Member/Businesscard/edit/id/12.html
INFO: [ app_init ] --START--
INFO: Run Behavior\BuildLiteBehavior [ RunTime:0.000016s ]
INFO: Run Common\Behavior\InitHookBehavior [ RunTime:0.002253s ]
INFO: [ app_init ] --END-- [ RunTime:0.002722s ]

[ 2015-05-04T09:06:42+08:00 ] ::1 /test/onethink/member.php?s=/Member/Businesscard/edit/id/12.html
INFO: [ app_init ] --START--
INFO: Run Behavior\BuildLiteBehavior [ RunTime:0.000017s ]
INFO: Run Common\Behavior\InitHookBehavior [ RunTime:0.001772s ]
INFO: [ app_init ] --END-- [ RunTime:0.002219s ]

[ 2015-05-04T09:07:40+08:00 ] ::1 /test/onethink/member.php?s=/Member/Businesscard/index/p/2.html
INFO: [ app_init ] --START--
INFO: Run Behavior\BuildLiteBehavior [ RunTime:0.000013s ]
INFO: Run Common\Behavior\InitHookBehavior [ RunTime:0.002160s ]
INFO: [ app_init ] --END-- [ RunTime:0.002548s ]

[ 2015-05-04T09:07:43+08:00 ] ::1 /test/onethink/member.php?s=/Member/Businesscard/edit/id/12.html
INFO: [ app_init ] --START--
INFO: Run Behavior\BuildLiteBehavior [ RunTime:0.000013s ]
INFO: Run Common\Behavior\InitHookBehavior [ RunTime:0.002897s ]
INFO: [ app_init ] --END-- [ RunTime:0.003794s ]

[ 2015-05-04T09:07:43+08:00 ] ::1 /test/onethink/member.php?s=/Member/Businesscard/edit/id/12.html
INFO: [ app_init ] --START--
INFO: Run Behavior\BuildLiteBehavior [ RunTime:0.000015s ]
INFO: Run Common\Behavior\InitHookBehavior [ RunTime:0.002029s ]
INFO: [ app_init ] --END-- [ RunTime:0.002563s ]

[ 2015-05-04T09:07:44+08:00 ] ::1 /test/onethink/member.php?s=/Member/Businesscard/edit/id/12.html
INFO: [ app_init ] --START--
INFO: Run Behavior\BuildLiteBehavior [ RunTime:0.000031s ]
INFO: Run Common\Behavior\InitHookBehavior [ RunTime:0.004424s ]
INFO: [ app_init ] --END-- [ RunTime:0.005394s ]

[ 2015-05-04T09:07:44+08:00 ] ::1 /test/onethink/member.php?s=/Member/Businesscard/edit/id/12.html
INFO: [ app_init ] --START--
INFO: Run Behavior\BuildLiteBehavior [ RunTime:0.000016s ]
INFO: Run Common\Behavior\InitHookBehavior [ RunTime:0.002073s ]
INFO: [ app_init ] --END-- [ RunTime:0.002613s ]

[ 2015-05-04T09:07:44+08:00 ] ::1 /test/onethink/member.php?s=/Member/Businesscard/edit/id/12.html
INFO: [ app_init ] --START--
INFO: Run Behavior\BuildLiteBehavior [ RunTime:0.000018s ]
INFO: Run Common\Behavior\InitHookBehavior [ RunTime:0.002339s ]
INFO: [ app_init ] --END-- [ RunTime:0.002795s ]

[ 2015-05-04T09:07:44+08:00 ] ::1 /test/onethink/member.php?s=/Member/Businesscard/edit/id/12.html
INFO: [ app_init ] --START--
INFO: Run Behavior\BuildLiteBehavior [ RunTime:0.000015s ]
INFO: Run Common\Behavior\InitHookBehavior [ RunTime:0.002463s ]
INFO: [ app_init ] --END-- [ RunTime:0.002905s ]

[ 2015-05-04T09:07:44+08:00 ] ::1 /test/onethink/member.php?s=/Member/Businesscard/edit/id/12.html
INFO: [ app_init ] --START--
INFO: Run Behavior\BuildLiteBehavior [ RunTime:0.000015s ]
INFO: Run Common\Behavior\InitHookBehavior [ RunTime:0.002390s ]
INFO: [ app_init ] --END-- [ RunTime:0.002832s ]

[ 2015-05-04T09:07:45+08:00 ] ::1 /test/onethink/member.php?s=/Member/Businesscard/edit/id/12.html
INFO: [ app_init ] --START--
INFO: Run Behavior\BuildLiteBehavior [ RunTime:0.000013s ]
INFO: Run Common\Behavior\InitHookBehavior [ RunTime:0.002238s ]
INFO: [ app_init ] --END-- [ RunTime:0.002621s ]

[ 2015-05-04T09:07:45+08:00 ] ::1 /test/onethink/member.php?s=/Member/Businesscard/edit/id/12.html
INFO: [ app_init ] --START--
INFO: Run Behavior\BuildLiteBehavior [ RunTime:0.000014s ]
INFO: Run Common\Behavior\InitHookBehavior [ RunTime:0.002236s ]
INFO: [ app_init ] --END-- [ RunTime:0.002651s ]

[ 2015-05-04T09:09:23+08:00 ] ::1 /test/onethink/member.php?s=/Member/Businesscard/edit/id/12.html
INFO: [ app_init ] --START--
INFO: Run Behavior\BuildLiteBehavior [ RunTime:0.000016s ]
INFO: Run Common\Behavior\InitHookBehavior [ RunTime:0.002734s ]
INFO: [ app_init ] --END-- [ RunTime:0.003193s ]

[ 2015-05-04T09:09:24+08:00 ] ::1 /test/onethink/member.php?s=/Member/Businesscard/edit/id/12.html
INFO: [ app_init ] --START--
INFO: Run Behavior\BuildLiteBehavior [ RunTime:0.000015s ]
INFO: Run Common\Behavior\InitHookBehavior [ RunTime:0.002842s ]
INFO: [ app_init ] --END-- [ RunTime:0.003364s ]

[ 2015-05-04T09:13:18+08:00 ] ::1 /test/onethink/member.php?s=/Member/Businesscard/edit/id/12.html
INFO: [ app_init ] --START--
INFO: Run Behavior\BuildLiteBehavior [ RunTime:0.000016s ]
INFO: Run Common\Behavior\InitHookBehavior [ RunTime:0.019198s ]
INFO: [ app_init ] --END-- [ RunTime:0.023516s ]

[ 2015-05-04T09:14:24+08:00 ] ::1 /test/onethink/member.php?s=/Member/Businesscard/edit/id/12.html
INFO: [ app_init ] --START--
INFO: Run Behavior\BuildLiteBehavior [ RunTime:0.000032s ]
INFO: Run Common\Behavior\InitHookBehavior [ RunTime:0.003891s ]
INFO: [ app_init ] --END-- [ RunTime:0.004783s ]

[ 2015-05-04T11:33:38+08:00 ] ::1 /test/onethink/member.php?s=/Member/Car
INFO: [ app_init ] --START--
INFO: Run Behavior\BuildLiteBehavior [ RunTime:0.000013s ]
INFO: Run Common\Behavior\InitHookBehavior [ RunTime:0.002303s ]
INFO: [ app_init ] --END-- [ RunTime:0.002739s ]

[ 2015-05-04T11:34:10+08:00 ] ::1 /test/onethink/member.php?s=/Member/Car
INFO: [ app_init ] --START--
INFO: Run Behavior\BuildLiteBehavior [ RunTime:0.000013s ]
INFO: Run Common\Behavior\InitHookBehavior [ RunTime:0.002001s ]
INFO: [ app_init ] --END-- [ RunTime:0.002393s ]

[ 2015-05-04T11:36:07+08:00 ] ::1 /test/onethink/member.php?s=/Member/Car
INFO: [ app_init ] --START--
INFO: Run Behavior\BuildLiteBehavior [ RunTime:0.000013s ]
INFO: Run Common\Behavior\InitHookBehavior [ RunTime:0.002358s ]
INFO: [ app_init ] --END-- [ RunTime:0.002754s ]

[ 2015-05-04T11:44:08+08:00 ] ::1 /test/onethink/member.php?s=/Member/Car
INFO: [ app_init ] --START--
INFO: Run Behavior\BuildLiteBehavior [ RunTime:0.000021s ]
INFO: Run Common\Behavior\InitHookBehavior [ RunTime:0.003083s ]
INFO: [ app_init ] --END-- [ RunTime:0.003657s ]

[ 2015-05-04T11:45:01+08:00 ] ::1 /test/onethink/member.php?s=/Member/Car
INFO: [ app_init ] --START--
INFO: Run Behavior\BuildLiteBehavior [ RunTime:0.000016s ]
INFO: Run Common\Behavior\InitHookBehavior [ RunTime:0.002659s ]
INFO: [ app_init ] --END-- [ RunTime:0.003104s ]

[ 2015-05-04T11:51:32+08:00 ] ::1 /test/onethink/Member/?
INFO: [ app_init ] --START--
INFO: Run Behavior\BuildLiteBehavior [ RunTime:0.000014s ]
INFO: Run Common\Behavior\InitHookBehavior [ RunTime:0.002457s ]
INFO: [ app_init ] --END-- [ RunTime:0.002886s ]

[ 2015-05-04T11:51:42+08:00 ] ::1 /test/onethink/Member/?
INFO: [ app_init ] --START--
INFO: Run Behavior\BuildLiteBehavior [ RunTime:0.000013s ]
INFO: Run Common\Behavior\InitHookBehavior [ RunTime:0.004375s ]
INFO: [ app_init ] --END-- [ RunTime:0.004929s ]

[ 2015-05-04T13:34:38+08:00 ] ::1 /test/onethink/member.php?s=/Member/Car
INFO: [ app_init ] --START--
INFO: Run Behavior\BuildLiteBehavior [ RunTime:0.000015s ]
INFO: Run Common\Behavior\InitHookBehavior [ RunTime:0.002277s ]
INFO: [ app_init ] --END-- [ RunTime:0.003025s ]

[ 2015-05-04T13:38:57+08:00 ] ::1 /test/onethink/member.php?s=/Member/Car
INFO: [ app_init ] --START--
INFO: Run Behavior\BuildLiteBehavior [ RunTime:0.000013s ]
INFO: Run Common\Behavior\InitHookBehavior [ RunTime:0.002695s ]
INFO: [ app_init ] --END-- [ RunTime:0.003144s ]

[ 2015-05-04T13:39:09+08:00 ] ::1 /test/onethink/member.php?s=/Member/Car
INFO: [ app_init ] --START--
INFO: Run Behavior\BuildLiteBehavior [ RunTime:0.000014s ]
INFO: Run Common\Behavior\InitHookBehavior [ RunTime:0.002358s ]
INFO: [ app_init ] --END-- [ RunTime:0.002749s ]

[ 2015-05-04T13:39:36+08:00 ] ::1 /test/onethink/member.php?s=/Member/Car
INFO: [ app_init ] --START--
INFO: Run Behavior\BuildLiteBehavior [ RunTime:0.000021s ]
INFO: Run Common\Behavior\InitHookBehavior [ RunTime:0.004694s ]
INFO: [ app_init ] --END-- [ RunTime:0.005429s ]

[ 2015-05-04T13:39:42+08:00 ] ::1 /test/onethink/member.php?s=/Member/Car
INFO: [ app_init ] --START--
INFO: Run Behavior\BuildLiteBehavior [ RunTime:0.000020s ]
INFO: Run Common\Behavior\InitHookBehavior [ RunTime:0.003658s ]
INFO: [ app_init ] --END-- [ RunTime:0.004301s ]

[ 2015-05-04T13:40:04+08:00 ] ::1 /test/onethink/member.php?s=/Member/Car
INFO: [ app_init ] --START--
INFO: Run Behavior\BuildLiteBehavior [ RunTime:0.000014s ]
INFO: Run Common\Behavior\InitHookBehavior [ RunTime:0.002601s ]
INFO: [ app_init ] --END-- [ RunTime:0.003399s ]

[ 2015-05-04T13:40:35+08:00 ] ::1 /test/onethink/member.php?s=/Member/Car
INFO: [ app_init ] --START--
INFO: Run Behavior\BuildLiteBehavior [ RunTime:0.000016s ]
INFO: Run Common\Behavior\InitHookBehavior [ RunTime:0.002703s ]
INFO: [ app_init ] --END-- [ RunTime:0.003151s ]

[ 2015-05-04T13:45:18+08:00 ] ::1 /test/onethink/member.php?s=/Member/Car
INFO: [ app_init ] --START--
INFO: Run Behavior\BuildLiteBehavior [ RunTime:0.000014s ]
INFO: Run Common\Behavior\InitHookBehavior [ RunTime:0.002536s ]
INFO: [ app_init ] --END-- [ RunTime:0.002971s ]

[ 2015-05-04T13:45:38+08:00 ] ::1 /test/onethink/member.php?s=/Member/Car
INFO: [ app_init ] --START--
INFO: Run Behavior\BuildLiteBehavior [ RunTime:0.000022s ]
INFO: Run Common\Behavior\InitHookBehavior [ RunTime:0.004070s ]
INFO: [ app_init ] --END-- [ RunTime:0.004730s ]

[ 2015-05-04T13:45:46+08:00 ] ::1 /test/onethink/member.php?s=/Member/Car
INFO: [ app_init ] --START--
INFO: Run Behavior\BuildLiteBehavior [ RunTime:0.000016s ]
INFO: Run Common\Behavior\InitHookBehavior [ RunTime:0.002761s ]
INFO: [ app_init ] --END-- [ RunTime:0.003233s ]

[ 2015-05-04T13:45:54+08:00 ] ::1 /test/onethink/member.php?s=/Member/Car
INFO: [ app_init ] --START--
INFO: Run Behavior\BuildLiteBehavior [ RunTime:0.000012s ]
INFO: Run Common\Behavior\InitHookBehavior [ RunTime:0.002498s ]
INFO: [ app_init ] --END-- [ RunTime:0.002877s ]

[ 2015-05-04T13:53:31+08:00 ] ::1 /test/onethink/member.php?s=/Member/Car
INFO: [ app_init ] --START--
INFO: Run Behavior\BuildLiteBehavior [ RunTime:0.000018s ]
INFO: Run Common\Behavior\InitHookBehavior [ RunTime:0.003023s ]
INFO: [ app_init ] --END-- [ RunTime:0.003525s ]

[ 2015-05-04T13:54:44+08:00 ] ::1 /test/onethink/member.php?s=/Member/Car
INFO: [ app_init ] --START--
INFO: Run Behavior\BuildLiteBehavior [ RunTime:0.000020s ]
INFO: Run Common\Behavior\InitHookBehavior [ RunTime:0.003515s ]
INFO: [ app_init ] --END-- [ RunTime:0.004105s ]

[ 2015-05-04T13:54:44+08:00 ] ::1 /test/onethink/member.php?s=/Member/Car
INFO: [ app_init ] --START--
INFO: Run Behavior\BuildLiteBehavior [ RunTime:0.000014s ]
INFO: Run Common\Behavior\InitHookBehavior [ RunTime:0.002888s ]
INFO: [ app_init ] --END-- [ RunTime:0.003397s ]

[ 2015-05-04T13:54:45+08:00 ] ::1 /test/onethink/member.php?s=/Member/Car
INFO: [ app_init ] --START--
INFO: Run Behavior\BuildLiteBehavior [ RunTime:0.000013s ]
INFO: Run Common\Behavior\InitHookBehavior [ RunTime:0.002777s ]
INFO: [ app_init ] --END-- [ RunTime:0.003447s ]

[ 2015-05-04T13:55:04+08:00 ] ::1 /test/onethink/member.php?s=/Member/Car
INFO: [ app_init ] --START--
INFO: Run Behavior\BuildLiteBehavior [ RunTime:0.000014s ]
INFO: Run Common\Behavior\InitHookBehavior [ RunTime:0.002216s ]
INFO: [ app_init ] --END-- [ RunTime:0.002601s ]

[ 2015-05-04T13:55:42+08:00 ] ::1 /test/onethink/member.php?s=/Member/Car
INFO: [ app_init ] --START--
INFO: Run Behavior\BuildLiteBehavior [ RunTime:0.000020s ]
INFO: Run Common\Behavior\InitHookBehavior [ RunTime:0.002873s ]
INFO: [ app_init ] --END-- [ RunTime:0.003503s ]

[ 2015-05-04T13:55:43+08:00 ] ::1 /test/onethink/member.php?s=/Member/Car
INFO: [ app_init ] --START--
INFO: Run Behavior\BuildLiteBehavior [ RunTime:0.000013s ]
INFO: Run Common\Behavior\InitHookBehavior [ RunTime:0.002718s ]
INFO: [ app_init ] --END-- [ RunTime:0.003210s ]

[ 2015-05-04T13:55:43+08:00 ] ::1 /test/onethink/member.php?s=/Member/Car
INFO: [ app_init ] --START--
INFO: Run Behavior\BuildLiteBehavior [ RunTime:0.000016s ]
INFO: Run Common\Behavior\InitHookBehavior [ RunTime:0.002278s ]
INFO: [ app_init ] --END-- [ RunTime:0.002712s ]

[ 2015-05-04T13:55:44+08:00 ] ::1 /test/onethink/member.php?s=/Member/Car
INFO: [ app_init ] --START--
INFO: Run Behavior\BuildLiteBehavior [ RunTime:0.000017s ]
INFO: Run Common\Behavior\InitHookBehavior [ RunTime:0.002654s ]
INFO: [ app_init ] --END-- [ RunTime:0.003180s ]

[ 2015-05-04T13:55:45+08:00 ] ::1 /test/onethink/member.php?s=/Member/Car
INFO: [ app_init ] --START--
INFO: Run Behavior\BuildLiteBehavior [ RunTime:0.000019s ]
INFO: Run Common\Behavior\InitHookBehavior [ RunTime:0.002927s ]
INFO: [ app_init ] --END-- [ RunTime:0.003568s ]

[ 2015-05-04T13:56:19+08:00 ] ::1 /test/onethink/member.php?s=/Member/Car
INFO: [ app_init ] --START--
INFO: Run Behavior\BuildLiteBehavior [ RunTime:0.000020s ]
INFO: Run Common\Behavior\InitHookBehavior [ RunTime:0.003363s ]
INFO: [ app_init ] --END-- [ RunTime:0.003945s ]

[ 2015-05-04T13:56:20+08:00 ] ::1 /test/onethink/member.php?s=/Member/Car
INFO: [ app_init ] --START--
INFO: Run Behavior\BuildLiteBehavior [ RunTime:0.000033s ]
INFO: Run Common\Behavior\InitHookBehavior [ RunTime:0.004262s ]
INFO: [ app_init ] --END-- [ RunTime:0.005552s ]

[ 2015-05-04T13:56:20+08:00 ] ::1 /test/onethink/member.php?s=/Member/Car
INFO: [ app_init ] --START--
INFO: Run Behavior\BuildLiteBehavior [ RunTime:0.000017s ]
INFO: Run Common\Behavior\InitHookBehavior [ RunTime:0.002337s ]
INFO: [ app_init ] --END-- [ RunTime:0.002849s ]

[ 2015-05-04T13:56:21+08:00 ] ::1 /test/onethink/member.php?s=/Member/Car
INFO: [ app_init ] --START--
INFO: Run Behavior\BuildLiteBehavior [ RunTime:0.000016s ]
INFO: Run Common\Behavior\InitHookBehavior [ RunTime:0.002192s ]
INFO: [ app_init ] --END-- [ RunTime:0.002631s ]

[ 2015-05-04T13:56:43+08:00 ] ::1 /test/onethink/member.php?s=/Member/Car
INFO: [ app_init ] --START--
INFO: Run Behavior\BuildLiteBehavior [ RunTime:0.000016s ]
INFO: Run Common\Behavior\InitHookBehavior [ RunTime:0.002810s ]
INFO: [ app_init ] --END-- [ RunTime:0.003281s ]

[ 2015-05-04T13:57:34+08:00 ] ::1 /test/onethink/member.php?s=/Member/Car
INFO: [ app_init ] --START--
INFO: Run Behavior\BuildLiteBehavior [ RunTime:0.000020s ]
INFO: Run Common\Behavior\InitHookBehavior [ RunTime:0.003876s ]
INFO: [ app_init ] --END-- [ RunTime:0.004835s ]

[ 2015-05-04T13:58:31+08:00 ] ::1 /test/onethink/member.php?s=/Member/Car
INFO: [ app_init ] --START--
INFO: Run Behavior\BuildLiteBehavior [ RunTime:0.000023s ]
INFO: Run Common\Behavior\InitHookBehavior [ RunTime:0.003617s ]
INFO: [ app_init ] --END-- [ RunTime:0.004627s ]

[ 2015-05-04T13:58:57+08:00 ] ::1 /test/onethink/member.php?s=/Member/Car
INFO: [ app_init ] --START--
INFO: Run Behavior\BuildLiteBehavior [ RunTime:0.000014s ]
INFO: Run Common\Behavior\InitHookBehavior [ RunTime:0.002205s ]
INFO: [ app_init ] --END-- [ RunTime:0.002593s ]

[ 2015-05-04T13:58:59+08:00 ] ::1 /test/onethink/member.php?s=/Member/Car
INFO: [ app_init ] --START--
INFO: Run Behavior\BuildLiteBehavior [ RunTime:0.000018s ]
INFO: Run Common\Behavior\InitHookBehavior [ RunTime:0.003287s ]
INFO: [ app_init ] --END-- [ RunTime:0.003911s ]

[ 2015-05-04T13:59:28+08:00 ] ::1 /test/onethink/member.php?s=/Member/Car
INFO: [ app_init ] --START--
INFO: Run Behavior\BuildLiteBehavior [ RunTime:0.000013s ]
INFO: Run Common\Behavior\InitHookBehavior [ RunTime:0.002406s ]
INFO: [ app_init ] --END-- [ RunTime:0.002792s ]

[ 2015-05-04T13:59:41+08:00 ] ::1 /test/onethink/member.php?s=/Member/Car
INFO: [ app_init ] --START--
INFO: Run Behavior\BuildLiteBehavior [ RunTime:0.000017s ]
INFO: Run Common\Behavior\InitHookBehavior [ RunTime:0.002487s ]
INFO: [ app_init ] --END-- [ RunTime:0.002958s ]

[ 2015-05-04T14:03:51+08:00 ] ::1 /test/onethink/member.php?s=/Member/Car
INFO: [ app_init ] --START--
INFO: Run Behavior\BuildLiteBehavior [ RunTime:0.000013s ]
INFO: Run Common\Behavior\InitHookBehavior [ RunTime:0.002308s ]
INFO: [ app_init ] --END-- [ RunTime:0.002696s ]

[ 2015-05-04T14:04:47+08:00 ] ::1 /test/onethink/member.php?s=/Member/Car
INFO: [ app_init ] --START--
INFO: Run Behavior\BuildLiteBehavior [ RunTime:0.000016s ]
INFO: Run Common\Behavior\InitHookBehavior [ RunTime:0.022252s ]
INFO: [ app_init ] --END-- [ RunTime:0.027132s ]

[ 2015-05-04T14:05:48+08:00 ] ::1 /test/onethink/member.php?s=/Member/Car
INFO: [ app_init ] --START--
INFO: Run Behavior\BuildLiteBehavior [ RunTime:0.000015s ]
INFO: Run Common\Behavior\InitHookBehavior [ RunTime:0.002553s ]
INFO: [ app_init ] --END-- [ RunTime:0.002999s ]

[ 2015-05-04T14:07:11+08:00 ] ::1 /test/onethink/member.php?s=/Member/Car
INFO: [ app_init ] --START--
INFO: Run Behavior\BuildLiteBehavior [ RunTime:0.000014s ]
INFO: Run Common\Behavior\InitHookBehavior [ RunTime:0.002246s ]
INFO: [ app_init ] --END-- [ RunTime:0.002670s ]

[ 2015-05-04T14:08:43+08:00 ] ::1 /test/onethink/member.php?s=/Member/Car
INFO: [ app_init ] --START--
INFO: Run Behavior\BuildLiteBehavior [ RunTime:0.000021s ]
INFO: Run Common\Behavior\InitHookBehavior [ RunTime:0.003630s ]
INFO: [ app_init ] --END-- [ RunTime:0.004272s ]

[ 2015-05-04T14:10:50+08:00 ] ::1 /test/onethink/member.php?s=/Member/Car
INFO: [ app_init ] --START--
INFO: Run Behavior\BuildLiteBehavior [ RunTime:0.000021s ]
INFO: Run Common\Behavior\InitHookBehavior [ RunTime:0.005577s ]
INFO: [ app_init ] --END-- [ RunTime:0.006201s ]

[ 2015-05-04T14:11:24+08:00 ] ::1 /test/onethink/Member/?
INFO: [ app_init ] --START--
INFO: Run Behavior\BuildLiteBehavior [ RunTime:0.000016s ]
INFO: Run Common\Behavior\InitHookBehavior [ RunTime:0.002560s ]
INFO: [ app_init ] --END-- [ RunTime:0.002999s ]

[ 2015-05-04T14:11:47+08:00 ] ::1 /test/onethink/member.php?s=/Member/Car
INFO: [ app_init ] --START--
INFO: Run Behavior\BuildLiteBehavior [ RunTime:0.000019s ]
INFO: Run Common\Behavior\InitHookBehavior [ RunTime:0.003383s ]
INFO: [ app_init ] --END-- [ RunTime:0.004038s ]

[ 2015-05-04T14:13:42+08:00 ] ::1 /test/onethink/member.php?s=/Member/Car
INFO: [ app_init ] --START--
INFO: Run Behavior\BuildLiteBehavior [ RunTime:0.000018s ]
INFO: Run Common\Behavior\InitHookBehavior [ RunTime:0.003099s ]
INFO: [ app_init ] --END-- [ RunTime:0.003620s ]

[ 2015-05-04T14:14:35+08:00 ] ::1 /test/onethink/member.php?s=/Member/Car
INFO: [ app_init ] --START--
INFO: Run Behavior\BuildLiteBehavior [ RunTime:0.000013s ]
INFO: Run Common\Behavior\InitHookBehavior [ RunTime:0.002294s ]
INFO: [ app_init ] --END-- [ RunTime:0.002691s ]

[ 2015-05-04T14:17:13+08:00 ] ::1 /test/onethink/member.php?s=/Member/Car
INFO: [ app_init ] --START--
INFO: Run Behavior\BuildLiteBehavior [ RunTime:0.000016s ]
INFO: Run Common\Behavior\InitHookBehavior [ RunTime:0.003109s ]
INFO: [ app_init ] --END-- [ RunTime:0.003679s ]

[ 2015-05-04T14:17:34+08:00 ] ::1 /test/onethink/member.php?s=/Member/Car
INFO: [ app_init ] --START--
INFO: Run Behavior\BuildLiteBehavior [ RunTime:0.000020s ]
INFO: Run Common\Behavior\InitHookBehavior [ RunTime:0.003247s ]
INFO: [ app_init ] --END-- [ RunTime:0.003828s ]

[ 2015-05-04T14:18:13+08:00 ] ::1 /test/onethink/member.php?s=/Member/Car
INFO: [ app_init ] --START--
INFO: Run Behavior\BuildLiteBehavior [ RunTime:0.000022s ]
INFO: Run Common\Behavior\InitHookBehavior [ RunTime:0.003342s ]
INFO: [ app_init ] --END-- [ RunTime:0.003958s ]

[ 2015-05-04T14:19:01+08:00 ] ::1 /test/onethink/member.php?
INFO: [ app_init ] --START--
INFO: Run Behavior\BuildLiteBehavior [ RunTime:0.000019s ]
INFO: Run Common\Behavior\InitHookBehavior [ RunTime:0.002702s ]
INFO: [ app_init ] --END-- [ RunTime:0.003357s ]
INFO: [ app_begin ] --START--
INFO: Run Behavior\ReadHtmlCacheBehavior [ RunTime:0.000702s ]
INFO: [ app_begin ] --END-- [ RunTime:0.000831s ]
INFO: [ app_end ] --START--
INFO: Run Behavior\ShowPageTraceBehavior [ RunTime:0.000855s ]
INFO: [ app_end ] --END-- [ RunTime:0.000907s ]

[ 2015-05-04T14:21:35+08:00 ] ::1 /test/onethink/member.php?s=/Member/Car
INFO: [ app_init ] --START--
INFO: Run Behavior\BuildLiteBehavior [ RunTime:0.000020s ]
INFO: Run Common\Behavior\InitHookBehavior [ RunTime:0.003146s ]
INFO: [ app_init ] --END-- [ RunTime:0.003698s ]

[ 2015-05-04T14:21:40+08:00 ] ::1 /test/onethink/member.php?s=/Member/Car
INFO: [ app_init ] --START--
INFO: Run Behavior\BuildLiteBehavior [ RunTime:0.000018s ]
INFO: Run Common\Behavior\InitHookBehavior [ RunTime:0.002896s ]
INFO: [ app_init ] --END-- [ RunTime:0.003410s ]

[ 2015-05-04T14:21:44+08:00 ] ::1 /test/onethink/member.php?
INFO: [ app_init ] --START--
INFO: Run Behavior\BuildLiteBehavior [ RunTime:0.000013s ]
INFO: Run Common\Behavior\InitHookBehavior [ RunTime:0.002366s ]
INFO: [ app_init ] --END-- [ RunTime:0.002748s ]
INFO: [ app_begin ] --START--
INFO: Run Behavior\ReadHtmlCacheBehavior [ RunTime:0.000703s ]
INFO: [ app_begin ] --END-- [ RunTime:0.000747s ]
INFO: [ app_end ] --START--
INFO: Run Behavior\ShowPageTraceBehavior [ RunTime:0.000711s ]
INFO: [ app_end ] --END-- [ RunTime:0.000758s ]

[ 2015-05-04T14:29:28+08:00 ] ::1 /test/onethink/member.php?s=/Member/Car
INFO: [ app_init ] --START--
INFO: Run Behavior\BuildLiteBehavior [ RunTime:0.000015s ]
INFO: Run Common\Behavior\InitHookBehavior [ RunTime:0.002367s ]
INFO: [ app_init ] --END-- [ RunTime:0.002754s ]

[ 2015-05-04T14:29:30+08:00 ] ::1 /test/onethink/member.php?s=/Member/Car
INFO: [ app_init ] --START--
INFO: Run Behavior\BuildLiteBehavior [ RunTime:0.000015s ]
INFO: Run Common\Behavior\InitHookBehavior [ RunTime:0.002500s ]
INFO: [ app_init ] --END-- [ RunTime:0.002901s ]

[ 2015-05-04T14:29:31+08:00 ] ::1 /test/onethink/member.php?
INFO: [ app_init ] --START--
INFO: Run Behavior\BuildLiteBehavior [ RunTime:0.000015s ]
INFO: Run Common\Behavior\InitHookBehavior [ RunTime:0.002578s ]
INFO: [ app_init ] --END-- [ RunTime:0.003023s ]
INFO: [ app_begin ] --START--
INFO: Run Behavior\ReadHtmlCacheBehavior [ RunTime:0.000730s ]
INFO: [ app_begin ] --END-- [ RunTime:0.000783s ]
INFO: [ app_end ] --START--
INFO: Run Behavior\ShowPageTraceBehavior [ RunTime:0.000727s ]
INFO: [ app_end ] --END-- [ RunTime:0.000779s ]

[ 2015-05-04T14:29:39+08:00 ] ::1 /test/onethink/member.php?s=/Member/Car
INFO: [ app_init ] --START--
INFO: Run Behavior\BuildLiteBehavior [ RunTime:0.000013s ]
INFO: Run Common\Behavior\InitHookBehavior [ RunTime:0.002439s ]
INFO: [ app_init ] --END-- [ RunTime:0.002827s ]

[ 2015-05-04T14:29:45+08:00 ] ::1 /test/onethink/member.php?
INFO: [ app_init ] --START--
INFO: Run Behavior\BuildLiteBehavior [ RunTime:0.000016s ]
INFO: Run Common\Behavior\InitHookBehavior [ RunTime:0.003135s ]
INFO: [ app_init ] --END-- [ RunTime:0.003605s ]
INFO: [ app_begin ] --START--
INFO: Run Behavior\ReadHtmlCacheBehavior [ RunTime:0.000729s ]
INFO: [ app_begin ] --END-- [ RunTime:0.000784s ]
INFO: [ app_end ] --START--
INFO: Run Behavior\ShowPageTraceBehavior [ RunTime:0.000647s ]
INFO: [ app_end ] --END-- [ RunTime:0.000693s ]

[ 2015-05-04T14:53:48+08:00 ] ::1 /test/onethink/member.php?s=/Member/Car
INFO: [ app_init ] --START--
INFO: Run Behavior\BuildLiteBehavior [ RunTime:0.000023s ]
INFO: Run Common\Behavior\InitHookBehavior [ RunTime:0.004058s ]
INFO: [ app_init ] --END-- [ RunTime:0.004888s ]

[ 2015-05-04T14:53:54+08:00 ] ::1 /test/onethink/member.php?
INFO: [ app_init ] --START--
INFO: Run Behavior\BuildLiteBehavior [ RunTime:0.000016s ]
INFO: Run Common\Behavior\InitHookBehavior [ RunTime:0.002425s ]
INFO: [ app_init ] --END-- [ RunTime:0.002970s ]
INFO: [ app_begin ] --START--
INFO: Run Behavior\ReadHtmlCacheBehavior [ RunTime:0.000705s ]
INFO: [ app_begin ] --END-- [ RunTime:0.000756s ]
INFO: [ app_end ] --START--
INFO: Run Behavior\ShowPageTraceBehavior [ RunTime:0.000707s ]
INFO: [ app_end ] --END-- [ RunTime:0.000757s ]

[ 2015-05-04T14:56:21+08:00 ] ::1 /test/onethink/member.php?s=/Member/Car
INFO: [ app_init ] --START--
INFO: Run Behavior\BuildLiteBehavior [ RunTime:0.000057s ]
INFO: Run Common\Behavior\InitHookBehavior [ RunTime:0.004165s ]
INFO: [ app_init ] --END-- [ RunTime:0.005177s ]

[ 2015-05-04T14:56:24+08:00 ] ::1 /test/onethink/member.php?
INFO: [ app_init ] --START--
INFO: Run Behavior\BuildLiteBehavior [ RunTime:0.000015s ]
INFO: Run Common\Behavior\InitHookBehavior [ RunTime:0.002992s ]
INFO: [ app_init ] --END-- [ RunTime:0.003432s ]
INFO: [ app_begin ] --START--
INFO: Run Behavior\ReadHtmlCacheBehavior [ RunTime:0.000716s ]
INFO: [ app_begin ] --END-- [ RunTime:0.000761s ]
INFO: [ app_end ] --START--
INFO: Run Behavior\ShowPageTraceBehavior [ RunTime:0.000817s ]
INFO: [ app_end ] --END-- [ RunTime:0.000860s ]

[ 2015-05-04T14:56:54+08:00 ] ::1 /test/onethink/member.php?s=/Member/Car
INFO: [ app_init ] --START--
INFO: Run Behavior\BuildLiteBehavior [ RunTime:0.000014s ]
INFO: Run Common\Behavior\InitHookBehavior [ RunTime:0.002386s ]
INFO: [ app_init ] --END-- [ RunTime:0.002778s ]

[ 2015-05-04T14:56:59+08:00 ] ::1 /test/onethink/member.php?
INFO: [ app_init ] --START--
INFO: Run Behavior\BuildLiteBehavior [ RunTime:0.000017s ]
INFO: Run Common\Behavior\InitHookBehavior [ RunTime:0.002502s ]
INFO: [ app_init ] --END-- [ RunTime:0.002984s ]
INFO: [ app_begin ] --START--
INFO: Run Behavior\ReadHtmlCacheBehavior [ RunTime:0.000799s ]
INFO: [ app_begin ] --END-- [ RunTime:0.000850s ]
SQL: SHOW COLUMNS FROM `wechat_car_config` [ RunTime:0.0304s ]
INFO: [ app_end ] --START--
INFO: Run Behavior\ShowPageTraceBehavior [ RunTime:0.000869s ]
INFO: [ app_end ] --END-- [ RunTime:0.000915s ]

[ 2015-05-04T14:57:22+08:00 ] ::1 /test/onethink/member.php?s=/Member/Car
INFO: [ app_init ] --START--
INFO: Run Behavior\BuildLiteBehavior [ RunTime:0.000020s ]
INFO: Run Common\Behavior\InitHookBehavior [ RunTime:0.003380s ]
INFO: [ app_init ] --END-- [ RunTime:0.003938s ]

[ 2015-05-04T14:57:25+08:00 ] ::1 /test/onethink/member.php?
INFO: [ app_init ] --START--
INFO: Run Behavior\BuildLiteBehavior [ RunTime:0.000014s ]
INFO: Run Common\Behavior\InitHookBehavior [ RunTime:0.002242s ]
INFO: [ app_init ] --END-- [ RunTime:0.002645s ]
INFO: [ app_begin ] --START--
INFO: Run Behavior\ReadHtmlCacheBehavior [ RunTime:0.000727s ]
INFO: [ app_begin ] --END-- [ RunTime:0.000776s ]
SQL: SHOW COLUMNS FROM `wechat_car_config` [ RunTime:0.0082s ]
INFO: [ app_end ] --START--
INFO: Run Behavior\ShowPageTraceBehavior [ RunTime:0.000802s ]
INFO: [ app_end ] --END-- [ RunTime:0.000850s ]

[ 2015-05-04T15:22:34+08:00 ] ::1 /test/onethink/member.php?s=/Member/Car
INFO: [ app_init ] --START--
INFO: Run Behavior\BuildLiteBehavior [ RunTime:0.000016s ]
INFO: Run Common\Behavior\InitHookBehavior [ RunTime:0.002772s ]
INFO: [ app_init ] --END-- [ RunTime:0.003307s ]

[ 2015-05-04T15:22:40+08:00 ] ::1 /test/onethink/member.php?
INFO: [ app_init ] --START--
INFO: Run Behavior\BuildLiteBehavior [ RunTime:0.000016s ]
INFO: Run Common\Behavior\InitHookBehavior [ RunTime:0.002549s ]
INFO: [ app_init ] --END-- [ RunTime:0.003073s ]
INFO: [ app_begin ] --START--
INFO: Run Behavior\ReadHtmlCacheBehavior [ RunTime:0.000823s ]
INFO: [ app_begin ] --END-- [ RunTime:0.000876s ]
SQL: SHOW COLUMNS FROM `wechat_car_config` [ RunTime:0.0285s ]
INFO: [ app_end ] --START--
INFO: Run Behavior\ShowPageTraceBehavior [ RunTime:0.001005s ]
INFO: [ app_end ] --END-- [ RunTime:0.001058s ]

[ 2015-05-04T15:22:50+08:00 ] ::1 /test/onethink/member.php?s=/Member/Car
INFO: [ app_init ] --START--
INFO: Run Behavior\BuildLiteBehavior [ RunTime:0.000015s ]
INFO: Run Common\Behavior\InitHookBehavior [ RunTime:0.002320s ]
INFO: [ app_init ] --END-- [ RunTime:0.002854s ]

[ 2015-05-04T15:22:57+08:00 ] ::1 /test/onethink/member.php?
INFO: [ app_init ] --START--
INFO: Run Behavior\BuildLiteBehavior [ RunTime:0.000015s ]
INFO: Run Common\Behavior\InitHookBehavior [ RunTime:0.002594s ]
INFO: [ app_init ] --END-- [ RunTime:0.003034s ]
INFO: [ app_begin ] --START--
INFO: Run Behavior\ReadHtmlCacheBehavior [ RunTime:0.000726s ]
INFO: [ app_begin ] --END-- [ RunTime:0.000780s ]
SQL: SHOW COLUMNS FROM `wechat_car_config` [ RunTime:0.0100s ]
INFO: [ app_end ] --START--
INFO: Run Behavior\ShowPageTraceBehavior [ RunTime:0.000807s ]
INFO: [ app_end ] --END-- [ RunTime:0.000859s ]

[ 2015-05-04T15:23:54+08:00 ] ::1 /test/onethink/member.php?s=/Member/Car
INFO: [ app_init ] --START--
INFO: Run Behavior\BuildLiteBehavior [ RunTime:0.000023s ]
INFO: Run Common\Behavior\InitHookBehavior [ RunTime:0.002740s ]
INFO: [ app_init ] --END-- [ RunTime:0.003356s ]

[ 2015-05-04T15:23:55+08:00 ] ::1 /test/onethink/member.php?
INFO: [ app_init ] --START--
INFO: Run Behavior\BuildLiteBehavior [ RunTime:0.000066s ]
INFO: Run Common\Behavior\InitHookBehavior [ RunTime:0.003491s ]
INFO: [ app_init ] --END-- [ RunTime:0.004262s ]
INFO: [ app_begin ] --START--
INFO: Run Behavior\ReadHtmlCacheBehavior [ RunTime:0.000883s ]
INFO: [ app_begin ] --END-- [ RunTime:0.001012s ]
SQL: SHOW COLUMNS FROM `wechat_car_config` [ RunTime:0.0171s ]
INFO: [ app_end ] --START--
INFO: Run Behavior\ShowPageTraceBehavior [ RunTime:0.000864s ]
INFO: [ app_end ] --END-- [ RunTime:0.000911s ]

[ 2015-05-04T15:24:19+08:00 ] ::1 /test/onethink/member.php?s=/Member/Car
INFO: [ app_init ] --START--
INFO: Run Behavior\BuildLiteBehavior [ RunTime:0.000013s ]
INFO: Run Common\Behavior\InitHookBehavior [ RunTime:0.002506s ]
INFO: [ app_init ] --END-- [ RunTime:0.002966s ]

[ 2015-05-04T15:24:33+08:00 ] ::1 /test/onethink/member.php?s=/Member/Car
INFO: [ app_init ] --START--
INFO: Run Behavior\BuildLiteBehavior [ RunTime:0.000018s ]
INFO: Run Common\Behavior\InitHookBehavior [ RunTime:0.002838s ]
INFO: [ app_init ] --END-- [ RunTime:0.003336s ]

[ 2015-05-04T15:24:34+08:00 ] ::1 /test/onethink/member.php?
INFO: [ app_init ] --START--
INFO: Run Behavior\BuildLiteBehavior [ RunTime:0.000016s ]
INFO: Run Common\Behavior\InitHookBehavior [ RunTime:0.002649s ]
INFO: [ app_init ] --END-- [ RunTime:0.003326s ]
INFO: [ app_begin ] --START--
INFO: Run Behavior\ReadHtmlCacheBehavior [ RunTime:0.000703s ]
INFO: [ app_begin ] --END-- [ RunTime:0.000771s ]
SQL: SHOW COLUMNS FROM `wechat_car_config` [ RunTime:0.0165s ]
INFO: [ app_end ] --START--
INFO: Run Behavior\ShowPageTraceBehavior [ RunTime:0.000700s ]
INFO: [ app_end ] --END-- [ RunTime:0.000745s ]

[ 2015-05-04T15:53:21+08:00 ] ::1 /test/onethink/member.php?s=/Member/Car
INFO: [ app_init ] --START--
INFO: Run Behavior\BuildLiteBehavior [ RunTime:0.000017s ]
INFO: Run Common\Behavior\InitHookBehavior [ RunTime:0.002909s ]
INFO: [ app_init ] --END-- [ RunTime:0.003376s ]

[ 2015-05-04T15:53:32+08:00 ] ::1 /test/onethink/member.php?
INFO: [ app_init ] --START--
INFO: Run Behavior\BuildLiteBehavior [ RunTime:0.000017s ]
INFO: Run Common\Behavior\InitHookBehavior [ RunTime:0.002606s ]
INFO: [ app_init ] --END-- [ RunTime:0.003079s ]
INFO: [ app_begin ] --START--
INFO: Run Behavior\ReadHtmlCacheBehavior [ RunTime:0.000736s ]
INFO: [ app_begin ] --END-- [ RunTime:0.000789s ]
SQL: SHOW COLUMNS FROM `wechat_car_config` [ RunTime:0.0298s ]
INFO: [ app_end ] --START--
INFO: Run Behavior\ShowPageTraceBehavior [ RunTime:0.000815s ]
INFO: [ app_end ] --END-- [ RunTime:0.000867s ]

[ 2015-05-04T15:53:35+08:00 ] ::1 /test/onethink/member.php?s=/Member/Car
INFO: [ app_init ] --START--
INFO: Run Behavior\BuildLiteBehavior [ RunTime:0.000021s ]
INFO: Run Common\Behavior\InitHookBehavior [ RunTime:0.003839s ]
INFO: [ app_init ] --END-- [ RunTime:0.004419s ]

[ 2015-05-04T15:53:40+08:00 ] ::1 /test/onethink/member.php?
INFO: [ app_init ] --START--
INFO: Run Behavior\BuildLiteBehavior [ RunTime:0.000016s ]
INFO: Run Common\Behavior\InitHookBehavior [ RunTime:0.002420s ]
INFO: [ app_init ] --END-- [ RunTime:0.002890s ]
INFO: [ app_begin ] --START--
INFO: Run Behavior\ReadHtmlCacheBehavior [ RunTime:0.000735s ]
INFO: [ app_begin ] --END-- [ RunTime:0.000788s ]
SQL: SHOW COLUMNS FROM `wechat_car_config` [ RunTime:0.0223s ]
INFO: [ app_end ] --START--
INFO: Run Behavior\ShowPageTraceBehavior [ RunTime:0.000914s ]
INFO: [ app_end ] --END-- [ RunTime:0.000967s ]

[ 2015-05-04T15:53:41+08:00 ] ::1 /test/onethink/member.php?s=/Member/Car
INFO: [ app_init ] --START--
INFO: Run Behavior\BuildLiteBehavior [ RunTime:0.000014s ]
INFO: Run Common\Behavior\InitHookBehavior [ RunTime:0.002058s ]
INFO: [ app_init ] --END-- [ RunTime:0.002448s ]

[ 2015-05-04T15:53:43+08:00 ] ::1 /test/onethink/member.php?s=/Member/Car
INFO: [ app_init ] --START--
INFO: Run Behavior\BuildLiteBehavior [ RunTime:0.000016s ]
INFO: Run Common\Behavior\InitHookBehavior [ RunTime:0.002686s ]
INFO: [ app_init ] --END-- [ RunTime:0.003286s ]

[ 2015-05-04T15:53:48+08:00 ] ::1 /test/onethink/member.php?
INFO: [ app_init ] --START--
INFO: Run Behavior\BuildLiteBehavior [ RunTime:0.000016s ]
INFO: Run Common\Behavior\InitHookBehavior [ RunTime:0.002663s ]
INFO: [ app_init ] --END-- [ RunTime:0.009900s ]
INFO: [ app_begin ] --START--
INFO: Run Behavior\ReadHtmlCacheBehavior [ RunTime:0.000829s ]
INFO: [ app_begin ] --END-- [ RunTime:0.000887s ]
SQL: SHOW COLUMNS FROM `wechat_car_config` [ RunTime:0.0229s ]
INFO: [ app_end ] --START--
INFO: Run Behavior\ShowPageTraceBehavior [ RunTime:0.001842s ]
INFO: [ app_end ] --END-- [ RunTime:0.001948s ]

[ 2015-05-04T15:54:08+08:00 ] ::1 /test/onethink/member.php?s=/Member/Car
INFO: [ app_init ] --START--
INFO: Run Behavior\BuildLiteBehavior [ RunTime:0.000019s ]
INFO: Run Common\Behavior\InitHookBehavior [ RunTime:0.003715s ]
INFO: [ app_init ] --END-- [ RunTime:0.004666s ]

[ 2015-05-04T15:54:15+08:00 ] ::1 /test/onethink/member.php?
INFO: [ app_init ] --START--
INFO: Run Behavior\BuildLiteBehavior [ RunTime:0.000017s ]
INFO: Run Common\Behavior\InitHookBehavior [ RunTime:0.002512s ]
INFO: [ app_init ] --END-- [ RunTime:0.003006s ]
INFO: [ app_begin ] --START--
INFO: Run Behavior\ReadHtmlCacheBehavior [ RunTime:0.000621s ]
INFO: [ app_begin ] --END-- [ RunTime:0.000666s ]
SQL: SHOW COLUMNS FROM `wechat_car_config` [ RunTime:0.0440s ]
INFO: [ app_end ] --START--
INFO: Run Behavior\ShowPageTraceBehavior [ RunTime:0.000732s ]
INFO: [ app_end ] --END-- [ RunTime:0.000781s ]

[ 2015-05-04T15:54:21+08:00 ] ::1 /test/onethink/member.php?s=/Member/Car
INFO: [ app_init ] --START--
INFO: Run Behavior\BuildLiteBehavior [ RunTime:0.000015s ]
INFO: Run Common\Behavior\InitHookBehavior [ RunTime:0.002471s ]
INFO: [ app_init ] --END-- [ RunTime:0.002904s ]

[ 2015-05-04T15:54:25+08:00 ] ::1 /test/onethink/member.php?
INFO: [ app_init ] --START--
INFO: Run Behavior\BuildLiteBehavior [ RunTime:0.000021s ]
INFO: Run Common\Behavior\InitHookBehavior [ RunTime:0.002932s ]
INFO: [ app_init ] --END-- [ RunTime:0.003467s ]
INFO: [ app_begin ] --START--
INFO: Run Behavior\ReadHtmlCacheBehavior [ RunTime:0.000899s ]
INFO: [ app_begin ] --END-- [ RunTime:0.000965s ]
SQL: SHOW COLUMNS FROM `wechat_car_config` [ RunTime:0.0346s ]
INFO: [ app_end ] --START--
INFO: Run Behavior\ShowPageTraceBehavior [ RunTime:0.000887s ]
INFO: [ app_end ] --END-- [ RunTime:0.000938s ]

[ 2015-05-04T15:54:32+08:00 ] ::1 /test/onethink/member.php?s=/Member/Car
INFO: [ app_init ] --START--
INFO: Run Behavior\BuildLiteBehavior [ RunTime:0.000019s ]
INFO: Run Common\Behavior\InitHookBehavior [ RunTime:0.003688s ]
INFO: [ app_init ] --END-- [ RunTime:0.004339s ]

[ 2015-05-04T15:54:35+08:00 ] ::1 /test/onethink/member.php?
INFO: [ app_init ] --START--
INFO: Run Behavior\BuildLiteBehavior [ RunTime:0.000015s ]
INFO: Run Common\Behavior\InitHookBehavior [ RunTime:0.002641s ]
INFO: [ app_init ] --END-- [ RunTime:0.003087s ]
INFO: [ app_begin ] --START--
INFO: Run Behavior\ReadHtmlCacheBehavior [ RunTime:0.000873s ]
INFO: [ app_begin ] --END-- [ RunTime:0.000926s ]
SQL: SHOW COLUMNS FROM `wechat_car_config` [ RunTime:0.0229s ]
INFO: [ app_end ] --START--
INFO: Run Behavior\ShowPageTraceBehavior [ RunTime:0.000893s ]
INFO: [ app_end ] --END-- [ RunTime:0.000942s ]

[ 2015-05-04T15:54:48+08:00 ] ::1 /test/onethink/member.php?s=/Member/Car
INFO: [ app_init ] --START--
INFO: Run Behavior\BuildLiteBehavior [ RunTime:0.000016s ]
INFO: Run Common\Behavior\InitHookBehavior [ RunTime:0.003339s ]
INFO: [ app_init ] --END-- [ RunTime:0.004083s ]

[ 2015-05-04T15:54:51+08:00 ] ::1 /test/onethink/member.php?
INFO: [ app_init ] --START--
INFO: Run Behavior\BuildLiteBehavior [ RunTime:0.000014s ]
INFO: Run Common\Behavior\InitHookBehavior [ RunTime:0.002367s ]
INFO: [ app_init ] --END-- [ RunTime:0.002829s ]
INFO: [ app_begin ] --START--
INFO: Run Behavior\ReadHtmlCacheBehavior [ RunTime:0.000635s ]
INFO: [ app_begin ] --END-- [ RunTime:0.000681s ]
SQL: SHOW COLUMNS FROM `wechat_car_config` [ RunTime:0.0174s ]
INFO: [ app_end ] --START--
INFO: Run Behavior\ShowPageTraceBehavior [ RunTime:0.000826s ]
INFO: [ app_end ] --END-- [ RunTime:0.000874s ]

[ 2015-05-04T15:54:51+08:00 ] ::1 /test/onethink/member.php?s=/Member/Car
INFO: [ app_init ] --START--
INFO: Run Behavior\BuildLiteBehavior [ RunTime:0.000014s ]
INFO: Run Common\Behavior\InitHookBehavior [ RunTime:0.002500s ]
INFO: [ app_init ] --END-- [ RunTime:0.002921s ]

[ 2015-05-04T15:56:04+08:00 ] ::1 /test/onethink/member.php?s=/Member/Car
INFO: [ app_init ] --START--
INFO: Run Behavior\BuildLiteBehavior [ RunTime:0.000021s ]
INFO: Run Common\Behavior\InitHookBehavior [ RunTime:0.003480s ]
INFO: [ app_init ] --END-- [ RunTime:0.004162s ]

[ 2015-05-04T15:56:08+08:00 ] ::1 /test/onethink/member.php?
INFO: [ app_init ] --START--
INFO: Run Behavior\BuildLiteBehavior [ RunTime:0.000014s ]
INFO: Run Common\Behavior\InitHookBehavior [ RunTime:0.002369s ]
INFO: [ app_init ] --END-- [ RunTime:0.002879s ]
INFO: [ app_begin ] --START--
INFO: Run Behavior\ReadHtmlCacheBehavior [ RunTime:0.000678s ]
INFO: [ app_begin ] --END-- [ RunTime:0.000729s ]
SQL: SHOW COLUMNS FROM `wechat_car_config` [ RunTime:0.0259s ]
INFO: [ app_end ] --START--
INFO: Run Behavior\ShowPageTraceBehavior [ RunTime:0.000777s ]
INFO: [ app_end ] --END-- [ RunTime:0.000821s ]

[ 2015-05-04T15:56:10+08:00 ] ::1 /test/onethink/member.php?s=/Member/Car
INFO: [ app_init ] --START--
INFO: Run Behavior\BuildLiteBehavior [ RunTime:0.000013s ]
INFO: Run Common\Behavior\InitHookBehavior [ RunTime:0.002071s ]
INFO: [ app_init ] --END-- [ RunTime:0.002472s ]

[ 2015-05-04T15:56:23+08:00 ] ::1 /test/onethink/member.php?s=/Member/Car
INFO: [ app_init ] --START--
INFO: Run Behavior\BuildLiteBehavior [ RunTime:0.000015s ]
INFO: Run Common\Behavior\InitHookBehavior [ RunTime:0.002644s ]
INFO: [ app_init ] --END-- [ RunTime:0.003097s ]

[ 2015-05-04T15:56:30+08:00 ] ::1 /test/onethink/Member/?
INFO: [ app_init ] --START--
INFO: Run Behavior\BuildLiteBehavior [ RunTime:0.000015s ]
INFO: Run Common\Behavior\InitHookBehavior [ RunTime:0.002620s ]
INFO: [ app_init ] --END-- [ RunTime:0.003060s ]

[ 2015-05-04T15:56:32+08:00 ] ::1 /test/onethink/member.php?
INFO: [ app_init ] --START--
INFO: Run Behavior\BuildLiteBehavior [ RunTime:0.000018s ]
INFO: Run Common\Behavior\InitHookBehavior [ RunTime:0.003030s ]
INFO: [ app_init ] --END-- [ RunTime:0.003539s ]
INFO: [ app_begin ] --START--
INFO: Run Behavior\ReadHtmlCacheBehavior [ RunTime:0.000951s ]
INFO: [ app_begin ] --END-- [ RunTime:0.001053s ]
SQL: SHOW COLUMNS FROM `wechat_car_config` [ RunTime:0.0082s ]
INFO: [ app_end ] --START--
INFO: Run Behavior\ShowPageTraceBehavior [ RunTime:0.000818s ]
INFO: [ app_end ] --END-- [ RunTime:0.000861s ]

[ 2015-05-04T15:56:35+08:00 ] ::1 /test/onethink/member.php?s=/Member/Car
INFO: [ app_init ] --START--
INFO: Run Behavior\BuildLiteBehavior [ RunTime:0.000014s ]
INFO: Run Common\Behavior\InitHookBehavior [ RunTime:0.002913s ]
INFO: [ app_init ] --END-- [ RunTime:0.003357s ]

[ 2015-05-04T15:56:58+08:00 ] ::1 /test/onethink/member.php?
INFO: [ app_init ] --START--
INFO: Run Behavior\BuildLiteBehavior [ RunTime:0.000015s ]
INFO: Run Common\Behavior\InitHookBehavior [ RunTime:0.002662s ]
INFO: [ app_init ] --END-- [ RunTime:0.003188s ]
INFO: [ app_begin ] --START--
INFO: Run Behavior\ReadHtmlCacheBehavior [ RunTime:0.000845s ]
INFO: [ app_begin ] --END-- [ RunTime:0.000903s ]
SQL: SHOW COLUMNS FROM `wechat_car_config` [ RunTime:0.0138s ]
INFO: [ app_end ] --START--
INFO: Run Behavior\ShowPageTraceBehavior [ RunTime:0.000726s ]
INFO: [ app_end ] --END-- [ RunTime:0.000770s ]

[ 2015-05-04T15:58:08+08:00 ] ::1 /test/onethink/member.php
INFO: [ app_init ] --START--
INFO: Run Behavior\BuildLiteBehavior [ RunTime:0.000013s ]
INFO: Run Common\Behavior\InitHookBehavior [ RunTime:0.002312s ]
INFO: [ app_init ] --END-- [ RunTime:0.002783s ]

[ 2015-05-04T15:59:57+08:00 ] ::1 /test/onethink/member.php?CarName=carr&SaleCate_0=%25E5%2594%25AE%25E5%2589%258D%25E5%25AE%25A2%25E6%259C%258D&SaleCate_1=%25E5%2594%25AE%25E5%2590%258E%25E5%25AE%25A2%25E6%259C%258D&PicPath[]=.%252FPublic%252Fstatic%252Fupload%252F5546ecc4d0c43.jpg
INFO: [ app_init ] --START--
INFO: Run Behavior\BuildLiteBehavior [ RunTime:0.000015s ]
INFO: Run Common\Behavior\InitHookBehavior [ RunTime:0.002520s ]
INFO: [ app_init ] --END-- [ RunTime:0.002944s ]

[ 2015-05-04T16:00:11+08:00 ] ::1 /test/onethink/member.php?CarName=carr&SaleCate_0=%25E5%2594%25AE%25E5%2589%258D%25E5%25AE%25A2%25E6%259C%258D&SaleCate_1=%25E5%2594%25AE%25E5%2590%258E%25E5%25AE%25A2%25E6%259C%258D&PicPath[]=.%252FPublic%252Fstatic%252Fupload%252F5546ecc4d0c43.jpg&do_action=app_car.config
INFO: [ app_init ] --START--
INFO: Run Behavior\BuildLiteBehavior [ RunTime:0.000016s ]
INFO: Run Common\Behavior\InitHookBehavior [ RunTime:0.002412s ]
INFO: [ app_init ] --END-- [ RunTime:0.002862s ]

[ 2015-05-04T16:00:23+08:00 ] ::1 /test/onethink/member.php?CarName=carr&SaleCate_0=%25E5%2594%25AE%25E5%2589%258D%25E5%25AE%25A2%25E6%259C%258D&SaleCate_1=%25E5%2594%25AE%25E5%2590%258E%25E5%25AE%25A2%25E6%259C%258D&PicPath[]=.%252FPublic%252Fstatic%252Fupload%252F5546ecc4d0c43.jpg&do_action=app_car.config
INFO: [ app_init ] --START--
INFO: Run Behavior\BuildLiteBehavior [ RunTime:0.000018s ]
INFO: Run Common\Behavior\InitHookBehavior [ RunTime:0.002203s ]
INFO: [ app_init ] --END-- [ RunTime:0.002598s ]

[ 2015-05-04T16:11:05+08:00 ] ::1 /test/onethink/member.php?s=/Member/Car
INFO: [ app_init ] --START--
INFO: Run Behavior\BuildLiteBehavior [ RunTime:0.000021s ]
INFO: Run Common\Behavior\InitHookBehavior [ RunTime:0.003685s ]
INFO: [ app_init ] --END-- [ RunTime:0.004309s ]

[ 2015-05-04T16:11:08+08:00 ] ::1 /test/onethink/member.php?
INFO: [ app_init ] --START--
INFO: Run Behavior\BuildLiteBehavior [ RunTime:0.000015s ]
INFO: Run Common\Behavior\InitHookBehavior [ RunTime:0.002618s ]
INFO: [ app_init ] --END-- [ RunTime:0.003049s ]
INFO: [ app_begin ] --START--
INFO: Run Behavior\ReadHtmlCacheBehavior [ RunTime:0.000776s ]
INFO: [ app_begin ] --END-- [ RunTime:0.000831s ]
SQL: SHOW COLUMNS FROM `wechat_car_config` [ RunTime:0.0228s ]
INFO: [ app_end ] --START--
INFO: Run Behavior\ShowPageTraceBehavior [ RunTime:0.000970s ]
INFO: [ app_end ] --END-- [ RunTime:0.001030s ]

[ 2015-05-04T16:18:06+08:00 ] ::1 /test/onethink/member.php?s=/Member/Car
INFO: [ app_init ] --START--
INFO: Run Behavior\BuildLiteBehavior [ RunTime:0.000019s ]
INFO: Run Common\Behavior\InitHookBehavior [ RunTime:0.003353s ]
INFO: [ app_init ] --END-- [ RunTime:0.003906s ]

[ 2015-05-04T16:18:08+08:00 ] ::1 /test/onethink/member.php?
INFO: [ app_init ] --START--
INFO: Run Behavior\BuildLiteBehavior [ RunTime:0.000015s ]
INFO: Run Common\Behavior\InitHookBehavior [ RunTime:0.002641s ]
INFO: [ app_init ] --END-- [ RunTime:0.003086s ]
INFO: [ app_begin ] --START--
INFO: Run Behavior\ReadHtmlCacheBehavior [ RunTime:0.000876s ]
INFO: [ app_begin ] --END-- [ RunTime:0.000929s ]
SQL: SHOW COLUMNS FROM `wechat_car_config` [ RunTime:0.0083s ]
INFO: [ app_end ] --START--
INFO: Run Behavior\ShowPageTraceBehavior [ RunTime:0.000834s ]
INFO: [ app_end ] --END-- [ RunTime:0.000880s ]

[ 2015-05-04T16:18:10+08:00 ] ::1 /test/onethink/member.php?s=/Member/Car
INFO: [ app_init ] --START--
INFO: Run Behavior\BuildLiteBehavior [ RunTime:0.000020s ]
INFO: Run Common\Behavior\InitHookBehavior [ RunTime:0.003081s ]
INFO: [ app_init ] --END-- [ RunTime:0.003627s ]

[ 2015-05-04T16:18:12+08:00 ] ::1 /test/onethink/member.php?
INFO: [ app_init ] --START--
INFO: Run Behavior\BuildLiteBehavior [ RunTime:0.000015s ]
INFO: Run Common\Behavior\InitHookBehavior [ RunTime:0.002344s ]
INFO: [ app_init ] --END-- [ RunTime:0.002729s ]
INFO: [ app_begin ] --START--
INFO: Run Behavior\ReadHtmlCacheBehavior [ RunTime:0.000751s ]
INFO: [ app_begin ] --END-- [ RunTime:0.000798s ]
SQL: SHOW COLUMNS FROM `wechat_car_config` [ RunTime:0.0080s ]
INFO: [ app_end ] --START--
INFO: Run Behavior\ShowPageTraceBehavior [ RunTime:0.000822s ]
INFO: [ app_end ] --END-- [ RunTime:0.000868s ]

[ 2015-05-04T16:18:34+08:00 ] ::1 /test/onethink/member.php?s=/Member/Car
INFO: [ app_init ] --START--
INFO: Run Behavior\BuildLiteBehavior [ RunTime:0.000016s ]
INFO: Run Common\Behavior\InitHookBehavior [ RunTime:0.002540s ]
INFO: [ app_init ] --END-- [ RunTime:0.002984s ]

[ 2015-05-04T16:18:35+08:00 ] ::1 /test/onethink/member.php?
INFO: [ app_init ] --START--
INFO: Run Behavior\BuildLiteBehavior [ RunTime:0.000015s ]
INFO: Run Common\Behavior\InitHookBehavior [ RunTime:0.002528s ]
INFO: [ app_init ] --END-- [ RunTime:0.002946s ]
INFO: [ app_begin ] --START--
INFO: Run Behavior\ReadHtmlCacheBehavior [ RunTime:0.000807s ]
INFO: [ app_begin ] --END-- [ RunTime:0.000859s ]
SQL: SHOW COLUMNS FROM `wechat_car_config` [ RunTime:0.0082s ]
INFO: [ app_end ] --START--
INFO: Run Behavior\ShowPageTraceBehavior [ RunTime:0.000895s ]
INFO: [ app_end ] --END-- [ RunTime:0.000945s ]

[ 2015-05-04T16:20:27+08:00 ] ::1 /test/onethink/member.php?s=/Member/Car
INFO: [ app_init ] --START--
INFO: Run Behavior\BuildLiteBehavior [ RunTime:0.000015s ]
INFO: Run Common\Behavior\InitHookBehavior [ RunTime:0.002279s ]
INFO: [ app_init ] --END-- [ RunTime:0.002681s ]

[ 2015-05-04T16:20:28+08:00 ] ::1 /test/onethink/member.php?
INFO: [ app_init ] --START--
INFO: Run Behavior\BuildLiteBehavior [ RunTime:0.000013s ]
INFO: Run Common\Behavior\InitHookBehavior [ RunTime:0.002400s ]
INFO: [ app_init ] --END-- [ RunTime:0.002807s ]
INFO: [ app_begin ] --START--
INFO: Run Behavior\ReadHtmlCacheBehavior [ RunTime:0.000724s ]
INFO: [ app_begin ] --END-- [ RunTime:0.000778s ]
SQL: SHOW COLUMNS FROM `wechat_car_config` [ RunTime:0.0085s ]
INFO: [ app_end ] --START--
INFO: Run Behavior\ShowPageTraceBehavior [ RunTime:0.001490s ]
INFO: [ app_end ] --END-- [ RunTime:0.001543s ]

[ 2015-05-04T16:20:31+08:00 ] ::1 /test/onethink/member.php?s=/Member/Car
INFO: [ app_init ] --START--
INFO: Run Behavior\BuildLiteBehavior [ RunTime:0.000033s ]
INFO: Run Common\Behavior\InitHookBehavior [ RunTime:0.005227s ]
INFO: [ app_init ] --END-- [ RunTime:0.006158s ]

[ 2015-05-04T16:20:35+08:00 ] ::1 /test/onethink/member.php?
INFO: [ app_init ] --START--
INFO: Run Behavior\BuildLiteBehavior [ RunTime:0.000016s ]
INFO: Run Common\Behavior\InitHookBehavior [ RunTime:0.002955s ]
INFO: [ app_init ] --END-- [ RunTime:0.003563s ]
INFO: [ app_begin ] --START--
INFO: Run Behavior\ReadHtmlCacheBehavior [ RunTime:0.000933s ]
INFO: [ app_begin ] --END-- [ RunTime:0.001128s ]
SQL: SHOW COLUMNS FROM `wechat_car_config` [ RunTime:0.0082s ]
INFO: [ app_end ] --START--
INFO: Run Behavior\ShowPageTraceBehavior [ RunTime:0.000919s ]
INFO: [ app_end ] --END-- [ RunTime:0.000967s ]

[ 2015-05-04T16:20:36+08:00 ] ::1 /test/onethink/member.php?s=/Member/Car
INFO: [ app_init ] --START--
INFO: Run Behavior\BuildLiteBehavior [ RunTime:0.000014s ]
INFO: Run Common\Behavior\InitHookBehavior [ RunTime:0.002465s ]
INFO: [ app_init ] --END-- [ RunTime:0.002850s ]

[ 2015-05-04T16:20:40+08:00 ] ::1 /test/onethink/member.php?s=/Member/Car
INFO: [ app_init ] --START--
INFO: Run Behavior\BuildLiteBehavior [ RunTime:0.000015s ]
INFO: Run Common\Behavior\InitHookBehavior [ RunTime:0.002158s ]
INFO: [ app_init ] --END-- [ RunTime:0.002592s ]

[ 2015-05-04T16:23:36+08:00 ] ::1 /test/onethink/member.php?s=/Member/Car
INFO: [ app_init ] --START--
INFO: Run Behavior\BuildLiteBehavior [ RunTime:0.000019s ]
INFO: Run Common\Behavior\InitHookBehavior [ RunTime:0.002713s ]
INFO: [ app_init ] --END-- [ RunTime:0.003219s ]

[ 2015-05-04T16:23:38+08:00 ] ::1 /test/onethink/member.php?
INFO: [ app_init ] --START--
INFO: Run Behavior\BuildLiteBehavior [ RunTime:0.000023s ]
INFO: Run Common\Behavior\InitHookBehavior [ RunTime:0.002977s ]
INFO: [ app_init ] --END-- [ RunTime:0.003567s ]
INFO: [ app_begin ] --START--
INFO: Run Behavior\ReadHtmlCacheBehavior [ RunTime:0.000870s ]
INFO: [ app_begin ] --END-- [ RunTime:0.000925s ]
SQL: SHOW COLUMNS FROM `wechat_car_config` [ RunTime:0.0314s ]
INFO: [ app_end ] --START--
INFO: Run Behavior\ShowPageTraceBehavior [ RunTime:0.001216s ]
INFO: [ app_end ] --END-- [ RunTime:0.001276s ]

[ 2015-05-04T16:23:38+08:00 ] ::1 /test/onethink/member.php?s=/Member/Car
INFO: [ app_init ] --START--
INFO: Run Behavior\BuildLiteBehavior [ RunTime:0.000018s ]
INFO: Run Common\Behavior\InitHookBehavior [ RunTime:0.002892s ]
INFO: [ app_init ] --END-- [ RunTime:0.003385s ]

[ 2015-05-04T16:23:42+08:00 ] ::1 /test/onethink/member.php?
INFO: [ app_init ] --START--
INFO: Run Behavior\BuildLiteBehavior [ RunTime:0.000020s ]
INFO: Run Common\Behavior\InitHookBehavior [ RunTime:0.002869s ]
INFO: [ app_init ] --END-- [ RunTime:0.003508s ]
INFO: [ app_begin ] --START--
INFO: Run Behavior\ReadHtmlCacheBehavior [ RunTime:0.000858s ]
INFO: [ app_begin ] --END-- [ RunTime:0.000917s ]
SQL: SHOW COLUMNS FROM `wechat_car_config` [ RunTime:0.0095s ]
INFO: [ app_end ] --START--
INFO: Run Behavior\ShowPageTraceBehavior [ RunTime:0.000981s ]
INFO: [ app_end ] --END-- [ RunTime:0.001048s ]

[ 2015-05-04T16:23:42+08:00 ] ::1 /test/onethink/member.php?s=/Member/Car
INFO: [ app_init ] --START--
INFO: Run Behavior\BuildLiteBehavior [ RunTime:0.000016s ]
INFO: Run Common\Behavior\InitHookBehavior [ RunTime:0.002537s ]
INFO: [ app_init ] --END-- [ RunTime:0.002968s ]

[ 2015-05-04T16:23:44+08:00 ] ::1 /test/onethink/member.php?s=/Member/Car
INFO: [ app_init ] --START--
INFO: Run Behavior\BuildLiteBehavior [ RunTime:0.000019s ]
INFO: Run Common\Behavior\InitHookBehavior [ RunTime:0.002734s ]
INFO: [ app_init ] --END-- [ RunTime:0.003253s ]

[ 2015-05-04T16:25:09+08:00 ] ::1 /test/onethink/member.php?s=/Member/Car
INFO: [ app_init ] --START--
INFO: Run Behavior\BuildLiteBehavior [ RunTime:0.000021s ]
INFO: Run Common\Behavior\InitHookBehavior [ RunTime:0.003647s ]
INFO: [ app_init ] --END-- [ RunTime:0.004316s ]

[ 2015-05-04T16:25:11+08:00 ] ::1 /test/onethink/member.php?
INFO: [ app_init ] --START--
INFO: Run Behavior\BuildLiteBehavior [ RunTime:0.000021s ]
INFO: Run Common\Behavior\InitHookBehavior [ RunTime:0.002824s ]
INFO: [ app_init ] --END-- [ RunTime:0.003384s ]
INFO: [ app_begin ] --START--
INFO: Run Behavior\ReadHtmlCacheBehavior [ RunTime:0.000819s ]
INFO: [ app_begin ] --END-- [ RunTime:0.000872s ]
SQL: SHOW COLUMNS FROM `wechat_car_config` [ RunTime:0.0178s ]
INFO: [ app_end ] --START--
INFO: Run Behavior\ShowPageTraceBehavior [ RunTime:0.000737s ]
INFO: [ app_end ] --END-- [ RunTime:0.000828s ]

[ 2015-05-04T16:25:11+08:00 ] ::1 /test/onethink/member.php?s=/Member/Car
INFO: [ app_init ] --START--
INFO: Run Behavior\BuildLiteBehavior [ RunTime:0.000014s ]
INFO: Run Common\Behavior\InitHookBehavior [ RunTime:0.002283s ]
INFO: [ app_init ] --END-- [ RunTime:0.002669s ]

[ 2015-05-04T16:25:13+08:00 ] ::1 /test/onethink/member.php?s=/Member/Car
INFO: [ app_init ] --START--
INFO: Run Behavior\BuildLiteBehavior [ RunTime:0.000019s ]
INFO: Run Common\Behavior\InitHookBehavior [ RunTime:0.003278s ]
INFO: [ app_init ] --END-- [ RunTime:0.003816s ]

[ 2015-05-04T16:25:14+08:00 ] ::1 /test/onethink/member.php?s=/Member/Car
INFO: [ app_init ] --START--
INFO: Run Behavior\BuildLiteBehavior [ RunTime:0.000018s ]
INFO: Run Common\Behavior\InitHookBehavior [ RunTime:0.002770s ]
INFO: [ app_init ] --END-- [ RunTime:0.003305s ]

[ 2015-05-04T16:25:14+08:00 ] ::1 /test/onethink/member.php?s=/Member/Car
INFO: [ app_init ] --START--
INFO: Run Behavior\BuildLiteBehavior [ RunTime:0.000022s ]
INFO: Run Common\Behavior\InitHookBehavior [ RunTime:0.003204s ]
INFO: [ app_init ] --END-- [ RunTime:0.003808s ]

[ 2015-05-04T16:25:15+08:00 ] ::1 /test/onethink/member.php?s=/Member/Car
INFO: [ app_init ] --START--
INFO: Run Behavior\BuildLiteBehavior [ RunTime:0.000018s ]
INFO: Run Common\Behavior\InitHookBehavior [ RunTime:0.002569s ]
INFO: [ app_init ] --END-- [ RunTime:0.003065s ]

[ 2015-05-04T16:25:16+08:00 ] ::1 /test/onethink/member.php?s=/Member/Car
INFO: [ app_init ] --START--
INFO: Run Behavior\BuildLiteBehavior [ RunTime:0.000015s ]
INFO: Run Common\Behavior\InitHookBehavior [ RunTime:0.002501s ]
INFO: [ app_init ] --END-- [ RunTime:0.002937s ]

[ 2015-05-04T16:27:57+08:00 ] ::1 /test/onethink/member.php?s=/Member/Car
INFO: [ app_init ] --START--
INFO: Run Behavior\BuildLiteBehavior [ RunTime:0.000022s ]
INFO: Run Common\Behavior\InitHookBehavior [ RunTime:0.003615s ]
INFO: [ app_init ] --END-- [ RunTime:0.004204s ]

[ 2015-05-04T16:27:58+08:00 ] ::1 /test/onethink/member.php?
INFO: [ app_init ] --START--
INFO: Run Behavior\BuildLiteBehavior [ RunTime:0.000017s ]
INFO: Run Common\Behavior\InitHookBehavior [ RunTime:0.002651s ]
INFO: [ app_init ] --END-- [ RunTime:0.003204s ]
INFO: [ app_begin ] --START--
INFO: Run Behavior\ReadHtmlCacheBehavior [ RunTime:0.000709s ]
INFO: [ app_begin ] --END-- [ RunTime:0.000779s ]
SQL: SHOW COLUMNS FROM `wechat_car_config` [ RunTime:0.0083s ]
INFO: [ app_end ] --START--
INFO: Run Behavior\ShowPageTraceBehavior [ RunTime:0.000997s ]
INFO: [ app_end ] --END-- [ RunTime:0.001083s ]

[ 2015-05-04T16:28:08+08:00 ] ::1 /test/onethink/member.php?s=/Member/Car
INFO: [ app_init ] --START--
INFO: Run Behavior\BuildLiteBehavior [ RunTime:0.000014s ]
INFO: Run Common\Behavior\InitHookBehavior [ RunTime:0.002199s ]
INFO: [ app_init ] --END-- [ RunTime:0.002587s ]

[ 2015-05-04T16:28:12+08:00 ] ::1 /test/onethink/member.php?
INFO: [ app_init ] --START--
INFO: Run Behavior\BuildLiteBehavior [ RunTime:0.000015s ]
INFO: Run Common\Behavior\InitHookBehavior [ RunTime:0.002537s ]
INFO: [ app_init ] --END-- [ RunTime:0.002989s ]
INFO: [ app_begin ] --START--
INFO: Run Behavior\ReadHtmlCacheBehavior [ RunTime:0.000829s ]
INFO: [ app_begin ] --END-- [ RunTime:0.000884s ]
SQL: SHOW COLUMNS FROM `wechat_car_config` [ RunTime:0.0094s ]
INFO: [ app_end ] --START--
INFO: Run Behavior\ShowPageTraceBehavior [ RunTime:0.000917s ]
INFO: [ app_end ] --END-- [ RunTime:0.000971s ]

[ 2015-05-04T16:29:18+08:00 ] ::1 /test/onethink/member.php?s=/Member/Car
INFO: [ app_init ] --START--
INFO: Run Behavior\BuildLiteBehavior [ RunTime:0.000018s ]
INFO: Run Common\Behavior\InitHookBehavior [ RunTime:0.002803s ]
INFO: [ app_init ] --END-- [ RunTime:0.003307s ]

[ 2015-05-04T16:29:19+08:00 ] ::1 /test/onethink/member.php?
INFO: [ app_init ] --START--
INFO: Run Behavior\BuildLiteBehavior [ RunTime:0.000014s ]
INFO: Run Common\Behavior\InitHookBehavior [ RunTime:0.002160s ]
INFO: [ app_init ] --END-- [ RunTime:0.002553s ]
INFO: [ app_begin ] --START--
INFO: Run Behavior\ReadHtmlCacheBehavior [ RunTime:0.000851s ]
INFO: [ app_begin ] --END-- [ RunTime:0.000915s ]
SQL: SHOW COLUMNS FROM `wechat_car_config` [ RunTime:0.0167s ]
INFO: [ app_end ] --START--
INFO: Run Behavior\ShowPageTraceBehavior [ RunTime:0.000871s ]
INFO: [ app_end ] --END-- [ RunTime:0.000921s ]

[ 2015-05-04T16:29:23+08:00 ] ::1 /test/onethink/member.php?s=/Member/Car
INFO: [ app_init ] --START--
INFO: Run Behavior\BuildLiteBehavior [ RunTime:0.000019s ]
INFO: Run Common\Behavior\InitHookBehavior [ RunTime:0.003104s ]
INFO: [ app_init ] --END-- [ RunTime:0.003876s ]

[ 2015-05-04T16:29:26+08:00 ] ::1 /test/onethink/member.php?
INFO: [ app_init ] --START--
INFO: Run Behavior\BuildLiteBehavior [ RunTime:0.000016s ]
INFO: Run Common\Behavior\InitHookBehavior [ RunTime:0.002371s ]
INFO: [ app_init ] --END-- [ RunTime:0.002874s ]
INFO: [ app_begin ] --START--
INFO: Run Behavior\ReadHtmlCacheBehavior [ RunTime:0.000716s ]
INFO: [ app_begin ] --END-- [ RunTime:0.000768s ]
SQL: SHOW COLUMNS FROM `wechat_car_config` [ RunTime:0.0182s ]
INFO: [ app_end ] --START--
INFO: Run Behavior\ShowPageTraceBehavior [ RunTime:0.000764s ]
INFO: [ app_end ] --END-- [ RunTime:0.000814s ]

[ 2015-05-04T16:31:20+08:00 ] ::1 /test/onethink/member.php?s=/Member/Car
INFO: [ app_init ] --START--
INFO: Run Behavior\BuildLiteBehavior [ RunTime:0.000020s ]
INFO: Run Common\Behavior\InitHookBehavior [ RunTime:0.002684s ]
INFO: [ app_init ] --END-- [ RunTime:0.003218s ]

[ 2015-05-04T16:31:27+08:00 ] ::1 /test/onethink/member.php?
INFO: [ app_init ] --START--
INFO: Run Behavior\BuildLiteBehavior [ RunTime:0.000014s ]
INFO: Run Common\Behavior\InitHookBehavior [ RunTime:0.002439s ]
INFO: [ app_init ] --END-- [ RunTime:0.002981s ]
INFO: [ app_begin ] --START--
INFO: Run Behavior\ReadHtmlCacheBehavior [ RunTime:0.000624s ]
INFO: [ app_begin ] --END-- [ RunTime:0.000670s ]
SQL: SHOW COLUMNS FROM `wechat_car_config` [ RunTime:0.0083s ]

[ 2015-05-04T16:33:02+08:00 ] ::1 /test/onethink/member.php?s=/Member/Car
INFO: [ app_init ] --START--
INFO: Run Behavior\BuildLiteBehavior [ RunTime:0.000016s ]
INFO: Run Common\Behavior\InitHookBehavior [ RunTime:0.002244s ]
INFO: [ app_init ] --END-- [ RunTime:0.002782s ]

[ 2015-05-04T16:33:08+08:00 ] ::1 /test/onethink/member.php?
INFO: [ app_init ] --START--
INFO: Run Behavior\BuildLiteBehavior [ RunTime:0.000017s ]
INFO: Run Common\Behavior\InitHookBehavior [ RunTime:0.002609s ]
INFO: [ app_init ] --END-- [ RunTime:0.003109s ]
INFO: [ app_begin ] --START--
INFO: Run Behavior\ReadHtmlCacheBehavior [ RunTime:0.000782s ]
INFO: [ app_begin ] --END-- [ RunTime:0.000831s ]
SQL: SHOW COLUMNS FROM `wechat_car_config` [ RunTime:0.0239s ]
NOTIC: [2] Missing argument 1 for Think\Model::fetchSql(), called in D:\xampp\htdocs\test\onethink\Application\Member\Controller\IndexController.class.php on line 139 and defined D:\xampp\htdocs\test\onethink\ThinkPHP\Library\Think\Model.class.php  1837 .
NOTIC: [8] Undefined variable: fetch D:\xampp\htdocs\test\onethink\ThinkPHP\Library\Think\Model.class.php  1838 .
INFO: [ app_end ] --START--
INFO: Run Behavior\ShowPageTraceBehavior [ RunTime:0.000797s ]
INFO: [ app_end ] --END-- [ RunTime:0.000852s ]

[ 2015-05-04T16:34:29+08:00 ] ::1 /test/onethink/member.php?s=/Member/Car
INFO: [ app_init ] --START--
INFO: Run Behavior\BuildLiteBehavior [ RunTime:0.000018s ]
INFO: Run Common\Behavior\InitHookBehavior [ RunTime:0.002578s ]
INFO: [ app_init ] --END-- [ RunTime:0.003090s ]

[ 2015-05-04T16:34:44+08:00 ] ::1 /test/onethink/member.php?s=/Member/Car
INFO: [ app_init ] --START--
INFO: Run Behavior\BuildLiteBehavior [ RunTime:0.000013s ]
INFO: Run Common\Behavior\InitHookBehavior [ RunTime:0.002516s ]
INFO: [ app_init ] --END-- [ RunTime:0.002906s ]

[ 2015-05-04T16:34:48+08:00 ] ::1 /test/onethink/member.php?
INFO: [ app_init ] --START--
INFO: Run Behavior\BuildLiteBehavior [ RunTime:0.000014s ]
INFO: Run Common\Behavior\InitHookBehavior [ RunTime:0.002452s ]
INFO: [ app_init ] --END-- [ RunTime:0.002839s ]
INFO: [ app_begin ] --START--
INFO: Run Behavior\ReadHtmlCacheBehavior [ RunTime:0.000703s ]
INFO: [ app_begin ] --END-- [ RunTime:0.000749s ]
SQL: SHOW COLUMNS FROM `wechat_car_config` [ RunTime:0.0266s ]
INFO: [ app_end ] --START--
INFO: Run Behavior\ShowPageTraceBehavior [ RunTime:0.000856s ]
INFO: [ app_end ] --END-- [ RunTime:0.000906s ]

[ 2015-05-04T16:35:23+08:00 ] ::1 /test/onethink/member.php?s=/Member/Car
INFO: [ app_init ] --START--
INFO: Run Behavior\BuildLiteBehavior [ RunTime:0.000020s ]
INFO: Run Common\Behavior\InitHookBehavior [ RunTime:0.002886s ]
INFO: [ app_init ] --END-- [ RunTime:0.003415s ]

[ 2015-05-04T16:35:25+08:00 ] ::1 /test/onethink/member.php?
INFO: [ app_init ] --START--
INFO: Run Behavior\BuildLiteBehavior [ RunTime:0.000015s ]
INFO: Run Common\Behavior\InitHookBehavior [ RunTime:0.002444s ]
INFO: [ app_init ] --END-- [ RunTime:0.002893s ]
INFO: [ app_begin ] --START--
INFO: Run Behavior\ReadHtmlCacheBehavior [ RunTime:0.000730s ]
INFO: [ app_begin ] --END-- [ RunTime:0.000782s ]
SQL: SHOW COLUMNS FROM `wechat_car_config` [ RunTime:0.0082s ]
INFO: [ app_end ] --START--
INFO: Run Behavior\ShowPageTraceBehavior [ RunTime:0.000726s ]
INFO: [ app_end ] --END-- [ RunTime:0.000773s ]

[ 2015-05-04T16:35:30+08:00 ] ::1 /test/onethink/member.php?s=/Member/Car
INFO: [ app_init ] --START--
INFO: Run Behavior\BuildLiteBehavior [ RunTime:0.000014s ]
INFO: Run Common\Behavior\InitHookBehavior [ RunTime:0.002411s ]
INFO: [ app_init ] --END-- [ RunTime:0.002827s ]

[ 2015-05-04T16:35:35+08:00 ] ::1 /test/onethink/member.php?
INFO: [ app_init ] --START--
INFO: Run Behavior\BuildLiteBehavior [ RunTime:0.000016s ]
INFO: Run Common\Behavior\InitHookBehavior [ RunTime:0.002552s ]
INFO: [ app_init ] --END-- [ RunTime:0.003000s ]
INFO: [ app_begin ] --START--
INFO: Run Behavior\ReadHtmlCacheBehavior [ RunTime:0.000825s ]
INFO: [ app_begin ] --END-- [ RunTime:0.000879s ]
SQL: SHOW COLUMNS FROM `wechat_car_config` [ RunTime:0.0207s ]
INFO: [ app_end ] --START--
INFO: Run Behavior\ShowPageTraceBehavior [ RunTime:0.000792s ]
INFO: [ app_end ] --END-- [ RunTime:0.000836s ]

[ 2015-05-04T16:36:36+08:00 ] ::1 /test/onethink/member.php?s=/Member/Car
INFO: [ app_init ] --START--
INFO: Run Behavior\BuildLiteBehavior [ RunTime:0.000016s ]
INFO: Run Common\Behavior\InitHookBehavior [ RunTime:0.002732s ]
INFO: [ app_init ] --END-- [ RunTime:0.003209s ]

[ 2015-05-04T16:36:37+08:00 ] ::1 /test/onethink/member.php?
INFO: [ app_init ] --START--
INFO: Run Behavior\BuildLiteBehavior [ RunTime:0.000025s ]
INFO: Run Common\Behavior\InitHookBehavior [ RunTime:0.002525s ]
INFO: [ app_init ] --END-- [ RunTime:0.002994s ]
INFO: [ app_begin ] --START--
INFO: Run Behavior\ReadHtmlCacheBehavior [ RunTime:0.000731s ]
INFO: [ app_begin ] --END-- [ RunTime:0.000784s ]
SQL: SHOW COLUMNS FROM `wechat_car_config` [ RunTime:0.0218s ]
INFO: [ app_end ] --START--
INFO: Run Behavior\ShowPageTraceBehavior [ RunTime:0.000825s ]
INFO: [ app_end ] --END-- [ RunTime:0.000869s ]

[ 2015-05-04T16:36:49+08:00 ] ::1 /test/onethink/member.php?s=/Member/Car
INFO: [ app_init ] --START--
INFO: Run Behavior\BuildLiteBehavior [ RunTime:0.000022s ]
INFO: Run Common\Behavior\InitHookBehavior [ RunTime:0.004340s ]
INFO: [ app_init ] --END-- [ RunTime:0.005350s ]

[ 2015-05-04T16:36:56+08:00 ] ::1 /test/onethink/member.php?
INFO: [ app_init ] --START--
INFO: Run Behavior\BuildLiteBehavior [ RunTime:0.000016s ]
INFO: Run Common\Behavior\InitHookBehavior [ RunTime:0.002695s ]
INFO: [ app_init ] --END-- [ RunTime:0.003143s ]
INFO: [ app_begin ] --START--
INFO: Run Behavior\ReadHtmlCacheBehavior [ RunTime:0.000770s ]
INFO: [ app_begin ] --END-- [ RunTime:0.000830s ]
SQL: SHOW COLUMNS FROM `wechat_car_config` [ RunTime:0.0159s ]
INFO: [ app_end ] --START--
INFO: Run Behavior\ShowPageTraceBehavior [ RunTime:0.000824s ]
INFO: [ app_end ] --END-- [ RunTime:0.000874s ]

[ 2015-05-04T16:39:56+08:00 ] ::1 /test/onethink/member.php?s=/Member/Car
INFO: [ app_init ] --START--
INFO: Run Behavior\BuildLiteBehavior [ RunTime:0.000021s ]
INFO: Run Common\Behavior\InitHookBehavior [ RunTime:0.003338s ]
INFO: [ app_init ] --END-- [ RunTime:0.004010s ]

[ 2015-05-04T16:40:00+08:00 ] ::1 /test/onethink/member.php?
INFO: [ app_init ] --START--
INFO: Run Behavior\BuildLiteBehavior [ RunTime:0.000017s ]
INFO: Run Common\Behavior\InitHookBehavior [ RunTime:0.002588s ]
INFO: [ app_init ] --END-- [ RunTime:0.003049s ]
INFO: [ app_begin ] --START--
INFO: Run Behavior\ReadHtmlCacheBehavior [ RunTime:0.000989s ]
INFO: [ app_begin ] --END-- [ RunTime:0.001047s ]
SQL: SHOW COLUMNS FROM `wechat_car_config` [ RunTime:0.0250s ]
INFO: [ app_end ] --START--
INFO: Run Behavior\ShowPageTraceBehavior [ RunTime:0.000908s ]
INFO: [ app_end ] --END-- [ RunTime:0.000959s ]

[ 2015-05-04T16:42:47+08:00 ] ::1 /test/onethink/member.php?s=/Member/Car
INFO: [ app_init ] --START--
INFO: Run Behavior\BuildLiteBehavior [ RunTime:0.000014s ]
INFO: Run Common\Behavior\InitHookBehavior [ RunTime:0.002643s ]
INFO: [ app_init ] --END-- [ RunTime:0.003306s ]

[ 2015-05-04T16:42:52+08:00 ] ::1 /test/onethink/member.php?
INFO: [ app_init ] --START--
INFO: Run Behavior\BuildLiteBehavior [ RunTime:0.000016s ]
INFO: Run Common\Behavior\InitHookBehavior [ RunTime:0.002905s ]
INFO: [ app_init ] --END-- [ RunTime:0.003356s ]
INFO: [ app_begin ] --START--
INFO: Run Behavior\ReadHtmlCacheBehavior [ RunTime:0.000974s ]
INFO: [ app_begin ] --END-- [ RunTime:0.001029s ]
SQL: SHOW COLUMNS FROM `wechat_car_config` [ RunTime:0.0103s ]
NOTIC: [8] Undefined variable: res D:\xampp\htdocs\test\onethink\Application\Member\Controller\IndexController.class.php  141 .
INFO: [ app_end ] --START--
INFO: Run Behavior\ShowPageTraceBehavior [ RunTime:0.000925s ]
INFO: [ app_end ] --END-- [ RunTime:0.000974s ]

[ 2015-05-04T16:43:15+08:00 ] ::1 /test/onethink/member.php?s=/Member/Car
INFO: [ app_init ] --START--
INFO: Run Behavior\BuildLiteBehavior [ RunTime:0.000018s ]
INFO: Run Common\Behavior\InitHookBehavior [ RunTime:0.002944s ]
INFO: [ app_init ] --END-- [ RunTime:0.003517s ]

[ 2015-05-04T16:43:19+08:00 ] ::1 /test/onethink/member.php?
INFO: [ app_init ] --START--
INFO: Run Behavior\BuildLiteBehavior [ RunTime:0.000017s ]
INFO: Run Common\Behavior\InitHookBehavior [ RunTime:0.002677s ]
INFO: [ app_init ] --END-- [ RunTime:0.003196s ]
INFO: [ app_begin ] --START--
INFO: Run Behavior\ReadHtmlCacheBehavior [ RunTime:0.000749s ]
INFO: [ app_begin ] --END-- [ RunTime:0.000805s ]
SQL: SHOW COLUMNS FROM `wechat_car_config` [ RunTime:0.0200s ]
NOTIC: [8] Undefined variable: res D:\xampp\htdocs\test\onethink\Application\Member\Controller\IndexController.class.php  141 .
INFO: [ app_end ] --START--
INFO: Run Behavior\ShowPageTraceBehavior [ RunTime:0.000818s ]
INFO: [ app_end ] --END-- [ RunTime:0.000867s ]

[ 2015-05-04T16:44:06+08:00 ] ::1 /test/onethink/member.php?s=/Member/Car
INFO: [ app_init ] --START--
INFO: Run Behavior\BuildLiteBehavior [ RunTime:0.000018s ]
INFO: Run Common\Behavior\InitHookBehavior [ RunTime:0.003194s ]
INFO: [ app_init ] --END-- [ RunTime:0.003715s ]

[ 2015-05-04T16:44:09+08:00 ] ::1 /test/onethink/member.php?
INFO: [ app_init ] --START--
INFO: Run Behavior\BuildLiteBehavior [ RunTime:0.000017s ]
INFO: Run Common\Behavior\InitHookBehavior [ RunTime:0.002634s ]
INFO: [ app_init ] --END-- [ RunTime:0.003081s ]
INFO: [ app_begin ] --START--
INFO: Run Behavior\ReadHtmlCacheBehavior [ RunTime:0.000820s ]
INFO: [ app_begin ] --END-- [ RunTime:0.000873s ]
SQL: SHOW COLUMNS FROM `wechat_car_config` [ RunTime:0.0080s ]
SQL: UPDATE `wechat_car_config` SET `value`='carr5' WHERE `option` = 'name' [ RunTime:0.0780s ]
INFO: [ app_end ] --START--
INFO: Run Behavior\ShowPageTraceBehavior [ RunTime:0.001865s ]
INFO: [ app_end ] --END-- [ RunTime:0.001977s ]

[ 2015-05-04T16:44:11+08:00 ] ::1 /test/onethink/member.php?s=/Member/Car
INFO: [ app_init ] --START--
INFO: Run Behavior\BuildLiteBehavior [ RunTime:0.000020s ]
INFO: Run Common\Behavior\InitHookBehavior [ RunTime:0.003062s ]
INFO: [ app_init ] --END-- [ RunTime:0.003630s ]

[ 2015-05-04T16:44:12+08:00 ] ::1 /test/onethink/member.php?s=/Member/Car
INFO: [ app_init ] --START--
INFO: Run Behavior\BuildLiteBehavior [ RunTime:0.000019s ]
INFO: Run Common\Behavior\InitHookBehavior [ RunTime:0.003906s ]
INFO: [ app_init ] --END-- [ RunTime:0.004912s ]

[ 2015-05-04T16:44:30+08:00 ] ::1 /test/onethink/member.php?s=/Member/Car
INFO: [ app_init ] --START--
INFO: Run Behavior\BuildLiteBehavior [ RunTime:0.000016s ]
INFO: Run Common\Behavior\InitHookBehavior [ RunTime:0.002537s ]
INFO: [ app_init ] --END-- [ RunTime:0.002988s ]

[ 2015-05-04T16:44:33+08:00 ] ::1 /test/onethink/member.php?
INFO: [ app_init ] --START--
INFO: Run Behavior\BuildLiteBehavior [ RunTime:0.000016s ]
INFO: Run Common\Behavior\InitHookBehavior [ RunTime:0.002433s ]
INFO: [ app_init ] --END-- [ RunTime:0.002970s ]
INFO: [ app_begin ] --START--
INFO: Run Behavior\ReadHtmlCacheBehavior [ RunTime:0.001084s ]
INFO: [ app_begin ] --END-- [ RunTime:0.001329s ]
SQL: SHOW COLUMNS FROM `wechat_car_config` [ RunTime:0.0430s ]
INFO: [ app_end ] --START--
INFO: Run Behavior\ShowPageTraceBehavior [ RunTime:0.000907s ]
INFO: [ app_end ] --END-- [ RunTime:0.000962s ]

[ 2015-05-04T16:44:34+08:00 ] ::1 /test/onethink/member.php?s=/Member/Car
INFO: [ app_init ] --START--
INFO: Run Behavior\BuildLiteBehavior [ RunTime:0.000016s ]
INFO: Run Common\Behavior\InitHookBehavior [ RunTime:0.002632s ]
INFO: [ app_init ] --END-- [ RunTime:0.003078s ]

[ 2015-05-04T16:47:31+08:00 ] ::1 /test/onethink/member.php?s=/Member/Car
INFO: [ app_init ] --START--
INFO: Run Behavior\BuildLiteBehavior [ RunTime:0.000014s ]
INFO: Run Common\Behavior\InitHookBehavior [ RunTime:0.002660s ]
INFO: [ app_init ] --END-- [ RunTime:0.003432s ]

[ 2015-05-04T16:47:36+08:00 ] ::1 /test/onethink/member.php?
INFO: [ app_init ] --START--
INFO: Run Behavior\BuildLiteBehavior [ RunTime:0.000018s ]
INFO: Run Common\Behavior\InitHookBehavior [ RunTime:0.002302s ]
INFO: [ app_init ] --END-- [ RunTime:0.002745s ]
INFO: [ app_begin ] --START--
INFO: Run Behavior\ReadHtmlCacheBehavior [ RunTime:0.000706s ]
INFO: [ app_begin ] --END-- [ RunTime:0.000751s ]
SQL: SHOW COLUMNS FROM `wechat_car_config` [ RunTime:0.0085s ]
INFO: [ app_end ] --START--
INFO: Run Behavior\ShowPageTraceBehavior [ RunTime:0.000801s ]
INFO: [ app_end ] --END-- [ RunTime:0.000845s ]

[ 2015-05-04T16:47:38+08:00 ] ::1 /test/onethink/member.php?s=/Member/Car
INFO: [ app_init ] --START--
INFO: Run Behavior\BuildLiteBehavior [ RunTime:0.000014s ]
INFO: Run Common\Behavior\InitHookBehavior [ RunTime:0.002172s ]
INFO: [ app_init ] --END-- [ RunTime:0.002553s ]

[ 2015-05-04T16:47:42+08:00 ] ::1 /test/onethink/member.php?s=/Member/Car
INFO: [ app_init ] --START--
INFO: Run Behavior\BuildLiteBehavior [ RunTime:0.000015s ]
INFO: Run Common\Behavior\InitHookBehavior [ RunTime:0.002848s ]
INFO: [ app_init ] --END-- [ RunTime:0.003359s ]

[ 2015-05-04T16:47:45+08:00 ] ::1 /test/onethink/member.php?
INFO: [ app_init ] --START--
INFO: Run Behavior\BuildLiteBehavior [ RunTime:0.000016s ]
INFO: Run Common\Behavior\InitHookBehavior [ RunTime:0.002561s ]
INFO: [ app_init ] --END-- [ RunTime:0.003047s ]
INFO: [ app_begin ] --START--
INFO: Run Behavior\ReadHtmlCacheBehavior [ RunTime:0.000828s ]
INFO: [ app_begin ] --END-- [ RunTime:0.000881s ]
SQL: SHOW COLUMNS FROM `wechat_car_config` [ RunTime:0.0079s ]
INFO: [ app_end ] --START--
INFO: Run Behavior\ShowPageTraceBehavior [ RunTime:0.000904s ]
INFO: [ app_end ] --END-- [ RunTime:0.000953s ]

[ 2015-05-04T16:47:47+08:00 ] ::1 /test/onethink/member.php?s=/Member/Car
INFO: [ app_init ] --START--
INFO: Run Behavior\BuildLiteBehavior [ RunTime:0.000015s ]
INFO: Run Common\Behavior\InitHookBehavior [ RunTime:0.002430s ]
INFO: [ app_init ] --END-- [ RunTime:0.002826s ]

[ 2015-05-04T16:48:14+08:00 ] ::1 /test/onethink/member.php?s=/Member/Car
INFO: [ app_init ] --START--
INFO: Run Behavior\BuildLiteBehavior [ RunTime:0.000014s ]
INFO: Run Common\Behavior\InitHookBehavior [ RunTime:0.002390s ]
INFO: [ app_init ] --END-- [ RunTime:0.002816s ]

[ 2015-05-04T16:48:17+08:00 ] ::1 /test/onethink/member.php?
INFO: [ app_init ] --START--
INFO: Run Behavior\BuildLiteBehavior [ RunTime:0.000017s ]
INFO: Run Common\Behavior\InitHookBehavior [ RunTime:0.002192s ]
INFO: [ app_init ] --END-- [ RunTime:0.002639s ]
INFO: [ app_begin ] --START--
INFO: Run Behavior\ReadHtmlCacheBehavior [ RunTime:0.000656s ]
INFO: [ app_begin ] --END-- [ RunTime:0.000706s ]
SQL: SHOW COLUMNS FROM `wechat_car_config` [ RunTime:0.0780s ]
SQL: UPDATE `wechat_car_config` SET `value`='carr5' WHERE `option` = 'name' [ RunTime:0.0004s ]
SQL: UPDATE `wechat_car_config` SET `value`='6' WHERE `option` = 'sale_cate0' [ RunTime:0.0002s ]
SQL: UPDATE `wechat_car_config` SET `value`='3' WHERE `option` = 'sale_cate1' [ RunTime:0.0002s ]
SQL: UPDATE `wechat_car_config` SET `value`='./Public/static/upload/5546ecc4d0c43.jpg' WHERE `option` = 'banner_path' [ RunTime:0.0002s ]
SQL: UPDATE `wechat_car_config` SET `value`='./Public/static/upload/553df166737f8.png' WHERE `option` = 'logo_path' [ RunTime:0.0002s ]
SQL: UPDATE `wechat_car_config` SET `value`='./Public/static/upload/553e000742e7a.png' WHERE `option` = 'cate_img_path' [ RunTime:0.0002s ]
SQL: UPDATE `wechat_car_config` SET `value`='./Public/static/upload/55470d8c15f1d.png' WHERE `option` = 'owner_img_path' [ RunTime:0.0002s ]
SQL: UPDATE `wechat_car_config` SET `value`='' WHERE `option` = 'reply_keyword' [ RunTime:0.0002s ]
SQL: UPDATE `wechat_car_config` SET `value`='0' WHERE `option` = 'pattern_method' [ RunTime:0.0002s ]
SQL: UPDATE `wechat_car_config` SET `value`='' WHERE `option` = 'reply_title' [ RunTime:0.0003s ]
SQL: UPDATE `wechat_car_config` SET `value`='./Public/static/upload/553df30a775e2.png' WHERE `option` = 'reply_img_path' [ RunTime:0.0003s ]
INFO: [ app_end ] --START--
INFO: Run Behavior\ShowPageTraceBehavior [ RunTime:0.000706s ]
INFO: [ app_end ] --END-- [ RunTime:0.000747s ]

[ 2015-05-04T16:48:19+08:00 ] ::1 /test/onethink/member.php?s=/Member/Car
INFO: [ app_init ] --START--
INFO: Run Behavior\BuildLiteBehavior [ RunTime:0.000021s ]
INFO: Run Common\Behavior\InitHookBehavior [ RunTime:0.003235s ]
INFO: [ app_init ] --END-- [ RunTime:0.003784s ]

[ 2015-05-04T16:49:13+08:00 ] ::1 /test/onethink/member.php?s=/Member/Car
INFO: [ app_init ] --START--
INFO: Run Behavior\BuildLiteBehavior [ RunTime:0.000017s ]
INFO: Run Common\Behavior\InitHookBehavior [ RunTime:0.002872s ]
INFO: [ app_init ] --END-- [ RunTime:0.003349s ]

[ 2015-05-04T16:49:16+08:00 ] ::1 /test/onethink/member.php?
INFO: [ app_init ] --START--
INFO: Run Behavior\BuildLiteBehavior [ RunTime:0.000016s ]
INFO: Run Common\Behavior\InitHookBehavior [ RunTime:0.002725s ]
INFO: [ app_init ] --END-- [ RunTime:0.003175s ]
INFO: [ app_begin ] --START--
INFO: Run Behavior\ReadHtmlCacheBehavior [ RunTime:0.000733s ]
INFO: [ app_begin ] --END-- [ RunTime:0.000787s ]
SQL: SHOW COLUMNS FROM `wechat_car_config` [ RunTime:0.0084s ]
SQL: UPDATE `wechat_car_config` SET `value`='carr5' WHERE `option` = 'name' [ RunTime:0.0003s ]
SQL: UPDATE `wechat_car_config` SET `value`='' WHERE `option` = 'sale_cate0' [ RunTime:0.0002s ]
SQL: UPDATE `wechat_car_config` SET `value`='' WHERE `option` = 'sale_cate1' [ RunTime:0.0002s ]
SQL: UPDATE `wechat_car_config` SET `value`='./Public/static/upload/5546ecc4d0c43.jpg' WHERE `option` = 'banner_path' [ RunTime:0.0002s ]
SQL: UPDATE `wechat_car_config` SET `value`='./Public/static/upload/553df166737f8.png' WHERE `option` = 'logo_path' [ RunTime:0.0001s ]
SQL: UPDATE `wechat_car_config` SET `value`='./Public/static/upload/553e000742e7a.png' WHERE `option` = 'cate_img_path' [ RunTime:0.0001s ]
SQL: UPDATE `wechat_car_config` SET `value`='./Public/static/upload/55470d8c15f1d.png' WHERE `option` = 'owner_img_path' [ RunTime:0.0002s ]
SQL: UPDATE `wechat_car_config` SET `value`='' WHERE `option` = 'reply_keyword' [ RunTime:0.0002s ]
SQL: UPDATE `wechat_car_config` SET `value`='0' WHERE `option` = 'pattern_method' [ RunTime:0.0002s ]
SQL: UPDATE `wechat_car_config` SET `value`='' WHERE `option` = 'reply_title' [ RunTime:0.0002s ]
SQL: UPDATE `wechat_car_config` SET `value`='./Public/static/upload/553df30a775e2.png' WHERE `option` = 'reply_img_path' [ RunTime:0.0002s ]
INFO: [ app_end ] --START--
INFO: Run Behavior\ShowPageTraceBehavior [ RunTime:0.000732s ]
INFO: [ app_end ] --END-- [ RunTime:0.000777s ]

[ 2015-05-04T16:49:16+08:00 ] ::1 /test/onethink/member.php?s=/Member/Car
INFO: [ app_init ] --START--
INFO: Run Behavior\BuildLiteBehavior [ RunTime:0.000015s ]
INFO: Run Common\Behavior\InitHookBehavior [ RunTime:0.002304s ]
INFO: [ app_init ] --END-- [ RunTime:0.002730s ]

[ 2015-05-04T16:49:20+08:00 ] ::1 /test/onethink/Member/?
INFO: [ app_init ] --START--
INFO: Run Behavior\BuildLiteBehavior [ RunTime:0.000016s ]
INFO: Run Common\Behavior\InitHookBehavior [ RunTime:0.002244s ]
INFO: [ app_init ] --END-- [ RunTime:0.002693s ]

[ 2015-05-04T16:49:26+08:00 ] ::1 /test/onethink/Member/?
INFO: [ app_init ] --START--
INFO: Run Behavior\BuildLiteBehavior [ RunTime:0.000013s ]
INFO: Run Common\Behavior\InitHookBehavior [ RunTime:0.002130s ]
INFO: [ app_init ] --END-- [ RunTime:0.002552s ]

[ 2015-05-04T16:49:28+08:00 ] ::1 /test/onethink/member.php?
INFO: [ app_init ] --START--
INFO: Run Behavior\BuildLiteBehavior [ RunTime:0.000017s ]
INFO: Run Common\Behavior\InitHookBehavior [ RunTime:0.002354s ]
INFO: [ app_init ] --END-- [ RunTime:0.002826s ]
INFO: [ app_begin ] --START--
INFO: Run Behavior\ReadHtmlCacheBehavior [ RunTime:0.000766s ]
INFO: [ app_begin ] --END-- [ RunTime:0.000818s ]
SQL: SHOW COLUMNS FROM `wechat_car_config` [ RunTime:0.0178s ]
SQL: UPDATE `wechat_car_config` SET `value`='carr5' WHERE `option` = 'name' [ RunTime:0.0002s ]
SQL: UPDATE `wechat_car_config` SET `value`='' WHERE `option` = 'sale_cate0' [ RunTime:0.0002s ]
SQL: UPDATE `wechat_car_config` SET `value`='' WHERE `option` = 'sale_cate1' [ RunTime:0.0002s ]
SQL: UPDATE `wechat_car_config` SET `value`='./Public/static/upload/5546ecc4d0c43.jpg;./Public/static/upload/554732905557a.jpg;./Public/static/upload/55473296a8026.png' WHERE `option` = 'banner_path' [ RunTime:0.0003s ]
SQL: UPDATE `wechat_car_config` SET `value`='./Public/static/upload/553df166737f8.png' WHERE `option` = 'logo_path' [ RunTime:0.0002s ]
SQL: UPDATE `wechat_car_config` SET `value`='./Public/static/upload/553e000742e7a.png' WHERE `option` = 'cate_img_path' [ RunTime:0.0002s ]
SQL: UPDATE `wechat_car_config` SET `value`='./Public/static/upload/55470d8c15f1d.png' WHERE `option` = 'owner_img_path' [ RunTime:0.0002s ]
SQL: UPDATE `wechat_car_config` SET `value`='' WHERE `option` = 'reply_keyword' [ RunTime:0.0002s ]
SQL: UPDATE `wechat_car_config` SET `value`='0' WHERE `option` = 'pattern_method' [ RunTime:0.0002s ]
SQL: UPDATE `wechat_car_config` SET `value`='' WHERE `option` = 'reply_title' [ RunTime:0.0002s ]
SQL: UPDATE `wechat_car_config` SET `value`='./Public/static/upload/553df30a775e2.png' WHERE `option` = 'reply_img_path' [ RunTime:0.0002s ]
INFO: [ app_end ] --START--
INFO: Run Behavior\ShowPageTraceBehavior [ RunTime:0.000710s ]
INFO: [ app_end ] --END-- [ RunTime:0.000755s ]

[ 2015-05-04T16:49:28+08:00 ] ::1 /test/onethink/member.php?s=/Member/Car
INFO: [ app_init ] --START--
INFO: Run Behavior\BuildLiteBehavior [ RunTime:0.000013s ]
INFO: Run Common\Behavior\InitHookBehavior [ RunTime:0.002052s ]
INFO: [ app_init ] --END-- [ RunTime:0.002448s ]

[ 2015-05-04T16:49:29+08:00 ] ::1 /test/onethink/member.php?s=/Member/Car
INFO: [ app_init ] --START--
INFO: Run Behavior\BuildLiteBehavior [ RunTime:0.000019s ]
INFO: Run Common\Behavior\InitHookBehavior [ RunTime:0.002921s ]
INFO: [ app_init ] --END-- [ RunTime:0.003439s ]

[ 2015-05-04T16:49:36+08:00 ] ::1 /test/onethink/Member/?
INFO: [ app_init ] --START--
INFO: Run Behavior\BuildLiteBehavior [ RunTime:0.000015s ]
INFO: Run Common\Behavior\InitHookBehavior [ RunTime:0.002777s ]
INFO: [ app_init ] --END-- [ RunTime:0.003218s ]

[ 2015-05-04T16:49:38+08:00 ] ::1 /test/onethink/member.php?
INFO: [ app_init ] --START--
INFO: Run Behavior\BuildLiteBehavior [ RunTime:0.000013s ]
INFO: Run Common\Behavior\InitHookBehavior [ RunTime:0.002251s ]
INFO: [ app_init ] --END-- [ RunTime:0.002683s ]
INFO: [ app_begin ] --START--
INFO: Run Behavior\ReadHtmlCacheBehavior [ RunTime:0.000699s ]
INFO: [ app_begin ] --END-- [ RunTime:0.000748s ]
SQL: SHOW COLUMNS FROM `wechat_car_config` [ RunTime:0.0420s ]
SQL: UPDATE `wechat_car_config` SET `value`='carr5' WHERE `option` = 'name' [ RunTime:0.0003s ]
SQL: UPDATE `wechat_car_config` SET `value`='' WHERE `option` = 'sale_cate0' [ RunTime:0.0003s ]
SQL: UPDATE `wechat_car_config` SET `value`='' WHERE `option` = 'sale_cate1' [ RunTime:0.0002s ]
SQL: UPDATE `wechat_car_config` SET `value`='./Public/static/upload/5546ecc4d0c43.jpg;./Public/static/upload/554732905557a.jpg;./Public/static/upload/55473296a8026.png;./Public/static/upload/554732a0b4a42.png' WHERE `option` = 'banner_path' [ RunTime:0.0002s ]
SQL: UPDATE `wechat_car_config` SET `value`='./Public/static/upload/553df166737f8.png' WHERE `option` = 'logo_path' [ RunTime:0.0002s ]
SQL: UPDATE `wechat_car_config` SET `value`='./Public/static/upload/553e000742e7a.png' WHERE `option` = 'cate_img_path' [ RunTime:0.0002s ]
SQL: UPDATE `wechat_car_config` SET `value`='./Public/static/upload/55470d8c15f1d.png' WHERE `option` = 'owner_img_path' [ RunTime:0.0002s ]
SQL: UPDATE `wechat_car_config` SET `value`='' WHERE `option` = 'reply_keyword' [ RunTime:0.0002s ]
SQL: UPDATE `wechat_car_config` SET `value`='0' WHERE `option` = 'pattern_method' [ RunTime:0.0003s ]
SQL: UPDATE `wechat_car_config` SET `value`='' WHERE `option` = 'reply_title' [ RunTime:0.0002s ]
SQL: UPDATE `wechat_car_config` SET `value`='./Public/static/upload/553df30a775e2.png' WHERE `option` = 'reply_img_path' [ RunTime:0.0003s ]
INFO: [ app_end ] --START--
INFO: Run Behavior\ShowPageTraceBehavior [ RunTime:0.000759s ]
INFO: [ app_end ] --END-- [ RunTime:0.000805s ]

[ 2015-05-04T16:49:38+08:00 ] ::1 /test/onethink/member.php?s=/Member/Car
INFO: [ app_init ] --START--
INFO: Run Behavior\BuildLiteBehavior [ RunTime:0.000013s ]
INFO: Run Common\Behavior\InitHookBehavior [ RunTime:0.002188s ]
INFO: [ app_init ] --END-- [ RunTime:0.002604s ]

[ 2015-05-04T16:49:41+08:00 ] ::1 /test/onethink/member.php?s=/Member/Car
INFO: [ app_init ] --START--
INFO: Run Behavior\BuildLiteBehavior [ RunTime:0.000016s ]
INFO: Run Common\Behavior\InitHookBehavior [ RunTime:0.002879s ]
INFO: [ app_init ] --END-- [ RunTime:0.003326s ]

[ 2015-05-04T17:12:29+08:00 ] ::1 /test/onethink/member.php?s=/Member/Car
INFO: [ app_init ] --START--
INFO: Run Behavior\BuildLiteBehavior [ RunTime:0.000020s ]
INFO: Run Common\Behavior\InitHookBehavior [ RunTime:0.003414s ]
INFO: [ app_init ] --END-- [ RunTime:0.004118s ]

[ 2015-05-04T17:12:34+08:00 ] ::1 /test/onethink/member.php?
INFO: [ app_init ] --START--
INFO: Run Behavior\BuildLiteBehavior [ RunTime:0.000020s ]
INFO: Run Common\Behavior\InitHookBehavior [ RunTime:0.002817s ]
INFO: [ app_init ] --END-- [ RunTime:0.003354s ]
INFO: [ app_begin ] --START--
INFO: Run Behavior\ReadHtmlCacheBehavior [ RunTime:0.000833s ]
INFO: [ app_begin ] --END-- [ RunTime:0.000887s ]
SQL: SHOW COLUMNS FROM `wechat_car_config` [ RunTime:0.0218s ]
SQL: UPDATE `wechat_car_config` SET `value`='carr5' WHERE `option` = 'name' [ RunTime:0.0003s ]
SQL: UPDATE `wechat_car_config` SET `value`='' WHERE `option` = 'sale_cate0' [ RunTime:0.0002s ]
SQL: UPDATE `wechat_car_config` SET `value`='' WHERE `option` = 'sale_cate1' [ RunTime:0.0002s ]
SQL: UPDATE `wechat_car_config` SET `value`='./Public/static/upload/5546ecc4d0c43.jpg;./Public/static/upload/554732905557a.jpg;./Public/static/upload/55473296a8026.png' WHERE `option` = 'banner_path' [ RunTime:0.0003s ]
SQL: UPDATE `wechat_car_config` SET `value`='./Public/static/upload/553df166737f8.png' WHERE `option` = 'logo_path' [ RunTime:0.0002s ]
SQL: UPDATE `wechat_car_config` SET `value`='./Public/static/upload/553e000742e7a.png' WHERE `option` = 'cate_img_path' [ RunTime:0.0002s ]
SQL: UPDATE `wechat_car_config` SET `value`='./Public/static/upload/55470d8c15f1d.png' WHERE `option` = 'owner_img_path' [ RunTime:0.0002s ]
SQL: UPDATE `wechat_car_config` SET `value`='' WHERE `option` = 'reply_keyword' [ RunTime:0.0002s ]
SQL: UPDATE `wechat_car_config` SET `value`='0' WHERE `option` = 'pattern_method' [ RunTime:0.0002s ]
SQL: UPDATE `wechat_car_config` SET `value`='' WHERE `option` = 'reply_title' [ RunTime:0.0002s ]
SQL: UPDATE `wechat_car_config` SET `value`='./Public/static/upload/553df30a775e2.png' WHERE `option` = 'reply_img_path' [ RunTime:0.0002s ]
INFO: [ app_end ] --START--
INFO: Run Behavior\ShowPageTraceBehavior [ RunTime:0.000797s ]
INFO: [ app_end ] --END-- [ RunTime:0.000843s ]

[ 2015-05-04T17:12:34+08:00 ] ::1 /test/onethink/member.php?s=/Member/Car
INFO: [ app_init ] --START--
INFO: Run Behavior\BuildLiteBehavior [ RunTime:0.000014s ]
INFO: Run Common\Behavior\InitHookBehavior [ RunTime:0.002312s ]
INFO: [ app_init ] --END-- [ RunTime:0.002727s ]

[ 2015-05-04T17:15:38+08:00 ] ::1 /test/onethink/Member/?
INFO: [ app_init ] --START--
INFO: Run Behavior\BuildLiteBehavior [ RunTime:0.000016s ]
INFO: Run Common\Behavior\InitHookBehavior [ RunTime:0.002440s ]
INFO: [ app_init ] --END-- [ RunTime:0.002877s ]

[ 2015-05-04T17:15:41+08:00 ] ::1 /test/onethink/member.php?
INFO: [ app_init ] --START--
INFO: Run Behavior\BuildLiteBehavior [ RunTime:0.000019s ]
INFO: Run Common\Behavior\InitHookBehavior [ RunTime:0.002643s ]
INFO: [ app_init ] --END-- [ RunTime:0.003116s ]
INFO: [ app_begin ] --START--
INFO: Run Behavior\ReadHtmlCacheBehavior [ RunTime:0.000846s ]
INFO: [ app_begin ] --END-- [ RunTime:0.000900s ]
SQL: SHOW COLUMNS FROM `wechat_car_config` [ RunTime:0.0347s ]
SQL: UPDATE `wechat_car_config` SET `value`='carr5' WHERE `option` = 'name' [ RunTime:0.0004s ]
SQL: UPDATE `wechat_car_config` SET `value`='' WHERE `option` = 'sale_cate0' [ RunTime:0.0003s ]
SQL: UPDATE `wechat_car_config` SET `value`='' WHERE `option` = 'sale_cate1' [ RunTime:0.0002s ]
SQL: UPDATE `wechat_car_config` SET `value`='./Public/static/upload/5546ecc4d0c43.jpg;./Public/static/upload/554732905557a.jpg;./Public/static/upload/55473296a8026.png;./Public/static/upload/554738ba4890e.jpg' WHERE `option` = 'banner_path' [ RunTime:0.0004s ]
SQL: UPDATE `wechat_car_config` SET `value`='./Public/static/upload/553df166737f8.png' WHERE `option` = 'logo_path' [ RunTime:0.0003s ]
SQL: UPDATE `wechat_car_config` SET `value`='./Public/static/upload/553e000742e7a.png' WHERE `option` = 'cate_img_path' [ RunTime:0.0003s ]
SQL: UPDATE `wechat_car_config` SET `value`='./Public/static/upload/55470d8c15f1d.png' WHERE `option` = 'owner_img_path' [ RunTime:0.0002s ]
SQL: UPDATE `wechat_car_config` SET `value`='' WHERE `option` = 'reply_keyword' [ RunTime:0.0002s ]
SQL: UPDATE `wechat_car_config` SET `value`='0' WHERE `option` = 'pattern_method' [ RunTime:0.0002s ]
SQL: UPDATE `wechat_car_config` SET `value`='' WHERE `option` = 'reply_title' [ RunTime:0.0002s ]
SQL: UPDATE `wechat_car_config` SET `value`='./Public/static/upload/553df30a775e2.png' WHERE `option` = 'reply_img_path' [ RunTime:0.0002s ]
INFO: [ app_end ] --START--
INFO: Run Behavior\ShowPageTraceBehavior [ RunTime:0.000908s ]
INFO: [ app_end ] --END-- [ RunTime:0.000959s ]

[ 2015-05-04T17:15:41+08:00 ] ::1 /test/onethink/member.php?s=/Member/Car
INFO: [ app_init ] --START--
INFO: Run Behavior\BuildLiteBehavior [ RunTime:0.000015s ]
INFO: Run Common\Behavior\InitHookBehavior [ RunTime:0.002590s ]
INFO: [ app_init ] --END-- [ RunTime:0.003035s ]

[ 2015-05-04T17:16:11+08:00 ] ::1 /test/onethink/member.php?
INFO: [ app_init ] --START--
INFO: Run Behavior\BuildLiteBehavior [ RunTime:0.000019s ]
INFO: Run Common\Behavior\InitHookBehavior [ RunTime:0.003062s ]
INFO: [ app_init ] --END-- [ RunTime:0.003587s ]
INFO: [ app_begin ] --START--
INFO: Run Behavior\ReadHtmlCacheBehavior [ RunTime:0.000868s ]
INFO: [ app_begin ] --END-- [ RunTime:0.000970s ]
SQL: SHOW COLUMNS FROM `wechat_car_config` [ RunTime:0.0525s ]
SQL: UPDATE `wechat_car_config` SET `value`='carr5' WHERE `option` = 'name' [ RunTime:0.0002s ]
SQL: UPDATE `wechat_car_config` SET `value`='' WHERE `option` = 'sale_cate0' [ RunTime:0.0002s ]
SQL: UPDATE `wechat_car_config` SET `value`='' WHERE `option` = 'sale_cate1' [ RunTime:0.0001s ]
SQL: UPDATE `wechat_car_config` SET `value`='./Public/static/upload/5546ecc4d0c43.jpg;./Public/static/upload/554732905557a.jpg;./Public/static/upload/554738ba4890e.jpg' WHERE `option` = 'banner_path' [ RunTime:0.0002s ]
SQL: UPDATE `wechat_car_config` SET `value`='./Public/static/upload/553df166737f8.png' WHERE `option` = 'logo_path' [ RunTime:0.0002s ]
SQL: UPDATE `wechat_car_config` SET `value`='./Public/static/upload/553e000742e7a.png' WHERE `option` = 'cate_img_path' [ RunTime:0.0002s ]
SQL: UPDATE `wechat_car_config` SET `value`='./Public/static/upload/55470d8c15f1d.png' WHERE `option` = 'owner_img_path' [ RunTime:0.0002s ]
SQL: UPDATE `wechat_car_config` SET `value`='' WHERE `option` = 'reply_keyword' [ RunTime:0.0002s ]
SQL: UPDATE `wechat_car_config` SET `value`='0' WHERE `option` = 'pattern_method' [ RunTime:0.0001s ]
SQL: UPDATE `wechat_car_config` SET `value`='' WHERE `option` = 'reply_title' [ RunTime:0.0001s ]
SQL: UPDATE `wechat_car_config` SET `value`='./Public/static/upload/553df30a775e2.png' WHERE `option` = 'reply_img_path' [ RunTime:0.0002s ]
INFO: [ app_end ] --START--
INFO: Run Behavior\ShowPageTraceBehavior [ RunTime:0.000810s ]
INFO: [ app_end ] --END-- [ RunTime:0.000861s ]

[ 2015-05-04T17:16:12+08:00 ] ::1 /test/onethink/member.php?s=/Member/Car
INFO: [ app_init ] --START--
INFO: Run Behavior\BuildLiteBehavior [ RunTime:0.000018s ]
INFO: Run Common\Behavior\InitHookBehavior [ RunTime:0.002256s ]
INFO: [ app_init ] --END-- [ RunTime:0.002690s ]

