[ 2015-04-21T09:15:47+08:00 ] ::1 /test/onethink/wechat.php?s=/Member/Wedding/
INFO: [ app_init ] --START--
INFO: Run Behavior\BuildLiteBehavior [ RunTime:0.000013s ]
INFO: Run Common\Behavior\InitHookBehavior [ RunTime:0.002191s ]
INFO: [ app_init ] --END-- [ RunTime:0.002686s ]

[ 2015-04-21T09:18:45+08:00 ] ::1 /test/onethink/wechat.php?s=/Member/hotel/
INFO: [ app_init ] --START--
INFO: Run Behavior\BuildLiteBehavior [ RunTime:0.000014s ]
INFO: Run Common\Behavior\InitHookBehavior [ RunTime:0.002027s ]
INFO: [ app_init ] --END-- [ RunTime:0.002422s ]

[ 2015-04-21T09:19:56+08:00 ] ::1 /test/onethink/wechat.php?s=/Member/hotel/reserve.html
INFO: [ app_init ] --START--
INFO: Run Behavior\BuildLiteBehavior [ RunTime:0.000014s ]
INFO: Run Common\Behavior\InitHookBehavior [ RunTime:0.002505s ]
INFO: [ app_init ] --END-- [ RunTime:0.002952s ]

[ 2015-04-21T09:19:59+08:00 ] ::1 /test/onethink/wechat.php?s=/Member/Hotel/products.html
INFO: [ app_init ] --START--
INFO: Run Behavior\BuildLiteBehavior [ RunTime:0.000015s ]
INFO: Run Common\Behavior\InitHookBehavior [ RunTime:0.001631s ]
INFO: [ app_init ] --END-- [ RunTime:0.002123s ]

[ 2015-04-21T09:20:00+08:00 ] ::1 /test/onethink/wechat.php?s=/Member/Hotel/index.html
INFO: [ app_init ] --START--
INFO: Run Behavior\BuildLiteBehavior [ RunTime:0.000015s ]
INFO: Run Common\Behavior\InitHookBehavior [ RunTime:0.001584s ]
INFO: [ app_init ] --END-- [ RunTime:0.001968s ]

[ 2015-04-21T09:20:04+08:00 ] ::1 /test/onethink/wechat.php?s=/Member/Hotel/products.html
INFO: [ app_init ] --START--
INFO: Run Behavior\BuildLiteBehavior [ RunTime:0.000012s ]
INFO: Run Common\Behavior\InitHookBehavior [ RunTime:0.001523s ]
INFO: [ app_init ] --END-- [ RunTime:0.001913s ]

[ 2015-04-21T09:20:05+08:00 ] ::1 /test/onethink/wechat.php?s=/Member/Hotel/reserve.html
INFO: [ app_init ] --START--
INFO: Run Behavior\BuildLiteBehavior [ RunTime:0.000014s ]
INFO: Run Common\Behavior\InitHookBehavior [ RunTime:0.001850s ]
INFO: [ app_init ] --END-- [ RunTime:0.002315s ]

[ 2015-04-21T09:20:06+08:00 ] ::1 /test/onethink/wechat.php?s=/Member/Hotel/products.html
INFO: [ app_init ] --START--
INFO: Run Behavior\BuildLiteBehavior [ RunTime:0.000015s ]
INFO: Run Common\Behavior\InitHookBehavior [ RunTime:0.001540s ]
INFO: [ app_init ] --END-- [ RunTime:0.001962s ]

[ 2015-04-21T09:20:07+08:00 ] ::1 /test/onethink/wechat.php?s=/Member/Hotel/reserve.html
INFO: [ app_init ] --START--
INFO: Run Behavior\BuildLiteBehavior [ RunTime:0.000013s ]
INFO: Run Common\Behavior\InitHookBehavior [ RunTime:0.001497s ]
INFO: [ app_init ] --END-- [ RunTime:0.001838s ]

[ 2015-04-21T09:20:27+08:00 ] ::1 /test/onethink/wechat.php?s=/Member/Hotel/products.html
INFO: [ app_init ] --START--
INFO: Run Behavior\BuildLiteBehavior [ RunTime:0.000015s ]
INFO: Run Common\Behavior\InitHookBehavior [ RunTime:0.001667s ]
INFO: [ app_init ] --END-- [ RunTime:0.002055s ]

[ 2015-04-21T10:05:47+08:00 ] ::1 /test/onethink/member.php?s=/Member/Wedding/
INFO: [ app_init ] --START--
INFO: Run Behavior\BuildLiteBehavior [ RunTime:0.000016s ]
INFO: Run Common\Behavior\InitHookBehavior [ RunTime:0.002141s ]
INFO: [ app_init ] --END-- [ RunTime:0.002616s ]

[ 2015-04-21T10:05:52+08:00 ] ::1 /test/onethink/member.php?s=/Member/Hotel/products.html
INFO: [ app_init ] --START--
INFO: Run Behavior\BuildLiteBehavior [ RunTime:0.000015s ]
INFO: Run Common\Behavior\InitHookBehavior [ RunTime:0.001606s ]
INFO: [ app_init ] --END-- [ RunTime:0.002009s ]

[ 2015-04-21T10:07:53+08:00 ] ::1 /test/onethink/member.php?s=/Member/Hotel/reserve.html
INFO: [ app_init ] --START--
INFO: Run Behavior\BuildLiteBehavior [ RunTime:0.000016s ]
INFO: Run Common\Behavior\InitHookBehavior [ RunTime:0.002291s ]
INFO: [ app_init ] --END-- [ RunTime:0.002732s ]

[ 2015-04-21T10:09:24+08:00 ] ::1 /test/onethink/member.php?s=/Member/Hotel/reserve.html
INFO: [ app_init ] --START--
INFO: Run Behavior\BuildLiteBehavior [ RunTime:0.000020s ]
INFO: Run Common\Behavior\InitHookBehavior [ RunTime:0.002287s ]
INFO: [ app_init ] --END-- [ RunTime:0.002960s ]

[ 2015-04-21T10:09:26+08:00 ] ::1 /test/onethink/member.php?s=/Member/Hotel/products.html
INFO: [ app_init ] --START--
INFO: Run Behavior\BuildLiteBehavior [ RunTime:0.000015s ]
INFO: Run Common\Behavior\InitHookBehavior [ RunTime:0.002075s ]
INFO: [ app_init ] --END-- [ RunTime:0.002504s ]

[ 2015-04-21T10:09:27+08:00 ] ::1 /test/onethink/member.php?s=/Member/Hotel/reserve.html
INFO: [ app_init ] --START--
INFO: Run Behavior\BuildLiteBehavior [ RunTime:0.000016s ]
INFO: Run Common\Behavior\InitHookBehavior [ RunTime:0.001828s ]
INFO: [ app_init ] --END-- [ RunTime:0.002367s ]

[ 2015-04-21T10:09:27+08:00 ] ::1 /test/onethink/member.php?s=/Member/Hotel/products.html
INFO: [ app_init ] --START--
INFO: Run Behavior\BuildLiteBehavior [ RunTime:0.000016s ]
INFO: Run Common\Behavior\InitHookBehavior [ RunTime:0.001883s ]
INFO: [ app_init ] --END-- [ RunTime:0.002372s ]

[ 2015-04-21T10:09:28+08:00 ] ::1 /test/onethink/member.php?s=/Member/Hotel/reserve.html
INFO: [ app_init ] --START--
INFO: Run Behavior\BuildLiteBehavior [ RunTime:0.000015s ]
INFO: Run Common\Behavior\InitHookBehavior [ RunTime:0.001728s ]
INFO: [ app_init ] --END-- [ RunTime:0.002128s ]

[ 2015-04-21T10:12:59+08:00 ] ::1 /test/onethink/member.php?s=/Member/Wedding
INFO: [ app_init ] --START--
INFO: Run Behavior\BuildLiteBehavior [ RunTime:0.000013s ]
INFO: Run Common\Behavior\InitHookBehavior [ RunTime:0.001842s ]
INFO: [ app_init ] --END-- [ RunTime:0.002246s ]

[ 2015-04-21T10:13:03+08:00 ] ::1 /test/onethink/member.php?s=/Member/wedding/catview.html
INFO: [ app_init ] --START--
INFO: Run Behavior\BuildLiteBehavior [ RunTime:0.000015s ]
INFO: Run Common\Behavior\InitHookBehavior [ RunTime:0.002275s ]
INFO: [ app_init ] --END-- [ RunTime:0.002760s ]

[ 2015-04-21T10:14:59+08:00 ] ::1 /test/onethink/member.php?s=/Member/Hotel/products.html
INFO: [ app_init ] --START--
INFO: Run Behavior\BuildLiteBehavior [ RunTime:0.000016s ]
INFO: Run Common\Behavior\InitHookBehavior [ RunTime:0.002565s ]
INFO: [ app_init ] --END-- [ RunTime:0.003237s ]

[ 2015-04-21T10:17:26+08:00 ] ::1 /test/onethink/member.php?s=/Member/Hotel/productsedit.html
INFO: [ app_init ] --START--
INFO: Run Behavior\BuildLiteBehavior [ RunTime:0.000015s ]
INFO: Run Common\Behavior\InitHookBehavior [ RunTime:0.002376s ]
INFO: [ app_init ] --END-- [ RunTime:0.002828s ]
ERR: 非法操作:productsedit

[ 2015-04-21T10:17:38+08:00 ] ::1 /test/onethink/member.php?s=/Member/Hotel/productedit.html
INFO: [ app_init ] --START--
INFO: Run Behavior\BuildLiteBehavior [ RunTime:0.000015s ]
INFO: Run Common\Behavior\InitHookBehavior [ RunTime:0.002120s ]
INFO: [ app_init ] --END-- [ RunTime:0.002572s ]

[ 2015-04-21T10:24:03+08:00 ] ::1 /test/onethink/member.php?s=/Member/Hotel/productedit.html
INFO: [ app_init ] --START--
INFO: Run Behavior\BuildLiteBehavior [ RunTime:0.000021s ]
INFO: Run Common\Behavior\InitHookBehavior [ RunTime:0.003064s ]
INFO: [ app_init ] --END-- [ RunTime:0.003718s ]

[ 2015-04-21T10:25:23+08:00 ] ::1 /test/onethink/member.php?s=/Member/Hotel/productedit.html
INFO: [ app_init ] --START--
INFO: Run Behavior\BuildLiteBehavior [ RunTime:0.000019s ]
INFO: Run Common\Behavior\InitHookBehavior [ RunTime:0.002752s ]
INFO: [ app_init ] --END-- [ RunTime:0.003503s ]

[ 2015-04-21T10:27:48+08:00 ] ::1 /test/onethink/member.php?s=/Member/Hotel/productedit.html
INFO: [ app_init ] --START--
INFO: Run Behavior\BuildLiteBehavior [ RunTime:0.000017s ]
INFO: Run Common\Behavior\InitHookBehavior [ RunTime:0.002079s ]
INFO: [ app_init ] --END-- [ RunTime:0.002522s ]

[ 2015-04-21T10:27:59+08:00 ] ::1 /test/onethink/member.php?s=/Member/Hotel/productedit.html
INFO: [ app_init ] --START--
INFO: Run Behavior\BuildLiteBehavior [ RunTime:0.000031s ]
INFO: Run Common\Behavior\InitHookBehavior [ RunTime:0.003317s ]
INFO: [ app_init ] --END-- [ RunTime:0.004149s ]

[ 2015-04-21T10:28:12+08:00 ] ::1 /test/onethink/member.php?s=/Member/Hotel/productedit.html
INFO: [ app_init ] --START--
INFO: Run Behavior\BuildLiteBehavior [ RunTime:0.000019s ]
INFO: Run Common\Behavior\InitHookBehavior [ RunTime:0.001955s ]
INFO: [ app_init ] --END-- [ RunTime:0.002424s ]

[ 2015-04-21T10:29:14+08:00 ] ::1 /test/onethink/member.php?s=/Member/Hotel/productedit.html
INFO: [ app_init ] --START--
INFO: Run Behavior\BuildLiteBehavior [ RunTime:0.000014s ]
INFO: Run Common\Behavior\InitHookBehavior [ RunTime:0.001829s ]
INFO: [ app_init ] --END-- [ RunTime:0.002207s ]

[ 2015-04-21T10:29:42+08:00 ] ::1 /test/onethink/member.php?s=/Member/Hotel/productedit.html
INFO: [ app_init ] --START--
INFO: Run Behavior\BuildLiteBehavior [ RunTime:0.000018s ]
INFO: Run Common\Behavior\InitHookBehavior [ RunTime:0.001848s ]
INFO: [ app_init ] --END-- [ RunTime:0.002315s ]

[ 2015-04-21T11:02:27+08:00 ] ::1 /test/onethink/member.php?s=/Member/Hotel/products.html
INFO: [ app_init ] --START--
INFO: Run Behavior\BuildLiteBehavior [ RunTime:0.000014s ]
INFO: Run Common\Behavior\InitHookBehavior [ RunTime:0.002355s ]
INFO: [ app_init ] --END-- [ RunTime:0.002755s ]

[ 2015-04-21T11:04:52+08:00 ] ::1 /test/onethink/member.php?s=/Member/Hotel/products.html
INFO: [ app_init ] --START--
INFO: Run Behavior\BuildLiteBehavior [ RunTime:0.000016s ]
INFO: Run Common\Behavior\InitHookBehavior [ RunTime:0.002227s ]
INFO: [ app_init ] --END-- [ RunTime:0.002693s ]

[ 2015-04-21T11:05:21+08:00 ] ::1 /test/onethink/member.php?s=/Member/Hotel/products.html
INFO: [ app_init ] --START--
INFO: Run Behavior\BuildLiteBehavior [ RunTime:0.000014s ]
INFO: Run Common\Behavior\InitHookBehavior [ RunTime:0.002206s ]
INFO: [ app_init ] --END-- [ RunTime:0.002650s ]

[ 2015-04-21T11:06:58+08:00 ] ::1 /test/onethink/member.php?s=/Member/Hotel/products.html
INFO: [ app_init ] --START--
INFO: Run Behavior\BuildLiteBehavior [ RunTime:0.000022s ]
INFO: Run Common\Behavior\InitHookBehavior [ RunTime:0.002920s ]
INFO: [ app_init ] --END-- [ RunTime:0.003528s ]

[ 2015-04-21T11:08:02+08:00 ] ::1 /test/onethink/member.php?s=/Member/Hotel/products.html
INFO: [ app_init ] --START--
INFO: Run Behavior\BuildLiteBehavior [ RunTime:0.000021s ]
INFO: Run Common\Behavior\InitHookBehavior [ RunTime:0.002726s ]
INFO: [ app_init ] --END-- [ RunTime:0.003300s ]

[ 2015-04-21T11:22:35+08:00 ] ::1 /test/onethink/member.php?s=/Member/Hotel/products.html
INFO: [ app_init ] --START--
INFO: Run Behavior\BuildLiteBehavior [ RunTime:0.000032s ]
INFO: Run Common\Behavior\InitHookBehavior [ RunTime:0.003001s ]
INFO: [ app_init ] --END-- [ RunTime:0.003930s ]

[ 2015-04-21T11:23:02+08:00 ] ::1 /test/onethink/member.php?s=/Member/Hotel/products.html
INFO: [ app_init ] --START--
INFO: Run Behavior\BuildLiteBehavior [ RunTime:0.000018s ]
INFO: Run Common\Behavior\InitHookBehavior [ RunTime:0.001960s ]
INFO: [ app_init ] --END-- [ RunTime:0.002425s ]

[ 2015-04-21T11:41:49+08:00 ] ::1 /test/onethink/member.php?s=/Member/Hotel/products.html
INFO: [ app_init ] --START--
INFO: Run Behavior\BuildLiteBehavior [ RunTime:0.000018s ]
INFO: Run Common\Behavior\InitHookBehavior [ RunTime:0.002885s ]
INFO: [ app_init ] --END-- [ RunTime:0.003448s ]

[ 2015-04-21T11:45:05+08:00 ] ::1 /test/onethink/member.php?s=/Member/Hotel/products.html
INFO: [ app_init ] --START--
INFO: Run Behavior\BuildLiteBehavior [ RunTime:0.000013s ]
INFO: Run Common\Behavior\InitHookBehavior [ RunTime:0.002384s ]
INFO: [ app_init ] --END-- [ RunTime:0.002938s ]

[ 2015-04-21T11:45:13+08:00 ] ::1 /test/onethink/member.php?s=/Member/Hotel/products.html
INFO: [ app_init ] --START--
INFO: Run Behavior\BuildLiteBehavior [ RunTime:0.000013s ]
INFO: Run Common\Behavior\InitHookBehavior [ RunTime:0.002338s ]
INFO: [ app_init ] --END-- [ RunTime:0.002859s ]

[ 2015-04-21T11:47:32+08:00 ] ::1 /test/onethink/member.php?s=/Member/Hotel/products.html
INFO: [ app_init ] --START--
INFO: Run Behavior\BuildLiteBehavior [ RunTime:0.000019s ]
INFO: Run Common\Behavior\InitHookBehavior [ RunTime:0.003288s ]
INFO: [ app_init ] --END-- [ RunTime:0.003781s ]

[ 2015-04-21T11:47:54+08:00 ] ::1 /test/onethink/member.php?s=/Member/Hotel/products.html
INFO: [ app_init ] --START--
INFO: Run Behavior\BuildLiteBehavior [ RunTime:0.000020s ]
INFO: Run Common\Behavior\InitHookBehavior [ RunTime:0.002732s ]
INFO: [ app_init ] --END-- [ RunTime:0.003302s ]

[ 2015-04-21T11:50:55+08:00 ] ::1 /test/onethink/member.php?s=/Member/Hotel/products.html
INFO: [ app_init ] --START--
INFO: Run Behavior\BuildLiteBehavior [ RunTime:0.000019s ]
INFO: Run Common\Behavior\InitHookBehavior [ RunTime:0.003269s ]
INFO: [ app_init ] --END-- [ RunTime:0.003818s ]

[ 2015-04-21T11:57:53+08:00 ] ::1 /test/onethink/member.php?s=/Member/Hotel/productedit.html
INFO: [ app_init ] --START--
INFO: Run Behavior\BuildLiteBehavior [ RunTime:0.000014s ]
INFO: Run Common\Behavior\InitHookBehavior [ RunTime:0.002506s ]
INFO: [ app_init ] --END-- [ RunTime:0.002931s ]

[ 2015-04-21T11:59:11+08:00 ] ::1 /test/onethink/member.php?s=/Member/Hotel/productedit.html
INFO: [ app_init ] --START--
INFO: Run Behavior\BuildLiteBehavior [ RunTime:0.000019s ]
INFO: Run Common\Behavior\InitHookBehavior [ RunTime:0.003419s ]
INFO: [ app_init ] --END-- [ RunTime:0.003997s ]

[ 2015-04-21T11:59:24+08:00 ] ::1 /test/onethink/member.php?s=/Member/Hotel/productedit.html
INFO: [ app_init ] --START--
INFO: Run Behavior\BuildLiteBehavior [ RunTime:0.000033s ]
INFO: Run Common\Behavior\InitHookBehavior [ RunTime:0.003875s ]
INFO: [ app_init ] --END-- [ RunTime:0.004782s ]

[ 2015-04-21T12:00:06+08:00 ] ::1 /test/onethink/member.php?s=/Member/Hotel/productedit.html
INFO: [ app_init ] --START--
INFO: Run Behavior\BuildLiteBehavior [ RunTime:0.000033s ]
INFO: Run Common\Behavior\InitHookBehavior [ RunTime:0.004592s ]
INFO: [ app_init ] --END-- [ RunTime:0.005730s ]

[ 2015-04-21T12:00:57+08:00 ] ::1 /test/onethink/member.php?s=/Member/Hotel/productedit.html
INFO: [ app_init ] --START--
INFO: Run Behavior\BuildLiteBehavior [ RunTime:0.000019s ]
INFO: Run Common\Behavior\InitHookBehavior [ RunTime:0.003241s ]
INFO: [ app_init ] --END-- [ RunTime:0.003789s ]

[ 2015-04-21T12:01:04+08:00 ] ::1 /test/onethink/member.php?s=/Member/Hotel/productedit.html
INFO: [ app_init ] --START--
INFO: Run Behavior\BuildLiteBehavior [ RunTime:0.000031s ]
INFO: Run Common\Behavior\InitHookBehavior [ RunTime:0.005178s ]
INFO: [ app_init ] --END-- [ RunTime:0.006147s ]

[ 2015-04-21T13:18:14+08:00 ] ::1 /test/onethink/member.php?s=/Member/Hotel/productedit.html
INFO: [ app_init ] --START--
INFO: Run Behavior\BuildLiteBehavior [ RunTime:0.000015s ]
INFO: Run Common\Behavior\InitHookBehavior [ RunTime:0.002720s ]
INFO: [ app_init ] --END-- [ RunTime:0.003169s ]

[ 2015-04-21T13:39:53+08:00 ] ::1 /test/onethink/member.php?s=/Member/Hotel/productedit.html
INFO: [ app_init ] --START--
INFO: Run Behavior\BuildLiteBehavior [ RunTime:0.000022s ]
INFO: Run Common\Behavior\InitHookBehavior [ RunTime:0.004397s ]
INFO: [ app_init ] --END-- [ RunTime:0.005468s ]

[ 2015-04-21T13:41:04+08:00 ] ::1 /test/onethink/member.php?s=/Member/Hotel/productedit.html
INFO: [ app_init ] --START--
INFO: Run Behavior\BuildLiteBehavior [ RunTime:0.000019s ]
INFO: Run Common\Behavior\InitHookBehavior [ RunTime:0.002968s ]
INFO: [ app_init ] --END-- [ RunTime:0.003488s ]

[ 2015-04-21T13:41:14+08:00 ] ::1 /test/onethink/member.php?s=/Member/Hotel/productedit.html
INFO: [ app_init ] --START--
INFO: Run Behavior\BuildLiteBehavior [ RunTime:0.000015s ]
INFO: Run Common\Behavior\InitHookBehavior [ RunTime:0.002652s ]
INFO: [ app_init ] --END-- [ RunTime:0.003093s ]

[ 2015-04-21T13:42:50+08:00 ] ::1 /test/onethink/member.php?s=/Member/Hotel/productedit.html
INFO: [ app_init ] --START--
INFO: Run Behavior\BuildLiteBehavior [ RunTime:0.000013s ]
INFO: Run Common\Behavior\InitHookBehavior [ RunTime:0.002319s ]
INFO: [ app_init ] --END-- [ RunTime:0.002712s ]

[ 2015-04-21T13:49:18+08:00 ] ::1 /test/onethink/member.php?s=/Member/Hotel/productedit.html
INFO: [ app_init ] --START--
INFO: Run Behavior\BuildLiteBehavior [ RunTime:0.000020s ]
INFO: Run Common\Behavior\InitHookBehavior [ RunTime:0.003631s ]
INFO: [ app_init ] --END-- [ RunTime:0.004453s ]

[ 2015-04-21T13:50:16+08:00 ] ::1 /test/onethink/member.php?s=/Member/Hotel/productedit.html
INFO: [ app_init ] --START--
INFO: Run Behavior\BuildLiteBehavior [ RunTime:0.000019s ]
INFO: Run Common\Behavior\InitHookBehavior [ RunTime:0.002986s ]
INFO: [ app_init ] --END-- [ RunTime:0.003510s ]

[ 2015-04-21T13:50:45+08:00 ] ::1 /test/onethink/member.php?s=/Member/Hotel/productedit.html
INFO: [ app_init ] --START--
INFO: Run Behavior\BuildLiteBehavior [ RunTime:0.000017s ]
INFO: Run Common\Behavior\InitHookBehavior [ RunTime:0.003239s ]
INFO: [ app_init ] --END-- [ RunTime:0.003877s ]

[ 2015-04-21T14:11:06+08:00 ] ::1 /test/onethink/member.php?s=/Member/Hotel/productedit.html
INFO: [ app_init ] --START--
INFO: Run Behavior\BuildLiteBehavior [ RunTime:0.000013s ]
INFO: Run Common\Behavior\InitHookBehavior [ RunTime:0.002415s ]
INFO: [ app_init ] --END-- [ RunTime:0.002808s ]

[ 2015-04-21T14:11:10+08:00 ] ::1 /test/onethink/member.php?s=/Member/Hotel/productedit.html
INFO: [ app_init ] --START--
INFO: Run Behavior\BuildLiteBehavior [ RunTime:0.000020s ]
INFO: Run Common\Behavior\InitHookBehavior [ RunTime:0.003253s ]
INFO: [ app_init ] --END-- [ RunTime:0.003835s ]

[ 2015-04-21T14:11:33+08:00 ] ::1 /test/onethink/member.php?s=/Member/Hotel/productedit.html
INFO: [ app_init ] --START--
INFO: Run Behavior\BuildLiteBehavior [ RunTime:0.000016s ]
INFO: Run Common\Behavior\InitHookBehavior [ RunTime:0.002765s ]
INFO: [ app_init ] --END-- [ RunTime:0.003258s ]

[ 2015-04-21T14:13:46+08:00 ] ::1 /test/onethink/member.php?s=/Member/Hotel/productedit.html
INFO: [ app_init ] --START--
INFO: Run Behavior\BuildLiteBehavior [ RunTime:0.000016s ]
INFO: Run Common\Behavior\InitHookBehavior [ RunTime:0.002834s ]
INFO: [ app_init ] --END-- [ RunTime:0.003314s ]

[ 2015-04-21T14:16:23+08:00 ] ::1 /test/onethink/member.php?s=/Member/Hotel/products.html
INFO: [ app_init ] --START--
INFO: Run Behavior\BuildLiteBehavior [ RunTime:0.000013s ]
INFO: Run Common\Behavior\InitHookBehavior [ RunTime:0.002450s ]
INFO: [ app_init ] --END-- [ RunTime:0.002838s ]

[ 2015-04-21T14:16:59+08:00 ] ::1 /test/onethink/member.php?s=/Member/Hotel/productedit.html
INFO: [ app_init ] --START--
INFO: Run Behavior\BuildLiteBehavior [ RunTime:0.000014s ]
INFO: Run Common\Behavior\InitHookBehavior [ RunTime:0.002578s ]
INFO: [ app_init ] --END-- [ RunTime:0.002968s ]

[ 2015-04-21T14:17:09+08:00 ] ::1 /test/onethink/wechat.php?s=/Member/Hotel/productedit.html
INFO: [ app_init ] --START--
INFO: Run Behavior\BuildLiteBehavior [ RunTime:0.000020s ]
INFO: Run Common\Behavior\InitHookBehavior [ RunTime:0.003107s ]
INFO: [ app_init ] --END-- [ RunTime:0.003658s ]
INFO: [ app_begin ] --START--
INFO: Run Behavior\ReadHtmlCacheBehavior [ RunTime:0.000872s ]
INFO: [ app_begin ] --END-- [ RunTime:0.000958s ]
SQL: SHOW COLUMNS FROM `wechat_hotel_product` [ RunTime:0.0113s ]
INFO: [ view_parse ] --START--
INFO: [ template_filter ] --START--
INFO: Run Behavior\ContentReplaceBehavior [ RunTime:0.000051s ]
INFO: [ template_filter ] --END-- [ RunTime:0.000095s ]
INFO: Run Behavior\ParseTemplateBehavior [ RunTime:0.007719s ]
INFO: [ view_parse ] --END-- [ RunTime:0.007765s ]
INFO: [ view_filter ] --START--
INFO: Run Behavior\WriteHtmlCacheBehavior [ RunTime:0.000392s ]
INFO: [ view_filter ] --END-- [ RunTime:0.000430s ]
INFO: [ app_end ] --START--
INFO: Run Behavior\ShowPageTraceBehavior [ RunTime:0.000677s ]
INFO: [ app_end ] --END-- [ RunTime:0.000720s ]

[ 2015-04-21T14:18:21+08:00 ] ::1 /test/onethink/member.php?s=/Member/Hotel/productedit.html
INFO: [ app_init ] --START--
INFO: Run Behavior\BuildLiteBehavior [ RunTime:0.000016s ]
INFO: Run Common\Behavior\InitHookBehavior [ RunTime:0.002511s ]
INFO: [ app_init ] --END-- [ RunTime:0.002957s ]

[ 2015-04-21T14:18:26+08:00 ] ::1 /test/onethink/wechat.php?s=/Member/Hotel/productedit.html
INFO: [ app_init ] --START--
INFO: Run Behavior\BuildLiteBehavior [ RunTime:0.000034s ]
INFO: Run Common\Behavior\InitHookBehavior [ RunTime:0.003143s ]
INFO: [ app_init ] --END-- [ RunTime:0.003868s ]
INFO: [ app_begin ] --START--
INFO: Run Behavior\ReadHtmlCacheBehavior [ RunTime:0.000983s ]
INFO: [ app_begin ] --END-- [ RunTime:0.001050s ]
SQL: SHOW COLUMNS FROM `wechat_hotel_product` [ RunTime:0.0101s ]

[ 2015-04-21T14:19:26+08:00 ] ::1 /test/onethink/member.php?s=/Member/Hotel/productedit.html
INFO: [ app_init ] --START--
INFO: Run Behavior\BuildLiteBehavior [ RunTime:0.000020s ]
INFO: Run Common\Behavior\InitHookBehavior [ RunTime:0.003547s ]
INFO: [ app_init ] --END-- [ RunTime:0.004143s ]

[ 2015-04-21T14:19:39+08:00 ] ::1 /test/onethink/wechat.php?s=/Member/Hotel/productedit.html
INFO: [ app_init ] --START--
INFO: Run Behavior\BuildLiteBehavior [ RunTime:0.000019s ]
INFO: Run Common\Behavior\InitHookBehavior [ RunTime:0.003369s ]
INFO: [ app_init ] --END-- [ RunTime:0.003869s ]
INFO: [ app_begin ] --START--
INFO: Run Behavior\ReadHtmlCacheBehavior [ RunTime:0.001413s ]
INFO: [ app_begin ] --END-- [ RunTime:0.001502s ]
SQL: SHOW COLUMNS FROM `wechat_hotel_product` [ RunTime:0.0108s ]
SQL: INSERT INTO `wechat_hotel_product` (`name`,`price0`,`price1`,`briefdes`,`des`,`soldout`,`order`,`inputtime`) VALUES ('erw','0','0','ewr','wer','0','1','1429597179') [ RunTime:0.0003s ]

[ 2015-04-21T14:20:19+08:00 ] ::1 /test/onethink/member.php?s=/Member/Hotel/products.html
INFO: [ app_init ] --START--
INFO: Run Behavior\BuildLiteBehavior [ RunTime:0.000021s ]
INFO: Run Common\Behavior\InitHookBehavior [ RunTime:0.003300s ]
INFO: [ app_init ] --END-- [ RunTime:0.003860s ]

[ 2015-04-21T14:22:11+08:00 ] ::1 /test/onethink/member.php?s=/Member/Hotel/products.html
INFO: [ app_init ] --START--
INFO: Run Behavior\BuildLiteBehavior [ RunTime:0.000016s ]
INFO: Run Common\Behavior\InitHookBehavior [ RunTime:0.003553s ]
INFO: [ app_init ] --END-- [ RunTime:0.004214s ]

[ 2015-04-21T14:22:46+08:00 ] ::1 /test/onethink/member.php?s=/Member/Hotel/products.html
INFO: [ app_init ] --START--
INFO: Run Behavior\BuildLiteBehavior [ RunTime:0.000013s ]
INFO: Run Common\Behavior\InitHookBehavior [ RunTime:0.002575s ]
INFO: [ app_init ] --END-- [ RunTime:0.002960s ]

[ 2015-04-21T14:24:36+08:00 ] ::1 /test/onethink/member.php?s=/Member/Hotel/productedit.html
INFO: [ app_init ] --START--
INFO: Run Behavior\BuildLiteBehavior [ RunTime:0.000016s ]
INFO: Run Common\Behavior\InitHookBehavior [ RunTime:0.003049s ]
INFO: [ app_init ] --END-- [ RunTime:0.003546s ]

[ 2015-04-21T14:31:53+08:00 ] ::1 /test/onethink/member.php?s=/Member/Hotel/productedit.html
INFO: [ app_init ] --START--
INFO: Run Behavior\BuildLiteBehavior [ RunTime:0.000014s ]
INFO: Run Common\Behavior\InitHookBehavior [ RunTime:0.002770s ]
INFO: [ app_init ] --END-- [ RunTime:0.003207s ]

[ 2015-04-21T14:32:03+08:00 ] ::1 /test/onethink/member.php?s=/Member/Hotel/productedit/id/1
INFO: [ app_init ] --START--
INFO: Run Behavior\BuildLiteBehavior [ RunTime:0.000017s ]
INFO: Run Common\Behavior\InitHookBehavior [ RunTime:0.002840s ]
INFO: [ app_init ] --END-- [ RunTime:0.003391s ]

[ 2015-04-21T14:34:13+08:00 ] ::1 /test/onethink/member.php?s=/Member/Hotel/productedit/id/1
INFO: [ app_init ] --START--
INFO: Run Behavior\BuildLiteBehavior [ RunTime:0.000018s ]
INFO: Run Common\Behavior\InitHookBehavior [ RunTime:0.002638s ]
INFO: [ app_init ] --END-- [ RunTime:0.003117s ]

[ 2015-04-21T14:34:16+08:00 ] ::1 /test/onethink/member.php?s=/Member/Hotel/productedit/id/1
INFO: [ app_init ] --START--
INFO: Run Behavior\BuildLiteBehavior [ RunTime:0.000031s ]
INFO: Run Common\Behavior\InitHookBehavior [ RunTime:0.004206s ]
INFO: [ app_init ] --END-- [ RunTime:0.005517s ]

[ 2015-04-21T14:34:40+08:00 ] ::1 /test/onethink/wechat.php?s=/Member/Hotel/productedit.html
INFO: [ app_init ] --START--
INFO: Run Behavior\BuildLiteBehavior [ RunTime:0.000020s ]
INFO: Run Common\Behavior\InitHookBehavior [ RunTime:0.002967s ]
INFO: [ app_init ] --END-- [ RunTime:0.003554s ]
INFO: [ app_begin ] --START--
INFO: Run Behavior\ReadHtmlCacheBehavior [ RunTime:0.001105s ]
INFO: [ app_begin ] --END-- [ RunTime:0.001198s ]
SQL: SHOW COLUMNS FROM `wechat_hotel_product` [ RunTime:0.0104s ]
SQL: INSERT INTO `wechat_hotel_product` (`name`,`price0`,`price1`,`briefdes`,`des`,`soldout`,`order`,`inputtime`) VALUES ('23324324','1','444','asdf','','0','1','1429598080') [ RunTime:0.0003s ]

[ 2015-04-21T14:34:51+08:00 ] ::1 /test/onethink/wechat.php?s=/Member/Hotel/productedit.html
INFO: [ app_init ] --START--
INFO: Run Behavior\BuildLiteBehavior [ RunTime:0.000043s ]
INFO: Run Common\Behavior\InitHookBehavior [ RunTime:0.003353s ]
INFO: [ app_init ] --END-- [ RunTime:0.004120s ]
INFO: [ app_begin ] --START--
INFO: Run Behavior\ReadHtmlCacheBehavior [ RunTime:0.000820s ]
INFO: [ app_begin ] --END-- [ RunTime:0.000884s ]
SQL: SHOW COLUMNS FROM `wechat_hotel_product` [ RunTime:0.0108s ]
SQL: INSERT INTO `wechat_hotel_product` (`name`,`price0`,`price1`,`briefdes`,`des`,`soldout`,`order`,`inputtime`) VALUES ('23324324','1','444','asdf','','0','1','1429598091') [ RunTime:0.0003s ]

[ 2015-04-21T14:43:09+08:00 ] ::1 /test/onethink/member.php?s=/Member/Hotel/productedit/id/1
INFO: [ app_init ] --START--
INFO: Run Behavior\BuildLiteBehavior [ RunTime:0.000013s ]
INFO: Run Common\Behavior\InitHookBehavior [ RunTime:0.002162s ]
INFO: [ app_init ] --END-- [ RunTime:0.002563s ]

[ 2015-04-21T14:47:58+08:00 ] ::1 /test/onethink/member.php?s=/Member/Hotel/productedit/id/1
INFO: [ app_init ] --START--
INFO: Run Behavior\BuildLiteBehavior [ RunTime:0.000019s ]
INFO: Run Common\Behavior\InitHookBehavior [ RunTime:0.003218s ]
INFO: [ app_init ] --END-- [ RunTime:0.003817s ]

[ 2015-04-21T14:48:12+08:00 ] ::1 /test/onethink/member.php?s=/Member/Hotel/productedit/id/1
INFO: [ app_init ] --START--
INFO: Run Behavior\BuildLiteBehavior [ RunTime:0.000021s ]
INFO: Run Common\Behavior\InitHookBehavior [ RunTime:0.003308s ]
INFO: [ app_init ] --END-- [ RunTime:0.003885s ]

[ 2015-04-21T14:48:31+08:00 ] ::1 /test/onethink/member.php?s=/Member/Hotel/productedit/id/1
INFO: [ app_init ] --START--
INFO: Run Behavior\BuildLiteBehavior [ RunTime:0.000019s ]
INFO: Run Common\Behavior\InitHookBehavior [ RunTime:0.003197s ]
INFO: [ app_init ] --END-- [ RunTime:0.003744s ]

[ 2015-04-21T14:48:31+08:00 ] ::1 /test/onethink/member.php?s=/Member/Hotel/productedit/id/1
INFO: [ app_init ] --START--
INFO: Run Behavior\BuildLiteBehavior [ RunTime:0.000022s ]
INFO: Run Common\Behavior\InitHookBehavior [ RunTime:0.002916s ]
INFO: [ app_init ] --END-- [ RunTime:0.003525s ]

[ 2015-04-21T14:48:32+08:00 ] ::1 /test/onethink/member.php?s=/Member/Hotel/productedit/id/1
INFO: [ app_init ] --START--
INFO: Run Behavior\BuildLiteBehavior [ RunTime:0.000015s ]
INFO: Run Common\Behavior\InitHookBehavior [ RunTime:0.001718s ]
INFO: [ app_init ] --END-- [ RunTime:0.002107s ]

[ 2015-04-21T14:48:32+08:00 ] ::1 /test/onethink/member.php?s=/Member/Hotel/productedit/id/1
INFO: [ app_init ] --START--
INFO: Run Behavior\BuildLiteBehavior [ RunTime:0.000015s ]
INFO: Run Common\Behavior\InitHookBehavior [ RunTime:0.001655s ]
INFO: [ app_init ] --END-- [ RunTime:0.002038s ]

[ 2015-04-21T14:48:32+08:00 ] ::1 /test/onethink/member.php?s=/Member/Hotel/productedit/id/1
INFO: [ app_init ] --START--
INFO: Run Behavior\BuildLiteBehavior [ RunTime:0.000016s ]
INFO: Run Common\Behavior\InitHookBehavior [ RunTime:0.002421s ]
INFO: [ app_init ] --END-- [ RunTime:0.002867s ]

[ 2015-04-21T14:52:49+08:00 ] ::1 /test/onethink/member.php?s=/Member/Hotel/productedit/id/1
INFO: [ app_init ] --START--
INFO: Run Behavior\BuildLiteBehavior [ RunTime:0.000019s ]
INFO: Run Common\Behavior\InitHookBehavior [ RunTime:0.002592s ]
INFO: [ app_init ] --END-- [ RunTime:0.003141s ]

[ 2015-04-21T14:52:50+08:00 ] ::1 /test/onethink/member.php?s=/Member/Hotel/productedit/id/1
INFO: [ app_init ] --START--
INFO: Run Behavior\BuildLiteBehavior [ RunTime:0.000018s ]
INFO: Run Common\Behavior\InitHookBehavior [ RunTime:0.001899s ]
INFO: [ app_init ] --END-- [ RunTime:0.002444s ]

[ 2015-04-21T14:53:09+08:00 ] ::1 /test/onethink/member.php?s=/Member/Hotel/productedit/id/1
INFO: [ app_init ] --START--
INFO: Run Behavior\BuildLiteBehavior [ RunTime:0.000022s ]
INFO: Run Common\Behavior\InitHookBehavior [ RunTime:0.001967s ]
INFO: [ app_init ] --END-- [ RunTime:0.002462s ]

[ 2015-04-21T14:53:10+08:00 ] ::1 /test/onethink/member.php?s=/Member/Hotel/productedit/id/1
INFO: [ app_init ] --START--
INFO: Run Behavior\BuildLiteBehavior [ RunTime:0.000034s ]
INFO: Run Common\Behavior\InitHookBehavior [ RunTime:0.003290s ]
INFO: [ app_init ] --END-- [ RunTime:0.004130s ]

[ 2015-04-21T14:53:10+08:00 ] ::1 /test/onethink/member.php?s=/Member/Hotel/productedit/id/1
INFO: [ app_init ] --START--
INFO: Run Behavior\BuildLiteBehavior [ RunTime:0.000013s ]
INFO: Run Common\Behavior\InitHookBehavior [ RunTime:0.001442s ]
INFO: [ app_init ] --END-- [ RunTime:0.001782s ]

[ 2015-04-21T14:53:10+08:00 ] ::1 /test/onethink/member.php?s=/Member/Hotel/productedit/id/1
INFO: [ app_init ] --START--
INFO: Run Behavior\BuildLiteBehavior [ RunTime:0.000015s ]
INFO: Run Common\Behavior\InitHookBehavior [ RunTime:0.001576s ]
INFO: [ app_init ] --END-- [ RunTime:0.001957s ]

[ 2015-04-21T14:53:10+08:00 ] ::1 /test/onethink/member.php?s=/Member/Hotel/productedit/id/1
INFO: [ app_init ] --START--
INFO: Run Behavior\BuildLiteBehavior [ RunTime:0.000017s ]
INFO: Run Common\Behavior\InitHookBehavior [ RunTime:0.001567s ]
INFO: [ app_init ] --END-- [ RunTime:0.001989s ]

[ 2015-04-21T14:54:53+08:00 ] ::1 /test/onethink/member.php?s=/Member/Hotel/productedit/id/1
INFO: [ app_init ] --START--
INFO: Run Behavior\BuildLiteBehavior [ RunTime:0.000013s ]
INFO: Run Common\Behavior\InitHookBehavior [ RunTime:0.001826s ]
INFO: [ app_init ] --END-- [ RunTime:0.002210s ]

[ 2015-04-21T14:54:54+08:00 ] ::1 /test/onethink/member.php?s=/Member/Hotel/productedit/id/1
INFO: [ app_init ] --START--
INFO: Run Behavior\BuildLiteBehavior [ RunTime:0.000019s ]
INFO: Run Common\Behavior\InitHookBehavior [ RunTime:0.002080s ]
INFO: [ app_init ] --END-- [ RunTime:0.002581s ]

[ 2015-04-21T14:54:54+08:00 ] ::1 /test/onethink/member.php?s=/Member/Hotel/productedit/id/1
INFO: [ app_init ] --START--
INFO: Run Behavior\BuildLiteBehavior [ RunTime:0.000032s ]
INFO: Run Common\Behavior\InitHookBehavior [ RunTime:0.003327s ]
INFO: [ app_init ] --END-- [ RunTime:0.004157s ]

[ 2015-04-21T14:55:03+08:00 ] ::1 /test/onethink/member.php?s=/Member/Hotel/productedit/id/1
INFO: [ app_init ] --START--
INFO: Run Behavior\BuildLiteBehavior [ RunTime:0.000020s ]
INFO: Run Common\Behavior\InitHookBehavior [ RunTime:0.003136s ]
INFO: [ app_init ] --END-- [ RunTime:0.003878s ]

[ 2015-04-21T14:55:03+08:00 ] ::1 /test/onethink/member.php?s=/Member/Hotel/productedit/id/1
INFO: [ app_init ] --START--
INFO: Run Behavior\BuildLiteBehavior [ RunTime:0.000020s ]
INFO: Run Common\Behavior\InitHookBehavior [ RunTime:0.003906s ]
INFO: [ app_init ] --END-- [ RunTime:0.004819s ]

[ 2015-04-21T14:55:04+08:00 ] ::1 /test/onethink/member.php?s=/Member/Hotel/productedit/id/1
INFO: [ app_init ] --START--
INFO: Run Behavior\BuildLiteBehavior [ RunTime:0.000014s ]
INFO: Run Common\Behavior\InitHookBehavior [ RunTime:0.002546s ]
INFO: [ app_init ] --END-- [ RunTime:0.002971s ]

[ 2015-04-21T14:56:42+08:00 ] ::1 /test/onethink/member.php?s=/Member/Hotel/productedit/id/1
INFO: [ app_init ] --START--
INFO: Run Behavior\BuildLiteBehavior [ RunTime:0.000015s ]
INFO: Run Common\Behavior\InitHookBehavior [ RunTime:0.002702s ]
INFO: [ app_init ] --END-- [ RunTime:0.003110s ]

[ 2015-04-21T14:56:43+08:00 ] ::1 /test/onethink/member.php?s=/Member/Hotel/productedit/id/1
INFO: [ app_init ] --START--
INFO: Run Behavior\BuildLiteBehavior [ RunTime:0.000021s ]
INFO: Run Common\Behavior\InitHookBehavior [ RunTime:0.003970s ]
INFO: [ app_init ] --END-- [ RunTime:0.004959s ]

[ 2015-04-21T14:57:06+08:00 ] ::1 /test/onethink/member.php?s=/Member/Hotel/productedit/id/1
INFO: [ app_init ] --START--
INFO: Run Behavior\BuildLiteBehavior [ RunTime:0.000018s ]
INFO: Run Common\Behavior\InitHookBehavior [ RunTime:0.002530s ]
INFO: [ app_init ] --END-- [ RunTime:0.003069s ]

[ 2015-04-21T14:57:20+08:00 ] ::1 /test/onethink/member.php?s=/Member/Hotel/productedit/id/1
INFO: [ app_init ] --START--
INFO: Run Behavior\BuildLiteBehavior [ RunTime:0.000020s ]
INFO: Run Common\Behavior\InitHookBehavior [ RunTime:0.003158s ]
INFO: [ app_init ] --END-- [ RunTime:0.003703s ]

[ 2015-04-21T14:57:26+08:00 ] ::1 /test/onethink/member.php?s=/Member/Hotel/productedit/id/1
INFO: [ app_init ] --START--
INFO: Run Behavior\BuildLiteBehavior [ RunTime:0.000019s ]
INFO: Run Common\Behavior\InitHookBehavior [ RunTime:0.002857s ]
INFO: [ app_init ] --END-- [ RunTime:0.003361s ]

[ 2015-04-21T14:57:38+08:00 ] ::1 /test/onethink/member.php?s=/Member/Hotel/productedit/id/1
INFO: [ app_init ] --START--
INFO: Run Behavior\BuildLiteBehavior [ RunTime:0.000017s ]
INFO: Run Common\Behavior\InitHookBehavior [ RunTime:0.001944s ]
INFO: [ app_init ] --END-- [ RunTime:0.002402s ]

[ 2015-04-21T14:59:02+08:00 ] ::1 /test/onethink/member.php?s=/Member/Hotel/productedit.html
INFO: [ app_init ] --START--
INFO: Run Behavior\BuildLiteBehavior [ RunTime:0.000020s ]
INFO: Run Common\Behavior\InitHookBehavior [ RunTime:0.003313s ]
INFO: [ app_init ] --END-- [ RunTime:0.003894s ]

[ 2015-04-21T14:59:08+08:00 ] ::1 /test/onethink/member.php?s=/Member/Hotel/products.html
INFO: [ app_init ] --START--
INFO: Run Behavior\BuildLiteBehavior [ RunTime:0.000021s ]
INFO: Run Common\Behavior\InitHookBehavior [ RunTime:0.003295s ]
INFO: [ app_init ] --END-- [ RunTime:0.003875s ]

[ 2015-04-21T14:59:10+08:00 ] ::1 /test/onethink/member.php?s=/Member/Hotel/productedit/id/1
INFO: [ app_init ] --START--
INFO: Run Behavior\BuildLiteBehavior [ RunTime:0.000021s ]
INFO: Run Common\Behavior\InitHookBehavior [ RunTime:0.003235s ]
INFO: [ app_init ] --END-- [ RunTime:0.003902s ]

[ 2015-04-21T14:59:11+08:00 ] ::1 /test/onethink/member.php?s=/Member/Hotel/productedit/id/1
INFO: [ app_init ] --START--
INFO: Run Behavior\BuildLiteBehavior [ RunTime:0.000015s ]
INFO: Run Common\Behavior\InitHookBehavior [ RunTime:0.002187s ]
INFO: [ app_init ] --END-- [ RunTime:0.002616s ]

[ 2015-04-21T14:59:11+08:00 ] ::1 /test/onethink/member.php?s=/Member/Hotel/productedit/id/1
INFO: [ app_init ] --START--
INFO: Run Behavior\BuildLiteBehavior [ RunTime:0.000027s ]
INFO: Run Common\Behavior\InitHookBehavior [ RunTime:0.003507s ]
INFO: [ app_init ] --END-- [ RunTime:0.004155s ]

[ 2015-04-21T14:59:11+08:00 ] ::1 /test/onethink/member.php?s=/Member/Hotel/productedit/id/1
INFO: [ app_init ] --START--
INFO: Run Behavior\BuildLiteBehavior [ RunTime:0.000015s ]
INFO: Run Common\Behavior\InitHookBehavior [ RunTime:0.002467s ]
INFO: [ app_init ] --END-- [ RunTime:0.003077s ]

[ 2015-04-21T14:59:12+08:00 ] ::1 /test/onethink/member.php?s=/Member/Hotel/productedit/id/1
INFO: [ app_init ] --START--
INFO: Run Behavior\BuildLiteBehavior [ RunTime:0.000015s ]
INFO: Run Common\Behavior\InitHookBehavior [ RunTime:0.002336s ]
INFO: [ app_init ] --END-- [ RunTime:0.002759s ]

[ 2015-04-21T14:59:12+08:00 ] ::1 /test/onethink/member.php?s=/Member/Hotel/productedit/id/1
INFO: [ app_init ] --START--
INFO: Run Behavior\BuildLiteBehavior [ RunTime:0.000013s ]
INFO: Run Common\Behavior\InitHookBehavior [ RunTime:0.002139s ]
INFO: [ app_init ] --END-- [ RunTime:0.002537s ]

[ 2015-04-21T14:59:12+08:00 ] ::1 /test/onethink/member.php?s=/Member/Hotel/productedit/id/1
INFO: [ app_init ] --START--
INFO: Run Behavior\BuildLiteBehavior [ RunTime:0.000016s ]
INFO: Run Common\Behavior\InitHookBehavior [ RunTime:0.002661s ]
INFO: [ app_init ] --END-- [ RunTime:0.003166s ]

[ 2015-04-21T14:59:12+08:00 ] ::1 /test/onethink/member.php?s=/Member/Hotel/productedit/id/1
INFO: [ app_init ] --START--
INFO: Run Behavior\BuildLiteBehavior [ RunTime:0.000013s ]
INFO: Run Common\Behavior\InitHookBehavior [ RunTime:0.002133s ]
INFO: [ app_init ] --END-- [ RunTime:0.002522s ]

[ 2015-04-21T14:59:12+08:00 ] ::1 /test/onethink/member.php?s=/Member/Hotel/productedit/id/1
INFO: [ app_init ] --START--
INFO: Run Behavior\BuildLiteBehavior [ RunTime:0.000015s ]
INFO: Run Common\Behavior\InitHookBehavior [ RunTime:0.002341s ]
INFO: [ app_init ] --END-- [ RunTime:0.002771s ]

[ 2015-04-21T14:59:13+08:00 ] ::1 /test/onethink/member.php?s=/Member/Hotel/productedit/id/1
INFO: [ app_init ] --START--
INFO: Run Behavior\BuildLiteBehavior [ RunTime:0.000017s ]
INFO: Run Common\Behavior\InitHookBehavior [ RunTime:0.002269s ]
INFO: [ app_init ] --END-- [ RunTime:0.002755s ]

[ 2015-04-21T15:00:01+08:00 ] ::1 /test/onethink/member.php?s=/Member/Hotel/productedit/id/1
INFO: [ app_init ] --START--
INFO: Run Behavior\BuildLiteBehavior [ RunTime:0.000021s ]
INFO: Run Common\Behavior\InitHookBehavior [ RunTime:0.003403s ]
INFO: [ app_init ] --END-- [ RunTime:0.004024s ]

[ 2015-04-21T15:00:27+08:00 ] ::1 /test/onethink/member.php?s=/Member/Hotel/productedit/id/1
INFO: [ app_init ] --START--
INFO: Run Behavior\BuildLiteBehavior [ RunTime:0.000015s ]
INFO: Run Common\Behavior\InitHookBehavior [ RunTime:0.002435s ]
INFO: [ app_init ] --END-- [ RunTime:0.002881s ]

[ 2015-04-21T15:00:37+08:00 ] ::1 /test/onethink/member.php?s=/Member/Hotel/productedit/id/1
INFO: [ app_init ] --START--
INFO: Run Behavior\BuildLiteBehavior [ RunTime:0.000019s ]
INFO: Run Common\Behavior\InitHookBehavior [ RunTime:0.002528s ]
INFO: [ app_init ] --END-- [ RunTime:0.002984s ]

[ 2015-04-21T15:00:38+08:00 ] ::1 /test/onethink/member.php?s=/Member/Hotel/productedit/id/1
INFO: [ app_init ] --START--
INFO: Run Behavior\BuildLiteBehavior [ RunTime:0.000017s ]
INFO: Run Common\Behavior\InitHookBehavior [ RunTime:0.002363s ]
INFO: [ app_init ] --END-- [ RunTime:0.003005s ]

[ 2015-04-21T15:00:38+08:00 ] ::1 /test/onethink/member.php?s=/Member/Hotel/productedit/id/1
INFO: [ app_init ] --START--
INFO: Run Behavior\BuildLiteBehavior [ RunTime:0.000013s ]
INFO: Run Common\Behavior\InitHookBehavior [ RunTime:0.001353s ]
INFO: [ app_init ] --END-- [ RunTime:0.001694s ]

[ 2015-04-21T15:00:39+08:00 ] ::1 /test/onethink/member.php?s=/Member/Hotel/productedit/id/1
INFO: [ app_init ] --START--
INFO: Run Behavior\BuildLiteBehavior [ RunTime:0.000013s ]
INFO: Run Common\Behavior\InitHookBehavior [ RunTime:0.001476s ]
INFO: [ app_init ] --END-- [ RunTime:0.001832s ]

[ 2015-04-21T15:00:39+08:00 ] ::1 /test/onethink/member.php?s=/Member/Hotel/productedit/id/1
INFO: [ app_init ] --START--
INFO: Run Behavior\BuildLiteBehavior [ RunTime:0.000013s ]
INFO: Run Common\Behavior\InitHookBehavior [ RunTime:0.001765s ]
INFO: [ app_init ] --END-- [ RunTime:0.002149s ]

[ 2015-04-21T15:01:10+08:00 ] ::1 /test/onethink/member.php?s=/Member/Hotel/productedit/id/1
INFO: [ app_init ] --START--
INFO: Run Behavior\BuildLiteBehavior [ RunTime:0.000018s ]
INFO: Run Common\Behavior\InitHookBehavior [ RunTime:0.002485s ]
INFO: [ app_init ] --END-- [ RunTime:0.003236s ]

[ 2015-04-21T15:01:11+08:00 ] ::1 /test/onethink/member.php?s=/Member/Hotel/productedit/id/1
INFO: [ app_init ] --START--
INFO: Run Behavior\BuildLiteBehavior [ RunTime:0.000013s ]
INFO: Run Common\Behavior\InitHookBehavior [ RunTime:0.001638s ]
INFO: [ app_init ] --END-- [ RunTime:0.002124s ]

[ 2015-04-21T15:01:11+08:00 ] ::1 /test/onethink/member.php?s=/Member/Hotel/productedit/id/1
INFO: [ app_init ] --START--
INFO: Run Behavior\BuildLiteBehavior [ RunTime:0.000015s ]
INFO: Run Common\Behavior\InitHookBehavior [ RunTime:0.001526s ]
INFO: [ app_init ] --END-- [ RunTime:0.001913s ]

[ 2015-04-21T15:01:11+08:00 ] ::1 /test/onethink/member.php?s=/Member/Hotel/productedit/id/1
INFO: [ app_init ] --START--
INFO: Run Behavior\BuildLiteBehavior [ RunTime:0.000015s ]
INFO: Run Common\Behavior\InitHookBehavior [ RunTime:0.001537s ]
INFO: [ app_init ] --END-- [ RunTime:0.001921s ]

[ 2015-04-21T15:01:36+08:00 ] ::1 /test/onethink/member.php?s=/Member/Hotel/productedit/id/1
INFO: [ app_init ] --START--
INFO: Run Behavior\BuildLiteBehavior [ RunTime:0.000032s ]
INFO: Run Common\Behavior\InitHookBehavior [ RunTime:0.003352s ]
INFO: [ app_init ] --END-- [ RunTime:0.004192s ]

[ 2015-04-21T15:01:36+08:00 ] ::1 /test/onethink/member.php?s=/Member/Hotel/productedit/id/1
INFO: [ app_init ] --START--
INFO: Run Behavior\BuildLiteBehavior [ RunTime:0.000013s ]
INFO: Run Common\Behavior\InitHookBehavior [ RunTime:0.001580s ]
INFO: [ app_init ] --END-- [ RunTime:0.001925s ]

[ 2015-04-21T15:01:37+08:00 ] ::1 /test/onethink/member.php?s=/Member/Hotel/productedit/id/1
INFO: [ app_init ] --START--
INFO: Run Behavior\BuildLiteBehavior [ RunTime:0.000016s ]
INFO: Run Common\Behavior\InitHookBehavior [ RunTime:0.001571s ]
INFO: [ app_init ] --END-- [ RunTime:0.001959s ]

[ 2015-04-21T15:01:37+08:00 ] ::1 /test/onethink/member.php?s=/Member/Hotel/productedit/id/1
INFO: [ app_init ] --START--
INFO: Run Behavior\BuildLiteBehavior [ RunTime:0.000020s ]
INFO: Run Common\Behavior\InitHookBehavior [ RunTime:0.001830s ]
INFO: [ app_init ] --END-- [ RunTime:0.002483s ]

[ 2015-04-21T15:01:37+08:00 ] ::1 /test/onethink/member.php?s=/Member/Hotel/productedit/id/1
INFO: [ app_init ] --START--
INFO: Run Behavior\BuildLiteBehavior [ RunTime:0.000019s ]
INFO: Run Common\Behavior\InitHookBehavior [ RunTime:0.001400s ]
INFO: [ app_init ] --END-- [ RunTime:0.001775s ]

[ 2015-04-21T15:05:53+08:00 ] ::1 /test/onethink/member.php?s=/Member/Hotel/productedit/id/1
INFO: [ app_init ] --START--
INFO: Run Behavior\BuildLiteBehavior [ RunTime:0.000033s ]
INFO: Run Common\Behavior\InitHookBehavior [ RunTime:0.002461s ]
INFO: [ app_init ] --END-- [ RunTime:0.003591s ]

[ 2015-04-21T15:05:58+08:00 ] ::1 /test/onethink/wechat.php?s=/Member/Hotel/productedit.html
INFO: [ app_init ] --START--
INFO: Run Behavior\BuildLiteBehavior [ RunTime:0.000016s ]
INFO: Run Common\Behavior\InitHookBehavior [ RunTime:0.002197s ]
INFO: [ app_init ] --END-- [ RunTime:0.002692s ]
INFO: [ app_begin ] --START--
INFO: Run Behavior\ReadHtmlCacheBehavior [ RunTime:0.000979s ]
INFO: [ app_begin ] --END-- [ RunTime:0.001060s ]
SQL: SHOW COLUMNS FROM `wechat_hotel_product` [ RunTime:0.0113s ]
SQL: INSERT INTO `wechat_hotel_product` (`name`,`price0`,`price1`,`briefdes`,`des`,`soldout`,`order`,`inputtime`) VALUES ('a','2','1','des','des','0','0','1429599958') [ RunTime:0.0002s ]

[ 2015-04-21T15:16:22+08:00 ] ::1 /test/onethink/member.php?s=/Member/Hotel/productedit/id/1
INFO: [ app_init ] --START--
INFO: Run Behavior\BuildLiteBehavior [ RunTime:0.000021s ]
INFO: Run Common\Behavior\InitHookBehavior [ RunTime:0.003165s ]
INFO: [ app_init ] --END-- [ RunTime:0.003737s ]

[ 2015-04-21T15:16:28+08:00 ] ::1 /test/onethink/wechat.php?s=/Member/Hotel/productedit.html
INFO: [ app_init ] --START--
INFO: Run Behavior\BuildLiteBehavior [ RunTime:0.000018s ]
INFO: Run Common\Behavior\InitHookBehavior [ RunTime:0.001867s ]
INFO: [ app_init ] --END-- [ RunTime:0.002444s ]
INFO: [ app_begin ] --START--
INFO: Run Behavior\ReadHtmlCacheBehavior [ RunTime:0.000680s ]
INFO: [ app_begin ] --END-- [ RunTime:0.000745s ]
SQL: SHOW COLUMNS FROM `wechat_hotel_product` [ RunTime:0.0117s ]
SQL: UPDATE `wechat_hotel_product` SET `name`='a',`price0`='2',`price1`='1',`briefdes`='des啊',`des`='des',`soldout`='0',`order`='0',`inputtime`='1429600588' WHERE `id` = 1 [ RunTime:0.0003s ]

[ 2015-04-21T15:16:30+08:00 ] ::1 /test/onethink/member.php?s=/Member/Hotel/productedit/id/1
INFO: [ app_init ] --START--
INFO: Run Behavior\BuildLiteBehavior [ RunTime:0.000018s ]
INFO: Run Common\Behavior\InitHookBehavior [ RunTime:0.001853s ]
INFO: [ app_init ] --END-- [ RunTime:0.002319s ]

[ 2015-04-21T15:16:31+08:00 ] ::1 /test/onethink/member.php?s=/Member/Hotel/productedit/id/1
INFO: [ app_init ] --START--
INFO: Run Behavior\BuildLiteBehavior [ RunTime:0.000017s ]
INFO: Run Common\Behavior\InitHookBehavior [ RunTime:0.001986s ]
INFO: [ app_init ] --END-- [ RunTime:0.002413s ]

[ 2015-04-21T15:16:31+08:00 ] ::1 /test/onethink/member.php?s=/Member/Hotel/productedit/id/1
INFO: [ app_init ] --START--
INFO: Run Behavior\BuildLiteBehavior [ RunTime:0.000015s ]
INFO: Run Common\Behavior\InitHookBehavior [ RunTime:0.001577s ]
INFO: [ app_init ] --END-- [ RunTime:0.001962s ]

[ 2015-04-21T15:16:31+08:00 ] ::1 /test/onethink/member.php?s=/Member/Hotel/productedit/id/1
INFO: [ app_init ] --START--
INFO: Run Behavior\BuildLiteBehavior [ RunTime:0.000018s ]
INFO: Run Common\Behavior\InitHookBehavior [ RunTime:0.003154s ]
INFO: [ app_init ] --END-- [ RunTime:0.004917s ]

[ 2015-04-21T15:16:32+08:00 ] ::1 /test/onethink/member.php?s=/Member/Hotel/productedit/id/1
INFO: [ app_init ] --START--
INFO: Run Behavior\BuildLiteBehavior [ RunTime:0.000015s ]
INFO: Run Common\Behavior\InitHookBehavior [ RunTime:0.002434s ]
INFO: [ app_init ] --END-- [ RunTime:0.002864s ]

[ 2015-04-21T15:16:34+08:00 ] ::1 /test/onethink/wechat.php?s=/Member/Hotel/productedit.html
INFO: [ app_init ] --START--
INFO: Run Behavior\BuildLiteBehavior [ RunTime:0.000017s ]
INFO: Run Common\Behavior\InitHookBehavior [ RunTime:0.001641s ]
INFO: [ app_init ] --END-- [ RunTime:0.002045s ]
INFO: [ app_begin ] --START--
INFO: Run Behavior\ReadHtmlCacheBehavior [ RunTime:0.000667s ]
INFO: [ app_begin ] --END-- [ RunTime:0.000779s ]
SQL: SHOW COLUMNS FROM `wechat_hotel_product` [ RunTime:0.0115s ]
SQL: UPDATE `wechat_hotel_product` SET `name`='a',`price0`='2',`price1`='1',`briefdes`='des啊3',`des`='des啊',`soldout`='0',`order`='0',`inputtime`='1429600594' WHERE `id` = 1 [ RunTime:0.0003s ]

[ 2015-04-21T15:16:35+08:00 ] ::1 /test/onethink/member.php?s=/Member/Hotel/productedit/id/1
INFO: [ app_init ] --START--
INFO: Run Behavior\BuildLiteBehavior [ RunTime:0.000022s ]
INFO: Run Common\Behavior\InitHookBehavior [ RunTime:0.003398s ]
INFO: [ app_init ] --END-- [ RunTime:0.004073s ]

[ 2015-04-21T15:16:41+08:00 ] ::1 /test/onethink/wechat.php?s=/Member/Hotel/productedit.html
INFO: [ app_init ] --START--
INFO: Run Behavior\BuildLiteBehavior [ RunTime:0.000025s ]
INFO: Run Common\Behavior\InitHookBehavior [ RunTime:0.001798s ]
INFO: [ app_init ] --END-- [ RunTime:0.002310s ]
INFO: [ app_begin ] --START--
INFO: Run Behavior\ReadHtmlCacheBehavior [ RunTime:0.000663s ]
INFO: [ app_begin ] --END-- [ RunTime:0.000803s ]
SQL: SHOW COLUMNS FROM `wechat_hotel_product` [ RunTime:0.0118s ]
SQL: UPDATE `wechat_hotel_product` SET `name`='a',`price0`='2',`price1`='1',`briefdes`='des啊32435325',`des`='des啊3',`soldout`='0',`order`='0',`inputtime`='1429600601' WHERE `id` = 1 [ RunTime:0.0003s ]

[ 2015-04-21T15:16:43+08:00 ] ::1 /test/onethink/member.php?s=/Member/Hotel/productedit/id/1
INFO: [ app_init ] --START--
INFO: Run Behavior\BuildLiteBehavior [ RunTime:0.000021s ]
INFO: Run Common\Behavior\InitHookBehavior [ RunTime:0.002069s ]
INFO: [ app_init ] --END-- [ RunTime:0.002592s ]

[ 2015-04-21T15:17:06+08:00 ] ::1 /test/onethink/member.php?s=/Member/Hotel/productedit/id/1
INFO: [ app_init ] --START--
INFO: Run Behavior\BuildLiteBehavior [ RunTime:0.000021s ]
INFO: Run Common\Behavior\InitHookBehavior [ RunTime:0.004151s ]
INFO: [ app_init ] --END-- [ RunTime:0.004931s ]

[ 2015-04-21T15:17:10+08:00 ] ::1 /test/onethink/wechat.php?s=/Member/Hotel/productedit.html
INFO: [ app_init ] --START--
INFO: Run Behavior\BuildLiteBehavior [ RunTime:0.000020s ]
INFO: Run Common\Behavior\InitHookBehavior [ RunTime:0.003228s ]
INFO: [ app_init ] --END-- [ RunTime:0.003761s ]
INFO: [ app_begin ] --START--
INFO: Run Behavior\ReadHtmlCacheBehavior [ RunTime:0.000847s ]
INFO: [ app_begin ] --END-- [ RunTime:0.000921s ]
SQL: SHOW COLUMNS FROM `wechat_hotel_product` [ RunTime:0.0105s ]
SQL: UPDATE `wechat_hotel_product` SET `name`='a',`price0`='2',`price1`='1',`briefdes`='des啊32435325',`des`='des啊3234',`soldout`='0',`order`='0',`inputtime`='1429600630' WHERE `id` = 1 [ RunTime:0.0003s ]

[ 2015-04-21T15:17:13+08:00 ] ::1 /test/onethink/member.php?s=/Member/Hotel/productedit/id/1
INFO: [ app_init ] --START--
INFO: Run Behavior\BuildLiteBehavior [ RunTime:0.000022s ]
INFO: Run Common\Behavior\InitHookBehavior [ RunTime:0.003717s ]
INFO: [ app_init ] --END-- [ RunTime:0.004330s ]

[ 2015-04-21T15:18:26+08:00 ] ::1 /test/onethink/member.php?s=/Member/Hotel/products.html
INFO: [ app_init ] --START--
INFO: Run Behavior\BuildLiteBehavior [ RunTime:0.000019s ]
INFO: Run Common\Behavior\InitHookBehavior [ RunTime:0.002890s ]
INFO: [ app_init ] --END-- [ RunTime:0.003498s ]

[ 2015-04-21T15:18:27+08:00 ] ::1 /test/onethink/member.php?s=/Member/Hotel/products.html
INFO: [ app_init ] --START--
INFO: Run Behavior\BuildLiteBehavior [ RunTime:0.000020s ]
INFO: Run Common\Behavior\InitHookBehavior [ RunTime:0.003491s ]
INFO: [ app_init ] --END-- [ RunTime:0.004073s ]

[ 2015-04-21T15:18:32+08:00 ] ::1 /test/onethink/member.php?s=/Member/Hotel/reserve.html
INFO: [ app_init ] --START--
INFO: Run Behavior\BuildLiteBehavior [ RunTime:0.000016s ]
INFO: Run Common\Behavior\InitHookBehavior [ RunTime:0.002278s ]
INFO: [ app_init ] --END-- [ RunTime:0.002692s ]

[ 2015-04-21T15:18:34+08:00 ] ::1 /test/onethink/member.php?s=/Member/Hotel/products.html
INFO: [ app_init ] --START--
INFO: Run Behavior\BuildLiteBehavior [ RunTime:0.000017s ]
INFO: Run Common\Behavior\InitHookBehavior [ RunTime:0.002964s ]
INFO: [ app_init ] --END-- [ RunTime:0.003654s ]

[ 2015-04-21T15:18:37+08:00 ] ::1 /test/onethink/member.php?s=/Member/Hotel/reserve.html
INFO: [ app_init ] --START--
INFO: Run Behavior\BuildLiteBehavior [ RunTime:0.000016s ]
INFO: Run Common\Behavior\InitHookBehavior [ RunTime:0.002493s ]
INFO: [ app_init ] --END-- [ RunTime:0.002938s ]

[ 2015-04-21T15:19:07+08:00 ] ::1 /test/onethink/member.php?s=/Member/Hotel/index.html
INFO: [ app_init ] --START--
INFO: Run Behavior\BuildLiteBehavior [ RunTime:0.000015s ]
INFO: Run Common\Behavior\InitHookBehavior [ RunTime:0.002726s ]
INFO: [ app_init ] --END-- [ RunTime:0.003251s ]

[ 2015-04-21T15:19:09+08:00 ] ::1 /test/onethink/member.php?s=/Member/Hotel/products.html
INFO: [ app_init ] --START--
INFO: Run Behavior\BuildLiteBehavior [ RunTime:0.000015s ]
INFO: Run Common\Behavior\InitHookBehavior [ RunTime:0.002665s ]
INFO: [ app_init ] --END-- [ RunTime:0.003108s ]

[ 2015-04-21T15:19:20+08:00 ] ::1 /test/onethink/member.php?s=/Member/Hotel/products.html
INFO: [ app_init ] --START--
INFO: Run Behavior\BuildLiteBehavior [ RunTime:0.000019s ]
INFO: Run Common\Behavior\InitHookBehavior [ RunTime:0.003432s ]
INFO: [ app_init ] --END-- [ RunTime:0.004067s ]

[ 2015-04-21T15:19:21+08:00 ] ::1 /test/onethink/member.php?s=/Member/Hotel/products.html
INFO: [ app_init ] --START--
INFO: Run Behavior\BuildLiteBehavior [ RunTime:0.000019s ]
INFO: Run Common\Behavior\InitHookBehavior [ RunTime:0.003366s ]
INFO: [ app_init ] --END-- [ RunTime:0.003938s ]

[ 2015-04-21T15:19:22+08:00 ] ::1 /test/onethink/member.php?s=/Member/Hotel/products.html
INFO: [ app_init ] --START--
INFO: Run Behavior\BuildLiteBehavior [ RunTime:0.000013s ]
INFO: Run Common\Behavior\InitHookBehavior [ RunTime:0.002232s ]
INFO: [ app_init ] --END-- [ RunTime:0.002615s ]

[ 2015-04-21T15:19:53+08:00 ] ::1 /test/onethink/member.php?s=/Member/Hotel/products.html
INFO: [ app_init ] --START--
INFO: Run Behavior\BuildLiteBehavior [ RunTime:0.000015s ]
INFO: Run Common\Behavior\InitHookBehavior [ RunTime:0.002339s ]
INFO: [ app_init ] --END-- [ RunTime:0.002767s ]

[ 2015-04-21T15:20:27+08:00 ] ::1 /test/onethink/member.php?s=/Member/Hotel/products.html
INFO: [ app_init ] --START--
INFO: Run Behavior\BuildLiteBehavior [ RunTime:0.000020s ]
INFO: Run Common\Behavior\InitHookBehavior [ RunTime:0.003309s ]
INFO: [ app_init ] --END-- [ RunTime:0.003886s ]

[ 2015-04-21T15:22:03+08:00 ] ::1 /test/onethink/member.php?s=/Member/Hotel/products.html
INFO: [ app_init ] --START--
INFO: Run Behavior\BuildLiteBehavior [ RunTime:0.000018s ]
INFO: Run Common\Behavior\InitHookBehavior [ RunTime:0.003276s ]
INFO: [ app_init ] --END-- [ RunTime:0.004050s ]

[ 2015-04-21T15:23:47+08:00 ] ::1 /test/onethink/member.php?s=/Member/Hotel/products.html
INFO: [ app_init ] --START--
INFO: Run Behavior\BuildLiteBehavior [ RunTime:0.000013s ]
INFO: Run Common\Behavior\InitHookBehavior [ RunTime:0.002677s ]
INFO: [ app_init ] --END-- [ RunTime:0.003063s ]

[ 2015-04-21T15:23:48+08:00 ] ::1 /test/onethink/member.php?s=/Member/Hotel/products.html
INFO: [ app_init ] --START--
INFO: Run Behavior\BuildLiteBehavior [ RunTime:0.000022s ]
INFO: Run Common\Behavior\InitHookBehavior [ RunTime:0.003700s ]
INFO: [ app_init ] --END-- [ RunTime:0.004380s ]

[ 2015-04-21T15:23:51+08:00 ] ::1 /test/onethink/member.php?s=/Member/hotel/productedit/id/3.html
INFO: [ app_init ] --START--
INFO: Run Behavior\BuildLiteBehavior [ RunTime:0.000013s ]
INFO: Run Common\Behavior\InitHookBehavior [ RunTime:0.002534s ]
INFO: [ app_init ] --END-- [ RunTime:0.002936s ]

[ 2015-04-21T15:23:55+08:00 ] ::1 /test/onethink/member.php?s=/Member/hotel/productedit/id/5.html
INFO: [ app_init ] --START--
INFO: Run Behavior\BuildLiteBehavior [ RunTime:0.000015s ]
INFO: Run Common\Behavior\InitHookBehavior [ RunTime:0.003182s ]
INFO: [ app_init ] --END-- [ RunTime:0.003701s ]

[ 2015-04-21T15:24:43+08:00 ] ::1 /test/onethink/member.php?s=/Member/hotel/productedit/id/4.html
INFO: [ app_init ] --START--
INFO: Run Behavior\BuildLiteBehavior [ RunTime:0.000015s ]
INFO: Run Common\Behavior\InitHookBehavior [ RunTime:0.002587s ]
INFO: [ app_init ] --END-- [ RunTime:0.003084s ]

[ 2015-04-21T15:26:26+08:00 ] ::1 /test/onethink/member.php?s=/Member/Hotel/productedit/id/1
INFO: [ app_init ] --START--
INFO: Run Behavior\BuildLiteBehavior [ RunTime:0.000014s ]
INFO: Run Common\Behavior\InitHookBehavior [ RunTime:0.002467s ]
INFO: [ app_init ] --END-- [ RunTime:0.002858s ]

[ 2015-04-21T15:26:28+08:00 ] ::1 /test/onethink/member.php?s=/Member/hotel/productes.html
INFO: [ app_init ] --START--
INFO: Run Behavior\BuildLiteBehavior [ RunTime:0.000015s ]
INFO: Run Common\Behavior\InitHookBehavior [ RunTime:0.002567s ]
INFO: [ app_init ] --END-- [ RunTime:0.003006s ]
ERR: 非法操作:productes

[ 2015-04-21T15:26:35+08:00 ] ::1 /test/onethink/member.php?s=/Member/Hotel/productedit/id/1
INFO: [ app_init ] --START--
INFO: Run Behavior\BuildLiteBehavior [ RunTime:0.000022s ]
INFO: Run Common\Behavior\InitHookBehavior [ RunTime:0.003786s ]
INFO: [ app_init ] --END-- [ RunTime:0.004449s ]

[ 2015-04-21T15:26:36+08:00 ] ::1 /test/onethink/member.php?s=/Member/hotel/producte.html
INFO: [ app_init ] --START--
INFO: Run Behavior\BuildLiteBehavior [ RunTime:0.000015s ]
INFO: Run Common\Behavior\InitHookBehavior [ RunTime:0.002391s ]
INFO: [ app_init ] --END-- [ RunTime:0.002843s ]
ERR: 非法操作:producte

[ 2015-04-21T15:27:02+08:00 ] ::1 /test/onethink/member.php?s=/Member/hotel/productedit/id/4.html
INFO: [ app_init ] --START--
INFO: Run Behavior\BuildLiteBehavior [ RunTime:0.000014s ]
INFO: Run Common\Behavior\InitHookBehavior [ RunTime:0.002250s ]
INFO: [ app_init ] --END-- [ RunTime:0.002692s ]

[ 2015-04-21T15:27:03+08:00 ] ::1 /test/onethink/member.php?s=/Member/hotel/products.html
INFO: [ app_init ] --START--
INFO: Run Behavior\BuildLiteBehavior [ RunTime:0.000015s ]
INFO: Run Common\Behavior\InitHookBehavior [ RunTime:0.002709s ]
INFO: [ app_init ] --END-- [ RunTime:0.003156s ]

[ 2015-04-21T15:27:04+08:00 ] ::1 /test/onethink/member.php?s=/Member/hotel/products.html
INFO: [ app_init ] --START--
INFO: Run Behavior\BuildLiteBehavior [ RunTime:0.000017s ]
INFO: Run Common\Behavior\InitHookBehavior [ RunTime:0.002708s ]
INFO: [ app_init ] --END-- [ RunTime:0.003185s ]

[ 2015-04-21T15:27:46+08:00 ] ::1 /test/onethink/member.php?s=/Member/Hotel/reserve.html
INFO: [ app_init ] --START--
INFO: Run Behavior\BuildLiteBehavior [ RunTime:0.000015s ]
INFO: Run Common\Behavior\InitHookBehavior [ RunTime:0.002796s ]
INFO: [ app_init ] --END-- [ RunTime:0.003484s ]

[ 2015-04-21T15:34:16+08:00 ] ::1 /test/onethink/member.php?s=/Member/Hotel/reserve.html
INFO: [ app_init ] --START--
INFO: Run Behavior\BuildLiteBehavior [ RunTime:0.000015s ]
INFO: Run Common\Behavior\InitHookBehavior [ RunTime:0.003393s ]
INFO: [ app_init ] --END-- [ RunTime:0.003844s ]

[ 2015-04-21T15:46:12+08:00 ] ::1 /test/onethink/member.php?s=/Member/Hotel/reserve.html
INFO: [ app_init ] --START--
INFO: Run Behavior\BuildLiteBehavior [ RunTime:0.000016s ]
INFO: Run Common\Behavior\InitHookBehavior [ RunTime:0.002595s ]
INFO: [ app_init ] --END-- [ RunTime:0.003046s ]

[ 2015-04-21T15:48:38+08:00 ] ::1 /test/onethink/member.php?s=/Member/Hotel/reserve.html
INFO: [ app_init ] --START--
INFO: Run Behavior\BuildLiteBehavior [ RunTime:0.000020s ]
INFO: Run Common\Behavior\InitHookBehavior [ RunTime:0.003150s ]
INFO: [ app_init ] --END-- [ RunTime:0.003789s ]

[ 2015-04-21T15:49:28+08:00 ] ::1 /test/onethink/member.php?s=/Member/Hotel/reserve.html
INFO: [ app_init ] --START--
INFO: Run Behavior\BuildLiteBehavior [ RunTime:0.000012s ]
INFO: Run Common\Behavior\InitHookBehavior [ RunTime:0.002154s ]
INFO: [ app_init ] --END-- [ RunTime:0.002535s ]

[ 2015-04-21T16:01:00+08:00 ] ::1 /test/onethink/member.php?s=/Member/Hotel/reserve.html
INFO: [ app_init ] --START--
INFO: Run Behavior\BuildLiteBehavior [ RunTime:0.000033s ]
INFO: Run Common\Behavior\InitHookBehavior [ RunTime:0.004039s ]
INFO: [ app_init ] --END-- [ RunTime:0.005056s ]

[ 2015-04-21T16:03:07+08:00 ] ::1 /test/onethink/member.php?s=/Member/Hotel/reserve.html
INFO: [ app_init ] --START--
INFO: Run Behavior\BuildLiteBehavior [ RunTime:0.000019s ]
INFO: Run Common\Behavior\InitHookBehavior [ RunTime:0.002925s ]
INFO: [ app_init ] --END-- [ RunTime:0.003484s ]

[ 2015-04-21T16:03:46+08:00 ] ::1 /test/onethink/member.php?s=/Member/Hotel/reserve.html
INFO: [ app_init ] --START--
INFO: Run Behavior\BuildLiteBehavior [ RunTime:0.000015s ]
INFO: Run Common\Behavior\InitHookBehavior [ RunTime:0.002713s ]
INFO: [ app_init ] --END-- [ RunTime:0.003209s ]

[ 2015-04-21T16:03:48+08:00 ] ::1 /test/onethink/member.php?s=/Member/Hotel/reserve.html
INFO: [ app_init ] --START--
INFO: Run Behavior\BuildLiteBehavior [ RunTime:0.000018s ]
INFO: Run Common\Behavior\InitHookBehavior [ RunTime:0.003123s ]
INFO: [ app_init ] --END-- [ RunTime:0.003639s ]

[ 2015-04-21T16:03:48+08:00 ] ::1 /test/onethink/member.php?s=/Member/Hotel/reserve.html
INFO: [ app_init ] --START--
INFO: Run Behavior\BuildLiteBehavior [ RunTime:0.000014s ]
INFO: Run Common\Behavior\InitHookBehavior [ RunTime:0.002723s ]
INFO: [ app_init ] --END-- [ RunTime:0.003184s ]

[ 2015-04-21T16:03:48+08:00 ] ::1 /test/onethink/member.php?s=/Member/Hotel/reserve.html
INFO: [ app_init ] --START--
INFO: Run Behavior\BuildLiteBehavior [ RunTime:0.000013s ]
INFO: Run Common\Behavior\InitHookBehavior [ RunTime:0.002188s ]
INFO: [ app_init ] --END-- [ RunTime:0.002644s ]

[ 2015-04-21T16:03:49+08:00 ] ::1 /test/onethink/member.php?s=/Member/Hotel/reserve.html
INFO: [ app_init ] --START--
INFO: Run Behavior\BuildLiteBehavior [ RunTime:0.000013s ]
INFO: Run Common\Behavior\InitHookBehavior [ RunTime:0.002090s ]
INFO: [ app_init ] --END-- [ RunTime:0.002473s ]

[ 2015-04-21T16:03:49+08:00 ] ::1 /test/onethink/member.php?s=/Member/Hotel/reserve.html
INFO: [ app_init ] --START--
INFO: Run Behavior\BuildLiteBehavior [ RunTime:0.000013s ]
INFO: Run Common\Behavior\InitHookBehavior [ RunTime:0.002393s ]
INFO: [ app_init ] --END-- [ RunTime:0.003032s ]

[ 2015-04-21T16:03:49+08:00 ] ::1 /test/onethink/member.php?s=/Member/Hotel/reserve.html
INFO: [ app_init ] --START--
INFO: Run Behavior\BuildLiteBehavior [ RunTime:0.000014s ]
INFO: Run Common\Behavior\InitHookBehavior [ RunTime:0.002520s ]
INFO: [ app_init ] --END-- [ RunTime:0.003071s ]

[ 2015-04-21T16:03:49+08:00 ] ::1 /test/onethink/member.php?s=/Member/Hotel/reserve.html
INFO: [ app_init ] --START--
INFO: Run Behavior\BuildLiteBehavior [ RunTime:0.000032s ]
INFO: Run Common\Behavior\InitHookBehavior [ RunTime:0.004455s ]
INFO: [ app_init ] --END-- [ RunTime:0.005438s ]

[ 2015-04-21T16:03:50+08:00 ] ::1 /test/onethink/member.php?s=/Member/Hotel/reserve.html
INFO: [ app_init ] --START--
INFO: Run Behavior\BuildLiteBehavior [ RunTime:0.000021s ]
INFO: Run Common\Behavior\InitHookBehavior [ RunTime:0.003424s ]
INFO: [ app_init ] --END-- [ RunTime:0.004318s ]

[ 2015-04-21T16:06:48+08:00 ] ::1 /test/onethink/member.php?s=/Member/Hotel/reserve.html
INFO: [ app_init ] --START--
INFO: Run Behavior\BuildLiteBehavior [ RunTime:0.000019s ]
INFO: Run Common\Behavior\InitHookBehavior [ RunTime:0.003016s ]
INFO: [ app_init ] --END-- [ RunTime:0.003563s ]

[ 2015-04-21T16:06:55+08:00 ] ::1 /test/onethink/member.php?s=/Member/Hotel/reserve.html
INFO: [ app_init ] --START--
INFO: Run Behavior\BuildLiteBehavior [ RunTime:0.000015s ]
INFO: Run Common\Behavior\InitHookBehavior [ RunTime:0.002714s ]
INFO: [ app_init ] --END-- [ RunTime:0.003154s ]

[ 2015-04-21T16:07:39+08:00 ] ::1 /test/onethink/member.php?s=/Member/Hotel/reserve.html
INFO: [ app_init ] --START--
INFO: Run Behavior\BuildLiteBehavior [ RunTime:0.000013s ]
INFO: Run Common\Behavior\InitHookBehavior [ RunTime:0.002446s ]
INFO: [ app_init ] --END-- [ RunTime:0.002898s ]

[ 2015-04-21T16:08:56+08:00 ] ::1 /test/onethink/member.php?s=/Member/Hotel/reserve.html
INFO: [ app_init ] --START--
INFO: Run Behavior\BuildLiteBehavior [ RunTime:0.000019s ]
INFO: Run Common\Behavior\InitHookBehavior [ RunTime:0.003991s ]
INFO: [ app_init ] --END-- [ RunTime:0.004937s ]

[ 2015-04-21T16:11:53+08:00 ] ::1 /test/onethink/member.php?s=/Member/Hotel/reserve.html
INFO: [ app_init ] --START--
INFO: Run Behavior\BuildLiteBehavior [ RunTime:0.000032s ]
INFO: Run Common\Behavior\InitHookBehavior [ RunTime:0.003541s ]
INFO: [ app_init ] --END-- [ RunTime:0.004483s ]

[ 2015-04-21T16:12:27+08:00 ] ::1 /test/onethink/member.php?s=/Member/Hotel/reserve.html
INFO: [ app_init ] --START--
INFO: Run Behavior\BuildLiteBehavior [ RunTime:0.000015s ]
INFO: Run Common\Behavior\InitHookBehavior [ RunTime:0.002583s ]
INFO: [ app_init ] --END-- [ RunTime:0.003279s ]

[ 2015-04-21T16:12:59+08:00 ] ::1 /test/onethink/member.php?s=/Member/Hotel/reserve.html
INFO: [ app_init ] --START--
INFO: Run Behavior\BuildLiteBehavior [ RunTime:0.000013s ]
INFO: Run Common\Behavior\InitHookBehavior [ RunTime:0.002239s ]
INFO: [ app_init ] --END-- [ RunTime:0.002626s ]

[ 2015-04-21T16:13:10+08:00 ] ::1 /test/onethink/member.php?s=/Member/Hotel/reserve.html
INFO: [ app_init ] --START--
INFO: Run Behavior\BuildLiteBehavior [ RunTime:0.000032s ]
INFO: Run Common\Behavior\InitHookBehavior [ RunTime:0.002935s ]
INFO: [ app_init ] --END-- [ RunTime:0.003818s ]

[ 2015-04-21T16:14:01+08:00 ] ::1 /test/onethink/member.php?s=/Member/Hotel/reserve.html
INFO: [ app_init ] --START--
INFO: Run Behavior\BuildLiteBehavior [ RunTime:0.000019s ]
INFO: Run Common\Behavior\InitHookBehavior [ RunTime:0.003283s ]
INFO: [ app_init ] --END-- [ RunTime:0.003830s ]

[ 2015-04-21T16:14:12+08:00 ] ::1 /test/onethink/member.php?s=/Member/Hotel/reserve.html
INFO: [ app_init ] --START--
INFO: Run Behavior\BuildLiteBehavior [ RunTime:0.000018s ]
INFO: Run Common\Behavior\InitHookBehavior [ RunTime:0.003068s ]
INFO: [ app_init ] --END-- [ RunTime:0.003901s ]

[ 2015-04-21T16:16:01+08:00 ] ::1 /test/onethink/member.php?s=/Member/Hotel/reserve.html
INFO: [ app_init ] --START--
INFO: Run Behavior\BuildLiteBehavior [ RunTime:0.000013s ]
INFO: Run Common\Behavior\InitHookBehavior [ RunTime:0.002372s ]
INFO: [ app_init ] --END-- [ RunTime:0.002826s ]

[ 2015-04-21T16:34:15+08:00 ] ::1 /test/onethink/member.php?s=/Member/Hotel/reservedetail.html
INFO: [ app_init ] --START--
INFO: Run Behavior\BuildLiteBehavior [ RunTime:0.000015s ]
INFO: Run Common\Behavior\InitHookBehavior [ RunTime:0.003321s ]
INFO: [ app_init ] --END-- [ RunTime:0.003819s ]

[ 2015-04-21T16:34:25+08:00 ] ::1 /test/onethink/member.php?s=/Member/Hotel/reservedetail.html
INFO: [ app_init ] --START--
INFO: Run Behavior\BuildLiteBehavior [ RunTime:0.000016s ]
INFO: Run Common\Behavior\InitHookBehavior [ RunTime:0.002198s ]
INFO: [ app_init ] --END-- [ RunTime:0.002639s ]

[ 2015-04-21T16:36:20+08:00 ] ::1 /test/onethink/member.php?s=/Member/Hotel/productedit/id/1
INFO: [ app_init ] --START--
INFO: Run Behavior\BuildLiteBehavior [ RunTime:0.000014s ]
INFO: Run Common\Behavior\InitHookBehavior [ RunTime:0.002552s ]
INFO: [ app_init ] --END-- [ RunTime:0.003277s ]

[ 2015-04-21T16:36:22+08:00 ] ::1 /test/onethink/member.php?s=/Member/Hotel/reservedetail.html
INFO: [ app_init ] --START--
INFO: Run Behavior\BuildLiteBehavior [ RunTime:0.000016s ]
INFO: Run Common\Behavior\InitHookBehavior [ RunTime:0.002565s ]
INFO: [ app_init ] --END-- [ RunTime:0.003013s ]

[ 2015-04-21T16:44:19+08:00 ] ::1 /test/onethink/member.php?s=/Member/Hotel/reservedetail.html
INFO: [ app_init ] --START--
INFO: Run Behavior\BuildLiteBehavior [ RunTime:0.000015s ]
INFO: Run Common\Behavior\InitHookBehavior [ RunTime:0.002612s ]
INFO: [ app_init ] --END-- [ RunTime:0.003059s ]

[ 2015-04-21T16:44:27+08:00 ] ::1 /test/onethink/member.php?s=/Member/Hotel/reservedetail.html
INFO: [ app_init ] --START--
INFO: Run Behavior\BuildLiteBehavior [ RunTime:0.000014s ]
INFO: Run Common\Behavior\InitHookBehavior [ RunTime:0.002663s ]
INFO: [ app_init ] --END-- [ RunTime:0.003076s ]

[ 2015-04-21T16:50:36+08:00 ] ::1 /test/onethink/member.php?s=/Member/Hotel/productedit/id/1
INFO: [ app_init ] --START--
INFO: Run Behavior\BuildLiteBehavior [ RunTime:0.000014s ]
INFO: Run Common\Behavior\InitHookBehavior [ RunTime:0.002474s ]
INFO: [ app_init ] --END-- [ RunTime:0.002864s ]

[ 2015-04-21T16:53:36+08:00 ] ::1 /test/onethink/member.php?s=/Member/Hotel/reservedetail.html
INFO: [ app_init ] --START--
INFO: Run Behavior\BuildLiteBehavior [ RunTime:0.000022s ]
INFO: Run Common\Behavior\InitHookBehavior [ RunTime:0.004411s ]
INFO: [ app_init ] --END-- [ RunTime:0.005454s ]

[ 2015-04-21T16:53:43+08:00 ] ::1 /test/onethink/member.php?s=/Member/Hotel/reservedetail.html
INFO: [ app_init ] --START--
INFO: Run Behavior\BuildLiteBehavior [ RunTime:0.000018s ]
INFO: Run Common\Behavior\InitHookBehavior [ RunTime:0.003817s ]
INFO: [ app_init ] --END-- [ RunTime:0.004854s ]

[ 2015-04-21T17:00:37+08:00 ] ::1 /test/onethink/member.php?s=/Member/Hotel/reservedetail.html
INFO: [ app_init ] --START--
INFO: Run Behavior\BuildLiteBehavior [ RunTime:0.000016s ]
INFO: Run Common\Behavior\InitHookBehavior [ RunTime:0.002625s ]
INFO: [ app_init ] --END-- [ RunTime:0.003076s ]

[ 2015-04-21T17:00:48+08:00 ] ::1 /test/onethink/member.php?s=/Member/Hotel/reservedetail.html
INFO: [ app_init ] --START--
INFO: Run Behavior\BuildLiteBehavior [ RunTime:0.000014s ]
INFO: Run Common\Behavior\InitHookBehavior [ RunTime:0.002248s ]
INFO: [ app_init ] --END-- [ RunTime:0.002644s ]

[ 2015-04-21T17:00:50+08:00 ] ::1 /test/onethink/member.php?s=/Member/Hotel/reservedetail.html
INFO: [ app_init ] --START--
INFO: Run Behavior\BuildLiteBehavior [ RunTime:0.000031s ]
INFO: Run Common\Behavior\InitHookBehavior [ RunTime:0.005753s ]
INFO: [ app_init ] --END-- [ RunTime:0.007094s ]

[ 2015-04-21T17:00:50+08:00 ] ::1 /test/onethink/member.php?s=/Member/Hotel/reservedetail.html
INFO: [ app_init ] --START--
INFO: Run Behavior\BuildLiteBehavior [ RunTime:0.000031s ]
INFO: Run Common\Behavior\InitHookBehavior [ RunTime:0.006101s ]
INFO: [ app_init ] --END-- [ RunTime:0.007299s ]

[ 2015-04-21T17:00:57+08:00 ] ::1 /test/onethink/member.php?s=/Member/Hotel/reservedetail.html
INFO: [ app_init ] --START--
INFO: Run Behavior\BuildLiteBehavior [ RunTime:0.000032s ]
INFO: Run Common\Behavior\InitHookBehavior [ RunTime:0.002975s ]
INFO: [ app_init ] --END-- [ RunTime:0.004474s ]

[ 2015-04-21T17:01:05+08:00 ] ::1 /test/onethink/member.php?s=/Member/Hotel/reservedetail/id/1
INFO: [ app_init ] --START--
INFO: Run Behavior\BuildLiteBehavior [ RunTime:0.000017s ]
INFO: Run Common\Behavior\InitHookBehavior [ RunTime:0.002462s ]
INFO: [ app_init ] --END-- [ RunTime:0.002923s ]

[ 2015-04-21T17:01:19+08:00 ] ::1 /test/onethink/member.php?s=/Member/Hotel/reservedetail/id/1
INFO: [ app_init ] --START--
INFO: Run Behavior\BuildLiteBehavior [ RunTime:0.000020s ]
INFO: Run Common\Behavior\InitHookBehavior [ RunTime:0.003043s ]
INFO: [ app_init ] --END-- [ RunTime:0.003623s ]
ERR: Think\Controller:reserveLogic方法不存在！

[ 2015-04-21T17:01:53+08:00 ] ::1 /test/onethink/member.php?s=/Member/Hotel/reservedetail/id/1
INFO: [ app_init ] --START--
INFO: Run Behavior\BuildLiteBehavior [ RunTime:0.000016s ]
INFO: Run Common\Behavior\InitHookBehavior [ RunTime:0.003199s ]
INFO: [ app_init ] --END-- [ RunTime:0.003691s ]

[ 2015-04-21T17:05:06+08:00 ] ::1 /test/onethink/member.php?s=/Member/Hotel/reservedetail/id/1
INFO: [ app_init ] --START--
INFO: Run Behavior\BuildLiteBehavior [ RunTime:0.000013s ]
INFO: Run Common\Behavior\InitHookBehavior [ RunTime:0.002235s ]
INFO: [ app_init ] --END-- [ RunTime:0.002617s ]

[ 2015-04-21T17:10:22+08:00 ] ::1 /test/onethink/member.php?s=/Member/Hotel/reservedetail/id/1
INFO: [ app_init ] --START--
INFO: Run Behavior\BuildLiteBehavior [ RunTime:0.000020s ]
INFO: Run Common\Behavior\InitHookBehavior [ RunTime:0.003028s ]
INFO: [ app_init ] --END-- [ RunTime:0.003580s ]

[ 2015-04-21T17:11:49+08:00 ] ::1 /test/onethink/member.php?s=/Member/Hotel/reservedetail/id/1
INFO: [ app_init ] --START--
INFO: Run Behavior\BuildLiteBehavior [ RunTime:0.000019s ]
INFO: Run Common\Behavior\InitHookBehavior [ RunTime:0.002453s ]
INFO: [ app_init ] --END-- [ RunTime:0.003066s ]

[ 2015-04-21T17:11:53+08:00 ] ::1 /test/onethink/member.php?s=/Member/Hotel/reservedetail/id/1
INFO: [ app_init ] --START--
INFO: Run Behavior\BuildLiteBehavior [ RunTime:0.000018s ]
INFO: Run Common\Behavior\InitHookBehavior [ RunTime:0.002588s ]
INFO: [ app_init ] --END-- [ RunTime:0.003044s ]

[ 2015-04-21T17:11:53+08:00 ] ::1 /test/onethink/member.php?s=/Member/Hotel/reservedetail/id/1
INFO: [ app_init ] --START--
INFO: Run Behavior\BuildLiteBehavior [ RunTime:0.000015s ]
INFO: Run Common\Behavior\InitHookBehavior [ RunTime:0.002554s ]
INFO: [ app_init ] --END-- [ RunTime:0.003164s ]

[ 2015-04-21T17:11:53+08:00 ] ::1 /test/onethink/member.php?s=/Member/Hotel/reservedetail/id/1
INFO: [ app_init ] --START--
INFO: Run Behavior\BuildLiteBehavior [ RunTime:0.000021s ]
INFO: Run Common\Behavior\InitHookBehavior [ RunTime:0.002795s ]
INFO: [ app_init ] --END-- [ RunTime:0.003287s ]

[ 2015-04-21T17:11:53+08:00 ] ::1 /test/onethink/member.php?s=/Member/Hotel/reservedetail/id/1
INFO: [ app_init ] --START--
INFO: Run Behavior\BuildLiteBehavior [ RunTime:0.000016s ]
INFO: Run Common\Behavior\InitHookBehavior [ RunTime:0.002371s ]
INFO: [ app_init ] --END-- [ RunTime:0.002817s ]

[ 2015-04-21T17:11:54+08:00 ] ::1 /test/onethink/member.php?s=/Member/Hotel/reservedetail/id/1
INFO: [ app_init ] --START--
INFO: Run Behavior\BuildLiteBehavior [ RunTime:0.000015s ]
INFO: Run Common\Behavior\InitHookBehavior [ RunTime:0.002513s ]
INFO: [ app_init ] --END-- [ RunTime:0.003001s ]

[ 2015-04-21T17:12:43+08:00 ] ::1 /test/onethink/member.php?s=/Member/Hotel/reservedetail/id/1
INFO: [ app_init ] --START--
INFO: Run Behavior\BuildLiteBehavior [ RunTime:0.000019s ]
INFO: Run Common\Behavior\InitHookBehavior [ RunTime:0.002746s ]
INFO: [ app_init ] --END-- [ RunTime:0.003189s ]

[ 2015-04-21T17:12:44+08:00 ] ::1 /test/onethink/member.php?s=/Member/Hotel/reservedetail/id/1
INFO: [ app_init ] --START--
INFO: Run Behavior\BuildLiteBehavior [ RunTime:0.000017s ]
INFO: Run Common\Behavior\InitHookBehavior [ RunTime:0.002156s ]
INFO: [ app_init ] --END-- [ RunTime:0.002740s ]

[ 2015-04-21T17:12:56+08:00 ] ::1 /test/onethink/member.php?s=/Member/Hotel/reservedetail/id/1
INFO: [ app_init ] --START--
INFO: Run Behavior\BuildLiteBehavior [ RunTime:0.000017s ]
INFO: Run Common\Behavior\InitHookBehavior [ RunTime:0.001766s ]
INFO: [ app_init ] --END-- [ RunTime:0.002237s ]

[ 2015-04-21T17:13:09+08:00 ] ::1 /test/onethink/member.php?s=/Member/Hotel/reserve.html
INFO: [ app_init ] --START--
INFO: Run Behavior\BuildLiteBehavior [ RunTime:0.000015s ]
INFO: Run Common\Behavior\InitHookBehavior [ RunTime:0.002516s ]
INFO: [ app_init ] --END-- [ RunTime:0.002958s ]

[ 2015-04-21T17:13:12+08:00 ] ::1 /test/onethink/member.php?s=/Member/Hotel/reserve.html
INFO: [ app_init ] --START--
INFO: Run Behavior\BuildLiteBehavior [ RunTime:0.000014s ]
INFO: Run Common\Behavior\InitHookBehavior [ RunTime:0.002644s ]
INFO: [ app_init ] --END-- [ RunTime:0.003086s ]

[ 2015-04-21T17:13:23+08:00 ] ::1 /test/onethink/member.php?s=/Member/Hotel/reserve.html
INFO: [ app_init ] --START--
INFO: Run Behavior\BuildLiteBehavior [ RunTime:0.000016s ]
INFO: Run Common\Behavior\InitHookBehavior [ RunTime:0.002471s ]
INFO: [ app_init ] --END-- [ RunTime:0.003236s ]

[ 2015-04-21T17:13:27+08:00 ] ::1 /test/onethink/member.php?s=/Member/Hotel/products.html
INFO: [ app_init ] --START--
INFO: Run Behavior\BuildLiteBehavior [ RunTime:0.000015s ]
INFO: Run Common\Behavior\InitHookBehavior [ RunTime:0.002947s ]
INFO: [ app_init ] --END-- [ RunTime:0.003394s ]

[ 2015-04-21T17:13:28+08:00 ] ::1 /test/onethink/member.php?s=/Member/Hotel/reserve.html
INFO: [ app_init ] --START--
INFO: Run Behavior\BuildLiteBehavior [ RunTime:0.000017s ]
INFO: Run Common\Behavior\InitHookBehavior [ RunTime:0.002814s ]
INFO: [ app_init ] --END-- [ RunTime:0.003328s ]

[ 2015-04-21T17:13:29+08:00 ] ::1 /test/onethink/member.php?s=/Member/Hotel/products.html
INFO: [ app_init ] --START--
INFO: Run Behavior\BuildLiteBehavior [ RunTime:0.000016s ]
INFO: Run Common\Behavior\InitHookBehavior [ RunTime:0.003500s ]
INFO: [ app_init ] --END-- [ RunTime:0.004190s ]

[ 2015-04-21T17:13:30+08:00 ] ::1 /test/onethink/member.php?s=/Member/Hotel/reserve.html
INFO: [ app_init ] --START--
INFO: Run Behavior\BuildLiteBehavior [ RunTime:0.000024s ]
INFO: Run Common\Behavior\InitHookBehavior [ RunTime:0.002241s ]
INFO: [ app_init ] --END-- [ RunTime:0.002701s ]

[ 2015-04-21T17:17:45+08:00 ] ::1 /test/onethink/member.php?s=/Member/hotel/producte.html
INFO: [ app_init ] --START--
INFO: Run Behavior\BuildLiteBehavior [ RunTime:0.000019s ]
INFO: Run Common\Behavior\InitHookBehavior [ RunTime:0.003232s ]
INFO: [ app_init ] --END-- [ RunTime:0.003758s ]
ERR: 非法操作:producte

[ 2015-04-21T17:17:51+08:00 ] ::1 /test/onethink/member.php?s=/Member/hotel/products.html
INFO: [ app_init ] --START--
INFO: Run Behavior\BuildLiteBehavior [ RunTime:0.000037s ]
INFO: Run Common\Behavior\InitHookBehavior [ RunTime:0.002567s ]
INFO: [ app_init ] --END-- [ RunTime:0.003106s ]

[ 2015-04-21T17:17:55+08:00 ] ::1 /test/onethink/member.php?s=/Member/Hotel/products.html
INFO: [ app_init ] --START--
INFO: Run Behavior\BuildLiteBehavior [ RunTime:0.000015s ]
INFO: Run Common\Behavior\InitHookBehavior [ RunTime:0.001590s ]
INFO: [ app_init ] --END-- [ RunTime:0.001988s ]

[ 2015-04-21T17:17:56+08:00 ] ::1 /test/onethink/member.php?s=/Member/Hotel/reserve.html
INFO: [ app_init ] --START--
INFO: Run Behavior\BuildLiteBehavior [ RunTime:0.000015s ]
INFO: Run Common\Behavior\InitHookBehavior [ RunTime:0.001982s ]
INFO: [ app_init ] --END-- [ RunTime:0.002607s ]

[ 2015-04-21T17:29:58+08:00 ] ::1 /test/onethink/member.php?s=/Member/Hotel/productedit/id/1
INFO: [ app_init ] --START--
INFO: Run Behavior\BuildLiteBehavior [ RunTime:0.000016s ]
INFO: Run Common\Behavior\InitHookBehavior [ RunTime:0.002621s ]
INFO: [ app_init ] --END-- [ RunTime:0.003097s ]

[ 2015-04-21T17:30:16+08:00 ] ::1 /test/onethink/member.php?s=/Member/hotel/productedit/id/2.html
INFO: [ app_init ] --START--
INFO: Run Behavior\BuildLiteBehavior [ RunTime:0.000015s ]
INFO: Run Common\Behavior\InitHookBehavior [ RunTime:0.003191s ]
INFO: [ app_init ] --END-- [ RunTime:0.003899s ]

[ 2015-04-21T17:30:20+08:00 ] ::1 /test/onethink/member.php?s=/Member/hotel/productedit/id/5.html
INFO: [ app_init ] --START--
INFO: Run Behavior\BuildLiteBehavior [ RunTime:0.000017s ]
INFO: Run Common\Behavior\InitHookBehavior [ RunTime:0.002761s ]
INFO: [ app_init ] --END-- [ RunTime:0.003520s ]

[ 2015-04-21T17:30:25+08:00 ] ::1 /test/onethink/member.php?s=/Member/Hotel/reserve.html
INFO: [ app_init ] --START--
INFO: Run Behavior\BuildLiteBehavior [ RunTime:0.000015s ]
INFO: Run Common\Behavior\InitHookBehavior [ RunTime:0.002655s ]
INFO: [ app_init ] --END-- [ RunTime:0.003325s ]

[ 2015-04-21T17:31:24+08:00 ] ::1 /test/onethink/member.php?s=/Member/Hotel/reserve.html
INFO: [ app_init ] --START--
INFO: Run Behavior\BuildLiteBehavior [ RunTime:0.000019s ]
INFO: Run Common\Behavior\InitHookBehavior [ RunTime:0.002111s ]
INFO: [ app_init ] --END-- [ RunTime:0.002772s ]

[ 2015-04-21T17:31:26+08:00 ] ::1 /test/onethink/member.php?s=/Member/hotel/reservedetail/id/1.html
INFO: [ app_init ] --START--
INFO: Run Behavior\BuildLiteBehavior [ RunTime:0.000017s ]
INFO: Run Common\Behavior\InitHookBehavior [ RunTime:0.001626s ]
INFO: [ app_init ] --END-- [ RunTime:0.002054s ]

[ 2015-04-21T17:34:38+08:00 ] ::1 /test/onethink/member.php?s=/Member/hotel/reservedetail/id/1.html
INFO: [ app_init ] --START--
INFO: Run Behavior\BuildLiteBehavior [ RunTime:0.000019s ]
INFO: Run Common\Behavior\InitHookBehavior [ RunTime:0.002697s ]
INFO: [ app_init ] --END-- [ RunTime:0.003216s ]

[ 2015-04-21T17:34:40+08:00 ] ::1 /test/onethink/member.php?s=/Member/Hotel/reserve.html
INFO: [ app_init ] --START--
INFO: Run Behavior\BuildLiteBehavior [ RunTime:0.000015s ]
INFO: Run Common\Behavior\InitHookBehavior [ RunTime:0.003296s ]
INFO: [ app_init ] --END-- [ RunTime:0.004193s ]

[ 2015-04-21T17:45:18+08:00 ] ::1 /test/onethink/member.php?s=/Member/Hotel/products.html
INFO: [ app_init ] --START--
INFO: Run Behavior\BuildLiteBehavior [ RunTime:0.000022s ]
INFO: Run Common\Behavior\InitHookBehavior [ RunTime:0.019160s ]
INFO: [ app_init ] --END-- [ RunTime:0.023860s ]

[ 2015-04-21T17:45:21+08:00 ] ::1 /test/onethink/member.php?s=/Member/Hotel/reserve.html
INFO: [ app_init ] --START--
INFO: Run Behavior\BuildLiteBehavior [ RunTime:0.000015s ]
INFO: Run Common\Behavior\InitHookBehavior [ RunTime:0.002862s ]
INFO: [ app_init ] --END-- [ RunTime:0.003561s ]

[ 2015-04-21T18:00:30+08:00 ] ::1 /test/onethink/member.php?s=/Member/Hotel/reserve.html
INFO: [ app_init ] --START--
INFO: Run Behavior\BuildLiteBehavior [ RunTime:0.000019s ]
INFO: Run Common\Behavior\InitHookBehavior [ RunTime:0.003989s ]
INFO: [ app_init ] --END-- [ RunTime:0.005022s ]

[ 2015-04-21T18:00:34+08:00 ] ::1 /test/onethink/member.php?s=/Member/Hotel/products.html
INFO: [ app_init ] --START--
INFO: Run Behavior\BuildLiteBehavior [ RunTime:0.000015s ]
INFO: Run Common\Behavior\InitHookBehavior [ RunTime:0.002297s ]
INFO: [ app_init ] --END-- [ RunTime:0.002709s ]

[ 2015-04-21T18:00:35+08:00 ] ::1 /test/onethink/member.php?s=/Member/Hotel/reserve.html
INFO: [ app_init ] --START--
INFO: Run Behavior\BuildLiteBehavior [ RunTime:0.000015s ]
INFO: Run Common\Behavior\InitHookBehavior [ RunTime:0.002707s ]
INFO: [ app_init ] --END-- [ RunTime:0.003151s ]

[ 2015-04-21T18:00:37+08:00 ] ::1 /test/onethink/member.php?s=/Member/Hotel/products.html
INFO: [ app_init ] --START--
INFO: Run Behavior\BuildLiteBehavior [ RunTime:0.000016s ]
INFO: Run Common\Behavior\InitHookBehavior [ RunTime:0.002572s ]
INFO: [ app_init ] --END-- [ RunTime:0.003038s ]

